[2025-01-29T16:41:27.750+0000] {processor.py:186} INFO - Started process (PID=85) to work on /home/airflow/.local/lib/python3.12/site-packages/airflow/example_dags/example_short_circuit_decorator.py
[2025-01-29T16:41:27.753+0000] {processor.py:914} INFO - Processing file /home/airflow/.local/lib/python3.12/site-packages/airflow/example_dags/example_short_circuit_decorator.py for tasks to queue
[2025-01-29T16:41:27.760+0000] {logging_mixin.py:190} INFO - [2025-01-29T16:41:27.759+0000] {dagbag.py:588} INFO - Filling up the DagBag from /home/airflow/.local/lib/python3.12/site-packages/airflow/example_dags/example_short_circuit_decorator.py
[2025-01-29T16:41:27.798+0000] {processor.py:925} INFO - DAG(s) 'example_short_circuit_decorator' retrieved from /home/airflow/.local/lib/python3.12/site-packages/airflow/example_dags/example_short_circuit_decorator.py
[2025-01-29T16:41:28.089+0000] {logging_mixin.py:190} INFO - [2025-01-29T16:41:28.087+0000] {override.py:1911} INFO - Created Permission View: can delete on DAG:example_short_circuit_decorator
[2025-01-29T16:41:28.113+0000] {logging_mixin.py:190} INFO - [2025-01-29T16:41:28.112+0000] {override.py:1911} INFO - Created Permission View: can read on DAG:example_short_circuit_decorator
[2025-01-29T16:41:28.130+0000] {logging_mixin.py:190} INFO - [2025-01-29T16:41:28.129+0000] {override.py:1911} INFO - Created Permission View: can edit on DAG:example_short_circuit_decorator
[2025-01-29T16:41:28.147+0000] {logging_mixin.py:190} INFO - [2025-01-29T16:41:28.147+0000] {override.py:1911} INFO - Created Permission View: can delete on DAG Run:example_short_circuit_decorator
[2025-01-29T16:41:28.163+0000] {logging_mixin.py:190} INFO - [2025-01-29T16:41:28.162+0000] {override.py:1911} INFO - Created Permission View: can read on DAG Run:example_short_circuit_decorator
[2025-01-29T16:41:28.177+0000] {logging_mixin.py:190} INFO - [2025-01-29T16:41:28.177+0000] {override.py:1911} INFO - Created Permission View: menu access on DAG Run:example_short_circuit_decorator
[2025-01-29T16:41:28.192+0000] {logging_mixin.py:190} INFO - [2025-01-29T16:41:28.191+0000] {override.py:1911} INFO - Created Permission View: can create on DAG Run:example_short_circuit_decorator
[2025-01-29T16:41:28.194+0000] {logging_mixin.py:190} INFO - [2025-01-29T16:41:28.193+0000] {dag.py:3239} INFO - Sync 1 DAGs
[2025-01-29T16:41:28.289+0000] {logging_mixin.py:190} INFO - [2025-01-29T16:41:28.288+0000] {dag.py:3262} INFO - Creating ORM DAG for example_short_circuit_decorator
[2025-01-29T16:41:28.292+0000] {logging_mixin.py:190} INFO - [2025-01-29T16:41:28.291+0000] {dag.py:4180} INFO - Setting next_dagrun for example_short_circuit_decorator to None, run_after=None
[2025-01-29T16:41:28.337+0000] {processor.py:208} INFO - Processing /home/airflow/.local/lib/python3.12/site-packages/airflow/example_dags/example_short_circuit_decorator.py took 0.600 seconds
[2025-01-29T16:41:59.309+0000] {processor.py:186} INFO - Started process (PID=148) to work on /home/airflow/.local/lib/python3.12/site-packages/airflow/example_dags/example_short_circuit_decorator.py
[2025-01-29T16:41:59.311+0000] {processor.py:914} INFO - Processing file /home/airflow/.local/lib/python3.12/site-packages/airflow/example_dags/example_short_circuit_decorator.py for tasks to queue
[2025-01-29T16:41:59.314+0000] {logging_mixin.py:190} INFO - [2025-01-29T16:41:59.313+0000] {dagbag.py:588} INFO - Filling up the DagBag from /home/airflow/.local/lib/python3.12/site-packages/airflow/example_dags/example_short_circuit_decorator.py
[2025-01-29T16:41:59.323+0000] {processor.py:925} INFO - DAG(s) 'example_short_circuit_decorator' retrieved from /home/airflow/.local/lib/python3.12/site-packages/airflow/example_dags/example_short_circuit_decorator.py
[2025-01-29T16:41:59.351+0000] {logging_mixin.py:190} INFO - [2025-01-29T16:41:59.351+0000] {dag.py:3239} INFO - Sync 1 DAGs
[2025-01-29T16:41:59.361+0000] {logging_mixin.py:190} INFO - [2025-01-29T16:41:59.361+0000] {dag.py:4180} INFO - Setting next_dagrun for example_short_circuit_decorator to None, run_after=None
[2025-01-29T16:41:59.381+0000] {processor.py:208} INFO - Processing /home/airflow/.local/lib/python3.12/site-packages/airflow/example_dags/example_short_circuit_decorator.py took 0.077 seconds
[2025-01-29T16:42:29.742+0000] {processor.py:186} INFO - Started process (PID=211) to work on /home/airflow/.local/lib/python3.12/site-packages/airflow/example_dags/example_short_circuit_decorator.py
[2025-01-29T16:42:29.745+0000] {processor.py:914} INFO - Processing file /home/airflow/.local/lib/python3.12/site-packages/airflow/example_dags/example_short_circuit_decorator.py for tasks to queue
[2025-01-29T16:42:29.749+0000] {logging_mixin.py:190} INFO - [2025-01-29T16:42:29.749+0000] {dagbag.py:588} INFO - Filling up the DagBag from /home/airflow/.local/lib/python3.12/site-packages/airflow/example_dags/example_short_circuit_decorator.py
[2025-01-29T16:42:29.760+0000] {processor.py:925} INFO - DAG(s) 'example_short_circuit_decorator' retrieved from /home/airflow/.local/lib/python3.12/site-packages/airflow/example_dags/example_short_circuit_decorator.py
[2025-01-29T16:42:29.782+0000] {logging_mixin.py:190} INFO - [2025-01-29T16:42:29.782+0000] {dag.py:3239} INFO - Sync 1 DAGs
[2025-01-29T16:42:29.796+0000] {logging_mixin.py:190} INFO - [2025-01-29T16:42:29.796+0000] {dag.py:4180} INFO - Setting next_dagrun for example_short_circuit_decorator to None, run_after=None
[2025-01-29T16:42:29.819+0000] {processor.py:208} INFO - Processing /home/airflow/.local/lib/python3.12/site-packages/airflow/example_dags/example_short_circuit_decorator.py took 0.082 seconds
[2025-01-29T16:43:00.413+0000] {processor.py:186} INFO - Started process (PID=274) to work on /home/airflow/.local/lib/python3.12/site-packages/airflow/example_dags/example_short_circuit_decorator.py
[2025-01-29T16:43:00.414+0000] {processor.py:914} INFO - Processing file /home/airflow/.local/lib/python3.12/site-packages/airflow/example_dags/example_short_circuit_decorator.py for tasks to queue
[2025-01-29T16:43:00.416+0000] {logging_mixin.py:190} INFO - [2025-01-29T16:43:00.416+0000] {dagbag.py:588} INFO - Filling up the DagBag from /home/airflow/.local/lib/python3.12/site-packages/airflow/example_dags/example_short_circuit_decorator.py
[2025-01-29T16:43:00.425+0000] {processor.py:925} INFO - DAG(s) 'example_short_circuit_decorator' retrieved from /home/airflow/.local/lib/python3.12/site-packages/airflow/example_dags/example_short_circuit_decorator.py
[2025-01-29T16:43:00.453+0000] {logging_mixin.py:190} INFO - [2025-01-29T16:43:00.453+0000] {dag.py:3239} INFO - Sync 1 DAGs
[2025-01-29T16:43:00.475+0000] {logging_mixin.py:190} INFO - [2025-01-29T16:43:00.474+0000] {dag.py:4180} INFO - Setting next_dagrun for example_short_circuit_decorator to None, run_after=None
[2025-01-29T16:43:00.498+0000] {processor.py:208} INFO - Processing /home/airflow/.local/lib/python3.12/site-packages/airflow/example_dags/example_short_circuit_decorator.py took 0.091 seconds
[2025-01-29T16:43:30.634+0000] {processor.py:186} INFO - Started process (PID=337) to work on /home/airflow/.local/lib/python3.12/site-packages/airflow/example_dags/example_short_circuit_decorator.py
[2025-01-29T16:43:30.636+0000] {processor.py:914} INFO - Processing file /home/airflow/.local/lib/python3.12/site-packages/airflow/example_dags/example_short_circuit_decorator.py for tasks to queue
[2025-01-29T16:43:30.638+0000] {logging_mixin.py:190} INFO - [2025-01-29T16:43:30.638+0000] {dagbag.py:588} INFO - Filling up the DagBag from /home/airflow/.local/lib/python3.12/site-packages/airflow/example_dags/example_short_circuit_decorator.py
[2025-01-29T16:43:30.648+0000] {processor.py:925} INFO - DAG(s) 'example_short_circuit_decorator' retrieved from /home/airflow/.local/lib/python3.12/site-packages/airflow/example_dags/example_short_circuit_decorator.py
[2025-01-29T16:43:30.672+0000] {logging_mixin.py:190} INFO - [2025-01-29T16:43:30.672+0000] {dag.py:3239} INFO - Sync 1 DAGs
[2025-01-29T16:43:30.688+0000] {logging_mixin.py:190} INFO - [2025-01-29T16:43:30.688+0000] {dag.py:4180} INFO - Setting next_dagrun for example_short_circuit_decorator to None, run_after=None
[2025-01-29T16:43:30.738+0000] {processor.py:208} INFO - Processing /home/airflow/.local/lib/python3.12/site-packages/airflow/example_dags/example_short_circuit_decorator.py took 0.111 seconds
