[2025-01-29T16:41:34.051+0000] {processor.py:186} INFO - Started process (PID=98) to work on /home/airflow/.local/lib/python3.12/site-packages/airflow/example_dags/example_params_trigger_ui.py
[2025-01-29T16:41:34.053+0000] {processor.py:914} INFO - Processing file /home/airflow/.local/lib/python3.12/site-packages/airflow/example_dags/example_params_trigger_ui.py for tasks to queue
[2025-01-29T16:41:34.056+0000] {logging_mixin.py:190} INFO - [2025-01-29T16:41:34.056+0000] {dagbag.py:588} INFO - Filling up the DagBag from /home/airflow/.local/lib/python3.12/site-packages/airflow/example_dags/example_params_trigger_ui.py
[2025-01-29T16:41:34.078+0000] {processor.py:925} INFO - DAG(s) 'example_params_trigger_ui' retrieved from /home/airflow/.local/lib/python3.12/site-packages/airflow/example_dags/example_params_trigger_ui.py
[2025-01-29T16:41:34.323+0000] {logging_mixin.py:190} INFO - [2025-01-29T16:41:34.322+0000] {override.py:1911} INFO - Created Permission View: can delete on DAG:example_params_trigger_ui
[2025-01-29T16:41:34.344+0000] {logging_mixin.py:190} INFO - [2025-01-29T16:41:34.344+0000] {override.py:1911} INFO - Created Permission View: can read on DAG:example_params_trigger_ui
[2025-01-29T16:41:34.358+0000] {logging_mixin.py:190} INFO - [2025-01-29T16:41:34.358+0000] {override.py:1911} INFO - Created Permission View: can edit on DAG:example_params_trigger_ui
[2025-01-29T16:41:34.371+0000] {logging_mixin.py:190} INFO - [2025-01-29T16:41:34.370+0000] {override.py:1911} INFO - Created Permission View: can delete on DAG Run:example_params_trigger_ui
[2025-01-29T16:41:34.380+0000] {logging_mixin.py:190} INFO - [2025-01-29T16:41:34.380+0000] {override.py:1911} INFO - Created Permission View: can read on DAG Run:example_params_trigger_ui
[2025-01-29T16:41:34.392+0000] {logging_mixin.py:190} INFO - [2025-01-29T16:41:34.391+0000] {override.py:1911} INFO - Created Permission View: menu access on DAG Run:example_params_trigger_ui
[2025-01-29T16:41:34.403+0000] {logging_mixin.py:190} INFO - [2025-01-29T16:41:34.402+0000] {override.py:1911} INFO - Created Permission View: can create on DAG Run:example_params_trigger_ui
[2025-01-29T16:41:34.404+0000] {logging_mixin.py:190} INFO - [2025-01-29T16:41:34.403+0000] {dag.py:3239} INFO - Sync 1 DAGs
[2025-01-29T16:41:34.425+0000] {logging_mixin.py:190} INFO - [2025-01-29T16:41:34.424+0000] {dag.py:3262} INFO - Creating ORM DAG for example_params_trigger_ui
[2025-01-29T16:41:34.426+0000] {logging_mixin.py:190} INFO - [2025-01-29T16:41:34.426+0000] {dag.py:4180} INFO - Setting next_dagrun for example_params_trigger_ui to None, run_after=None
[2025-01-29T16:41:34.460+0000] {processor.py:208} INFO - Processing /home/airflow/.local/lib/python3.12/site-packages/airflow/example_dags/example_params_trigger_ui.py took 0.426 seconds
[2025-01-29T16:42:04.824+0000] {processor.py:186} INFO - Started process (PID=160) to work on /home/airflow/.local/lib/python3.12/site-packages/airflow/example_dags/example_params_trigger_ui.py
[2025-01-29T16:42:04.826+0000] {processor.py:914} INFO - Processing file /home/airflow/.local/lib/python3.12/site-packages/airflow/example_dags/example_params_trigger_ui.py for tasks to queue
[2025-01-29T16:42:04.829+0000] {logging_mixin.py:190} INFO - [2025-01-29T16:42:04.828+0000] {dagbag.py:588} INFO - Filling up the DagBag from /home/airflow/.local/lib/python3.12/site-packages/airflow/example_dags/example_params_trigger_ui.py
[2025-01-29T16:42:04.840+0000] {processor.py:925} INFO - DAG(s) 'example_params_trigger_ui' retrieved from /home/airflow/.local/lib/python3.12/site-packages/airflow/example_dags/example_params_trigger_ui.py
[2025-01-29T16:42:04.880+0000] {logging_mixin.py:190} INFO - [2025-01-29T16:42:04.880+0000] {dag.py:3239} INFO - Sync 1 DAGs
[2025-01-29T16:42:04.891+0000] {logging_mixin.py:190} INFO - [2025-01-29T16:42:04.891+0000] {dag.py:4180} INFO - Setting next_dagrun for example_params_trigger_ui to None, run_after=None
[2025-01-29T16:42:04.912+0000] {processor.py:208} INFO - Processing /home/airflow/.local/lib/python3.12/site-packages/airflow/example_dags/example_params_trigger_ui.py took 0.099 seconds
[2025-01-29T16:42:36.191+0000] {processor.py:186} INFO - Started process (PID=223) to work on /home/airflow/.local/lib/python3.12/site-packages/airflow/example_dags/example_params_trigger_ui.py
[2025-01-29T16:42:36.192+0000] {processor.py:914} INFO - Processing file /home/airflow/.local/lib/python3.12/site-packages/airflow/example_dags/example_params_trigger_ui.py for tasks to queue
[2025-01-29T16:42:36.194+0000] {logging_mixin.py:190} INFO - [2025-01-29T16:42:36.194+0000] {dagbag.py:588} INFO - Filling up the DagBag from /home/airflow/.local/lib/python3.12/site-packages/airflow/example_dags/example_params_trigger_ui.py
[2025-01-29T16:42:36.204+0000] {processor.py:925} INFO - DAG(s) 'example_params_trigger_ui' retrieved from /home/airflow/.local/lib/python3.12/site-packages/airflow/example_dags/example_params_trigger_ui.py
[2025-01-29T16:42:36.237+0000] {logging_mixin.py:190} INFO - [2025-01-29T16:42:36.237+0000] {dag.py:3239} INFO - Sync 1 DAGs
[2025-01-29T16:42:36.250+0000] {logging_mixin.py:190} INFO - [2025-01-29T16:42:36.249+0000] {dag.py:4180} INFO - Setting next_dagrun for example_params_trigger_ui to None, run_after=None
[2025-01-29T16:42:36.273+0000] {processor.py:208} INFO - Processing /home/airflow/.local/lib/python3.12/site-packages/airflow/example_dags/example_params_trigger_ui.py took 0.087 seconds
[2025-01-29T16:43:06.788+0000] {processor.py:186} INFO - Started process (PID=286) to work on /home/airflow/.local/lib/python3.12/site-packages/airflow/example_dags/example_params_trigger_ui.py
[2025-01-29T16:43:06.789+0000] {processor.py:914} INFO - Processing file /home/airflow/.local/lib/python3.12/site-packages/airflow/example_dags/example_params_trigger_ui.py for tasks to queue
[2025-01-29T16:43:06.792+0000] {logging_mixin.py:190} INFO - [2025-01-29T16:43:06.792+0000] {dagbag.py:588} INFO - Filling up the DagBag from /home/airflow/.local/lib/python3.12/site-packages/airflow/example_dags/example_params_trigger_ui.py
[2025-01-29T16:43:06.804+0000] {processor.py:925} INFO - DAG(s) 'example_params_trigger_ui' retrieved from /home/airflow/.local/lib/python3.12/site-packages/airflow/example_dags/example_params_trigger_ui.py
[2025-01-29T16:43:06.863+0000] {logging_mixin.py:190} INFO - [2025-01-29T16:43:06.863+0000] {dag.py:3239} INFO - Sync 1 DAGs
[2025-01-29T16:43:06.879+0000] {logging_mixin.py:190} INFO - [2025-01-29T16:43:06.879+0000] {dag.py:4180} INFO - Setting next_dagrun for example_params_trigger_ui to None, run_after=None
[2025-01-29T16:43:06.905+0000] {processor.py:208} INFO - Processing /home/airflow/.local/lib/python3.12/site-packages/airflow/example_dags/example_params_trigger_ui.py took 0.124 seconds
[2025-01-29T16:43:37.935+0000] {processor.py:186} INFO - Started process (PID=349) to work on /home/airflow/.local/lib/python3.12/site-packages/airflow/example_dags/example_params_trigger_ui.py
[2025-01-29T16:43:37.946+0000] {processor.py:914} INFO - Processing file /home/airflow/.local/lib/python3.12/site-packages/airflow/example_dags/example_params_trigger_ui.py for tasks to queue
[2025-01-29T16:43:37.949+0000] {logging_mixin.py:190} INFO - [2025-01-29T16:43:37.949+0000] {dagbag.py:588} INFO - Filling up the DagBag from /home/airflow/.local/lib/python3.12/site-packages/airflow/example_dags/example_params_trigger_ui.py
[2025-01-29T16:43:37.967+0000] {processor.py:925} INFO - DAG(s) 'example_params_trigger_ui' retrieved from /home/airflow/.local/lib/python3.12/site-packages/airflow/example_dags/example_params_trigger_ui.py
[2025-01-29T16:43:38.007+0000] {logging_mixin.py:190} INFO - [2025-01-29T16:43:38.006+0000] {dag.py:3239} INFO - Sync 1 DAGs
[2025-01-29T16:43:38.019+0000] {logging_mixin.py:190} INFO - [2025-01-29T16:43:38.019+0000] {dag.py:4180} INFO - Setting next_dagrun for example_params_trigger_ui to None, run_after=None
[2025-01-29T16:43:38.035+0000] {processor.py:208} INFO - Processing /home/airflow/.local/lib/python3.12/site-packages/airflow/example_dags/example_params_trigger_ui.py took 0.106 seconds
