[2025-01-29T16:41:36.220+0000] {processor.py:186} INFO - Started process (PID=103) to work on /home/airflow/.local/lib/python3.12/site-packages/airflow/example_dags/example_setup_teardown_taskflow.py
[2025-01-29T16:41:36.221+0000] {processor.py:914} INFO - Processing file /home/airflow/.local/lib/python3.12/site-packages/airflow/example_dags/example_setup_teardown_taskflow.py for tasks to queue
[2025-01-29T16:41:36.224+0000] {logging_mixin.py:190} INFO - [2025-01-29T16:41:36.224+0000] {dagbag.py:588} INFO - Filling up the DagBag from /home/airflow/.local/lib/python3.12/site-packages/airflow/example_dags/example_setup_teardown_taskflow.py
[2025-01-29T16:41:36.238+0000] {processor.py:925} INFO - DAG(s) 'example_setup_teardown_taskflow' retrieved from /home/airflow/.local/lib/python3.12/site-packages/airflow/example_dags/example_setup_teardown_taskflow.py
[2025-01-29T16:41:36.426+0000] {logging_mixin.py:190} INFO - [2025-01-29T16:41:36.426+0000] {override.py:1911} INFO - Created Permission View: can delete on DAG:example_setup_teardown_taskflow
[2025-01-29T16:41:36.441+0000] {logging_mixin.py:190} INFO - [2025-01-29T16:41:36.441+0000] {override.py:1911} INFO - Created Permission View: can read on DAG:example_setup_teardown_taskflow
[2025-01-29T16:41:36.452+0000] {logging_mixin.py:190} INFO - [2025-01-29T16:41:36.452+0000] {override.py:1911} INFO - Created Permission View: can edit on DAG:example_setup_teardown_taskflow
[2025-01-29T16:41:36.464+0000] {logging_mixin.py:190} INFO - [2025-01-29T16:41:36.464+0000] {override.py:1911} INFO - Created Permission View: can delete on DAG Run:example_setup_teardown_taskflow
[2025-01-29T16:41:36.474+0000] {logging_mixin.py:190} INFO - [2025-01-29T16:41:36.474+0000] {override.py:1911} INFO - Created Permission View: can read on DAG Run:example_setup_teardown_taskflow
[2025-01-29T16:41:36.483+0000] {logging_mixin.py:190} INFO - [2025-01-29T16:41:36.483+0000] {override.py:1911} INFO - Created Permission View: menu access on DAG Run:example_setup_teardown_taskflow
[2025-01-29T16:41:36.493+0000] {logging_mixin.py:190} INFO - [2025-01-29T16:41:36.492+0000] {override.py:1911} INFO - Created Permission View: can create on DAG Run:example_setup_teardown_taskflow
[2025-01-29T16:41:36.494+0000] {logging_mixin.py:190} INFO - [2025-01-29T16:41:36.493+0000] {dag.py:3239} INFO - Sync 1 DAGs
[2025-01-29T16:41:36.514+0000] {logging_mixin.py:190} INFO - [2025-01-29T16:41:36.514+0000] {dag.py:3262} INFO - Creating ORM DAG for example_setup_teardown_taskflow
[2025-01-29T16:41:36.515+0000] {logging_mixin.py:190} INFO - [2025-01-29T16:41:36.515+0000] {dag.py:4180} INFO - Setting next_dagrun for example_setup_teardown_taskflow to None, run_after=None
[2025-01-29T16:41:36.536+0000] {processor.py:208} INFO - Processing /home/airflow/.local/lib/python3.12/site-packages/airflow/example_dags/example_setup_teardown_taskflow.py took 0.324 seconds
[2025-01-29T16:42:07.202+0000] {processor.py:186} INFO - Started process (PID=166) to work on /home/airflow/.local/lib/python3.12/site-packages/airflow/example_dags/example_setup_teardown_taskflow.py
[2025-01-29T16:42:07.203+0000] {processor.py:914} INFO - Processing file /home/airflow/.local/lib/python3.12/site-packages/airflow/example_dags/example_setup_teardown_taskflow.py for tasks to queue
[2025-01-29T16:42:07.205+0000] {logging_mixin.py:190} INFO - [2025-01-29T16:42:07.205+0000] {dagbag.py:588} INFO - Filling up the DagBag from /home/airflow/.local/lib/python3.12/site-packages/airflow/example_dags/example_setup_teardown_taskflow.py
[2025-01-29T16:42:07.215+0000] {processor.py:925} INFO - DAG(s) 'example_setup_teardown_taskflow' retrieved from /home/airflow/.local/lib/python3.12/site-packages/airflow/example_dags/example_setup_teardown_taskflow.py
[2025-01-29T16:42:07.236+0000] {logging_mixin.py:190} INFO - [2025-01-29T16:42:07.236+0000] {dag.py:3239} INFO - Sync 1 DAGs
[2025-01-29T16:42:07.247+0000] {logging_mixin.py:190} INFO - [2025-01-29T16:42:07.247+0000] {dag.py:4180} INFO - Setting next_dagrun for example_setup_teardown_taskflow to None, run_after=None
[2025-01-29T16:42:07.273+0000] {processor.py:208} INFO - Processing /home/airflow/.local/lib/python3.12/site-packages/airflow/example_dags/example_setup_teardown_taskflow.py took 0.075 seconds
[2025-01-29T16:42:37.505+0000] {processor.py:186} INFO - Started process (PID=228) to work on /home/airflow/.local/lib/python3.12/site-packages/airflow/example_dags/example_setup_teardown_taskflow.py
[2025-01-29T16:42:37.507+0000] {processor.py:914} INFO - Processing file /home/airflow/.local/lib/python3.12/site-packages/airflow/example_dags/example_setup_teardown_taskflow.py for tasks to queue
[2025-01-29T16:42:37.510+0000] {logging_mixin.py:190} INFO - [2025-01-29T16:42:37.509+0000] {dagbag.py:588} INFO - Filling up the DagBag from /home/airflow/.local/lib/python3.12/site-packages/airflow/example_dags/example_setup_teardown_taskflow.py
[2025-01-29T16:42:37.528+0000] {processor.py:925} INFO - DAG(s) 'example_setup_teardown_taskflow' retrieved from /home/airflow/.local/lib/python3.12/site-packages/airflow/example_dags/example_setup_teardown_taskflow.py
[2025-01-29T16:42:37.560+0000] {logging_mixin.py:190} INFO - [2025-01-29T16:42:37.560+0000] {dag.py:3239} INFO - Sync 1 DAGs
[2025-01-29T16:42:37.582+0000] {logging_mixin.py:190} INFO - [2025-01-29T16:42:37.582+0000] {dag.py:4180} INFO - Setting next_dagrun for example_setup_teardown_taskflow to None, run_after=None
[2025-01-29T16:42:37.613+0000] {processor.py:208} INFO - Processing /home/airflow/.local/lib/python3.12/site-packages/airflow/example_dags/example_setup_teardown_taskflow.py took 0.115 seconds
[2025-01-29T16:43:08.066+0000] {processor.py:186} INFO - Started process (PID=297) to work on /home/airflow/.local/lib/python3.12/site-packages/airflow/example_dags/example_setup_teardown_taskflow.py
[2025-01-29T16:43:08.067+0000] {processor.py:914} INFO - Processing file /home/airflow/.local/lib/python3.12/site-packages/airflow/example_dags/example_setup_teardown_taskflow.py for tasks to queue
[2025-01-29T16:43:08.069+0000] {logging_mixin.py:190} INFO - [2025-01-29T16:43:08.069+0000] {dagbag.py:588} INFO - Filling up the DagBag from /home/airflow/.local/lib/python3.12/site-packages/airflow/example_dags/example_setup_teardown_taskflow.py
[2025-01-29T16:43:08.081+0000] {processor.py:925} INFO - DAG(s) 'example_setup_teardown_taskflow' retrieved from /home/airflow/.local/lib/python3.12/site-packages/airflow/example_dags/example_setup_teardown_taskflow.py
[2025-01-29T16:43:08.120+0000] {logging_mixin.py:190} INFO - [2025-01-29T16:43:08.119+0000] {dag.py:3239} INFO - Sync 1 DAGs
[2025-01-29T16:43:08.136+0000] {logging_mixin.py:190} INFO - [2025-01-29T16:43:08.136+0000] {dag.py:4180} INFO - Setting next_dagrun for example_setup_teardown_taskflow to None, run_after=None
[2025-01-29T16:43:08.153+0000] {processor.py:208} INFO - Processing /home/airflow/.local/lib/python3.12/site-packages/airflow/example_dags/example_setup_teardown_taskflow.py took 0.092 seconds
[2025-01-29T16:43:38.351+0000] {processor.py:186} INFO - Started process (PID=360) to work on /home/airflow/.local/lib/python3.12/site-packages/airflow/example_dags/example_setup_teardown_taskflow.py
[2025-01-29T16:43:38.352+0000] {processor.py:914} INFO - Processing file /home/airflow/.local/lib/python3.12/site-packages/airflow/example_dags/example_setup_teardown_taskflow.py for tasks to queue
[2025-01-29T16:43:38.354+0000] {logging_mixin.py:190} INFO - [2025-01-29T16:43:38.354+0000] {dagbag.py:588} INFO - Filling up the DagBag from /home/airflow/.local/lib/python3.12/site-packages/airflow/example_dags/example_setup_teardown_taskflow.py
[2025-01-29T16:43:38.362+0000] {processor.py:925} INFO - DAG(s) 'example_setup_teardown_taskflow' retrieved from /home/airflow/.local/lib/python3.12/site-packages/airflow/example_dags/example_setup_teardown_taskflow.py
[2025-01-29T16:43:38.382+0000] {logging_mixin.py:190} INFO - [2025-01-29T16:43:38.381+0000] {dag.py:3239} INFO - Sync 1 DAGs
[2025-01-29T16:43:38.393+0000] {logging_mixin.py:190} INFO - [2025-01-29T16:43:38.393+0000] {dag.py:4180} INFO - Setting next_dagrun for example_setup_teardown_taskflow to None, run_after=None
[2025-01-29T16:43:38.409+0000] {processor.py:208} INFO - Processing /home/airflow/.local/lib/python3.12/site-packages/airflow/example_dags/example_setup_teardown_taskflow.py took 0.062 seconds
