[2025-01-29T16:41:29.810+0000] {processor.py:186} INFO - Started process (PID=93) to work on /home/airflow/.local/lib/python3.12/site-packages/airflow/example_dags/example_outlet_event_extra.py
[2025-01-29T16:41:29.812+0000] {processor.py:914} INFO - Processing file /home/airflow/.local/lib/python3.12/site-packages/airflow/example_dags/example_outlet_event_extra.py for tasks to queue
[2025-01-29T16:41:29.816+0000] {logging_mixin.py:190} INFO - [2025-01-29T16:41:29.815+0000] {dagbag.py:588} INFO - Filling up the DagBag from /home/airflow/.local/lib/python3.12/site-packages/airflow/example_dags/example_outlet_event_extra.py
[2025-01-29T16:41:32.642+0000] {processor.py:925} INFO - DAG(s) 'dataset_with_extra_by_yield', 'dataset_with_extra_from_classic_operator', 'dataset_with_extra_by_context' retrieved from /home/airflow/.local/lib/python3.12/site-packages/airflow/example_dags/example_outlet_event_extra.py
[2025-01-29T16:41:32.814+0000] {logging_mixin.py:190} INFO - [2025-01-29T16:41:32.814+0000] {override.py:1911} INFO - Created Permission View: can delete on DAG:dataset_with_extra_by_yield
[2025-01-29T16:41:32.828+0000] {logging_mixin.py:190} INFO - [2025-01-29T16:41:32.828+0000] {override.py:1911} INFO - Created Permission View: can read on DAG:dataset_with_extra_by_yield
[2025-01-29T16:41:32.837+0000] {logging_mixin.py:190} INFO - [2025-01-29T16:41:32.837+0000] {override.py:1911} INFO - Created Permission View: can edit on DAG:dataset_with_extra_by_yield
[2025-01-29T16:41:32.847+0000] {logging_mixin.py:190} INFO - [2025-01-29T16:41:32.847+0000] {override.py:1911} INFO - Created Permission View: can delete on DAG Run:dataset_with_extra_by_yield
[2025-01-29T16:41:32.856+0000] {logging_mixin.py:190} INFO - [2025-01-29T16:41:32.856+0000] {override.py:1911} INFO - Created Permission View: can read on DAG Run:dataset_with_extra_by_yield
[2025-01-29T16:41:32.865+0000] {logging_mixin.py:190} INFO - [2025-01-29T16:41:32.864+0000] {override.py:1911} INFO - Created Permission View: menu access on DAG Run:dataset_with_extra_by_yield
[2025-01-29T16:41:32.874+0000] {logging_mixin.py:190} INFO - [2025-01-29T16:41:32.874+0000] {override.py:1911} INFO - Created Permission View: can create on DAG Run:dataset_with_extra_by_yield
[2025-01-29T16:41:32.893+0000] {logging_mixin.py:190} INFO - [2025-01-29T16:41:32.893+0000] {override.py:1911} INFO - Created Permission View: can delete on DAG:dataset_with_extra_from_classic_operator
[2025-01-29T16:41:32.907+0000] {logging_mixin.py:190} INFO - [2025-01-29T16:41:32.907+0000] {override.py:1911} INFO - Created Permission View: can read on DAG:dataset_with_extra_from_classic_operator
[2025-01-29T16:41:32.917+0000] {logging_mixin.py:190} INFO - [2025-01-29T16:41:32.916+0000] {override.py:1911} INFO - Created Permission View: can edit on DAG:dataset_with_extra_from_classic_operator
[2025-01-29T16:41:32.927+0000] {logging_mixin.py:190} INFO - [2025-01-29T16:41:32.927+0000] {override.py:1911} INFO - Created Permission View: can delete on DAG Run:dataset_with_extra_from_classic_operator
[2025-01-29T16:41:32.937+0000] {logging_mixin.py:190} INFO - [2025-01-29T16:41:32.936+0000] {override.py:1911} INFO - Created Permission View: can read on DAG Run:dataset_with_extra_from_classic_operator
[2025-01-29T16:41:32.944+0000] {logging_mixin.py:190} INFO - [2025-01-29T16:41:32.944+0000] {override.py:1911} INFO - Created Permission View: menu access on DAG Run:dataset_with_extra_from_classic_operator
[2025-01-29T16:41:32.953+0000] {logging_mixin.py:190} INFO - [2025-01-29T16:41:32.952+0000] {override.py:1911} INFO - Created Permission View: can create on DAG Run:dataset_with_extra_from_classic_operator
[2025-01-29T16:41:32.972+0000] {logging_mixin.py:190} INFO - [2025-01-29T16:41:32.972+0000] {override.py:1911} INFO - Created Permission View: can delete on DAG:dataset_with_extra_by_context
[2025-01-29T16:41:32.981+0000] {logging_mixin.py:190} INFO - [2025-01-29T16:41:32.980+0000] {override.py:1911} INFO - Created Permission View: can read on DAG:dataset_with_extra_by_context
[2025-01-29T16:41:32.990+0000] {logging_mixin.py:190} INFO - [2025-01-29T16:41:32.989+0000] {override.py:1911} INFO - Created Permission View: can edit on DAG:dataset_with_extra_by_context
[2025-01-29T16:41:33.001+0000] {logging_mixin.py:190} INFO - [2025-01-29T16:41:33.001+0000] {override.py:1911} INFO - Created Permission View: can delete on DAG Run:dataset_with_extra_by_context
[2025-01-29T16:41:33.010+0000] {logging_mixin.py:190} INFO - [2025-01-29T16:41:33.010+0000] {override.py:1911} INFO - Created Permission View: can read on DAG Run:dataset_with_extra_by_context
[2025-01-29T16:41:33.018+0000] {logging_mixin.py:190} INFO - [2025-01-29T16:41:33.018+0000] {override.py:1911} INFO - Created Permission View: menu access on DAG Run:dataset_with_extra_by_context
[2025-01-29T16:41:33.031+0000] {logging_mixin.py:190} INFO - [2025-01-29T16:41:33.030+0000] {override.py:1911} INFO - Created Permission View: can create on DAG Run:dataset_with_extra_by_context
[2025-01-29T16:41:33.032+0000] {logging_mixin.py:190} INFO - [2025-01-29T16:41:33.032+0000] {dag.py:3239} INFO - Sync 3 DAGs
[2025-01-29T16:41:33.062+0000] {logging_mixin.py:190} INFO - [2025-01-29T16:41:33.062+0000] {dag.py:3262} INFO - Creating ORM DAG for dataset_with_extra_by_yield
[2025-01-29T16:41:33.064+0000] {logging_mixin.py:190} INFO - [2025-01-29T16:41:33.064+0000] {dag.py:3262} INFO - Creating ORM DAG for dataset_with_extra_from_classic_operator
[2025-01-29T16:41:33.065+0000] {logging_mixin.py:190} INFO - [2025-01-29T16:41:33.065+0000] {dag.py:3262} INFO - Creating ORM DAG for dataset_with_extra_by_context
[2025-01-29T16:41:33.087+0000] {logging_mixin.py:190} INFO - [2025-01-29T16:41:33.087+0000] {dag.py:4180} INFO - Setting next_dagrun for dataset_with_extra_by_context to 2025-01-28 00:00:00+00:00, run_after=2025-01-29 00:00:00+00:00
[2025-01-29T16:41:33.092+0000] {logging_mixin.py:190} INFO - [2025-01-29T16:41:33.092+0000] {dag.py:4180} INFO - Setting next_dagrun for dataset_with_extra_by_yield to 2025-01-28 00:00:00+00:00, run_after=2025-01-29 00:00:00+00:00
[2025-01-29T16:41:33.095+0000] {logging_mixin.py:190} INFO - [2025-01-29T16:41:33.095+0000] {dag.py:4180} INFO - Setting next_dagrun for dataset_with_extra_from_classic_operator to 2025-01-28 00:00:00+00:00, run_after=2025-01-29 00:00:00+00:00
[2025-01-29T16:41:33.151+0000] {processor.py:208} INFO - Processing /home/airflow/.local/lib/python3.12/site-packages/airflow/example_dags/example_outlet_event_extra.py took 3.350 seconds
[2025-01-29T16:42:03.749+0000] {processor.py:186} INFO - Started process (PID=156) to work on /home/airflow/.local/lib/python3.12/site-packages/airflow/example_dags/example_outlet_event_extra.py
[2025-01-29T16:42:03.750+0000] {processor.py:914} INFO - Processing file /home/airflow/.local/lib/python3.12/site-packages/airflow/example_dags/example_outlet_event_extra.py for tasks to queue
[2025-01-29T16:42:03.752+0000] {logging_mixin.py:190} INFO - [2025-01-29T16:42:03.752+0000] {dagbag.py:588} INFO - Filling up the DagBag from /home/airflow/.local/lib/python3.12/site-packages/airflow/example_dags/example_outlet_event_extra.py
[2025-01-29T16:42:04.311+0000] {processor.py:925} INFO - DAG(s) 'dataset_with_extra_by_yield', 'dataset_with_extra_from_classic_operator', 'dataset_with_extra_by_context' retrieved from /home/airflow/.local/lib/python3.12/site-packages/airflow/example_dags/example_outlet_event_extra.py
[2025-01-29T16:42:04.338+0000] {logging_mixin.py:190} INFO - [2025-01-29T16:42:04.337+0000] {dag.py:3239} INFO - Sync 3 DAGs
[2025-01-29T16:42:04.375+0000] {logging_mixin.py:190} INFO - [2025-01-29T16:42:04.374+0000] {dag.py:4180} INFO - Setting next_dagrun for dataset_with_extra_by_context to 2025-01-28 00:00:00+00:00, run_after=2025-01-29 00:00:00+00:00
[2025-01-29T16:42:04.383+0000] {logging_mixin.py:190} INFO - [2025-01-29T16:42:04.382+0000] {dag.py:4180} INFO - Setting next_dagrun for dataset_with_extra_by_yield to 2025-01-28 00:00:00+00:00, run_after=2025-01-29 00:00:00+00:00
[2025-01-29T16:42:04.385+0000] {logging_mixin.py:190} INFO - [2025-01-29T16:42:04.385+0000] {dag.py:4180} INFO - Setting next_dagrun for dataset_with_extra_from_classic_operator to 2025-01-28 00:00:00+00:00, run_after=2025-01-29 00:00:00+00:00
[2025-01-29T16:42:04.409+0000] {processor.py:208} INFO - Processing /home/airflow/.local/lib/python3.12/site-packages/airflow/example_dags/example_outlet_event_extra.py took 0.666 seconds
[2025-01-29T16:42:35.172+0000] {processor.py:186} INFO - Started process (PID=219) to work on /home/airflow/.local/lib/python3.12/site-packages/airflow/example_dags/example_outlet_event_extra.py
[2025-01-29T16:42:35.173+0000] {processor.py:914} INFO - Processing file /home/airflow/.local/lib/python3.12/site-packages/airflow/example_dags/example_outlet_event_extra.py for tasks to queue
[2025-01-29T16:42:35.176+0000] {logging_mixin.py:190} INFO - [2025-01-29T16:42:35.175+0000] {dagbag.py:588} INFO - Filling up the DagBag from /home/airflow/.local/lib/python3.12/site-packages/airflow/example_dags/example_outlet_event_extra.py
[2025-01-29T16:42:35.720+0000] {processor.py:925} INFO - DAG(s) 'dataset_with_extra_by_context', 'dataset_with_extra_from_classic_operator', 'dataset_with_extra_by_yield' retrieved from /home/airflow/.local/lib/python3.12/site-packages/airflow/example_dags/example_outlet_event_extra.py
[2025-01-29T16:42:35.751+0000] {logging_mixin.py:190} INFO - [2025-01-29T16:42:35.750+0000] {dag.py:3239} INFO - Sync 3 DAGs
[2025-01-29T16:42:35.779+0000] {logging_mixin.py:190} INFO - [2025-01-29T16:42:35.778+0000] {dag.py:4180} INFO - Setting next_dagrun for dataset_with_extra_by_context to 2025-01-28 00:00:00+00:00, run_after=2025-01-29 00:00:00+00:00
[2025-01-29T16:42:35.785+0000] {logging_mixin.py:190} INFO - [2025-01-29T16:42:35.785+0000] {dag.py:4180} INFO - Setting next_dagrun for dataset_with_extra_by_yield to 2025-01-28 00:00:00+00:00, run_after=2025-01-29 00:00:00+00:00
[2025-01-29T16:42:35.788+0000] {logging_mixin.py:190} INFO - [2025-01-29T16:42:35.788+0000] {dag.py:4180} INFO - Setting next_dagrun for dataset_with_extra_from_classic_operator to 2025-01-28 00:00:00+00:00, run_after=2025-01-29 00:00:00+00:00
[2025-01-29T16:42:35.812+0000] {processor.py:208} INFO - Processing /home/airflow/.local/lib/python3.12/site-packages/airflow/example_dags/example_outlet_event_extra.py took 0.645 seconds
[2025-01-29T16:43:05.857+0000] {processor.py:186} INFO - Started process (PID=281) to work on /home/airflow/.local/lib/python3.12/site-packages/airflow/example_dags/example_outlet_event_extra.py
[2025-01-29T16:43:05.858+0000] {processor.py:914} INFO - Processing file /home/airflow/.local/lib/python3.12/site-packages/airflow/example_dags/example_outlet_event_extra.py for tasks to queue
[2025-01-29T16:43:05.860+0000] {logging_mixin.py:190} INFO - [2025-01-29T16:43:05.860+0000] {dagbag.py:588} INFO - Filling up the DagBag from /home/airflow/.local/lib/python3.12/site-packages/airflow/example_dags/example_outlet_event_extra.py
[2025-01-29T16:43:06.384+0000] {processor.py:925} INFO - DAG(s) 'dataset_with_extra_by_yield', 'dataset_with_extra_by_context', 'dataset_with_extra_from_classic_operator' retrieved from /home/airflow/.local/lib/python3.12/site-packages/airflow/example_dags/example_outlet_event_extra.py
[2025-01-29T16:43:06.415+0000] {logging_mixin.py:190} INFO - [2025-01-29T16:43:06.415+0000] {dag.py:3239} INFO - Sync 3 DAGs
[2025-01-29T16:43:06.446+0000] {logging_mixin.py:190} INFO - [2025-01-29T16:43:06.446+0000] {dag.py:4180} INFO - Setting next_dagrun for dataset_with_extra_by_context to 2025-01-28 00:00:00+00:00, run_after=2025-01-29 00:00:00+00:00
[2025-01-29T16:43:06.455+0000] {logging_mixin.py:190} INFO - [2025-01-29T16:43:06.455+0000] {dag.py:4180} INFO - Setting next_dagrun for dataset_with_extra_by_yield to 2025-01-28 00:00:00+00:00, run_after=2025-01-29 00:00:00+00:00
[2025-01-29T16:43:06.461+0000] {logging_mixin.py:190} INFO - [2025-01-29T16:43:06.460+0000] {dag.py:4180} INFO - Setting next_dagrun for dataset_with_extra_from_classic_operator to 2025-01-28 00:00:00+00:00, run_after=2025-01-29 00:00:00+00:00
[2025-01-29T16:43:06.505+0000] {processor.py:208} INFO - Processing /home/airflow/.local/lib/python3.12/site-packages/airflow/example_dags/example_outlet_event_extra.py took 0.652 seconds
[2025-01-29T16:43:37.189+0000] {processor.py:186} INFO - Started process (PID=345) to work on /home/airflow/.local/lib/python3.12/site-packages/airflow/example_dags/example_outlet_event_extra.py
[2025-01-29T16:43:37.190+0000] {processor.py:914} INFO - Processing file /home/airflow/.local/lib/python3.12/site-packages/airflow/example_dags/example_outlet_event_extra.py for tasks to queue
[2025-01-29T16:43:37.192+0000] {logging_mixin.py:190} INFO - [2025-01-29T16:43:37.192+0000] {dagbag.py:588} INFO - Filling up the DagBag from /home/airflow/.local/lib/python3.12/site-packages/airflow/example_dags/example_outlet_event_extra.py
[2025-01-29T16:43:37.635+0000] {processor.py:925} INFO - DAG(s) 'dataset_with_extra_from_classic_operator', 'dataset_with_extra_by_context', 'dataset_with_extra_by_yield' retrieved from /home/airflow/.local/lib/python3.12/site-packages/airflow/example_dags/example_outlet_event_extra.py
[2025-01-29T16:43:37.654+0000] {logging_mixin.py:190} INFO - [2025-01-29T16:43:37.653+0000] {dag.py:3239} INFO - Sync 3 DAGs
[2025-01-29T16:43:37.673+0000] {logging_mixin.py:190} INFO - [2025-01-29T16:43:37.673+0000] {dag.py:4180} INFO - Setting next_dagrun for dataset_with_extra_by_context to 2025-01-28 00:00:00+00:00, run_after=2025-01-29 00:00:00+00:00
[2025-01-29T16:43:37.678+0000] {logging_mixin.py:190} INFO - [2025-01-29T16:43:37.678+0000] {dag.py:4180} INFO - Setting next_dagrun for dataset_with_extra_by_yield to 2025-01-28 00:00:00+00:00, run_after=2025-01-29 00:00:00+00:00
[2025-01-29T16:43:37.681+0000] {logging_mixin.py:190} INFO - [2025-01-29T16:43:37.681+0000] {dag.py:4180} INFO - Setting next_dagrun for dataset_with_extra_from_classic_operator to 2025-01-28 00:00:00+00:00, run_after=2025-01-29 00:00:00+00:00
[2025-01-29T16:43:37.700+0000] {processor.py:208} INFO - Processing /home/airflow/.local/lib/python3.12/site-packages/airflow/example_dags/example_outlet_event_extra.py took 0.516 seconds
