[2025-01-29T16:41:24.029+0000] {processor.py:186} INFO - Started process (PID=79) to work on /home/airflow/.local/lib/python3.12/site-packages/airflow/example_dags/example_sla_dag.py
[2025-01-29T16:41:24.041+0000] {processor.py:914} INFO - Processing file /home/airflow/.local/lib/python3.12/site-packages/airflow/example_dags/example_sla_dag.py for tasks to queue
[2025-01-29T16:41:24.078+0000] {logging_mixin.py:190} INFO - [2025-01-29T16:41:24.070+0000] {dagbag.py:588} INFO - Filling up the DagBag from /home/airflow/.local/lib/python3.12/site-packages/airflow/example_dags/example_sla_dag.py
[2025-01-29T16:41:24.204+0000] {processor.py:925} INFO - DAG(s) 'example_sla_dag' retrieved from /home/airflow/.local/lib/python3.12/site-packages/airflow/example_dags/example_sla_dag.py
[2025-01-29T16:41:24.848+0000] {logging_mixin.py:190} INFO - [2025-01-29T16:41:24.847+0000] {override.py:1911} INFO - Created Permission View: can delete on DAG:example_sla_dag
[2025-01-29T16:41:24.893+0000] {logging_mixin.py:190} INFO - [2025-01-29T16:41:24.892+0000] {override.py:1911} INFO - Created Permission View: can read on DAG:example_sla_dag
[2025-01-29T16:41:24.922+0000] {logging_mixin.py:190} INFO - [2025-01-29T16:41:24.921+0000] {override.py:1911} INFO - Created Permission View: can edit on DAG:example_sla_dag
[2025-01-29T16:41:24.944+0000] {logging_mixin.py:190} INFO - [2025-01-29T16:41:24.944+0000] {override.py:1911} INFO - Created Permission View: can delete on DAG Run:example_sla_dag
[2025-01-29T16:41:24.965+0000] {logging_mixin.py:190} INFO - [2025-01-29T16:41:24.965+0000] {override.py:1911} INFO - Created Permission View: can read on DAG Run:example_sla_dag
[2025-01-29T16:41:24.984+0000] {logging_mixin.py:190} INFO - [2025-01-29T16:41:24.983+0000] {override.py:1911} INFO - Created Permission View: menu access on DAG Run:example_sla_dag
[2025-01-29T16:41:25.004+0000] {logging_mixin.py:190} INFO - [2025-01-29T16:41:25.003+0000] {override.py:1911} INFO - Created Permission View: can create on DAG Run:example_sla_dag
[2025-01-29T16:41:25.006+0000] {logging_mixin.py:190} INFO - [2025-01-29T16:41:25.005+0000] {dag.py:3239} INFO - Sync 1 DAGs
[2025-01-29T16:41:25.123+0000] {logging_mixin.py:190} INFO - [2025-01-29T16:41:25.123+0000] {dag.py:3262} INFO - Creating ORM DAG for example_sla_dag
[2025-01-29T16:41:25.226+0000] {logging_mixin.py:190} INFO - [2025-01-29T16:41:25.225+0000] {dag.py:4180} INFO - Setting next_dagrun for example_sla_dag to 2025-01-29 16:38:00+00:00, run_after=2025-01-29 16:40:00+00:00
[2025-01-29T16:41:25.307+0000] {processor.py:208} INFO - Processing /home/airflow/.local/lib/python3.12/site-packages/airflow/example_dags/example_sla_dag.py took 1.434 seconds
[2025-01-29T16:41:55.998+0000] {processor.py:186} INFO - Started process (PID=142) to work on /home/airflow/.local/lib/python3.12/site-packages/airflow/example_dags/example_sla_dag.py
[2025-01-29T16:41:56.001+0000] {processor.py:914} INFO - Processing file /home/airflow/.local/lib/python3.12/site-packages/airflow/example_dags/example_sla_dag.py for tasks to queue
[2025-01-29T16:41:56.005+0000] {logging_mixin.py:190} INFO - [2025-01-29T16:41:56.004+0000] {dagbag.py:588} INFO - Filling up the DagBag from /home/airflow/.local/lib/python3.12/site-packages/airflow/example_dags/example_sla_dag.py
[2025-01-29T16:41:56.016+0000] {processor.py:925} INFO - DAG(s) 'example_sla_dag' retrieved from /home/airflow/.local/lib/python3.12/site-packages/airflow/example_dags/example_sla_dag.py
[2025-01-29T16:41:56.045+0000] {logging_mixin.py:190} INFO - [2025-01-29T16:41:56.045+0000] {dag.py:3239} INFO - Sync 1 DAGs
[2025-01-29T16:41:56.072+0000] {logging_mixin.py:190} INFO - [2025-01-29T16:41:56.072+0000] {dag.py:4180} INFO - Setting next_dagrun for example_sla_dag to 2025-01-29 16:38:00+00:00, run_after=2025-01-29 16:40:00+00:00
[2025-01-29T16:41:56.090+0000] {processor.py:208} INFO - Processing /home/airflow/.local/lib/python3.12/site-packages/airflow/example_dags/example_sla_dag.py took 0.097 seconds
[2025-01-29T16:42:26.382+0000] {processor.py:186} INFO - Started process (PID=205) to work on /home/airflow/.local/lib/python3.12/site-packages/airflow/example_dags/example_sla_dag.py
[2025-01-29T16:42:26.383+0000] {processor.py:914} INFO - Processing file /home/airflow/.local/lib/python3.12/site-packages/airflow/example_dags/example_sla_dag.py for tasks to queue
[2025-01-29T16:42:26.385+0000] {logging_mixin.py:190} INFO - [2025-01-29T16:42:26.384+0000] {dagbag.py:588} INFO - Filling up the DagBag from /home/airflow/.local/lib/python3.12/site-packages/airflow/example_dags/example_sla_dag.py
[2025-01-29T16:42:26.392+0000] {processor.py:925} INFO - DAG(s) 'example_sla_dag' retrieved from /home/airflow/.local/lib/python3.12/site-packages/airflow/example_dags/example_sla_dag.py
[2025-01-29T16:42:26.411+0000] {logging_mixin.py:190} INFO - [2025-01-29T16:42:26.411+0000] {dag.py:3239} INFO - Sync 1 DAGs
[2025-01-29T16:42:26.433+0000] {logging_mixin.py:190} INFO - [2025-01-29T16:42:26.433+0000] {dag.py:4180} INFO - Setting next_dagrun for example_sla_dag to 2025-01-29 16:40:00+00:00, run_after=2025-01-29 16:42:00+00:00
[2025-01-29T16:42:26.445+0000] {processor.py:208} INFO - Processing /home/airflow/.local/lib/python3.12/site-packages/airflow/example_dags/example_sla_dag.py took 0.068 seconds
[2025-01-29T16:42:57.191+0000] {processor.py:186} INFO - Started process (PID=268) to work on /home/airflow/.local/lib/python3.12/site-packages/airflow/example_dags/example_sla_dag.py
[2025-01-29T16:42:57.192+0000] {processor.py:914} INFO - Processing file /home/airflow/.local/lib/python3.12/site-packages/airflow/example_dags/example_sla_dag.py for tasks to queue
[2025-01-29T16:42:57.194+0000] {logging_mixin.py:190} INFO - [2025-01-29T16:42:57.194+0000] {dagbag.py:588} INFO - Filling up the DagBag from /home/airflow/.local/lib/python3.12/site-packages/airflow/example_dags/example_sla_dag.py
[2025-01-29T16:42:57.205+0000] {processor.py:925} INFO - DAG(s) 'example_sla_dag' retrieved from /home/airflow/.local/lib/python3.12/site-packages/airflow/example_dags/example_sla_dag.py
[2025-01-29T16:42:57.229+0000] {logging_mixin.py:190} INFO - [2025-01-29T16:42:57.229+0000] {dag.py:3239} INFO - Sync 1 DAGs
[2025-01-29T16:42:57.258+0000] {logging_mixin.py:190} INFO - [2025-01-29T16:42:57.258+0000] {dag.py:4180} INFO - Setting next_dagrun for example_sla_dag to 2025-01-29 16:40:00+00:00, run_after=2025-01-29 16:42:00+00:00
[2025-01-29T16:42:57.273+0000] {processor.py:208} INFO - Processing /home/airflow/.local/lib/python3.12/site-packages/airflow/example_dags/example_sla_dag.py took 0.096 seconds
[2025-01-29T16:43:27.319+0000] {processor.py:186} INFO - Started process (PID=331) to work on /home/airflow/.local/lib/python3.12/site-packages/airflow/example_dags/example_sla_dag.py
[2025-01-29T16:43:27.320+0000] {processor.py:914} INFO - Processing file /home/airflow/.local/lib/python3.12/site-packages/airflow/example_dags/example_sla_dag.py for tasks to queue
[2025-01-29T16:43:27.323+0000] {logging_mixin.py:190} INFO - [2025-01-29T16:43:27.322+0000] {dagbag.py:588} INFO - Filling up the DagBag from /home/airflow/.local/lib/python3.12/site-packages/airflow/example_dags/example_sla_dag.py
[2025-01-29T16:43:27.343+0000] {processor.py:925} INFO - DAG(s) 'example_sla_dag' retrieved from /home/airflow/.local/lib/python3.12/site-packages/airflow/example_dags/example_sla_dag.py
[2025-01-29T16:43:27.376+0000] {logging_mixin.py:190} INFO - [2025-01-29T16:43:27.376+0000] {dag.py:3239} INFO - Sync 1 DAGs
[2025-01-29T16:43:27.406+0000] {logging_mixin.py:190} INFO - [2025-01-29T16:43:27.406+0000] {dag.py:4180} INFO - Setting next_dagrun for example_sla_dag to 2025-01-29 16:40:00+00:00, run_after=2025-01-29 16:42:00+00:00
[2025-01-29T16:43:27.422+0000] {processor.py:208} INFO - Processing /home/airflow/.local/lib/python3.12/site-packages/airflow/example_dags/example_sla_dag.py took 0.110 seconds
