[2025-01-29T16:41:26.663+0000] {processor.py:186} INFO - Started process (PID=83) to work on /home/airflow/.local/lib/python3.12/site-packages/airflow/example_dags/example_short_circuit_operator.py
[2025-01-29T16:41:26.665+0000] {processor.py:914} INFO - Processing file /home/airflow/.local/lib/python3.12/site-packages/airflow/example_dags/example_short_circuit_operator.py for tasks to queue
[2025-01-29T16:41:26.681+0000] {logging_mixin.py:190} INFO - [2025-01-29T16:41:26.675+0000] {dagbag.py:588} INFO - Filling up the DagBag from /home/airflow/.local/lib/python3.12/site-packages/airflow/example_dags/example_short_circuit_operator.py
[2025-01-29T16:41:26.867+0000] {processor.py:925} INFO - DAG(s) 'example_short_circuit_operator' retrieved from /home/airflow/.local/lib/python3.12/site-packages/airflow/example_dags/example_short_circuit_operator.py
[2025-01-29T16:41:27.267+0000] {logging_mixin.py:190} INFO - [2025-01-29T16:41:27.264+0000] {override.py:1911} INFO - Created Permission View: can delete on DAG:example_short_circuit_operator
[2025-01-29T16:41:27.303+0000] {logging_mixin.py:190} INFO - [2025-01-29T16:41:27.302+0000] {override.py:1911} INFO - Created Permission View: can read on DAG:example_short_circuit_operator
[2025-01-29T16:41:27.319+0000] {logging_mixin.py:190} INFO - [2025-01-29T16:41:27.319+0000] {override.py:1911} INFO - Created Permission View: can edit on DAG:example_short_circuit_operator
[2025-01-29T16:41:27.346+0000] {logging_mixin.py:190} INFO - [2025-01-29T16:41:27.345+0000] {override.py:1911} INFO - Created Permission View: can delete on DAG Run:example_short_circuit_operator
[2025-01-29T16:41:27.366+0000] {logging_mixin.py:190} INFO - [2025-01-29T16:41:27.365+0000] {override.py:1911} INFO - Created Permission View: can read on DAG Run:example_short_circuit_operator
[2025-01-29T16:41:27.388+0000] {logging_mixin.py:190} INFO - [2025-01-29T16:41:27.388+0000] {override.py:1911} INFO - Created Permission View: menu access on DAG Run:example_short_circuit_operator
[2025-01-29T16:41:27.411+0000] {logging_mixin.py:190} INFO - [2025-01-29T16:41:27.410+0000] {override.py:1911} INFO - Created Permission View: can create on DAG Run:example_short_circuit_operator
[2025-01-29T16:41:27.412+0000] {logging_mixin.py:190} INFO - [2025-01-29T16:41:27.412+0000] {dag.py:3239} INFO - Sync 1 DAGs
[2025-01-29T16:41:27.495+0000] {logging_mixin.py:190} INFO - [2025-01-29T16:41:27.494+0000] {dag.py:3262} INFO - Creating ORM DAG for example_short_circuit_operator
[2025-01-29T16:41:27.498+0000] {logging_mixin.py:190} INFO - [2025-01-29T16:41:27.498+0000] {dag.py:4180} INFO - Setting next_dagrun for example_short_circuit_operator to None, run_after=None
[2025-01-29T16:41:27.555+0000] {processor.py:208} INFO - Processing /home/airflow/.local/lib/python3.12/site-packages/airflow/example_dags/example_short_circuit_operator.py took 0.903 seconds
[2025-01-29T16:41:58.196+0000] {processor.py:186} INFO - Started process (PID=146) to work on /home/airflow/.local/lib/python3.12/site-packages/airflow/example_dags/example_short_circuit_operator.py
[2025-01-29T16:41:58.197+0000] {processor.py:914} INFO - Processing file /home/airflow/.local/lib/python3.12/site-packages/airflow/example_dags/example_short_circuit_operator.py for tasks to queue
[2025-01-29T16:41:58.200+0000] {logging_mixin.py:190} INFO - [2025-01-29T16:41:58.200+0000] {dagbag.py:588} INFO - Filling up the DagBag from /home/airflow/.local/lib/python3.12/site-packages/airflow/example_dags/example_short_circuit_operator.py
[2025-01-29T16:41:58.210+0000] {processor.py:925} INFO - DAG(s) 'example_short_circuit_operator' retrieved from /home/airflow/.local/lib/python3.12/site-packages/airflow/example_dags/example_short_circuit_operator.py
[2025-01-29T16:41:58.247+0000] {logging_mixin.py:190} INFO - [2025-01-29T16:41:58.247+0000] {dag.py:3239} INFO - Sync 1 DAGs
[2025-01-29T16:41:58.262+0000] {logging_mixin.py:190} INFO - [2025-01-29T16:41:58.262+0000] {dag.py:4180} INFO - Setting next_dagrun for example_short_circuit_operator to None, run_after=None
[2025-01-29T16:41:58.282+0000] {processor.py:208} INFO - Processing /home/airflow/.local/lib/python3.12/site-packages/airflow/example_dags/example_short_circuit_operator.py took 0.093 seconds
[2025-01-29T16:42:28.632+0000] {processor.py:186} INFO - Started process (PID=209) to work on /home/airflow/.local/lib/python3.12/site-packages/airflow/example_dags/example_short_circuit_operator.py
[2025-01-29T16:42:28.633+0000] {processor.py:914} INFO - Processing file /home/airflow/.local/lib/python3.12/site-packages/airflow/example_dags/example_short_circuit_operator.py for tasks to queue
[2025-01-29T16:42:28.636+0000] {logging_mixin.py:190} INFO - [2025-01-29T16:42:28.635+0000] {dagbag.py:588} INFO - Filling up the DagBag from /home/airflow/.local/lib/python3.12/site-packages/airflow/example_dags/example_short_circuit_operator.py
[2025-01-29T16:42:28.646+0000] {processor.py:925} INFO - DAG(s) 'example_short_circuit_operator' retrieved from /home/airflow/.local/lib/python3.12/site-packages/airflow/example_dags/example_short_circuit_operator.py
[2025-01-29T16:42:28.673+0000] {logging_mixin.py:190} INFO - [2025-01-29T16:42:28.672+0000] {dag.py:3239} INFO - Sync 1 DAGs
[2025-01-29T16:42:28.686+0000] {logging_mixin.py:190} INFO - [2025-01-29T16:42:28.686+0000] {dag.py:4180} INFO - Setting next_dagrun for example_short_circuit_operator to None, run_after=None
[2025-01-29T16:42:28.704+0000] {processor.py:208} INFO - Processing /home/airflow/.local/lib/python3.12/site-packages/airflow/example_dags/example_short_circuit_operator.py took 0.080 seconds
[2025-01-29T16:42:59.387+0000] {processor.py:186} INFO - Started process (PID=272) to work on /home/airflow/.local/lib/python3.12/site-packages/airflow/example_dags/example_short_circuit_operator.py
[2025-01-29T16:42:59.388+0000] {processor.py:914} INFO - Processing file /home/airflow/.local/lib/python3.12/site-packages/airflow/example_dags/example_short_circuit_operator.py for tasks to queue
[2025-01-29T16:42:59.390+0000] {logging_mixin.py:190} INFO - [2025-01-29T16:42:59.389+0000] {dagbag.py:588} INFO - Filling up the DagBag from /home/airflow/.local/lib/python3.12/site-packages/airflow/example_dags/example_short_circuit_operator.py
[2025-01-29T16:42:59.398+0000] {processor.py:925} INFO - DAG(s) 'example_short_circuit_operator' retrieved from /home/airflow/.local/lib/python3.12/site-packages/airflow/example_dags/example_short_circuit_operator.py
[2025-01-29T16:42:59.418+0000] {logging_mixin.py:190} INFO - [2025-01-29T16:42:59.418+0000] {dag.py:3239} INFO - Sync 1 DAGs
[2025-01-29T16:42:59.429+0000] {logging_mixin.py:190} INFO - [2025-01-29T16:42:59.429+0000] {dag.py:4180} INFO - Setting next_dagrun for example_short_circuit_operator to None, run_after=None
[2025-01-29T16:42:59.444+0000] {processor.py:208} INFO - Processing /home/airflow/.local/lib/python3.12/site-packages/airflow/example_dags/example_short_circuit_operator.py took 0.064 seconds
[2025-01-29T16:43:29.598+0000] {processor.py:186} INFO - Started process (PID=335) to work on /home/airflow/.local/lib/python3.12/site-packages/airflow/example_dags/example_short_circuit_operator.py
[2025-01-29T16:43:29.599+0000] {processor.py:914} INFO - Processing file /home/airflow/.local/lib/python3.12/site-packages/airflow/example_dags/example_short_circuit_operator.py for tasks to queue
[2025-01-29T16:43:29.602+0000] {logging_mixin.py:190} INFO - [2025-01-29T16:43:29.601+0000] {dagbag.py:588} INFO - Filling up the DagBag from /home/airflow/.local/lib/python3.12/site-packages/airflow/example_dags/example_short_circuit_operator.py
[2025-01-29T16:43:29.618+0000] {processor.py:925} INFO - DAG(s) 'example_short_circuit_operator' retrieved from /home/airflow/.local/lib/python3.12/site-packages/airflow/example_dags/example_short_circuit_operator.py
[2025-01-29T16:43:29.654+0000] {logging_mixin.py:190} INFO - [2025-01-29T16:43:29.653+0000] {dag.py:3239} INFO - Sync 1 DAGs
[2025-01-29T16:43:29.667+0000] {logging_mixin.py:190} INFO - [2025-01-29T16:43:29.667+0000] {dag.py:4180} INFO - Setting next_dagrun for example_short_circuit_operator to None, run_after=None
[2025-01-29T16:43:29.685+0000] {processor.py:208} INFO - Processing /home/airflow/.local/lib/python3.12/site-packages/airflow/example_dags/example_short_circuit_operator.py took 0.093 seconds
