[2025-01-29T16:41:35.847+0000] {processor.py:186} INFO - Started process (PID=102) to work on /home/airflow/.local/lib/python3.12/site-packages/airflow/example_dags/example_complex.py
[2025-01-29T16:41:35.849+0000] {processor.py:914} INFO - Processing file /home/airflow/.local/lib/python3.12/site-packages/airflow/example_dags/example_complex.py for tasks to queue
[2025-01-29T16:41:35.853+0000] {logging_mixin.py:190} INFO - [2025-01-29T16:41:35.852+0000] {dagbag.py:588} INFO - Filling up the DagBag from /home/airflow/.local/lib/python3.12/site-packages/airflow/example_dags/example_complex.py
[2025-01-29T16:41:35.875+0000] {processor.py:925} INFO - DAG(s) 'example_complex' retrieved from /home/airflow/.local/lib/python3.12/site-packages/airflow/example_dags/example_complex.py
[2025-01-29T16:41:36.057+0000] {logging_mixin.py:190} INFO - [2025-01-29T16:41:36.057+0000] {override.py:1911} INFO - Created Permission View: can delete on DAG:example_complex
[2025-01-29T16:41:36.071+0000] {logging_mixin.py:190} INFO - [2025-01-29T16:41:36.071+0000] {override.py:1911} INFO - Created Permission View: can read on DAG:example_complex
[2025-01-29T16:41:36.081+0000] {logging_mixin.py:190} INFO - [2025-01-29T16:41:36.080+0000] {override.py:1911} INFO - Created Permission View: can edit on DAG:example_complex
[2025-01-29T16:41:36.092+0000] {logging_mixin.py:190} INFO - [2025-01-29T16:41:36.091+0000] {override.py:1911} INFO - Created Permission View: can delete on DAG Run:example_complex
[2025-01-29T16:41:36.100+0000] {logging_mixin.py:190} INFO - [2025-01-29T16:41:36.099+0000] {override.py:1911} INFO - Created Permission View: can read on DAG Run:example_complex
[2025-01-29T16:41:36.112+0000] {logging_mixin.py:190} INFO - [2025-01-29T16:41:36.111+0000] {override.py:1911} INFO - Created Permission View: menu access on DAG Run:example_complex
[2025-01-29T16:41:36.121+0000] {logging_mixin.py:190} INFO - [2025-01-29T16:41:36.121+0000] {override.py:1911} INFO - Created Permission View: can create on DAG Run:example_complex
[2025-01-29T16:41:36.122+0000] {logging_mixin.py:190} INFO - [2025-01-29T16:41:36.122+0000] {dag.py:3239} INFO - Sync 1 DAGs
[2025-01-29T16:41:36.141+0000] {logging_mixin.py:190} INFO - [2025-01-29T16:41:36.141+0000] {dag.py:3262} INFO - Creating ORM DAG for example_complex
[2025-01-29T16:41:36.142+0000] {logging_mixin.py:190} INFO - [2025-01-29T16:41:36.142+0000] {dag.py:4180} INFO - Setting next_dagrun for example_complex to None, run_after=None
[2025-01-29T16:41:36.168+0000] {processor.py:208} INFO - Processing /home/airflow/.local/lib/python3.12/site-packages/airflow/example_dags/example_complex.py took 0.328 seconds
[2025-01-29T16:42:07.096+0000] {processor.py:186} INFO - Started process (PID=165) to work on /home/airflow/.local/lib/python3.12/site-packages/airflow/example_dags/example_complex.py
[2025-01-29T16:42:07.097+0000] {processor.py:914} INFO - Processing file /home/airflow/.local/lib/python3.12/site-packages/airflow/example_dags/example_complex.py for tasks to queue
[2025-01-29T16:42:07.100+0000] {logging_mixin.py:190} INFO - [2025-01-29T16:42:07.099+0000] {dagbag.py:588} INFO - Filling up the DagBag from /home/airflow/.local/lib/python3.12/site-packages/airflow/example_dags/example_complex.py
[2025-01-29T16:42:07.112+0000] {processor.py:925} INFO - DAG(s) 'example_complex' retrieved from /home/airflow/.local/lib/python3.12/site-packages/airflow/example_dags/example_complex.py
[2025-01-29T16:42:07.145+0000] {logging_mixin.py:190} INFO - [2025-01-29T16:42:07.145+0000] {dag.py:3239} INFO - Sync 1 DAGs
[2025-01-29T16:42:07.157+0000] {logging_mixin.py:190} INFO - [2025-01-29T16:42:07.157+0000] {dag.py:4180} INFO - Setting next_dagrun for example_complex to None, run_after=None
[2025-01-29T16:42:07.173+0000] {processor.py:208} INFO - Processing /home/airflow/.local/lib/python3.12/site-packages/airflow/example_dags/example_complex.py took 0.082 seconds
[2025-01-29T16:42:37.505+0000] {processor.py:186} INFO - Started process (PID=227) to work on /home/airflow/.local/lib/python3.12/site-packages/airflow/example_dags/example_complex.py
[2025-01-29T16:42:37.508+0000] {processor.py:914} INFO - Processing file /home/airflow/.local/lib/python3.12/site-packages/airflow/example_dags/example_complex.py for tasks to queue
[2025-01-29T16:42:37.512+0000] {logging_mixin.py:190} INFO - [2025-01-29T16:42:37.511+0000] {dagbag.py:588} INFO - Filling up the DagBag from /home/airflow/.local/lib/python3.12/site-packages/airflow/example_dags/example_complex.py
[2025-01-29T16:42:37.526+0000] {processor.py:925} INFO - DAG(s) 'example_complex' retrieved from /home/airflow/.local/lib/python3.12/site-packages/airflow/example_dags/example_complex.py
[2025-01-29T16:42:37.570+0000] {logging_mixin.py:190} INFO - [2025-01-29T16:42:37.570+0000] {dag.py:3239} INFO - Sync 1 DAGs
[2025-01-29T16:42:37.590+0000] {logging_mixin.py:190} INFO - [2025-01-29T16:42:37.589+0000] {dag.py:4180} INFO - Setting next_dagrun for example_complex to None, run_after=None
[2025-01-29T16:42:37.619+0000] {processor.py:208} INFO - Processing /home/airflow/.local/lib/python3.12/site-packages/airflow/example_dags/example_complex.py took 0.121 seconds
[2025-01-29T16:43:08.058+0000] {processor.py:186} INFO - Started process (PID=296) to work on /home/airflow/.local/lib/python3.12/site-packages/airflow/example_dags/example_complex.py
[2025-01-29T16:43:08.059+0000] {processor.py:914} INFO - Processing file /home/airflow/.local/lib/python3.12/site-packages/airflow/example_dags/example_complex.py for tasks to queue
[2025-01-29T16:43:08.062+0000] {logging_mixin.py:190} INFO - [2025-01-29T16:43:08.062+0000] {dagbag.py:588} INFO - Filling up the DagBag from /home/airflow/.local/lib/python3.12/site-packages/airflow/example_dags/example_complex.py
[2025-01-29T16:43:08.073+0000] {processor.py:925} INFO - DAG(s) 'example_complex' retrieved from /home/airflow/.local/lib/python3.12/site-packages/airflow/example_dags/example_complex.py
[2025-01-29T16:43:08.121+0000] {logging_mixin.py:190} INFO - [2025-01-29T16:43:08.121+0000] {dag.py:3239} INFO - Sync 1 DAGs
[2025-01-29T16:43:08.136+0000] {logging_mixin.py:190} INFO - [2025-01-29T16:43:08.135+0000] {dag.py:4180} INFO - Setting next_dagrun for example_complex to None, run_after=None
[2025-01-29T16:43:08.153+0000] {processor.py:208} INFO - Processing /home/airflow/.local/lib/python3.12/site-packages/airflow/example_dags/example_complex.py took 0.105 seconds
[2025-01-29T16:43:38.348+0000] {processor.py:186} INFO - Started process (PID=359) to work on /home/airflow/.local/lib/python3.12/site-packages/airflow/example_dags/example_complex.py
[2025-01-29T16:43:38.349+0000] {processor.py:914} INFO - Processing file /home/airflow/.local/lib/python3.12/site-packages/airflow/example_dags/example_complex.py for tasks to queue
[2025-01-29T16:43:38.351+0000] {logging_mixin.py:190} INFO - [2025-01-29T16:43:38.350+0000] {dagbag.py:588} INFO - Filling up the DagBag from /home/airflow/.local/lib/python3.12/site-packages/airflow/example_dags/example_complex.py
[2025-01-29T16:43:38.360+0000] {processor.py:925} INFO - DAG(s) 'example_complex' retrieved from /home/airflow/.local/lib/python3.12/site-packages/airflow/example_dags/example_complex.py
[2025-01-29T16:43:38.389+0000] {logging_mixin.py:190} INFO - [2025-01-29T16:43:38.389+0000] {dag.py:3239} INFO - Sync 1 DAGs
[2025-01-29T16:43:38.402+0000] {logging_mixin.py:190} INFO - [2025-01-29T16:43:38.402+0000] {dag.py:4180} INFO - Setting next_dagrun for example_complex to None, run_after=None
[2025-01-29T16:43:38.419+0000] {processor.py:208} INFO - Processing /home/airflow/.local/lib/python3.12/site-packages/airflow/example_dags/example_complex.py took 0.076 seconds
