[2025-01-29T16:41:40.994+0000] {processor.py:186} INFO - Started process (PID=125) to work on /home/airflow/.local/lib/python3.12/site-packages/airflow/example_dags/example_branch_labels.py
[2025-01-29T16:41:40.997+0000] {processor.py:914} INFO - Processing file /home/airflow/.local/lib/python3.12/site-packages/airflow/example_dags/example_branch_labels.py for tasks to queue
[2025-01-29T16:41:41.006+0000] {logging_mixin.py:190} INFO - [2025-01-29T16:41:41.005+0000] {dagbag.py:588} INFO - Filling up the DagBag from /home/airflow/.local/lib/python3.12/site-packages/airflow/example_dags/example_branch_labels.py
[2025-01-29T16:41:41.053+0000] {processor.py:925} INFO - DAG(s) 'example_branch_labels' retrieved from /home/airflow/.local/lib/python3.12/site-packages/airflow/example_dags/example_branch_labels.py
[2025-01-29T16:41:41.418+0000] {logging_mixin.py:190} INFO - [2025-01-29T16:41:41.415+0000] {override.py:1911} INFO - Created Permission View: can delete on DAG:example_branch_labels
[2025-01-29T16:41:41.442+0000] {logging_mixin.py:190} INFO - [2025-01-29T16:41:41.441+0000] {override.py:1911} INFO - Created Permission View: can read on DAG:example_branch_labels
[2025-01-29T16:41:41.459+0000] {logging_mixin.py:190} INFO - [2025-01-29T16:41:41.459+0000] {override.py:1911} INFO - Created Permission View: can edit on DAG:example_branch_labels
[2025-01-29T16:41:41.478+0000] {logging_mixin.py:190} INFO - [2025-01-29T16:41:41.477+0000] {override.py:1911} INFO - Created Permission View: can delete on DAG Run:example_branch_labels
[2025-01-29T16:41:41.497+0000] {logging_mixin.py:190} INFO - [2025-01-29T16:41:41.496+0000] {override.py:1911} INFO - Created Permission View: can read on DAG Run:example_branch_labels
[2025-01-29T16:41:41.512+0000] {logging_mixin.py:190} INFO - [2025-01-29T16:41:41.511+0000] {override.py:1911} INFO - Created Permission View: menu access on DAG Run:example_branch_labels
[2025-01-29T16:41:41.529+0000] {logging_mixin.py:190} INFO - [2025-01-29T16:41:41.528+0000] {override.py:1911} INFO - Created Permission View: can create on DAG Run:example_branch_labels
[2025-01-29T16:41:41.530+0000] {logging_mixin.py:190} INFO - [2025-01-29T16:41:41.530+0000] {dag.py:3239} INFO - Sync 1 DAGs
[2025-01-29T16:41:41.568+0000] {logging_mixin.py:190} INFO - [2025-01-29T16:41:41.568+0000] {dag.py:3262} INFO - Creating ORM DAG for example_branch_labels
[2025-01-29T16:41:41.601+0000] {logging_mixin.py:190} INFO - [2025-01-29T16:41:41.599+0000] {dag.py:4180} INFO - Setting next_dagrun for example_branch_labels to 2025-01-28 00:00:00+00:00, run_after=2025-01-29 00:00:00+00:00
[2025-01-29T16:41:41.649+0000] {processor.py:208} INFO - Processing /home/airflow/.local/lib/python3.12/site-packages/airflow/example_dags/example_branch_labels.py took 0.673 seconds
[2025-01-29T16:42:11.902+0000] {processor.py:186} INFO - Started process (PID=188) to work on /home/airflow/.local/lib/python3.12/site-packages/airflow/example_dags/example_branch_labels.py
[2025-01-29T16:42:11.902+0000] {processor.py:914} INFO - Processing file /home/airflow/.local/lib/python3.12/site-packages/airflow/example_dags/example_branch_labels.py for tasks to queue
[2025-01-29T16:42:11.905+0000] {logging_mixin.py:190} INFO - [2025-01-29T16:42:11.905+0000] {dagbag.py:588} INFO - Filling up the DagBag from /home/airflow/.local/lib/python3.12/site-packages/airflow/example_dags/example_branch_labels.py
[2025-01-29T16:42:11.915+0000] {processor.py:925} INFO - DAG(s) 'example_branch_labels' retrieved from /home/airflow/.local/lib/python3.12/site-packages/airflow/example_dags/example_branch_labels.py
[2025-01-29T16:42:11.931+0000] {logging_mixin.py:190} INFO - [2025-01-29T16:42:11.931+0000] {dag.py:3239} INFO - Sync 1 DAGs
[2025-01-29T16:42:11.950+0000] {logging_mixin.py:190} INFO - [2025-01-29T16:42:11.950+0000] {dag.py:4180} INFO - Setting next_dagrun for example_branch_labels to 2025-01-28 00:00:00+00:00, run_after=2025-01-29 00:00:00+00:00
[2025-01-29T16:42:11.965+0000] {processor.py:208} INFO - Processing /home/airflow/.local/lib/python3.12/site-packages/airflow/example_dags/example_branch_labels.py took 0.069 seconds
[2025-01-29T16:42:42.337+0000] {processor.py:186} INFO - Started process (PID=251) to work on /home/airflow/.local/lib/python3.12/site-packages/airflow/example_dags/example_branch_labels.py
[2025-01-29T16:42:42.338+0000] {processor.py:914} INFO - Processing file /home/airflow/.local/lib/python3.12/site-packages/airflow/example_dags/example_branch_labels.py for tasks to queue
[2025-01-29T16:42:42.341+0000] {logging_mixin.py:190} INFO - [2025-01-29T16:42:42.341+0000] {dagbag.py:588} INFO - Filling up the DagBag from /home/airflow/.local/lib/python3.12/site-packages/airflow/example_dags/example_branch_labels.py
[2025-01-29T16:42:42.354+0000] {processor.py:925} INFO - DAG(s) 'example_branch_labels' retrieved from /home/airflow/.local/lib/python3.12/site-packages/airflow/example_dags/example_branch_labels.py
[2025-01-29T16:42:42.376+0000] {logging_mixin.py:190} INFO - [2025-01-29T16:42:42.376+0000] {dag.py:3239} INFO - Sync 1 DAGs
[2025-01-29T16:42:42.402+0000] {logging_mixin.py:190} INFO - [2025-01-29T16:42:42.401+0000] {dag.py:4180} INFO - Setting next_dagrun for example_branch_labels to 2025-01-28 00:00:00+00:00, run_after=2025-01-29 00:00:00+00:00
[2025-01-29T16:42:42.434+0000] {processor.py:208} INFO - Processing /home/airflow/.local/lib/python3.12/site-packages/airflow/example_dags/example_branch_labels.py took 0.104 seconds
[2025-01-29T16:43:12.586+0000] {processor.py:186} INFO - Started process (PID=313) to work on /home/airflow/.local/lib/python3.12/site-packages/airflow/example_dags/example_branch_labels.py
[2025-01-29T16:43:12.589+0000] {processor.py:914} INFO - Processing file /home/airflow/.local/lib/python3.12/site-packages/airflow/example_dags/example_branch_labels.py for tasks to queue
[2025-01-29T16:43:12.593+0000] {logging_mixin.py:190} INFO - [2025-01-29T16:43:12.592+0000] {dagbag.py:588} INFO - Filling up the DagBag from /home/airflow/.local/lib/python3.12/site-packages/airflow/example_dags/example_branch_labels.py
[2025-01-29T16:43:12.614+0000] {processor.py:925} INFO - DAG(s) 'example_branch_labels' retrieved from /home/airflow/.local/lib/python3.12/site-packages/airflow/example_dags/example_branch_labels.py
[2025-01-29T16:43:12.651+0000] {logging_mixin.py:190} INFO - [2025-01-29T16:43:12.651+0000] {dag.py:3239} INFO - Sync 1 DAGs
[2025-01-29T16:43:12.683+0000] {logging_mixin.py:190} INFO - [2025-01-29T16:43:12.682+0000] {dag.py:4180} INFO - Setting next_dagrun for example_branch_labels to 2025-01-28 00:00:00+00:00, run_after=2025-01-29 00:00:00+00:00
[2025-01-29T16:43:12.723+0000] {processor.py:208} INFO - Processing /home/airflow/.local/lib/python3.12/site-packages/airflow/example_dags/example_branch_labels.py took 0.146 seconds
