[2025-01-29T16:41:28.415+0000] {processor.py:186} INFO - Started process (PID=87) to work on /home/airflow/.local/lib/python3.12/site-packages/airflow/example_dags/example_xcom.py
[2025-01-29T16:41:28.417+0000] {processor.py:914} INFO - Processing file /home/airflow/.local/lib/python3.12/site-packages/airflow/example_dags/example_xcom.py for tasks to queue
[2025-01-29T16:41:28.423+0000] {logging_mixin.py:190} INFO - [2025-01-29T16:41:28.422+0000] {dagbag.py:588} INFO - Filling up the DagBag from /home/airflow/.local/lib/python3.12/site-packages/airflow/example_dags/example_xcom.py
[2025-01-29T16:41:28.450+0000] {processor.py:925} INFO - DAG(s) 'example_xcom' retrieved from /home/airflow/.local/lib/python3.12/site-packages/airflow/example_dags/example_xcom.py
[2025-01-29T16:41:28.666+0000] {logging_mixin.py:190} INFO - [2025-01-29T16:41:28.665+0000] {override.py:1911} INFO - Created Permission View: can delete on DAG:example_xcom
[2025-01-29T16:41:28.685+0000] {logging_mixin.py:190} INFO - [2025-01-29T16:41:28.684+0000] {override.py:1911} INFO - Created Permission View: can read on DAG:example_xcom
[2025-01-29T16:41:28.698+0000] {logging_mixin.py:190} INFO - [2025-01-29T16:41:28.697+0000] {override.py:1911} INFO - Created Permission View: can edit on DAG:example_xcom
[2025-01-29T16:41:28.715+0000] {logging_mixin.py:190} INFO - [2025-01-29T16:41:28.714+0000] {override.py:1911} INFO - Created Permission View: can delete on DAG Run:example_xcom
[2025-01-29T16:41:28.728+0000] {logging_mixin.py:190} INFO - [2025-01-29T16:41:28.728+0000] {override.py:1911} INFO - Created Permission View: can read on DAG Run:example_xcom
[2025-01-29T16:41:28.743+0000] {logging_mixin.py:190} INFO - [2025-01-29T16:41:28.742+0000] {override.py:1911} INFO - Created Permission View: menu access on DAG Run:example_xcom
[2025-01-29T16:41:28.758+0000] {logging_mixin.py:190} INFO - [2025-01-29T16:41:28.757+0000] {override.py:1911} INFO - Created Permission View: can create on DAG Run:example_xcom
[2025-01-29T16:41:28.759+0000] {logging_mixin.py:190} INFO - [2025-01-29T16:41:28.758+0000] {dag.py:3239} INFO - Sync 1 DAGs
[2025-01-29T16:41:28.795+0000] {logging_mixin.py:190} INFO - [2025-01-29T16:41:28.794+0000] {dag.py:3262} INFO - Creating ORM DAG for example_xcom
[2025-01-29T16:41:28.821+0000] {logging_mixin.py:190} INFO - [2025-01-29T16:41:28.820+0000] {dag.py:4180} INFO - Setting next_dagrun for example_xcom to 2021-01-01 00:00:00+00:00, run_after=2021-01-01 00:00:00+00:00
[2025-01-29T16:41:28.858+0000] {processor.py:208} INFO - Processing /home/airflow/.local/lib/python3.12/site-packages/airflow/example_dags/example_xcom.py took 0.458 seconds
[2025-01-29T16:41:59.422+0000] {processor.py:186} INFO - Started process (PID=150) to work on /home/airflow/.local/lib/python3.12/site-packages/airflow/example_dags/example_xcom.py
[2025-01-29T16:41:59.423+0000] {processor.py:914} INFO - Processing file /home/airflow/.local/lib/python3.12/site-packages/airflow/example_dags/example_xcom.py for tasks to queue
[2025-01-29T16:41:59.426+0000] {logging_mixin.py:190} INFO - [2025-01-29T16:41:59.425+0000] {dagbag.py:588} INFO - Filling up the DagBag from /home/airflow/.local/lib/python3.12/site-packages/airflow/example_dags/example_xcom.py
[2025-01-29T16:41:59.435+0000] {processor.py:925} INFO - DAG(s) 'example_xcom' retrieved from /home/airflow/.local/lib/python3.12/site-packages/airflow/example_dags/example_xcom.py
[2025-01-29T16:41:59.453+0000] {logging_mixin.py:190} INFO - [2025-01-29T16:41:59.453+0000] {dag.py:3239} INFO - Sync 1 DAGs
[2025-01-29T16:41:59.470+0000] {logging_mixin.py:190} INFO - [2025-01-29T16:41:59.470+0000] {dag.py:4180} INFO - Setting next_dagrun for example_xcom to 2021-01-01 00:00:00+00:00, run_after=2021-01-01 00:00:00+00:00
[2025-01-29T16:41:59.490+0000] {processor.py:208} INFO - Processing /home/airflow/.local/lib/python3.12/site-packages/airflow/example_dags/example_xcom.py took 0.073 seconds
[2025-01-29T16:42:29.863+0000] {processor.py:186} INFO - Started process (PID=213) to work on /home/airflow/.local/lib/python3.12/site-packages/airflow/example_dags/example_xcom.py
[2025-01-29T16:42:29.865+0000] {processor.py:914} INFO - Processing file /home/airflow/.local/lib/python3.12/site-packages/airflow/example_dags/example_xcom.py for tasks to queue
[2025-01-29T16:42:29.868+0000] {logging_mixin.py:190} INFO - [2025-01-29T16:42:29.868+0000] {dagbag.py:588} INFO - Filling up the DagBag from /home/airflow/.local/lib/python3.12/site-packages/airflow/example_dags/example_xcom.py
[2025-01-29T16:42:29.876+0000] {processor.py:925} INFO - DAG(s) 'example_xcom' retrieved from /home/airflow/.local/lib/python3.12/site-packages/airflow/example_dags/example_xcom.py
[2025-01-29T16:42:29.896+0000] {logging_mixin.py:190} INFO - [2025-01-29T16:42:29.896+0000] {dag.py:3239} INFO - Sync 1 DAGs
[2025-01-29T16:42:29.919+0000] {logging_mixin.py:190} INFO - [2025-01-29T16:42:29.919+0000] {dag.py:4180} INFO - Setting next_dagrun for example_xcom to 2021-01-01 00:00:00+00:00, run_after=2021-01-01 00:00:00+00:00
[2025-01-29T16:42:29.935+0000] {processor.py:208} INFO - Processing /home/airflow/.local/lib/python3.12/site-packages/airflow/example_dags/example_xcom.py took 0.077 seconds
[2025-01-29T16:43:00.536+0000] {processor.py:186} INFO - Started process (PID=276) to work on /home/airflow/.local/lib/python3.12/site-packages/airflow/example_dags/example_xcom.py
[2025-01-29T16:43:00.537+0000] {processor.py:914} INFO - Processing file /home/airflow/.local/lib/python3.12/site-packages/airflow/example_dags/example_xcom.py for tasks to queue
[2025-01-29T16:43:00.539+0000] {logging_mixin.py:190} INFO - [2025-01-29T16:43:00.539+0000] {dagbag.py:588} INFO - Filling up the DagBag from /home/airflow/.local/lib/python3.12/site-packages/airflow/example_dags/example_xcom.py
[2025-01-29T16:43:00.553+0000] {processor.py:925} INFO - DAG(s) 'example_xcom' retrieved from /home/airflow/.local/lib/python3.12/site-packages/airflow/example_dags/example_xcom.py
[2025-01-29T16:43:00.574+0000] {logging_mixin.py:190} INFO - [2025-01-29T16:43:00.574+0000] {dag.py:3239} INFO - Sync 1 DAGs
[2025-01-29T16:43:00.600+0000] {logging_mixin.py:190} INFO - [2025-01-29T16:43:00.600+0000] {dag.py:4180} INFO - Setting next_dagrun for example_xcom to 2021-01-01 00:00:00+00:00, run_after=2021-01-01 00:00:00+00:00
[2025-01-29T16:43:00.615+0000] {processor.py:208} INFO - Processing /home/airflow/.local/lib/python3.12/site-packages/airflow/example_dags/example_xcom.py took 0.085 seconds
[2025-01-29T16:43:30.789+0000] {processor.py:186} INFO - Started process (PID=339) to work on /home/airflow/.local/lib/python3.12/site-packages/airflow/example_dags/example_xcom.py
[2025-01-29T16:43:30.790+0000] {processor.py:914} INFO - Processing file /home/airflow/.local/lib/python3.12/site-packages/airflow/example_dags/example_xcom.py for tasks to queue
[2025-01-29T16:43:30.793+0000] {logging_mixin.py:190} INFO - [2025-01-29T16:43:30.792+0000] {dagbag.py:588} INFO - Filling up the DagBag from /home/airflow/.local/lib/python3.12/site-packages/airflow/example_dags/example_xcom.py
[2025-01-29T16:43:30.802+0000] {processor.py:925} INFO - DAG(s) 'example_xcom' retrieved from /home/airflow/.local/lib/python3.12/site-packages/airflow/example_dags/example_xcom.py
[2025-01-29T16:43:30.823+0000] {logging_mixin.py:190} INFO - [2025-01-29T16:43:30.822+0000] {dag.py:3239} INFO - Sync 1 DAGs
[2025-01-29T16:43:30.843+0000] {logging_mixin.py:190} INFO - [2025-01-29T16:43:30.843+0000] {dag.py:4180} INFO - Setting next_dagrun for example_xcom to 2021-01-01 00:00:00+00:00, run_after=2021-01-01 00:00:00+00:00
[2025-01-29T16:43:30.861+0000] {processor.py:208} INFO - Processing /home/airflow/.local/lib/python3.12/site-packages/airflow/example_dags/example_xcom.py took 0.078 seconds
