[2025-01-29T16:41:27.005+0000] {processor.py:186} INFO - Started process (PID=84) to work on /home/airflow/.local/lib/python3.12/site-packages/airflow/example_dags/example_trigger_target_dag.py
[2025-01-29T16:41:27.007+0000] {processor.py:914} INFO - Processing file /home/airflow/.local/lib/python3.12/site-packages/airflow/example_dags/example_trigger_target_dag.py for tasks to queue
[2025-01-29T16:41:27.012+0000] {logging_mixin.py:190} INFO - [2025-01-29T16:41:27.011+0000] {dagbag.py:588} INFO - Filling up the DagBag from /home/airflow/.local/lib/python3.12/site-packages/airflow/example_dags/example_trigger_target_dag.py
[2025-01-29T16:41:27.109+0000] {processor.py:925} INFO - DAG(s) 'example_trigger_target_dag' retrieved from /home/airflow/.local/lib/python3.12/site-packages/airflow/example_dags/example_trigger_target_dag.py
[2025-01-29T16:41:27.706+0000] {logging_mixin.py:190} INFO - [2025-01-29T16:41:27.704+0000] {override.py:1911} INFO - Created Permission View: can delete on DAG:example_trigger_target_dag
[2025-01-29T16:41:27.745+0000] {logging_mixin.py:190} INFO - [2025-01-29T16:41:27.745+0000] {override.py:1911} INFO - Created Permission View: can read on DAG:example_trigger_target_dag
[2025-01-29T16:41:27.765+0000] {logging_mixin.py:190} INFO - [2025-01-29T16:41:27.764+0000] {override.py:1911} INFO - Created Permission View: can edit on DAG:example_trigger_target_dag
[2025-01-29T16:41:27.792+0000] {logging_mixin.py:190} INFO - [2025-01-29T16:41:27.792+0000] {override.py:1911} INFO - Created Permission View: can delete on DAG Run:example_trigger_target_dag
[2025-01-29T16:41:27.820+0000] {logging_mixin.py:190} INFO - [2025-01-29T16:41:27.817+0000] {override.py:1911} INFO - Created Permission View: can read on DAG Run:example_trigger_target_dag
[2025-01-29T16:41:27.844+0000] {logging_mixin.py:190} INFO - [2025-01-29T16:41:27.843+0000] {override.py:1911} INFO - Created Permission View: menu access on DAG Run:example_trigger_target_dag
[2025-01-29T16:41:27.862+0000] {logging_mixin.py:190} INFO - [2025-01-29T16:41:27.861+0000] {override.py:1911} INFO - Created Permission View: can create on DAG Run:example_trigger_target_dag
[2025-01-29T16:41:27.863+0000] {logging_mixin.py:190} INFO - [2025-01-29T16:41:27.863+0000] {dag.py:3239} INFO - Sync 1 DAGs
[2025-01-29T16:41:27.895+0000] {logging_mixin.py:190} INFO - [2025-01-29T16:41:27.894+0000] {dag.py:3262} INFO - Creating ORM DAG for example_trigger_target_dag
[2025-01-29T16:41:27.897+0000] {logging_mixin.py:190} INFO - [2025-01-29T16:41:27.897+0000] {dag.py:4180} INFO - Setting next_dagrun for example_trigger_target_dag to None, run_after=None
[2025-01-29T16:41:27.936+0000] {processor.py:208} INFO - Processing /home/airflow/.local/lib/python3.12/site-packages/airflow/example_dags/example_trigger_target_dag.py took 0.942 seconds
[2025-01-29T16:41:58.204+0000] {processor.py:186} INFO - Started process (PID=147) to work on /home/airflow/.local/lib/python3.12/site-packages/airflow/example_dags/example_trigger_target_dag.py
[2025-01-29T16:41:58.205+0000] {processor.py:914} INFO - Processing file /home/airflow/.local/lib/python3.12/site-packages/airflow/example_dags/example_trigger_target_dag.py for tasks to queue
[2025-01-29T16:41:58.208+0000] {logging_mixin.py:190} INFO - [2025-01-29T16:41:58.208+0000] {dagbag.py:588} INFO - Filling up the DagBag from /home/airflow/.local/lib/python3.12/site-packages/airflow/example_dags/example_trigger_target_dag.py
[2025-01-29T16:41:58.223+0000] {processor.py:925} INFO - DAG(s) 'example_trigger_target_dag' retrieved from /home/airflow/.local/lib/python3.12/site-packages/airflow/example_dags/example_trigger_target_dag.py
[2025-01-29T16:41:58.247+0000] {logging_mixin.py:190} INFO - [2025-01-29T16:41:58.247+0000] {dag.py:3239} INFO - Sync 1 DAGs
[2025-01-29T16:41:58.265+0000] {logging_mixin.py:190} INFO - [2025-01-29T16:41:58.265+0000] {dag.py:4180} INFO - Setting next_dagrun for example_trigger_target_dag to None, run_after=None
[2025-01-29T16:41:58.286+0000] {processor.py:208} INFO - Processing /home/airflow/.local/lib/python3.12/site-packages/airflow/example_dags/example_trigger_target_dag.py took 0.089 seconds
[2025-01-29T16:42:28.635+0000] {processor.py:186} INFO - Started process (PID=210) to work on /home/airflow/.local/lib/python3.12/site-packages/airflow/example_dags/example_trigger_target_dag.py
[2025-01-29T16:42:28.636+0000] {processor.py:914} INFO - Processing file /home/airflow/.local/lib/python3.12/site-packages/airflow/example_dags/example_trigger_target_dag.py for tasks to queue
[2025-01-29T16:42:28.639+0000] {logging_mixin.py:190} INFO - [2025-01-29T16:42:28.639+0000] {dagbag.py:588} INFO - Filling up the DagBag from /home/airflow/.local/lib/python3.12/site-packages/airflow/example_dags/example_trigger_target_dag.py
[2025-01-29T16:42:28.647+0000] {processor.py:925} INFO - DAG(s) 'example_trigger_target_dag' retrieved from /home/airflow/.local/lib/python3.12/site-packages/airflow/example_dags/example_trigger_target_dag.py
[2025-01-29T16:42:28.674+0000] {logging_mixin.py:190} INFO - [2025-01-29T16:42:28.673+0000] {dag.py:3239} INFO - Sync 1 DAGs
[2025-01-29T16:42:28.694+0000] {logging_mixin.py:190} INFO - [2025-01-29T16:42:28.694+0000] {dag.py:4180} INFO - Setting next_dagrun for example_trigger_target_dag to None, run_after=None
[2025-01-29T16:42:28.710+0000] {processor.py:208} INFO - Processing /home/airflow/.local/lib/python3.12/site-packages/airflow/example_dags/example_trigger_target_dag.py took 0.084 seconds
[2025-01-29T16:42:59.388+0000] {processor.py:186} INFO - Started process (PID=273) to work on /home/airflow/.local/lib/python3.12/site-packages/airflow/example_dags/example_trigger_target_dag.py
[2025-01-29T16:42:59.388+0000] {processor.py:914} INFO - Processing file /home/airflow/.local/lib/python3.12/site-packages/airflow/example_dags/example_trigger_target_dag.py for tasks to queue
[2025-01-29T16:42:59.391+0000] {logging_mixin.py:190} INFO - [2025-01-29T16:42:59.390+0000] {dagbag.py:588} INFO - Filling up the DagBag from /home/airflow/.local/lib/python3.12/site-packages/airflow/example_dags/example_trigger_target_dag.py
[2025-01-29T16:42:59.398+0000] {processor.py:925} INFO - DAG(s) 'example_trigger_target_dag' retrieved from /home/airflow/.local/lib/python3.12/site-packages/airflow/example_dags/example_trigger_target_dag.py
[2025-01-29T16:42:59.415+0000] {logging_mixin.py:190} INFO - [2025-01-29T16:42:59.414+0000] {dag.py:3239} INFO - Sync 1 DAGs
[2025-01-29T16:42:59.426+0000] {logging_mixin.py:190} INFO - [2025-01-29T16:42:59.426+0000] {dag.py:4180} INFO - Setting next_dagrun for example_trigger_target_dag to None, run_after=None
[2025-01-29T16:42:59.442+0000] {processor.py:208} INFO - Processing /home/airflow/.local/lib/python3.12/site-packages/airflow/example_dags/example_trigger_target_dag.py took 0.059 seconds
[2025-01-29T16:43:29.612+0000] {processor.py:186} INFO - Started process (PID=336) to work on /home/airflow/.local/lib/python3.12/site-packages/airflow/example_dags/example_trigger_target_dag.py
[2025-01-29T16:43:29.620+0000] {processor.py:914} INFO - Processing file /home/airflow/.local/lib/python3.12/site-packages/airflow/example_dags/example_trigger_target_dag.py for tasks to queue
[2025-01-29T16:43:29.624+0000] {logging_mixin.py:190} INFO - [2025-01-29T16:43:29.624+0000] {dagbag.py:588} INFO - Filling up the DagBag from /home/airflow/.local/lib/python3.12/site-packages/airflow/example_dags/example_trigger_target_dag.py
[2025-01-29T16:43:29.632+0000] {processor.py:925} INFO - DAG(s) 'example_trigger_target_dag' retrieved from /home/airflow/.local/lib/python3.12/site-packages/airflow/example_dags/example_trigger_target_dag.py
[2025-01-29T16:43:29.657+0000] {logging_mixin.py:190} INFO - [2025-01-29T16:43:29.657+0000] {dag.py:3239} INFO - Sync 1 DAGs
[2025-01-29T16:43:29.672+0000] {logging_mixin.py:190} INFO - [2025-01-29T16:43:29.672+0000] {dag.py:4180} INFO - Setting next_dagrun for example_trigger_target_dag to None, run_after=None
[2025-01-29T16:43:29.692+0000] {processor.py:208} INFO - Processing /home/airflow/.local/lib/python3.12/site-packages/airflow/example_dags/example_trigger_target_dag.py took 0.087 seconds
