[2025-01-29T16:41:37.431+0000] {processor.py:186} INFO - Started process (PID=109) to work on /home/airflow/.local/lib/python3.12/site-packages/airflow/example_dags/example_sensor_decorator.py
[2025-01-29T16:41:37.433+0000] {processor.py:914} INFO - Processing file /home/airflow/.local/lib/python3.12/site-packages/airflow/example_dags/example_sensor_decorator.py for tasks to queue
[2025-01-29T16:41:37.437+0000] {logging_mixin.py:190} INFO - [2025-01-29T16:41:37.436+0000] {dagbag.py:588} INFO - Filling up the DagBag from /home/airflow/.local/lib/python3.12/site-packages/airflow/example_dags/example_sensor_decorator.py
[2025-01-29T16:41:37.451+0000] {processor.py:925} INFO - DAG(s) 'example_sensor_decorator' retrieved from /home/airflow/.local/lib/python3.12/site-packages/airflow/example_dags/example_sensor_decorator.py
[2025-01-29T16:41:37.685+0000] {logging_mixin.py:190} INFO - [2025-01-29T16:41:37.684+0000] {override.py:1911} INFO - Created Permission View: can delete on DAG:example_sensor_decorator
[2025-01-29T16:41:37.702+0000] {logging_mixin.py:190} INFO - [2025-01-29T16:41:37.701+0000] {override.py:1911} INFO - Created Permission View: can read on DAG:example_sensor_decorator
[2025-01-29T16:41:37.715+0000] {logging_mixin.py:190} INFO - [2025-01-29T16:41:37.715+0000] {override.py:1911} INFO - Created Permission View: can edit on DAG:example_sensor_decorator
[2025-01-29T16:41:37.729+0000] {logging_mixin.py:190} INFO - [2025-01-29T16:41:37.728+0000] {override.py:1911} INFO - Created Permission View: can delete on DAG Run:example_sensor_decorator
[2025-01-29T16:41:37.740+0000] {logging_mixin.py:190} INFO - [2025-01-29T16:41:37.740+0000] {override.py:1911} INFO - Created Permission View: can read on DAG Run:example_sensor_decorator
[2025-01-29T16:41:37.751+0000] {logging_mixin.py:190} INFO - [2025-01-29T16:41:37.751+0000] {override.py:1911} INFO - Created Permission View: menu access on DAG Run:example_sensor_decorator
[2025-01-29T16:41:37.763+0000] {logging_mixin.py:190} INFO - [2025-01-29T16:41:37.762+0000] {override.py:1911} INFO - Created Permission View: can create on DAG Run:example_sensor_decorator
[2025-01-29T16:41:37.764+0000] {logging_mixin.py:190} INFO - [2025-01-29T16:41:37.763+0000] {dag.py:3239} INFO - Sync 1 DAGs
[2025-01-29T16:41:37.786+0000] {logging_mixin.py:190} INFO - [2025-01-29T16:41:37.785+0000] {dag.py:3262} INFO - Creating ORM DAG for example_sensor_decorator
[2025-01-29T16:41:37.787+0000] {logging_mixin.py:190} INFO - [2025-01-29T16:41:37.787+0000] {dag.py:4180} INFO - Setting next_dagrun for example_sensor_decorator to None, run_after=None
[2025-01-29T16:41:37.826+0000] {processor.py:208} INFO - Processing /home/airflow/.local/lib/python3.12/site-packages/airflow/example_dags/example_sensor_decorator.py took 0.404 seconds
[2025-01-29T16:42:07.893+0000] {processor.py:186} INFO - Started process (PID=178) to work on /home/airflow/.local/lib/python3.12/site-packages/airflow/example_dags/example_sensor_decorator.py
[2025-01-29T16:42:07.894+0000] {processor.py:914} INFO - Processing file /home/airflow/.local/lib/python3.12/site-packages/airflow/example_dags/example_sensor_decorator.py for tasks to queue
[2025-01-29T16:42:07.896+0000] {logging_mixin.py:190} INFO - [2025-01-29T16:42:07.896+0000] {dagbag.py:588} INFO - Filling up the DagBag from /home/airflow/.local/lib/python3.12/site-packages/airflow/example_dags/example_sensor_decorator.py
[2025-01-29T16:42:07.903+0000] {processor.py:925} INFO - DAG(s) 'example_sensor_decorator' retrieved from /home/airflow/.local/lib/python3.12/site-packages/airflow/example_dags/example_sensor_decorator.py
[2025-01-29T16:42:07.921+0000] {logging_mixin.py:190} INFO - [2025-01-29T16:42:07.920+0000] {dag.py:3239} INFO - Sync 1 DAGs
[2025-01-29T16:42:07.934+0000] {logging_mixin.py:190} INFO - [2025-01-29T16:42:07.933+0000] {dag.py:4180} INFO - Setting next_dagrun for example_sensor_decorator to None, run_after=None
[2025-01-29T16:42:07.947+0000] {processor.py:208} INFO - Processing /home/airflow/.local/lib/python3.12/site-packages/airflow/example_dags/example_sensor_decorator.py took 0.059 seconds
[2025-01-29T16:42:38.734+0000] {processor.py:186} INFO - Started process (PID=241) to work on /home/airflow/.local/lib/python3.12/site-packages/airflow/example_dags/example_sensor_decorator.py
[2025-01-29T16:42:38.735+0000] {processor.py:914} INFO - Processing file /home/airflow/.local/lib/python3.12/site-packages/airflow/example_dags/example_sensor_decorator.py for tasks to queue
[2025-01-29T16:42:38.737+0000] {logging_mixin.py:190} INFO - [2025-01-29T16:42:38.737+0000] {dagbag.py:588} INFO - Filling up the DagBag from /home/airflow/.local/lib/python3.12/site-packages/airflow/example_dags/example_sensor_decorator.py
[2025-01-29T16:42:38.745+0000] {processor.py:925} INFO - DAG(s) 'example_sensor_decorator' retrieved from /home/airflow/.local/lib/python3.12/site-packages/airflow/example_dags/example_sensor_decorator.py
[2025-01-29T16:42:38.769+0000] {logging_mixin.py:190} INFO - [2025-01-29T16:42:38.768+0000] {dag.py:3239} INFO - Sync 1 DAGs
[2025-01-29T16:42:38.782+0000] {logging_mixin.py:190} INFO - [2025-01-29T16:42:38.782+0000] {dag.py:4180} INFO - Setting next_dagrun for example_sensor_decorator to None, run_after=None
[2025-01-29T16:42:38.811+0000] {processor.py:208} INFO - Processing /home/airflow/.local/lib/python3.12/site-packages/airflow/example_dags/example_sensor_decorator.py took 0.083 seconds
[2025-01-29T16:43:09.532+0000] {processor.py:186} INFO - Started process (PID=304) to work on /home/airflow/.local/lib/python3.12/site-packages/airflow/example_dags/example_sensor_decorator.py
[2025-01-29T16:43:09.533+0000] {processor.py:914} INFO - Processing file /home/airflow/.local/lib/python3.12/site-packages/airflow/example_dags/example_sensor_decorator.py for tasks to queue
[2025-01-29T16:43:09.535+0000] {logging_mixin.py:190} INFO - [2025-01-29T16:43:09.534+0000] {dagbag.py:588} INFO - Filling up the DagBag from /home/airflow/.local/lib/python3.12/site-packages/airflow/example_dags/example_sensor_decorator.py
[2025-01-29T16:43:09.541+0000] {processor.py:925} INFO - DAG(s) 'example_sensor_decorator' retrieved from /home/airflow/.local/lib/python3.12/site-packages/airflow/example_dags/example_sensor_decorator.py
[2025-01-29T16:43:09.560+0000] {logging_mixin.py:190} INFO - [2025-01-29T16:43:09.560+0000] {dag.py:3239} INFO - Sync 1 DAGs
[2025-01-29T16:43:09.576+0000] {logging_mixin.py:190} INFO - [2025-01-29T16:43:09.576+0000] {dag.py:4180} INFO - Setting next_dagrun for example_sensor_decorator to None, run_after=None
[2025-01-29T16:43:09.607+0000] {processor.py:208} INFO - Processing /home/airflow/.local/lib/python3.12/site-packages/airflow/example_dags/example_sensor_decorator.py took 0.083 seconds
[2025-01-29T16:43:39.683+0000] {processor.py:186} INFO - Started process (PID=366) to work on /home/airflow/.local/lib/python3.12/site-packages/airflow/example_dags/example_sensor_decorator.py
[2025-01-29T16:43:39.684+0000] {processor.py:914} INFO - Processing file /home/airflow/.local/lib/python3.12/site-packages/airflow/example_dags/example_sensor_decorator.py for tasks to queue
[2025-01-29T16:43:39.686+0000] {logging_mixin.py:190} INFO - [2025-01-29T16:43:39.685+0000] {dagbag.py:588} INFO - Filling up the DagBag from /home/airflow/.local/lib/python3.12/site-packages/airflow/example_dags/example_sensor_decorator.py
[2025-01-29T16:43:39.694+0000] {processor.py:925} INFO - DAG(s) 'example_sensor_decorator' retrieved from /home/airflow/.local/lib/python3.12/site-packages/airflow/example_dags/example_sensor_decorator.py
[2025-01-29T16:43:39.710+0000] {logging_mixin.py:190} INFO - [2025-01-29T16:43:39.710+0000] {dag.py:3239} INFO - Sync 1 DAGs
[2025-01-29T16:43:39.723+0000] {logging_mixin.py:190} INFO - [2025-01-29T16:43:39.723+0000] {dag.py:4180} INFO - Setting next_dagrun for example_sensor_decorator to None, run_after=None
[2025-01-29T16:43:39.738+0000] {processor.py:208} INFO - Processing /home/airflow/.local/lib/python3.12/site-packages/airflow/example_dags/example_sensor_decorator.py took 0.061 seconds
