[2025-01-29T16:41:23.014+0000] {processor.py:186} INFO - Started process (PID=78) to work on /home/airflow/.local/lib/python3.12/site-packages/airflow/example_dags/example_xcomargs.py
[2025-01-29T16:41:23.021+0000] {processor.py:914} INFO - Processing file /home/airflow/.local/lib/python3.12/site-packages/airflow/example_dags/example_xcomargs.py for tasks to queue
[2025-01-29T16:41:23.059+0000] {logging_mixin.py:190} INFO - [2025-01-29T16:41:23.052+0000] {dagbag.py:588} INFO - Filling up the DagBag from /home/airflow/.local/lib/python3.12/site-packages/airflow/example_dags/example_xcomargs.py
[2025-01-29T16:41:23.189+0000] {processor.py:925} INFO - DAG(s) 'example_xcom_args_with_operators', 'example_xcom_args' retrieved from /home/airflow/.local/lib/python3.12/site-packages/airflow/example_dags/example_xcomargs.py
[2025-01-29T16:41:24.115+0000] {logging_mixin.py:190} INFO - [2025-01-29T16:41:24.110+0000] {override.py:1911} INFO - Created Permission View: can delete on DAG:example_xcom_args_with_operators
[2025-01-29T16:41:24.145+0000] {logging_mixin.py:190} INFO - [2025-01-29T16:41:24.144+0000] {override.py:1911} INFO - Created Permission View: can read on DAG:example_xcom_args_with_operators
[2025-01-29T16:41:24.164+0000] {logging_mixin.py:190} INFO - [2025-01-29T16:41:24.164+0000] {override.py:1911} INFO - Created Permission View: can edit on DAG:example_xcom_args_with_operators
[2025-01-29T16:41:24.183+0000] {logging_mixin.py:190} INFO - [2025-01-29T16:41:24.182+0000] {override.py:1911} INFO - Created Permission View: can delete on DAG Run:example_xcom_args_with_operators
[2025-01-29T16:41:24.199+0000] {logging_mixin.py:190} INFO - [2025-01-29T16:41:24.199+0000] {override.py:1911} INFO - Created Permission View: can read on DAG Run:example_xcom_args_with_operators
[2025-01-29T16:41:24.217+0000] {logging_mixin.py:190} INFO - [2025-01-29T16:41:24.216+0000] {override.py:1911} INFO - Created Permission View: menu access on DAG Run:example_xcom_args_with_operators
[2025-01-29T16:41:24.232+0000] {logging_mixin.py:190} INFO - [2025-01-29T16:41:24.232+0000] {override.py:1911} INFO - Created Permission View: can create on DAG Run:example_xcom_args_with_operators
[2025-01-29T16:41:24.263+0000] {logging_mixin.py:190} INFO - [2025-01-29T16:41:24.262+0000] {override.py:1911} INFO - Created Permission View: can delete on DAG:example_xcom_args
[2025-01-29T16:41:24.277+0000] {logging_mixin.py:190} INFO - [2025-01-29T16:41:24.276+0000] {override.py:1911} INFO - Created Permission View: can read on DAG:example_xcom_args
[2025-01-29T16:41:24.290+0000] {logging_mixin.py:190} INFO - [2025-01-29T16:41:24.289+0000] {override.py:1911} INFO - Created Permission View: can edit on DAG:example_xcom_args
[2025-01-29T16:41:24.304+0000] {logging_mixin.py:190} INFO - [2025-01-29T16:41:24.304+0000] {override.py:1911} INFO - Created Permission View: can delete on DAG Run:example_xcom_args
[2025-01-29T16:41:24.318+0000] {logging_mixin.py:190} INFO - [2025-01-29T16:41:24.317+0000] {override.py:1911} INFO - Created Permission View: can read on DAG Run:example_xcom_args
[2025-01-29T16:41:24.330+0000] {logging_mixin.py:190} INFO - [2025-01-29T16:41:24.329+0000] {override.py:1911} INFO - Created Permission View: menu access on DAG Run:example_xcom_args
[2025-01-29T16:41:24.343+0000] {logging_mixin.py:190} INFO - [2025-01-29T16:41:24.343+0000] {override.py:1911} INFO - Created Permission View: can create on DAG Run:example_xcom_args
[2025-01-29T16:41:24.345+0000] {logging_mixin.py:190} INFO - [2025-01-29T16:41:24.344+0000] {dag.py:3239} INFO - Sync 2 DAGs
[2025-01-29T16:41:24.392+0000] {logging_mixin.py:190} INFO - [2025-01-29T16:41:24.391+0000] {dag.py:3262} INFO - Creating ORM DAG for example_xcom_args
[2025-01-29T16:41:24.394+0000] {logging_mixin.py:190} INFO - [2025-01-29T16:41:24.394+0000] {dag.py:3262} INFO - Creating ORM DAG for example_xcom_args_with_operators
[2025-01-29T16:41:24.397+0000] {logging_mixin.py:190} INFO - [2025-01-29T16:41:24.397+0000] {dag.py:4180} INFO - Setting next_dagrun for example_xcom_args to None, run_after=None
[2025-01-29T16:41:24.399+0000] {logging_mixin.py:190} INFO - [2025-01-29T16:41:24.398+0000] {dag.py:4180} INFO - Setting next_dagrun for example_xcom_args_with_operators to None, run_after=None
[2025-01-29T16:41:24.454+0000] {processor.py:208} INFO - Processing /home/airflow/.local/lib/python3.12/site-packages/airflow/example_dags/example_xcomargs.py took 1.459 seconds
[2025-01-29T16:41:54.965+0000] {processor.py:186} INFO - Started process (PID=141) to work on /home/airflow/.local/lib/python3.12/site-packages/airflow/example_dags/example_xcomargs.py
[2025-01-29T16:41:54.967+0000] {processor.py:914} INFO - Processing file /home/airflow/.local/lib/python3.12/site-packages/airflow/example_dags/example_xcomargs.py for tasks to queue
[2025-01-29T16:41:54.969+0000] {logging_mixin.py:190} INFO - [2025-01-29T16:41:54.969+0000] {dagbag.py:588} INFO - Filling up the DagBag from /home/airflow/.local/lib/python3.12/site-packages/airflow/example_dags/example_xcomargs.py
[2025-01-29T16:41:54.979+0000] {processor.py:925} INFO - DAG(s) 'example_xcom_args_with_operators', 'example_xcom_args' retrieved from /home/airflow/.local/lib/python3.12/site-packages/airflow/example_dags/example_xcomargs.py
[2025-01-29T16:41:54.995+0000] {logging_mixin.py:190} INFO - [2025-01-29T16:41:54.995+0000] {dag.py:3239} INFO - Sync 2 DAGs
[2025-01-29T16:41:55.006+0000] {logging_mixin.py:190} INFO - [2025-01-29T16:41:55.006+0000] {dag.py:4180} INFO - Setting next_dagrun for example_xcom_args to None, run_after=None
[2025-01-29T16:41:55.009+0000] {logging_mixin.py:190} INFO - [2025-01-29T16:41:55.008+0000] {dag.py:4180} INFO - Setting next_dagrun for example_xcom_args_with_operators to None, run_after=None
[2025-01-29T16:41:55.019+0000] {processor.py:208} INFO - Processing /home/airflow/.local/lib/python3.12/site-packages/airflow/example_dags/example_xcomargs.py took 0.058 seconds
[2025-01-29T16:42:25.273+0000] {processor.py:186} INFO - Started process (PID=204) to work on /home/airflow/.local/lib/python3.12/site-packages/airflow/example_dags/example_xcomargs.py
[2025-01-29T16:42:25.274+0000] {processor.py:914} INFO - Processing file /home/airflow/.local/lib/python3.12/site-packages/airflow/example_dags/example_xcomargs.py for tasks to queue
[2025-01-29T16:42:25.276+0000] {logging_mixin.py:190} INFO - [2025-01-29T16:42:25.276+0000] {dagbag.py:588} INFO - Filling up the DagBag from /home/airflow/.local/lib/python3.12/site-packages/airflow/example_dags/example_xcomargs.py
[2025-01-29T16:42:25.294+0000] {processor.py:925} INFO - DAG(s) 'example_xcom_args_with_operators', 'example_xcom_args' retrieved from /home/airflow/.local/lib/python3.12/site-packages/airflow/example_dags/example_xcomargs.py
[2025-01-29T16:42:25.334+0000] {logging_mixin.py:190} INFO - [2025-01-29T16:42:25.333+0000] {dag.py:3239} INFO - Sync 2 DAGs
[2025-01-29T16:42:25.353+0000] {logging_mixin.py:190} INFO - [2025-01-29T16:42:25.353+0000] {dag.py:4180} INFO - Setting next_dagrun for example_xcom_args to None, run_after=None
[2025-01-29T16:42:25.357+0000] {logging_mixin.py:190} INFO - [2025-01-29T16:42:25.357+0000] {dag.py:4180} INFO - Setting next_dagrun for example_xcom_args_with_operators to None, run_after=None
[2025-01-29T16:42:25.376+0000] {processor.py:208} INFO - Processing /home/airflow/.local/lib/python3.12/site-packages/airflow/example_dags/example_xcomargs.py took 0.108 seconds
[2025-01-29T16:42:56.152+0000] {processor.py:186} INFO - Started process (PID=267) to work on /home/airflow/.local/lib/python3.12/site-packages/airflow/example_dags/example_xcomargs.py
[2025-01-29T16:42:56.153+0000] {processor.py:914} INFO - Processing file /home/airflow/.local/lib/python3.12/site-packages/airflow/example_dags/example_xcomargs.py for tasks to queue
[2025-01-29T16:42:56.155+0000] {logging_mixin.py:190} INFO - [2025-01-29T16:42:56.154+0000] {dagbag.py:588} INFO - Filling up the DagBag from /home/airflow/.local/lib/python3.12/site-packages/airflow/example_dags/example_xcomargs.py
[2025-01-29T16:42:56.163+0000] {processor.py:925} INFO - DAG(s) 'example_xcom_args_with_operators', 'example_xcom_args' retrieved from /home/airflow/.local/lib/python3.12/site-packages/airflow/example_dags/example_xcomargs.py
[2025-01-29T16:42:56.181+0000] {logging_mixin.py:190} INFO - [2025-01-29T16:42:56.181+0000] {dag.py:3239} INFO - Sync 2 DAGs
[2025-01-29T16:42:56.192+0000] {logging_mixin.py:190} INFO - [2025-01-29T16:42:56.192+0000] {dag.py:4180} INFO - Setting next_dagrun for example_xcom_args to None, run_after=None
[2025-01-29T16:42:56.195+0000] {logging_mixin.py:190} INFO - [2025-01-29T16:42:56.195+0000] {dag.py:4180} INFO - Setting next_dagrun for example_xcom_args_with_operators to None, run_after=None
[2025-01-29T16:42:56.206+0000] {processor.py:208} INFO - Processing /home/airflow/.local/lib/python3.12/site-packages/airflow/example_dags/example_xcomargs.py took 0.060 seconds
[2025-01-29T16:43:26.308+0000] {processor.py:186} INFO - Started process (PID=330) to work on /home/airflow/.local/lib/python3.12/site-packages/airflow/example_dags/example_xcomargs.py
[2025-01-29T16:43:26.309+0000] {processor.py:914} INFO - Processing file /home/airflow/.local/lib/python3.12/site-packages/airflow/example_dags/example_xcomargs.py for tasks to queue
[2025-01-29T16:43:26.312+0000] {logging_mixin.py:190} INFO - [2025-01-29T16:43:26.311+0000] {dagbag.py:588} INFO - Filling up the DagBag from /home/airflow/.local/lib/python3.12/site-packages/airflow/example_dags/example_xcomargs.py
[2025-01-29T16:43:26.320+0000] {processor.py:925} INFO - DAG(s) 'example_xcom_args', 'example_xcom_args_with_operators' retrieved from /home/airflow/.local/lib/python3.12/site-packages/airflow/example_dags/example_xcomargs.py
[2025-01-29T16:43:26.341+0000] {logging_mixin.py:190} INFO - [2025-01-29T16:43:26.341+0000] {dag.py:3239} INFO - Sync 2 DAGs
[2025-01-29T16:43:26.354+0000] {logging_mixin.py:190} INFO - [2025-01-29T16:43:26.354+0000] {dag.py:4180} INFO - Setting next_dagrun for example_xcom_args to None, run_after=None
[2025-01-29T16:43:26.357+0000] {logging_mixin.py:190} INFO - [2025-01-29T16:43:26.357+0000] {dag.py:4180} INFO - Setting next_dagrun for example_xcom_args_with_operators to None, run_after=None
[2025-01-29T16:43:26.393+0000] {processor.py:208} INFO - Processing /home/airflow/.local/lib/python3.12/site-packages/airflow/example_dags/example_xcomargs.py took 0.091 seconds
