[2025-01-29T16:41:33.215+0000] {processor.py:186} INFO - Started process (PID=94) to work on /home/airflow/.local/lib/python3.12/site-packages/airflow/example_dags/example_subdag_operator.py
[2025-01-29T16:41:33.216+0000] {processor.py:914} INFO - Processing file /home/airflow/.local/lib/python3.12/site-packages/airflow/example_dags/example_subdag_operator.py for tasks to queue
[2025-01-29T16:41:33.220+0000] {logging_mixin.py:190} INFO - [2025-01-29T16:41:33.219+0000] {dagbag.py:588} INFO - Filling up the DagBag from /home/airflow/.local/lib/python3.12/site-packages/airflow/example_dags/example_subdag_operator.py
[2025-01-29T16:41:33.266+0000] {processor.py:925} INFO - DAG(s) 'example_subdag_operator.section-1', 'example_subdag_operator.section-2', 'example_subdag_operator' retrieved from /home/airflow/.local/lib/python3.12/site-packages/airflow/example_dags/example_subdag_operator.py
[2025-01-29T16:41:33.407+0000] {logging_mixin.py:190} INFO - [2025-01-29T16:41:33.406+0000] {override.py:1911} INFO - Created Permission View: can delete on DAG:example_subdag_operator
[2025-01-29T16:41:33.421+0000] {logging_mixin.py:190} INFO - [2025-01-29T16:41:33.420+0000] {override.py:1911} INFO - Created Permission View: can read on DAG:example_subdag_operator
[2025-01-29T16:41:33.435+0000] {logging_mixin.py:190} INFO - [2025-01-29T16:41:33.429+0000] {override.py:1911} INFO - Created Permission View: can edit on DAG:example_subdag_operator
[2025-01-29T16:41:33.451+0000] {logging_mixin.py:190} INFO - [2025-01-29T16:41:33.450+0000] {override.py:1911} INFO - Created Permission View: can delete on DAG Run:example_subdag_operator
[2025-01-29T16:41:33.466+0000] {logging_mixin.py:190} INFO - [2025-01-29T16:41:33.466+0000] {override.py:1911} INFO - Created Permission View: can read on DAG Run:example_subdag_operator
[2025-01-29T16:41:33.478+0000] {logging_mixin.py:190} INFO - [2025-01-29T16:41:33.477+0000] {override.py:1911} INFO - Created Permission View: menu access on DAG Run:example_subdag_operator
[2025-01-29T16:41:33.488+0000] {logging_mixin.py:190} INFO - [2025-01-29T16:41:33.488+0000] {override.py:1911} INFO - Created Permission View: can create on DAG Run:example_subdag_operator
[2025-01-29T16:41:33.489+0000] {logging_mixin.py:190} INFO - [2025-01-29T16:41:33.489+0000] {dag.py:3239} INFO - Sync 3 DAGs
[2025-01-29T16:41:33.509+0000] {logging_mixin.py:190} INFO - [2025-01-29T16:41:33.508+0000] {dag.py:3262} INFO - Creating ORM DAG for example_subdag_operator
[2025-01-29T16:41:33.510+0000] {logging_mixin.py:190} INFO - [2025-01-29T16:41:33.510+0000] {dag.py:3262} INFO - Creating ORM DAG for example_subdag_operator.section-2
[2025-01-29T16:41:33.511+0000] {logging_mixin.py:190} INFO - [2025-01-29T16:41:33.511+0000] {dag.py:3262} INFO - Creating ORM DAG for example_subdag_operator.section-1
[2025-01-29T16:41:33.530+0000] {logging_mixin.py:190} INFO - [2025-01-29T16:41:33.530+0000] {dag.py:4180} INFO - Setting next_dagrun for example_subdag_operator to 2022-01-01 00:00:00+00:00, run_after=2022-01-01 00:00:00+00:00
[2025-01-29T16:41:33.533+0000] {logging_mixin.py:190} INFO - [2025-01-29T16:41:33.533+0000] {dag.py:4180} INFO - Setting next_dagrun for example_subdag_operator.section-1 to None, run_after=None
[2025-01-29T16:41:33.534+0000] {logging_mixin.py:190} INFO - [2025-01-29T16:41:33.534+0000] {dag.py:4180} INFO - Setting next_dagrun for example_subdag_operator.section-2 to None, run_after=None
[2025-01-29T16:41:33.547+0000] {logging_mixin.py:190} INFO - [2025-01-29T16:41:33.547+0000] {dag.py:3239} INFO - Sync 2 DAGs
[2025-01-29T16:41:33.555+0000] {logging_mixin.py:190} INFO - [2025-01-29T16:41:33.555+0000] {dag.py:4180} INFO - Setting next_dagrun for example_subdag_operator.section-1 to None, run_after=None
[2025-01-29T16:41:33.559+0000] {logging_mixin.py:190} INFO - [2025-01-29T16:41:33.559+0000] {dag.py:4180} INFO - Setting next_dagrun for example_subdag_operator.section-2 to None, run_after=None
[2025-01-29T16:41:33.577+0000] {processor.py:208} INFO - Processing /home/airflow/.local/lib/python3.12/site-packages/airflow/example_dags/example_subdag_operator.py took 0.370 seconds
[2025-01-29T16:42:04.456+0000] {processor.py:186} INFO - Started process (PID=157) to work on /home/airflow/.local/lib/python3.12/site-packages/airflow/example_dags/example_subdag_operator.py
[2025-01-29T16:42:04.458+0000] {processor.py:914} INFO - Processing file /home/airflow/.local/lib/python3.12/site-packages/airflow/example_dags/example_subdag_operator.py for tasks to queue
[2025-01-29T16:42:04.460+0000] {logging_mixin.py:190} INFO - [2025-01-29T16:42:04.460+0000] {dagbag.py:588} INFO - Filling up the DagBag from /home/airflow/.local/lib/python3.12/site-packages/airflow/example_dags/example_subdag_operator.py
[2025-01-29T16:42:04.479+0000] {processor.py:925} INFO - DAG(s) 'example_subdag_operator.section-1', 'example_subdag_operator.section-2', 'example_subdag_operator' retrieved from /home/airflow/.local/lib/python3.12/site-packages/airflow/example_dags/example_subdag_operator.py
[2025-01-29T16:42:04.489+0000] {logging_mixin.py:190} INFO - [2025-01-29T16:42:04.489+0000] {dag.py:3239} INFO - Sync 3 DAGs
[2025-01-29T16:42:04.504+0000] {logging_mixin.py:190} INFO - [2025-01-29T16:42:04.504+0000] {dag.py:4180} INFO - Setting next_dagrun for example_subdag_operator to 2022-01-01 00:00:00+00:00, run_after=2022-01-01 00:00:00+00:00
[2025-01-29T16:42:04.511+0000] {logging_mixin.py:190} INFO - [2025-01-29T16:42:04.511+0000] {dag.py:4180} INFO - Setting next_dagrun for example_subdag_operator.section-1 to None, run_after=None
[2025-01-29T16:42:04.519+0000] {logging_mixin.py:190} INFO - [2025-01-29T16:42:04.519+0000] {dag.py:4180} INFO - Setting next_dagrun for example_subdag_operator.section-2 to None, run_after=None
[2025-01-29T16:42:04.535+0000] {logging_mixin.py:190} INFO - [2025-01-29T16:42:04.535+0000] {dag.py:3239} INFO - Sync 2 DAGs
[2025-01-29T16:42:04.548+0000] {logging_mixin.py:190} INFO - [2025-01-29T16:42:04.548+0000] {dag.py:4180} INFO - Setting next_dagrun for example_subdag_operator.section-1 to None, run_after=None
[2025-01-29T16:42:04.550+0000] {logging_mixin.py:190} INFO - [2025-01-29T16:42:04.550+0000] {dag.py:4180} INFO - Setting next_dagrun for example_subdag_operator.section-2 to None, run_after=None
[2025-01-29T16:42:04.571+0000] {processor.py:208} INFO - Processing /home/airflow/.local/lib/python3.12/site-packages/airflow/example_dags/example_subdag_operator.py took 0.121 seconds
[2025-01-29T16:42:35.860+0000] {processor.py:186} INFO - Started process (PID=220) to work on /home/airflow/.local/lib/python3.12/site-packages/airflow/example_dags/example_subdag_operator.py
[2025-01-29T16:42:35.861+0000] {processor.py:914} INFO - Processing file /home/airflow/.local/lib/python3.12/site-packages/airflow/example_dags/example_subdag_operator.py for tasks to queue
[2025-01-29T16:42:35.866+0000] {logging_mixin.py:190} INFO - [2025-01-29T16:42:35.865+0000] {dagbag.py:588} INFO - Filling up the DagBag from /home/airflow/.local/lib/python3.12/site-packages/airflow/example_dags/example_subdag_operator.py
[2025-01-29T16:42:35.909+0000] {processor.py:925} INFO - DAG(s) 'example_subdag_operator.section-1', 'example_subdag_operator.section-2', 'example_subdag_operator' retrieved from /home/airflow/.local/lib/python3.12/site-packages/airflow/example_dags/example_subdag_operator.py
[2025-01-29T16:42:35.928+0000] {logging_mixin.py:190} INFO - [2025-01-29T16:42:35.928+0000] {dag.py:3239} INFO - Sync 3 DAGs
[2025-01-29T16:42:35.958+0000] {logging_mixin.py:190} INFO - [2025-01-29T16:42:35.958+0000] {dag.py:4180} INFO - Setting next_dagrun for example_subdag_operator to 2022-01-01 00:00:00+00:00, run_after=2022-01-01 00:00:00+00:00
[2025-01-29T16:42:35.966+0000] {logging_mixin.py:190} INFO - [2025-01-29T16:42:35.965+0000] {dag.py:4180} INFO - Setting next_dagrun for example_subdag_operator.section-1 to None, run_after=None
[2025-01-29T16:42:35.968+0000] {logging_mixin.py:190} INFO - [2025-01-29T16:42:35.967+0000] {dag.py:4180} INFO - Setting next_dagrun for example_subdag_operator.section-2 to None, run_after=None
[2025-01-29T16:42:35.975+0000] {logging_mixin.py:190} INFO - [2025-01-29T16:42:35.975+0000] {dag.py:3239} INFO - Sync 2 DAGs
[2025-01-29T16:42:35.984+0000] {logging_mixin.py:190} INFO - [2025-01-29T16:42:35.984+0000] {dag.py:4180} INFO - Setting next_dagrun for example_subdag_operator.section-1 to None, run_after=None
[2025-01-29T16:42:35.985+0000] {logging_mixin.py:190} INFO - [2025-01-29T16:42:35.985+0000] {dag.py:4180} INFO - Setting next_dagrun for example_subdag_operator.section-2 to None, run_after=None
[2025-01-29T16:42:36.001+0000] {processor.py:208} INFO - Processing /home/airflow/.local/lib/python3.12/site-packages/airflow/example_dags/example_subdag_operator.py took 0.148 seconds
[2025-01-29T16:43:06.562+0000] {processor.py:186} INFO - Started process (PID=283) to work on /home/airflow/.local/lib/python3.12/site-packages/airflow/example_dags/example_subdag_operator.py
[2025-01-29T16:43:06.563+0000] {processor.py:914} INFO - Processing file /home/airflow/.local/lib/python3.12/site-packages/airflow/example_dags/example_subdag_operator.py for tasks to queue
[2025-01-29T16:43:06.566+0000] {logging_mixin.py:190} INFO - [2025-01-29T16:43:06.565+0000] {dagbag.py:588} INFO - Filling up the DagBag from /home/airflow/.local/lib/python3.12/site-packages/airflow/example_dags/example_subdag_operator.py
[2025-01-29T16:43:06.598+0000] {processor.py:925} INFO - DAG(s) 'example_subdag_operator.section-1', 'example_subdag_operator.section-2', 'example_subdag_operator' retrieved from /home/airflow/.local/lib/python3.12/site-packages/airflow/example_dags/example_subdag_operator.py
[2025-01-29T16:43:06.610+0000] {logging_mixin.py:190} INFO - [2025-01-29T16:43:06.610+0000] {dag.py:3239} INFO - Sync 3 DAGs
[2025-01-29T16:43:06.631+0000] {logging_mixin.py:190} INFO - [2025-01-29T16:43:06.630+0000] {dag.py:4180} INFO - Setting next_dagrun for example_subdag_operator to 2022-01-01 00:00:00+00:00, run_after=2022-01-01 00:00:00+00:00
[2025-01-29T16:43:06.635+0000] {logging_mixin.py:190} INFO - [2025-01-29T16:43:06.635+0000] {dag.py:4180} INFO - Setting next_dagrun for example_subdag_operator.section-1 to None, run_after=None
[2025-01-29T16:43:06.637+0000] {logging_mixin.py:190} INFO - [2025-01-29T16:43:06.637+0000] {dag.py:4180} INFO - Setting next_dagrun for example_subdag_operator.section-2 to None, run_after=None
[2025-01-29T16:43:06.645+0000] {logging_mixin.py:190} INFO - [2025-01-29T16:43:06.644+0000] {dag.py:3239} INFO - Sync 2 DAGs
[2025-01-29T16:43:06.650+0000] {logging_mixin.py:190} INFO - [2025-01-29T16:43:06.650+0000] {dag.py:4180} INFO - Setting next_dagrun for example_subdag_operator.section-1 to None, run_after=None
[2025-01-29T16:43:06.652+0000] {logging_mixin.py:190} INFO - [2025-01-29T16:43:06.651+0000] {dag.py:4180} INFO - Setting next_dagrun for example_subdag_operator.section-2 to None, run_after=None
[2025-01-29T16:43:06.663+0000] {processor.py:208} INFO - Processing /home/airflow/.local/lib/python3.12/site-packages/airflow/example_dags/example_subdag_operator.py took 0.108 seconds
[2025-01-29T16:43:37.740+0000] {processor.py:186} INFO - Started process (PID=346) to work on /home/airflow/.local/lib/python3.12/site-packages/airflow/example_dags/example_subdag_operator.py
[2025-01-29T16:43:37.741+0000] {processor.py:914} INFO - Processing file /home/airflow/.local/lib/python3.12/site-packages/airflow/example_dags/example_subdag_operator.py for tasks to queue
[2025-01-29T16:43:37.744+0000] {logging_mixin.py:190} INFO - [2025-01-29T16:43:37.744+0000] {dagbag.py:588} INFO - Filling up the DagBag from /home/airflow/.local/lib/python3.12/site-packages/airflow/example_dags/example_subdag_operator.py
[2025-01-29T16:43:37.762+0000] {processor.py:925} INFO - DAG(s) 'example_subdag_operator.section-1', 'example_subdag_operator.section-2', 'example_subdag_operator' retrieved from /home/airflow/.local/lib/python3.12/site-packages/airflow/example_dags/example_subdag_operator.py
[2025-01-29T16:43:37.772+0000] {logging_mixin.py:190} INFO - [2025-01-29T16:43:37.772+0000] {dag.py:3239} INFO - Sync 3 DAGs
[2025-01-29T16:43:37.787+0000] {logging_mixin.py:190} INFO - [2025-01-29T16:43:37.787+0000] {dag.py:4180} INFO - Setting next_dagrun for example_subdag_operator to 2022-01-01 00:00:00+00:00, run_after=2022-01-01 00:00:00+00:00
[2025-01-29T16:43:37.790+0000] {logging_mixin.py:190} INFO - [2025-01-29T16:43:37.790+0000] {dag.py:4180} INFO - Setting next_dagrun for example_subdag_operator.section-1 to None, run_after=None
[2025-01-29T16:43:37.791+0000] {logging_mixin.py:190} INFO - [2025-01-29T16:43:37.791+0000] {dag.py:4180} INFO - Setting next_dagrun for example_subdag_operator.section-2 to None, run_after=None
[2025-01-29T16:43:37.795+0000] {logging_mixin.py:190} INFO - [2025-01-29T16:43:37.795+0000] {dag.py:3239} INFO - Sync 2 DAGs
[2025-01-29T16:43:37.799+0000] {logging_mixin.py:190} INFO - [2025-01-29T16:43:37.799+0000] {dag.py:4180} INFO - Setting next_dagrun for example_subdag_operator.section-1 to None, run_after=None
[2025-01-29T16:43:37.799+0000] {logging_mixin.py:190} INFO - [2025-01-29T16:43:37.799+0000] {dag.py:4180} INFO - Setting next_dagrun for example_subdag_operator.section-2 to None, run_after=None
[2025-01-29T16:43:37.807+0000] {processor.py:208} INFO - Processing /home/airflow/.local/lib/python3.12/site-packages/airflow/example_dags/example_subdag_operator.py took 0.071 seconds
