[2025-01-29T16:41:42.517+0000] {processor.py:186} INFO - Started process (PID=130) to work on /home/airflow/.local/lib/python3.12/site-packages/airflow/example_dags/example_inlet_event_extra.py
[2025-01-29T16:41:42.519+0000] {processor.py:914} INFO - Processing file /home/airflow/.local/lib/python3.12/site-packages/airflow/example_dags/example_inlet_event_extra.py for tasks to queue
[2025-01-29T16:41:42.525+0000] {logging_mixin.py:190} INFO - [2025-01-29T16:41:42.524+0000] {dagbag.py:588} INFO - Filling up the DagBag from /home/airflow/.local/lib/python3.12/site-packages/airflow/example_dags/example_inlet_event_extra.py
[2025-01-29T16:41:44.592+0000] {processor.py:925} INFO - DAG(s) 'read_dataset_event', 'read_dataset_event_from_classic' retrieved from /home/airflow/.local/lib/python3.12/site-packages/airflow/example_dags/example_inlet_event_extra.py
[2025-01-29T16:41:44.940+0000] {logging_mixin.py:190} INFO - [2025-01-29T16:41:44.936+0000] {override.py:1911} INFO - Created Permission View: can delete on DAG:read_dataset_event
[2025-01-29T16:41:44.973+0000] {logging_mixin.py:190} INFO - [2025-01-29T16:41:44.972+0000] {override.py:1911} INFO - Created Permission View: can read on DAG:read_dataset_event
[2025-01-29T16:41:44.995+0000] {logging_mixin.py:190} INFO - [2025-01-29T16:41:44.994+0000] {override.py:1911} INFO - Created Permission View: can edit on DAG:read_dataset_event
[2025-01-29T16:41:45.019+0000] {logging_mixin.py:190} INFO - [2025-01-29T16:41:45.017+0000] {override.py:1911} INFO - Created Permission View: can delete on DAG Run:read_dataset_event
[2025-01-29T16:41:45.047+0000] {logging_mixin.py:190} INFO - [2025-01-29T16:41:45.046+0000] {override.py:1911} INFO - Created Permission View: can read on DAG Run:read_dataset_event
[2025-01-29T16:41:45.082+0000] {logging_mixin.py:190} INFO - [2025-01-29T16:41:45.081+0000] {override.py:1911} INFO - Created Permission View: menu access on DAG Run:read_dataset_event
[2025-01-29T16:41:45.122+0000] {logging_mixin.py:190} INFO - [2025-01-29T16:41:45.121+0000] {override.py:1911} INFO - Created Permission View: can create on DAG Run:read_dataset_event
[2025-01-29T16:41:45.162+0000] {logging_mixin.py:190} INFO - [2025-01-29T16:41:45.161+0000] {override.py:1911} INFO - Created Permission View: can delete on DAG:read_dataset_event_from_classic
[2025-01-29T16:41:45.192+0000] {logging_mixin.py:190} INFO - [2025-01-29T16:41:45.192+0000] {override.py:1911} INFO - Created Permission View: can read on DAG:read_dataset_event_from_classic
[2025-01-29T16:41:45.213+0000] {logging_mixin.py:190} INFO - [2025-01-29T16:41:45.213+0000] {override.py:1911} INFO - Created Permission View: can edit on DAG:read_dataset_event_from_classic
[2025-01-29T16:41:45.236+0000] {logging_mixin.py:190} INFO - [2025-01-29T16:41:45.235+0000] {override.py:1911} INFO - Created Permission View: can delete on DAG Run:read_dataset_event_from_classic
[2025-01-29T16:41:45.254+0000] {logging_mixin.py:190} INFO - [2025-01-29T16:41:45.253+0000] {override.py:1911} INFO - Created Permission View: can read on DAG Run:read_dataset_event_from_classic
[2025-01-29T16:41:45.272+0000] {logging_mixin.py:190} INFO - [2025-01-29T16:41:45.272+0000] {override.py:1911} INFO - Created Permission View: menu access on DAG Run:read_dataset_event_from_classic
[2025-01-29T16:41:45.292+0000] {logging_mixin.py:190} INFO - [2025-01-29T16:41:45.291+0000] {override.py:1911} INFO - Created Permission View: can create on DAG Run:read_dataset_event_from_classic
[2025-01-29T16:41:45.293+0000] {logging_mixin.py:190} INFO - [2025-01-29T16:41:45.293+0000] {dag.py:3239} INFO - Sync 2 DAGs
[2025-01-29T16:41:45.324+0000] {logging_mixin.py:190} INFO - [2025-01-29T16:41:45.323+0000] {dag.py:3262} INFO - Creating ORM DAG for read_dataset_event
[2025-01-29T16:41:45.326+0000] {logging_mixin.py:190} INFO - [2025-01-29T16:41:45.325+0000] {dag.py:3262} INFO - Creating ORM DAG for read_dataset_event_from_classic
[2025-01-29T16:41:45.355+0000] {logging_mixin.py:190} INFO - [2025-01-29T16:41:45.355+0000] {dag.py:4180} INFO - Setting next_dagrun for read_dataset_event to 2025-01-28 00:00:00+00:00, run_after=2025-01-29 00:00:00+00:00
[2025-01-29T16:41:45.365+0000] {logging_mixin.py:190} INFO - [2025-01-29T16:41:45.364+0000] {dag.py:4180} INFO - Setting next_dagrun for read_dataset_event_from_classic to 2025-01-28 00:00:00+00:00, run_after=2025-01-29 00:00:00+00:00
[2025-01-29T16:41:45.426+0000] {processor.py:208} INFO - Processing /home/airflow/.local/lib/python3.12/site-packages/airflow/example_dags/example_inlet_event_extra.py took 2.923 seconds
[2025-01-29T16:42:16.285+0000] {processor.py:186} INFO - Started process (PID=196) to work on /home/airflow/.local/lib/python3.12/site-packages/airflow/example_dags/example_inlet_event_extra.py
[2025-01-29T16:42:16.291+0000] {processor.py:914} INFO - Processing file /home/airflow/.local/lib/python3.12/site-packages/airflow/example_dags/example_inlet_event_extra.py for tasks to queue
[2025-01-29T16:42:16.294+0000] {logging_mixin.py:190} INFO - [2025-01-29T16:42:16.293+0000] {dagbag.py:588} INFO - Filling up the DagBag from /home/airflow/.local/lib/python3.12/site-packages/airflow/example_dags/example_inlet_event_extra.py
[2025-01-29T16:42:16.906+0000] {processor.py:925} INFO - DAG(s) 'read_dataset_event', 'read_dataset_event_from_classic' retrieved from /home/airflow/.local/lib/python3.12/site-packages/airflow/example_dags/example_inlet_event_extra.py
[2025-01-29T16:42:16.943+0000] {logging_mixin.py:190} INFO - [2025-01-29T16:42:16.943+0000] {dag.py:3239} INFO - Sync 2 DAGs
[2025-01-29T16:42:16.970+0000] {logging_mixin.py:190} INFO - [2025-01-29T16:42:16.970+0000] {dag.py:4180} INFO - Setting next_dagrun for read_dataset_event to 2025-01-28 00:00:00+00:00, run_after=2025-01-29 00:00:00+00:00
[2025-01-29T16:42:16.975+0000] {logging_mixin.py:190} INFO - [2025-01-29T16:42:16.975+0000] {dag.py:4180} INFO - Setting next_dagrun for read_dataset_event_from_classic to 2025-01-28 00:00:00+00:00, run_after=2025-01-29 00:00:00+00:00
[2025-01-29T16:42:16.997+0000] {processor.py:208} INFO - Processing /home/airflow/.local/lib/python3.12/site-packages/airflow/example_dags/example_inlet_event_extra.py took 0.718 seconds
[2025-01-29T16:42:47.074+0000] {processor.py:186} INFO - Started process (PID=263) to work on /home/airflow/.local/lib/python3.12/site-packages/airflow/example_dags/example_inlet_event_extra.py
[2025-01-29T16:42:47.075+0000] {processor.py:914} INFO - Processing file /home/airflow/.local/lib/python3.12/site-packages/airflow/example_dags/example_inlet_event_extra.py for tasks to queue
[2025-01-29T16:42:47.078+0000] {logging_mixin.py:190} INFO - [2025-01-29T16:42:47.078+0000] {dagbag.py:588} INFO - Filling up the DagBag from /home/airflow/.local/lib/python3.12/site-packages/airflow/example_dags/example_inlet_event_extra.py
[2025-01-29T16:42:47.831+0000] {processor.py:925} INFO - DAG(s) 'read_dataset_event', 'read_dataset_event_from_classic' retrieved from /home/airflow/.local/lib/python3.12/site-packages/airflow/example_dags/example_inlet_event_extra.py
[2025-01-29T16:42:47.860+0000] {logging_mixin.py:190} INFO - [2025-01-29T16:42:47.860+0000] {dag.py:3239} INFO - Sync 2 DAGs
[2025-01-29T16:42:47.881+0000] {logging_mixin.py:190} INFO - [2025-01-29T16:42:47.881+0000] {dag.py:4180} INFO - Setting next_dagrun for read_dataset_event to 2025-01-28 00:00:00+00:00, run_after=2025-01-29 00:00:00+00:00
[2025-01-29T16:42:47.887+0000] {logging_mixin.py:190} INFO - [2025-01-29T16:42:47.887+0000] {dag.py:4180} INFO - Setting next_dagrun for read_dataset_event_from_classic to 2025-01-28 00:00:00+00:00, run_after=2025-01-29 00:00:00+00:00
[2025-01-29T16:42:47.899+0000] {processor.py:208} INFO - Processing /home/airflow/.local/lib/python3.12/site-packages/airflow/example_dags/example_inlet_event_extra.py took 0.832 seconds
[2025-01-29T16:43:18.447+0000] {processor.py:186} INFO - Started process (PID=326) to work on /home/airflow/.local/lib/python3.12/site-packages/airflow/example_dags/example_inlet_event_extra.py
[2025-01-29T16:43:18.449+0000] {processor.py:914} INFO - Processing file /home/airflow/.local/lib/python3.12/site-packages/airflow/example_dags/example_inlet_event_extra.py for tasks to queue
[2025-01-29T16:43:18.451+0000] {logging_mixin.py:190} INFO - [2025-01-29T16:43:18.451+0000] {dagbag.py:588} INFO - Filling up the DagBag from /home/airflow/.local/lib/python3.12/site-packages/airflow/example_dags/example_inlet_event_extra.py
[2025-01-29T16:43:18.996+0000] {processor.py:925} INFO - DAG(s) 'read_dataset_event_from_classic', 'read_dataset_event' retrieved from /home/airflow/.local/lib/python3.12/site-packages/airflow/example_dags/example_inlet_event_extra.py
[2025-01-29T16:43:19.013+0000] {logging_mixin.py:190} INFO - [2025-01-29T16:43:19.013+0000] {dag.py:3239} INFO - Sync 2 DAGs
[2025-01-29T16:43:19.030+0000] {logging_mixin.py:190} INFO - [2025-01-29T16:43:19.029+0000] {dag.py:4180} INFO - Setting next_dagrun for read_dataset_event to 2025-01-28 00:00:00+00:00, run_after=2025-01-29 00:00:00+00:00
[2025-01-29T16:43:19.033+0000] {logging_mixin.py:190} INFO - [2025-01-29T16:43:19.033+0000] {dag.py:4180} INFO - Setting next_dagrun for read_dataset_event_from_classic to 2025-01-28 00:00:00+00:00, run_after=2025-01-29 00:00:00+00:00
[2025-01-29T16:43:19.046+0000] {processor.py:208} INFO - Processing /home/airflow/.local/lib/python3.12/site-packages/airflow/example_dags/example_inlet_event_extra.py took 0.604 seconds
