[2025-01-29T16:41:44.044+0000] {processor.py:186} INFO - Started process (PID=132) to work on /home/airflow/.local/lib/python3.12/site-packages/airflow/example_dags/example_kubernetes_executor.py
[2025-01-29T16:41:44.053+0000] {processor.py:914} INFO - Processing file /home/airflow/.local/lib/python3.12/site-packages/airflow/example_dags/example_kubernetes_executor.py for tasks to queue
[2025-01-29T16:41:44.106+0000] {logging_mixin.py:190} INFO - [2025-01-29T16:41:44.106+0000] {dagbag.py:588} INFO - Filling up the DagBag from /home/airflow/.local/lib/python3.12/site-packages/airflow/example_dags/example_kubernetes_executor.py
[2025-01-29T16:41:44.232+0000] {processor.py:925} INFO - DAG(s) 'example_kubernetes_executor' retrieved from /home/airflow/.local/lib/python3.12/site-packages/airflow/example_dags/example_kubernetes_executor.py
[2025-01-29T16:41:44.751+0000] {logging_mixin.py:190} INFO - [2025-01-29T16:41:44.750+0000] {override.py:1911} INFO - Created Permission View: can delete on DAG:example_kubernetes_executor
[2025-01-29T16:41:44.779+0000] {logging_mixin.py:190} INFO - [2025-01-29T16:41:44.779+0000] {override.py:1911} INFO - Created Permission View: can read on DAG:example_kubernetes_executor
[2025-01-29T16:41:44.800+0000] {logging_mixin.py:190} INFO - [2025-01-29T16:41:44.799+0000] {override.py:1911} INFO - Created Permission View: can edit on DAG:example_kubernetes_executor
[2025-01-29T16:41:44.820+0000] {logging_mixin.py:190} INFO - [2025-01-29T16:41:44.819+0000] {override.py:1911} INFO - Created Permission View: can delete on DAG Run:example_kubernetes_executor
[2025-01-29T16:41:44.841+0000] {logging_mixin.py:190} INFO - [2025-01-29T16:41:44.841+0000] {override.py:1911} INFO - Created Permission View: can read on DAG Run:example_kubernetes_executor
[2025-01-29T16:41:44.863+0000] {logging_mixin.py:190} INFO - [2025-01-29T16:41:44.862+0000] {override.py:1911} INFO - Created Permission View: menu access on DAG Run:example_kubernetes_executor
[2025-01-29T16:41:44.891+0000] {logging_mixin.py:190} INFO - [2025-01-29T16:41:44.890+0000] {override.py:1911} INFO - Created Permission View: can create on DAG Run:example_kubernetes_executor
[2025-01-29T16:41:44.892+0000] {logging_mixin.py:190} INFO - [2025-01-29T16:41:44.892+0000] {dag.py:3239} INFO - Sync 1 DAGs
[2025-01-29T16:41:44.962+0000] {logging_mixin.py:190} INFO - [2025-01-29T16:41:44.961+0000] {dag.py:3262} INFO - Creating ORM DAG for example_kubernetes_executor
[2025-01-29T16:41:44.966+0000] {logging_mixin.py:190} INFO - [2025-01-29T16:41:44.965+0000] {dag.py:4180} INFO - Setting next_dagrun for example_kubernetes_executor to None, run_after=None
[2025-01-29T16:41:45.017+0000] {processor.py:208} INFO - Processing /home/airflow/.local/lib/python3.12/site-packages/airflow/example_dags/example_kubernetes_executor.py took 1.052 seconds
[2025-01-29T16:42:15.157+0000] {processor.py:186} INFO - Started process (PID=194) to work on /home/airflow/.local/lib/python3.12/site-packages/airflow/example_dags/example_kubernetes_executor.py
[2025-01-29T16:42:15.159+0000] {processor.py:914} INFO - Processing file /home/airflow/.local/lib/python3.12/site-packages/airflow/example_dags/example_kubernetes_executor.py for tasks to queue
[2025-01-29T16:42:15.161+0000] {logging_mixin.py:190} INFO - [2025-01-29T16:42:15.160+0000] {dagbag.py:588} INFO - Filling up the DagBag from /home/airflow/.local/lib/python3.12/site-packages/airflow/example_dags/example_kubernetes_executor.py
[2025-01-29T16:42:15.174+0000] {processor.py:925} INFO - DAG(s) 'example_kubernetes_executor' retrieved from /home/airflow/.local/lib/python3.12/site-packages/airflow/example_dags/example_kubernetes_executor.py
[2025-01-29T16:42:15.199+0000] {logging_mixin.py:190} INFO - [2025-01-29T16:42:15.198+0000] {dag.py:3239} INFO - Sync 1 DAGs
[2025-01-29T16:42:15.212+0000] {logging_mixin.py:190} INFO - [2025-01-29T16:42:15.212+0000] {dag.py:4180} INFO - Setting next_dagrun for example_kubernetes_executor to None, run_after=None
[2025-01-29T16:42:15.227+0000] {processor.py:208} INFO - Processing /home/airflow/.local/lib/python3.12/site-packages/airflow/example_dags/example_kubernetes_executor.py took 0.077 seconds
[2025-01-29T16:42:45.829+0000] {processor.py:186} INFO - Started process (PID=257) to work on /home/airflow/.local/lib/python3.12/site-packages/airflow/example_dags/example_kubernetes_executor.py
[2025-01-29T16:42:45.830+0000] {processor.py:914} INFO - Processing file /home/airflow/.local/lib/python3.12/site-packages/airflow/example_dags/example_kubernetes_executor.py for tasks to queue
[2025-01-29T16:42:45.833+0000] {logging_mixin.py:190} INFO - [2025-01-29T16:42:45.833+0000] {dagbag.py:588} INFO - Filling up the DagBag from /home/airflow/.local/lib/python3.12/site-packages/airflow/example_dags/example_kubernetes_executor.py
[2025-01-29T16:42:45.846+0000] {processor.py:925} INFO - DAG(s) 'example_kubernetes_executor' retrieved from /home/airflow/.local/lib/python3.12/site-packages/airflow/example_dags/example_kubernetes_executor.py
[2025-01-29T16:42:45.878+0000] {logging_mixin.py:190} INFO - [2025-01-29T16:42:45.877+0000] {dag.py:3239} INFO - Sync 1 DAGs
[2025-01-29T16:42:45.888+0000] {logging_mixin.py:190} INFO - [2025-01-29T16:42:45.888+0000] {dag.py:4180} INFO - Setting next_dagrun for example_kubernetes_executor to None, run_after=None
[2025-01-29T16:42:45.925+0000] {processor.py:208} INFO - Processing /home/airflow/.local/lib/python3.12/site-packages/airflow/example_dags/example_kubernetes_executor.py took 0.102 seconds
[2025-01-29T16:43:16.148+0000] {processor.py:186} INFO - Started process (PID=320) to work on /home/airflow/.local/lib/python3.12/site-packages/airflow/example_dags/example_kubernetes_executor.py
[2025-01-29T16:43:16.150+0000] {processor.py:914} INFO - Processing file /home/airflow/.local/lib/python3.12/site-packages/airflow/example_dags/example_kubernetes_executor.py for tasks to queue
[2025-01-29T16:43:16.152+0000] {logging_mixin.py:190} INFO - [2025-01-29T16:43:16.152+0000] {dagbag.py:588} INFO - Filling up the DagBag from /home/airflow/.local/lib/python3.12/site-packages/airflow/example_dags/example_kubernetes_executor.py
[2025-01-29T16:43:16.164+0000] {processor.py:925} INFO - DAG(s) 'example_kubernetes_executor' retrieved from /home/airflow/.local/lib/python3.12/site-packages/airflow/example_dags/example_kubernetes_executor.py
[2025-01-29T16:43:16.194+0000] {logging_mixin.py:190} INFO - [2025-01-29T16:43:16.194+0000] {dag.py:3239} INFO - Sync 1 DAGs
[2025-01-29T16:43:16.207+0000] {logging_mixin.py:190} INFO - [2025-01-29T16:43:16.207+0000] {dag.py:4180} INFO - Setting next_dagrun for example_kubernetes_executor to None, run_after=None
[2025-01-29T16:43:16.227+0000] {processor.py:208} INFO - Processing /home/airflow/.local/lib/python3.12/site-packages/airflow/example_dags/example_kubernetes_executor.py took 0.086 seconds
