[2025-01-29T16:41:34.026+0000] {processor.py:186} INFO - Started process (PID=97) to work on /home/airflow/.local/lib/python3.12/site-packages/airflow/example_dags/example_datasets.py
[2025-01-29T16:41:34.028+0000] {processor.py:914} INFO - Processing file /home/airflow/.local/lib/python3.12/site-packages/airflow/example_dags/example_datasets.py for tasks to queue
[2025-01-29T16:41:34.031+0000] {logging_mixin.py:190} INFO - [2025-01-29T16:41:34.031+0000] {dagbag.py:588} INFO - Filling up the DagBag from /home/airflow/.local/lib/python3.12/site-packages/airflow/example_dags/example_datasets.py
[2025-01-29T16:41:35.143+0000] {processor.py:925} INFO - DAG(s) 'dataset_consumes_1_and_2', 'dataset_consumes_1', 'consume_1_or_2_with_dataset_expressions', 'consume_1_and_2_with_dataset_expressions', 'dataset_consumes_unknown_never_scheduled', 'dataset_consumes_1_never_scheduled', 'conditional_dataset_and_time_based_timetable', 'consume_1_or_both_2_and_3_with_dataset_expressions', 'dataset_produces_1', 'dataset_produces_2' retrieved from /home/airflow/.local/lib/python3.12/site-packages/airflow/example_dags/example_datasets.py
[2025-01-29T16:41:35.348+0000] {logging_mixin.py:190} INFO - [2025-01-29T16:41:35.347+0000] {override.py:1911} INFO - Created Permission View: can delete on DAG:dataset_consumes_1_and_2
[2025-01-29T16:41:35.368+0000] {logging_mixin.py:190} INFO - [2025-01-29T16:41:35.367+0000] {override.py:1911} INFO - Created Permission View: can read on DAG:dataset_consumes_1_and_2
[2025-01-29T16:41:35.381+0000] {logging_mixin.py:190} INFO - [2025-01-29T16:41:35.381+0000] {override.py:1911} INFO - Created Permission View: can edit on DAG:dataset_consumes_1_and_2
[2025-01-29T16:41:35.396+0000] {logging_mixin.py:190} INFO - [2025-01-29T16:41:35.395+0000] {override.py:1911} INFO - Created Permission View: can delete on DAG Run:dataset_consumes_1_and_2
[2025-01-29T16:41:35.410+0000] {logging_mixin.py:190} INFO - [2025-01-29T16:41:35.409+0000] {override.py:1911} INFO - Created Permission View: can read on DAG Run:dataset_consumes_1_and_2
[2025-01-29T16:41:35.421+0000] {logging_mixin.py:190} INFO - [2025-01-29T16:41:35.420+0000] {override.py:1911} INFO - Created Permission View: menu access on DAG Run:dataset_consumes_1_and_2
[2025-01-29T16:41:35.430+0000] {logging_mixin.py:190} INFO - [2025-01-29T16:41:35.430+0000] {override.py:1911} INFO - Created Permission View: can create on DAG Run:dataset_consumes_1_and_2
[2025-01-29T16:41:35.448+0000] {logging_mixin.py:190} INFO - [2025-01-29T16:41:35.447+0000] {override.py:1911} INFO - Created Permission View: can delete on DAG:dataset_consumes_1
[2025-01-29T16:41:35.459+0000] {logging_mixin.py:190} INFO - [2025-01-29T16:41:35.458+0000] {override.py:1911} INFO - Created Permission View: can read on DAG:dataset_consumes_1
[2025-01-29T16:41:35.469+0000] {logging_mixin.py:190} INFO - [2025-01-29T16:41:35.468+0000] {override.py:1911} INFO - Created Permission View: can edit on DAG:dataset_consumes_1
[2025-01-29T16:41:35.480+0000] {logging_mixin.py:190} INFO - [2025-01-29T16:41:35.479+0000] {override.py:1911} INFO - Created Permission View: can delete on DAG Run:dataset_consumes_1
[2025-01-29T16:41:35.489+0000] {logging_mixin.py:190} INFO - [2025-01-29T16:41:35.489+0000] {override.py:1911} INFO - Created Permission View: can read on DAG Run:dataset_consumes_1
[2025-01-29T16:41:35.500+0000] {logging_mixin.py:190} INFO - [2025-01-29T16:41:35.499+0000] {override.py:1911} INFO - Created Permission View: menu access on DAG Run:dataset_consumes_1
[2025-01-29T16:41:35.511+0000] {logging_mixin.py:190} INFO - [2025-01-29T16:41:35.510+0000] {override.py:1911} INFO - Created Permission View: can create on DAG Run:dataset_consumes_1
[2025-01-29T16:41:35.530+0000] {logging_mixin.py:190} INFO - [2025-01-29T16:41:35.529+0000] {override.py:1911} INFO - Created Permission View: can delete on DAG:consume_1_or_2_with_dataset_expressions
[2025-01-29T16:41:35.539+0000] {logging_mixin.py:190} INFO - [2025-01-29T16:41:35.539+0000] {override.py:1911} INFO - Created Permission View: can read on DAG:consume_1_or_2_with_dataset_expressions
[2025-01-29T16:41:35.551+0000] {logging_mixin.py:190} INFO - [2025-01-29T16:41:35.550+0000] {override.py:1911} INFO - Created Permission View: can edit on DAG:consume_1_or_2_with_dataset_expressions
[2025-01-29T16:41:35.562+0000] {logging_mixin.py:190} INFO - [2025-01-29T16:41:35.562+0000] {override.py:1911} INFO - Created Permission View: can delete on DAG Run:consume_1_or_2_with_dataset_expressions
[2025-01-29T16:41:35.573+0000] {logging_mixin.py:190} INFO - [2025-01-29T16:41:35.573+0000] {override.py:1911} INFO - Created Permission View: can read on DAG Run:consume_1_or_2_with_dataset_expressions
[2025-01-29T16:41:35.588+0000] {logging_mixin.py:190} INFO - [2025-01-29T16:41:35.587+0000] {override.py:1911} INFO - Created Permission View: menu access on DAG Run:consume_1_or_2_with_dataset_expressions
[2025-01-29T16:41:35.597+0000] {logging_mixin.py:190} INFO - [2025-01-29T16:41:35.597+0000] {override.py:1911} INFO - Created Permission View: can create on DAG Run:consume_1_or_2_with_dataset_expressions
[2025-01-29T16:41:35.616+0000] {logging_mixin.py:190} INFO - [2025-01-29T16:41:35.615+0000] {override.py:1911} INFO - Created Permission View: can delete on DAG:consume_1_and_2_with_dataset_expressions
[2025-01-29T16:41:35.626+0000] {logging_mixin.py:190} INFO - [2025-01-29T16:41:35.625+0000] {override.py:1911} INFO - Created Permission View: can read on DAG:consume_1_and_2_with_dataset_expressions
[2025-01-29T16:41:35.635+0000] {logging_mixin.py:190} INFO - [2025-01-29T16:41:35.635+0000] {override.py:1911} INFO - Created Permission View: can edit on DAG:consume_1_and_2_with_dataset_expressions
[2025-01-29T16:41:35.645+0000] {logging_mixin.py:190} INFO - [2025-01-29T16:41:35.645+0000] {override.py:1911} INFO - Created Permission View: can delete on DAG Run:consume_1_and_2_with_dataset_expressions
[2025-01-29T16:41:35.655+0000] {logging_mixin.py:190} INFO - [2025-01-29T16:41:35.654+0000] {override.py:1911} INFO - Created Permission View: can read on DAG Run:consume_1_and_2_with_dataset_expressions
[2025-01-29T16:41:35.664+0000] {logging_mixin.py:190} INFO - [2025-01-29T16:41:35.663+0000] {override.py:1911} INFO - Created Permission View: menu access on DAG Run:consume_1_and_2_with_dataset_expressions
[2025-01-29T16:41:35.675+0000] {logging_mixin.py:190} INFO - [2025-01-29T16:41:35.674+0000] {override.py:1911} INFO - Created Permission View: can create on DAG Run:consume_1_and_2_with_dataset_expressions
[2025-01-29T16:41:35.691+0000] {logging_mixin.py:190} INFO - [2025-01-29T16:41:35.691+0000] {override.py:1911} INFO - Created Permission View: can delete on DAG:dataset_consumes_unknown_never_scheduled
[2025-01-29T16:41:35.700+0000] {logging_mixin.py:190} INFO - [2025-01-29T16:41:35.700+0000] {override.py:1911} INFO - Created Permission View: can read on DAG:dataset_consumes_unknown_never_scheduled
[2025-01-29T16:41:35.709+0000] {logging_mixin.py:190} INFO - [2025-01-29T16:41:35.708+0000] {override.py:1911} INFO - Created Permission View: can edit on DAG:dataset_consumes_unknown_never_scheduled
[2025-01-29T16:41:35.719+0000] {logging_mixin.py:190} INFO - [2025-01-29T16:41:35.718+0000] {override.py:1911} INFO - Created Permission View: can delete on DAG Run:dataset_consumes_unknown_never_scheduled
[2025-01-29T16:41:35.740+0000] {logging_mixin.py:190} INFO - [2025-01-29T16:41:35.739+0000] {override.py:1911} INFO - Created Permission View: can read on DAG Run:dataset_consumes_unknown_never_scheduled
[2025-01-29T16:41:35.753+0000] {logging_mixin.py:190} INFO - [2025-01-29T16:41:35.752+0000] {override.py:1911} INFO - Created Permission View: menu access on DAG Run:dataset_consumes_unknown_never_scheduled
[2025-01-29T16:41:35.762+0000] {logging_mixin.py:190} INFO - [2025-01-29T16:41:35.762+0000] {override.py:1911} INFO - Created Permission View: can create on DAG Run:dataset_consumes_unknown_never_scheduled
[2025-01-29T16:41:35.778+0000] {logging_mixin.py:190} INFO - [2025-01-29T16:41:35.778+0000] {override.py:1911} INFO - Created Permission View: can delete on DAG:dataset_consumes_1_never_scheduled
[2025-01-29T16:41:35.787+0000] {logging_mixin.py:190} INFO - [2025-01-29T16:41:35.787+0000] {override.py:1911} INFO - Created Permission View: can read on DAG:dataset_consumes_1_never_scheduled
[2025-01-29T16:41:35.797+0000] {logging_mixin.py:190} INFO - [2025-01-29T16:41:35.796+0000] {override.py:1911} INFO - Created Permission View: can edit on DAG:dataset_consumes_1_never_scheduled
[2025-01-29T16:41:35.808+0000] {logging_mixin.py:190} INFO - [2025-01-29T16:41:35.807+0000] {override.py:1911} INFO - Created Permission View: can delete on DAG Run:dataset_consumes_1_never_scheduled
[2025-01-29T16:41:35.819+0000] {logging_mixin.py:190} INFO - [2025-01-29T16:41:35.818+0000] {override.py:1911} INFO - Created Permission View: can read on DAG Run:dataset_consumes_1_never_scheduled
[2025-01-29T16:41:35.831+0000] {logging_mixin.py:190} INFO - [2025-01-29T16:41:35.831+0000] {override.py:1911} INFO - Created Permission View: menu access on DAG Run:dataset_consumes_1_never_scheduled
[2025-01-29T16:41:35.843+0000] {logging_mixin.py:190} INFO - [2025-01-29T16:41:35.842+0000] {override.py:1911} INFO - Created Permission View: can create on DAG Run:dataset_consumes_1_never_scheduled
[2025-01-29T16:41:35.863+0000] {logging_mixin.py:190} INFO - [2025-01-29T16:41:35.863+0000] {override.py:1911} INFO - Created Permission View: can delete on DAG:conditional_dataset_and_time_based_timetable
[2025-01-29T16:41:35.874+0000] {logging_mixin.py:190} INFO - [2025-01-29T16:41:35.873+0000] {override.py:1911} INFO - Created Permission View: can read on DAG:conditional_dataset_and_time_based_timetable
[2025-01-29T16:41:35.884+0000] {logging_mixin.py:190} INFO - [2025-01-29T16:41:35.883+0000] {override.py:1911} INFO - Created Permission View: can edit on DAG:conditional_dataset_and_time_based_timetable
[2025-01-29T16:41:35.897+0000] {logging_mixin.py:190} INFO - [2025-01-29T16:41:35.896+0000] {override.py:1911} INFO - Created Permission View: can delete on DAG Run:conditional_dataset_and_time_based_timetable
[2025-01-29T16:41:35.910+0000] {logging_mixin.py:190} INFO - [2025-01-29T16:41:35.910+0000] {override.py:1911} INFO - Created Permission View: can read on DAG Run:conditional_dataset_and_time_based_timetable
[2025-01-29T16:41:35.921+0000] {logging_mixin.py:190} INFO - [2025-01-29T16:41:35.921+0000] {override.py:1911} INFO - Created Permission View: menu access on DAG Run:conditional_dataset_and_time_based_timetable
[2025-01-29T16:41:35.932+0000] {logging_mixin.py:190} INFO - [2025-01-29T16:41:35.931+0000] {override.py:1911} INFO - Created Permission View: can create on DAG Run:conditional_dataset_and_time_based_timetable
[2025-01-29T16:41:35.968+0000] {logging_mixin.py:190} INFO - [2025-01-29T16:41:35.968+0000] {override.py:1911} INFO - Created Permission View: can delete on DAG:consume_1_or_both_2_and_3_with_dataset_expressions
[2025-01-29T16:41:35.980+0000] {logging_mixin.py:190} INFO - [2025-01-29T16:41:35.979+0000] {override.py:1911} INFO - Created Permission View: can read on DAG:consume_1_or_both_2_and_3_with_dataset_expressions
[2025-01-29T16:41:35.993+0000] {logging_mixin.py:190} INFO - [2025-01-29T16:41:35.992+0000] {override.py:1911} INFO - Created Permission View: can edit on DAG:consume_1_or_both_2_and_3_with_dataset_expressions
[2025-01-29T16:41:36.008+0000] {logging_mixin.py:190} INFO - [2025-01-29T16:41:36.008+0000] {override.py:1911} INFO - Created Permission View: can delete on DAG Run:consume_1_or_both_2_and_3_with_dataset_expressions
[2025-01-29T16:41:36.020+0000] {logging_mixin.py:190} INFO - [2025-01-29T16:41:36.019+0000] {override.py:1911} INFO - Created Permission View: can read on DAG Run:consume_1_or_both_2_and_3_with_dataset_expressions
[2025-01-29T16:41:36.030+0000] {logging_mixin.py:190} INFO - [2025-01-29T16:41:36.029+0000] {override.py:1911} INFO - Created Permission View: menu access on DAG Run:consume_1_or_both_2_and_3_with_dataset_expressions
[2025-01-29T16:41:36.040+0000] {logging_mixin.py:190} INFO - [2025-01-29T16:41:36.039+0000] {override.py:1911} INFO - Created Permission View: can create on DAG Run:consume_1_or_both_2_and_3_with_dataset_expressions
[2025-01-29T16:41:36.058+0000] {logging_mixin.py:190} INFO - [2025-01-29T16:41:36.058+0000] {override.py:1911} INFO - Created Permission View: can delete on DAG:dataset_produces_1
[2025-01-29T16:41:36.067+0000] {logging_mixin.py:190} INFO - [2025-01-29T16:41:36.067+0000] {override.py:1911} INFO - Created Permission View: can read on DAG:dataset_produces_1
[2025-01-29T16:41:36.077+0000] {logging_mixin.py:190} INFO - [2025-01-29T16:41:36.076+0000] {override.py:1911} INFO - Created Permission View: can edit on DAG:dataset_produces_1
[2025-01-29T16:41:36.087+0000] {logging_mixin.py:190} INFO - [2025-01-29T16:41:36.087+0000] {override.py:1911} INFO - Created Permission View: can delete on DAG Run:dataset_produces_1
[2025-01-29T16:41:36.096+0000] {logging_mixin.py:190} INFO - [2025-01-29T16:41:36.096+0000] {override.py:1911} INFO - Created Permission View: can read on DAG Run:dataset_produces_1
[2025-01-29T16:41:36.106+0000] {logging_mixin.py:190} INFO - [2025-01-29T16:41:36.106+0000] {override.py:1911} INFO - Created Permission View: menu access on DAG Run:dataset_produces_1
[2025-01-29T16:41:36.118+0000] {logging_mixin.py:190} INFO - [2025-01-29T16:41:36.118+0000] {override.py:1911} INFO - Created Permission View: can create on DAG Run:dataset_produces_1
[2025-01-29T16:41:36.134+0000] {logging_mixin.py:190} INFO - [2025-01-29T16:41:36.133+0000] {override.py:1911} INFO - Created Permission View: can delete on DAG:dataset_produces_2
[2025-01-29T16:41:36.143+0000] {logging_mixin.py:190} INFO - [2025-01-29T16:41:36.142+0000] {override.py:1911} INFO - Created Permission View: can read on DAG:dataset_produces_2
[2025-01-29T16:41:36.152+0000] {logging_mixin.py:190} INFO - [2025-01-29T16:41:36.151+0000] {override.py:1911} INFO - Created Permission View: can edit on DAG:dataset_produces_2
[2025-01-29T16:41:36.162+0000] {logging_mixin.py:190} INFO - [2025-01-29T16:41:36.161+0000] {override.py:1911} INFO - Created Permission View: can delete on DAG Run:dataset_produces_2
[2025-01-29T16:41:36.172+0000] {logging_mixin.py:190} INFO - [2025-01-29T16:41:36.172+0000] {override.py:1911} INFO - Created Permission View: can read on DAG Run:dataset_produces_2
[2025-01-29T16:41:36.181+0000] {logging_mixin.py:190} INFO - [2025-01-29T16:41:36.180+0000] {override.py:1911} INFO - Created Permission View: menu access on DAG Run:dataset_produces_2
[2025-01-29T16:41:36.197+0000] {logging_mixin.py:190} INFO - [2025-01-29T16:41:36.197+0000] {override.py:1911} INFO - Created Permission View: can create on DAG Run:dataset_produces_2
[2025-01-29T16:41:36.198+0000] {logging_mixin.py:190} INFO - [2025-01-29T16:41:36.198+0000] {dag.py:3239} INFO - Sync 10 DAGs
[2025-01-29T16:41:36.216+0000] {logging_mixin.py:190} INFO - [2025-01-29T16:41:36.216+0000] {dag.py:3262} INFO - Creating ORM DAG for dataset_produces_2
[2025-01-29T16:41:36.218+0000] {logging_mixin.py:190} INFO - [2025-01-29T16:41:36.217+0000] {dag.py:3262} INFO - Creating ORM DAG for dataset_consumes_unknown_never_scheduled
[2025-01-29T16:41:36.219+0000] {logging_mixin.py:190} INFO - [2025-01-29T16:41:36.218+0000] {dag.py:3262} INFO - Creating ORM DAG for dataset_consumes_1_and_2
[2025-01-29T16:41:36.220+0000] {logging_mixin.py:190} INFO - [2025-01-29T16:41:36.220+0000] {dag.py:3262} INFO - Creating ORM DAG for dataset_consumes_1_never_scheduled
[2025-01-29T16:41:36.221+0000] {logging_mixin.py:190} INFO - [2025-01-29T16:41:36.221+0000] {dag.py:3262} INFO - Creating ORM DAG for dataset_consumes_1
[2025-01-29T16:41:36.222+0000] {logging_mixin.py:190} INFO - [2025-01-29T16:41:36.222+0000] {dag.py:3262} INFO - Creating ORM DAG for consume_1_and_2_with_dataset_expressions
[2025-01-29T16:41:36.223+0000] {logging_mixin.py:190} INFO - [2025-01-29T16:41:36.223+0000] {dag.py:3262} INFO - Creating ORM DAG for consume_1_or_both_2_and_3_with_dataset_expressions
[2025-01-29T16:41:36.224+0000] {logging_mixin.py:190} INFO - [2025-01-29T16:41:36.224+0000] {dag.py:3262} INFO - Creating ORM DAG for consume_1_or_2_with_dataset_expressions
[2025-01-29T16:41:36.225+0000] {logging_mixin.py:190} INFO - [2025-01-29T16:41:36.225+0000] {dag.py:3262} INFO - Creating ORM DAG for conditional_dataset_and_time_based_timetable
[2025-01-29T16:41:36.226+0000] {logging_mixin.py:190} INFO - [2025-01-29T16:41:36.226+0000] {dag.py:3262} INFO - Creating ORM DAG for dataset_produces_1
[2025-01-29T16:41:36.240+0000] {logging_mixin.py:190} INFO - [2025-01-29T16:41:36.240+0000] {dag.py:4180} INFO - Setting next_dagrun for conditional_dataset_and_time_based_timetable to 2025-01-29 01:00:00+00:00, run_after=2025-01-29 01:00:00+00:00
[2025-01-29T16:41:36.241+0000] {logging_mixin.py:190} INFO - [2025-01-29T16:41:36.241+0000] {dag.py:4180} INFO - Setting next_dagrun for consume_1_and_2_with_dataset_expressions to None, run_after=None
[2025-01-29T16:41:36.242+0000] {logging_mixin.py:190} INFO - [2025-01-29T16:41:36.242+0000] {dag.py:4180} INFO - Setting next_dagrun for consume_1_or_2_with_dataset_expressions to None, run_after=None
[2025-01-29T16:41:36.243+0000] {logging_mixin.py:190} INFO - [2025-01-29T16:41:36.243+0000] {dag.py:4180} INFO - Setting next_dagrun for consume_1_or_both_2_and_3_with_dataset_expressions to None, run_after=None
[2025-01-29T16:41:36.244+0000] {logging_mixin.py:190} INFO - [2025-01-29T16:41:36.244+0000] {dag.py:4180} INFO - Setting next_dagrun for dataset_consumes_1 to None, run_after=None
[2025-01-29T16:41:36.246+0000] {logging_mixin.py:190} INFO - [2025-01-29T16:41:36.246+0000] {dag.py:4180} INFO - Setting next_dagrun for dataset_consumes_1_and_2 to None, run_after=None
[2025-01-29T16:41:36.249+0000] {logging_mixin.py:190} INFO - [2025-01-29T16:41:36.249+0000] {dag.py:4180} INFO - Setting next_dagrun for dataset_consumes_1_never_scheduled to None, run_after=None
[2025-01-29T16:41:36.250+0000] {logging_mixin.py:190} INFO - [2025-01-29T16:41:36.250+0000] {dag.py:4180} INFO - Setting next_dagrun for dataset_consumes_unknown_never_scheduled to None, run_after=None
[2025-01-29T16:41:36.253+0000] {logging_mixin.py:190} INFO - [2025-01-29T16:41:36.253+0000] {dag.py:4180} INFO - Setting next_dagrun for dataset_produces_1 to 2025-01-28 00:00:00+00:00, run_after=2025-01-29 00:00:00+00:00
[2025-01-29T16:41:36.254+0000] {logging_mixin.py:190} INFO - [2025-01-29T16:41:36.254+0000] {dag.py:4180} INFO - Setting next_dagrun for dataset_produces_2 to None, run_after=None
[2025-01-29T16:41:36.321+0000] {processor.py:208} INFO - Processing /home/airflow/.local/lib/python3.12/site-packages/airflow/example_dags/example_datasets.py took 2.313 seconds
[2025-01-29T16:42:07.099+0000] {processor.py:186} INFO - Started process (PID=164) to work on /home/airflow/.local/lib/python3.12/site-packages/airflow/example_dags/example_datasets.py
[2025-01-29T16:42:07.101+0000] {processor.py:914} INFO - Processing file /home/airflow/.local/lib/python3.12/site-packages/airflow/example_dags/example_datasets.py for tasks to queue
[2025-01-29T16:42:07.103+0000] {logging_mixin.py:190} INFO - [2025-01-29T16:42:07.103+0000] {dagbag.py:588} INFO - Filling up the DagBag from /home/airflow/.local/lib/python3.12/site-packages/airflow/example_dags/example_datasets.py
[2025-01-29T16:42:07.726+0000] {processor.py:925} INFO - DAG(s) 'dataset_consumes_1', 'consume_1_and_2_with_dataset_expressions', 'conditional_dataset_and_time_based_timetable', 'consume_1_or_2_with_dataset_expressions', 'dataset_consumes_1_never_scheduled', 'dataset_produces_1', 'consume_1_or_both_2_and_3_with_dataset_expressions', 'dataset_consumes_1_and_2', 'dataset_consumes_unknown_never_scheduled', 'dataset_produces_2' retrieved from /home/airflow/.local/lib/python3.12/site-packages/airflow/example_dags/example_datasets.py
[2025-01-29T16:42:07.777+0000] {logging_mixin.py:190} INFO - [2025-01-29T16:42:07.777+0000] {dag.py:3239} INFO - Sync 10 DAGs
[2025-01-29T16:42:07.799+0000] {logging_mixin.py:190} INFO - [2025-01-29T16:42:07.798+0000] {dag.py:4180} INFO - Setting next_dagrun for conditional_dataset_and_time_based_timetable to 2025-01-29 01:00:00+00:00, run_after=2025-01-29 01:00:00+00:00
[2025-01-29T16:42:07.802+0000] {logging_mixin.py:190} INFO - [2025-01-29T16:42:07.802+0000] {dag.py:4180} INFO - Setting next_dagrun for consume_1_and_2_with_dataset_expressions to None, run_after=None
[2025-01-29T16:42:07.803+0000] {logging_mixin.py:190} INFO - [2025-01-29T16:42:07.803+0000] {dag.py:4180} INFO - Setting next_dagrun for consume_1_or_2_with_dataset_expressions to None, run_after=None
[2025-01-29T16:42:07.805+0000] {logging_mixin.py:190} INFO - [2025-01-29T16:42:07.804+0000] {dag.py:4180} INFO - Setting next_dagrun for consume_1_or_both_2_and_3_with_dataset_expressions to None, run_after=None
[2025-01-29T16:42:07.806+0000] {logging_mixin.py:190} INFO - [2025-01-29T16:42:07.805+0000] {dag.py:4180} INFO - Setting next_dagrun for dataset_consumes_1 to None, run_after=None
[2025-01-29T16:42:07.807+0000] {logging_mixin.py:190} INFO - [2025-01-29T16:42:07.807+0000] {dag.py:4180} INFO - Setting next_dagrun for dataset_consumes_1_and_2 to None, run_after=None
[2025-01-29T16:42:07.808+0000] {logging_mixin.py:190} INFO - [2025-01-29T16:42:07.808+0000] {dag.py:4180} INFO - Setting next_dagrun for dataset_consumes_1_never_scheduled to None, run_after=None
[2025-01-29T16:42:07.809+0000] {logging_mixin.py:190} INFO - [2025-01-29T16:42:07.809+0000] {dag.py:4180} INFO - Setting next_dagrun for dataset_consumes_unknown_never_scheduled to None, run_after=None
[2025-01-29T16:42:07.812+0000] {logging_mixin.py:190} INFO - [2025-01-29T16:42:07.812+0000] {dag.py:4180} INFO - Setting next_dagrun for dataset_produces_1 to 2025-01-28 00:00:00+00:00, run_after=2025-01-29 00:00:00+00:00
[2025-01-29T16:42:07.813+0000] {logging_mixin.py:190} INFO - [2025-01-29T16:42:07.813+0000] {dag.py:4180} INFO - Setting next_dagrun for dataset_produces_2 to None, run_after=None
[2025-01-29T16:42:07.856+0000] {processor.py:208} INFO - Processing /home/airflow/.local/lib/python3.12/site-packages/airflow/example_dags/example_datasets.py took 0.765 seconds
[2025-01-29T16:42:38.056+0000] {processor.py:186} INFO - Started process (PID=239) to work on /home/airflow/.local/lib/python3.12/site-packages/airflow/example_dags/example_datasets.py
[2025-01-29T16:42:38.058+0000] {processor.py:914} INFO - Processing file /home/airflow/.local/lib/python3.12/site-packages/airflow/example_dags/example_datasets.py for tasks to queue
[2025-01-29T16:42:38.060+0000] {logging_mixin.py:190} INFO - [2025-01-29T16:42:38.060+0000] {dagbag.py:588} INFO - Filling up the DagBag from /home/airflow/.local/lib/python3.12/site-packages/airflow/example_dags/example_datasets.py
[2025-01-29T16:42:38.557+0000] {processor.py:925} INFO - DAG(s) 'conditional_dataset_and_time_based_timetable', 'consume_1_and_2_with_dataset_expressions', 'dataset_consumes_1', 'consume_1_or_2_with_dataset_expressions', 'dataset_consumes_1_and_2', 'dataset_produces_2', 'dataset_consumes_unknown_never_scheduled', 'dataset_produces_1', 'consume_1_or_both_2_and_3_with_dataset_expressions', 'dataset_consumes_1_never_scheduled' retrieved from /home/airflow/.local/lib/python3.12/site-packages/airflow/example_dags/example_datasets.py
[2025-01-29T16:42:38.594+0000] {logging_mixin.py:190} INFO - [2025-01-29T16:42:38.593+0000] {dag.py:3239} INFO - Sync 10 DAGs
[2025-01-29T16:42:38.615+0000] {logging_mixin.py:190} INFO - [2025-01-29T16:42:38.615+0000] {dag.py:4180} INFO - Setting next_dagrun for conditional_dataset_and_time_based_timetable to 2025-01-29 01:00:00+00:00, run_after=2025-01-29 01:00:00+00:00
[2025-01-29T16:42:38.619+0000] {logging_mixin.py:190} INFO - [2025-01-29T16:42:38.619+0000] {dag.py:4180} INFO - Setting next_dagrun for consume_1_and_2_with_dataset_expressions to None, run_after=None
[2025-01-29T16:42:38.621+0000] {logging_mixin.py:190} INFO - [2025-01-29T16:42:38.620+0000] {dag.py:4180} INFO - Setting next_dagrun for consume_1_or_2_with_dataset_expressions to None, run_after=None
[2025-01-29T16:42:38.622+0000] {logging_mixin.py:190} INFO - [2025-01-29T16:42:38.622+0000] {dag.py:4180} INFO - Setting next_dagrun for consume_1_or_both_2_and_3_with_dataset_expressions to None, run_after=None
[2025-01-29T16:42:38.623+0000] {logging_mixin.py:190} INFO - [2025-01-29T16:42:38.623+0000] {dag.py:4180} INFO - Setting next_dagrun for dataset_consumes_1 to None, run_after=None
[2025-01-29T16:42:38.624+0000] {logging_mixin.py:190} INFO - [2025-01-29T16:42:38.624+0000] {dag.py:4180} INFO - Setting next_dagrun for dataset_consumes_1_and_2 to None, run_after=None
[2025-01-29T16:42:38.626+0000] {logging_mixin.py:190} INFO - [2025-01-29T16:42:38.625+0000] {dag.py:4180} INFO - Setting next_dagrun for dataset_consumes_1_never_scheduled to None, run_after=None
[2025-01-29T16:42:38.627+0000] {logging_mixin.py:190} INFO - [2025-01-29T16:42:38.627+0000] {dag.py:4180} INFO - Setting next_dagrun for dataset_consumes_unknown_never_scheduled to None, run_after=None
[2025-01-29T16:42:38.631+0000] {logging_mixin.py:190} INFO - [2025-01-29T16:42:38.631+0000] {dag.py:4180} INFO - Setting next_dagrun for dataset_produces_1 to 2025-01-28 00:00:00+00:00, run_after=2025-01-29 00:00:00+00:00
[2025-01-29T16:42:38.633+0000] {logging_mixin.py:190} INFO - [2025-01-29T16:42:38.632+0000] {dag.py:4180} INFO - Setting next_dagrun for dataset_produces_2 to None, run_after=None
[2025-01-29T16:42:38.690+0000] {processor.py:208} INFO - Processing /home/airflow/.local/lib/python3.12/site-packages/airflow/example_dags/example_datasets.py took 0.640 seconds
[2025-01-29T16:43:09.426+0000] {processor.py:186} INFO - Started process (PID=302) to work on /home/airflow/.local/lib/python3.12/site-packages/airflow/example_dags/example_datasets.py
[2025-01-29T16:43:09.428+0000] {processor.py:914} INFO - Processing file /home/airflow/.local/lib/python3.12/site-packages/airflow/example_dags/example_datasets.py for tasks to queue
[2025-01-29T16:43:09.432+0000] {logging_mixin.py:190} INFO - [2025-01-29T16:43:09.432+0000] {dagbag.py:588} INFO - Filling up the DagBag from /home/airflow/.local/lib/python3.12/site-packages/airflow/example_dags/example_datasets.py
[2025-01-29T16:43:10.027+0000] {processor.py:925} INFO - DAG(s) 'dataset_consumes_unknown_never_scheduled', 'consume_1_or_both_2_and_3_with_dataset_expressions', 'consume_1_and_2_with_dataset_expressions', 'dataset_produces_2', 'consume_1_or_2_with_dataset_expressions', 'dataset_consumes_1_never_scheduled', 'dataset_consumes_1_and_2', 'dataset_produces_1', 'conditional_dataset_and_time_based_timetable', 'dataset_consumes_1' retrieved from /home/airflow/.local/lib/python3.12/site-packages/airflow/example_dags/example_datasets.py
[2025-01-29T16:43:10.064+0000] {logging_mixin.py:190} INFO - [2025-01-29T16:43:10.064+0000] {dag.py:3239} INFO - Sync 10 DAGs
[2025-01-29T16:43:10.085+0000] {logging_mixin.py:190} INFO - [2025-01-29T16:43:10.085+0000] {dag.py:4180} INFO - Setting next_dagrun for conditional_dataset_and_time_based_timetable to 2025-01-29 01:00:00+00:00, run_after=2025-01-29 01:00:00+00:00
[2025-01-29T16:43:10.088+0000] {logging_mixin.py:190} INFO - [2025-01-29T16:43:10.088+0000] {dag.py:4180} INFO - Setting next_dagrun for consume_1_and_2_with_dataset_expressions to None, run_after=None
[2025-01-29T16:43:10.089+0000] {logging_mixin.py:190} INFO - [2025-01-29T16:43:10.089+0000] {dag.py:4180} INFO - Setting next_dagrun for consume_1_or_2_with_dataset_expressions to None, run_after=None
[2025-01-29T16:43:10.091+0000] {logging_mixin.py:190} INFO - [2025-01-29T16:43:10.091+0000] {dag.py:4180} INFO - Setting next_dagrun for consume_1_or_both_2_and_3_with_dataset_expressions to None, run_after=None
[2025-01-29T16:43:10.092+0000] {logging_mixin.py:190} INFO - [2025-01-29T16:43:10.092+0000] {dag.py:4180} INFO - Setting next_dagrun for dataset_consumes_1 to None, run_after=None
[2025-01-29T16:43:10.094+0000] {logging_mixin.py:190} INFO - [2025-01-29T16:43:10.093+0000] {dag.py:4180} INFO - Setting next_dagrun for dataset_consumes_1_and_2 to None, run_after=None
[2025-01-29T16:43:10.096+0000] {logging_mixin.py:190} INFO - [2025-01-29T16:43:10.096+0000] {dag.py:4180} INFO - Setting next_dagrun for dataset_consumes_1_never_scheduled to None, run_after=None
[2025-01-29T16:43:10.098+0000] {logging_mixin.py:190} INFO - [2025-01-29T16:43:10.097+0000] {dag.py:4180} INFO - Setting next_dagrun for dataset_consumes_unknown_never_scheduled to None, run_after=None
[2025-01-29T16:43:10.100+0000] {logging_mixin.py:190} INFO - [2025-01-29T16:43:10.100+0000] {dag.py:4180} INFO - Setting next_dagrun for dataset_produces_1 to 2025-01-28 00:00:00+00:00, run_after=2025-01-29 00:00:00+00:00
[2025-01-29T16:43:10.101+0000] {logging_mixin.py:190} INFO - [2025-01-29T16:43:10.101+0000] {dag.py:4180} INFO - Setting next_dagrun for dataset_produces_2 to None, run_after=None
[2025-01-29T16:43:10.128+0000] {processor.py:208} INFO - Processing /home/airflow/.local/lib/python3.12/site-packages/airflow/example_dags/example_datasets.py took 0.708 seconds
[2025-01-29T16:43:40.805+0000] {processor.py:186} INFO - Started process (PID=368) to work on /home/airflow/.local/lib/python3.12/site-packages/airflow/example_dags/example_datasets.py
[2025-01-29T16:43:40.806+0000] {processor.py:914} INFO - Processing file /home/airflow/.local/lib/python3.12/site-packages/airflow/example_dags/example_datasets.py for tasks to queue
[2025-01-29T16:43:40.809+0000] {logging_mixin.py:190} INFO - [2025-01-29T16:43:40.808+0000] {dagbag.py:588} INFO - Filling up the DagBag from /home/airflow/.local/lib/python3.12/site-packages/airflow/example_dags/example_datasets.py
[2025-01-29T16:43:41.299+0000] {processor.py:925} INFO - DAG(s) 'conditional_dataset_and_time_based_timetable', 'consume_1_or_2_with_dataset_expressions', 'consume_1_and_2_with_dataset_expressions', 'consume_1_or_both_2_and_3_with_dataset_expressions', 'dataset_consumes_1_and_2', 'dataset_consumes_1', 'dataset_consumes_unknown_never_scheduled', 'dataset_consumes_1_never_scheduled', 'dataset_produces_1', 'dataset_produces_2' retrieved from /home/airflow/.local/lib/python3.12/site-packages/airflow/example_dags/example_datasets.py
[2025-01-29T16:43:41.330+0000] {logging_mixin.py:190} INFO - [2025-01-29T16:43:41.330+0000] {dag.py:3239} INFO - Sync 10 DAGs
[2025-01-29T16:43:41.348+0000] {logging_mixin.py:190} INFO - [2025-01-29T16:43:41.348+0000] {dag.py:4180} INFO - Setting next_dagrun for conditional_dataset_and_time_based_timetable to 2025-01-29 01:00:00+00:00, run_after=2025-01-29 01:00:00+00:00
[2025-01-29T16:43:41.351+0000] {logging_mixin.py:190} INFO - [2025-01-29T16:43:41.351+0000] {dag.py:4180} INFO - Setting next_dagrun for consume_1_and_2_with_dataset_expressions to None, run_after=None
[2025-01-29T16:43:41.353+0000] {logging_mixin.py:190} INFO - [2025-01-29T16:43:41.352+0000] {dag.py:4180} INFO - Setting next_dagrun for consume_1_or_2_with_dataset_expressions to None, run_after=None
[2025-01-29T16:43:41.354+0000] {logging_mixin.py:190} INFO - [2025-01-29T16:43:41.354+0000] {dag.py:4180} INFO - Setting next_dagrun for consume_1_or_both_2_and_3_with_dataset_expressions to None, run_after=None
[2025-01-29T16:43:41.355+0000] {logging_mixin.py:190} INFO - [2025-01-29T16:43:41.355+0000] {dag.py:4180} INFO - Setting next_dagrun for dataset_consumes_1 to None, run_after=None
[2025-01-29T16:43:41.356+0000] {logging_mixin.py:190} INFO - [2025-01-29T16:43:41.356+0000] {dag.py:4180} INFO - Setting next_dagrun for dataset_consumes_1_and_2 to None, run_after=None
[2025-01-29T16:43:41.358+0000] {logging_mixin.py:190} INFO - [2025-01-29T16:43:41.357+0000] {dag.py:4180} INFO - Setting next_dagrun for dataset_consumes_1_never_scheduled to None, run_after=None
[2025-01-29T16:43:41.359+0000] {logging_mixin.py:190} INFO - [2025-01-29T16:43:41.359+0000] {dag.py:4180} INFO - Setting next_dagrun for dataset_consumes_unknown_never_scheduled to None, run_after=None
[2025-01-29T16:43:41.361+0000] {logging_mixin.py:190} INFO - [2025-01-29T16:43:41.361+0000] {dag.py:4180} INFO - Setting next_dagrun for dataset_produces_1 to 2025-01-28 00:00:00+00:00, run_after=2025-01-29 00:00:00+00:00
[2025-01-29T16:43:41.362+0000] {logging_mixin.py:190} INFO - [2025-01-29T16:43:41.362+0000] {dag.py:4180} INFO - Setting next_dagrun for dataset_produces_2 to None, run_after=None
[2025-01-29T16:43:41.406+0000] {processor.py:208} INFO - Processing /home/airflow/.local/lib/python3.12/site-packages/airflow/example_dags/example_datasets.py took 0.606 seconds
