[2025-01-29T16:41:29.145+0000] {processor.py:186} INFO - Started process (PID=90) to work on /home/airflow/.local/lib/python3.12/site-packages/airflow/example_dags/example_nested_branch_dag.py
[2025-01-29T16:41:29.147+0000] {processor.py:914} INFO - Processing file /home/airflow/.local/lib/python3.12/site-packages/airflow/example_dags/example_nested_branch_dag.py for tasks to queue
[2025-01-29T16:41:29.151+0000] {logging_mixin.py:190} INFO - [2025-01-29T16:41:29.151+0000] {dagbag.py:588} INFO - Filling up the DagBag from /home/airflow/.local/lib/python3.12/site-packages/airflow/example_dags/example_nested_branch_dag.py
[2025-01-29T16:41:29.173+0000] {processor.py:925} INFO - DAG(s) 'example_nested_branch_dag' retrieved from /home/airflow/.local/lib/python3.12/site-packages/airflow/example_dags/example_nested_branch_dag.py
[2025-01-29T16:41:29.363+0000] {logging_mixin.py:190} INFO - [2025-01-29T16:41:29.362+0000] {override.py:1911} INFO - Created Permission View: can delete on DAG:example_nested_branch_dag
[2025-01-29T16:41:29.381+0000] {logging_mixin.py:190} INFO - [2025-01-29T16:41:29.381+0000] {override.py:1911} INFO - Created Permission View: can read on DAG:example_nested_branch_dag
[2025-01-29T16:41:29.396+0000] {logging_mixin.py:190} INFO - [2025-01-29T16:41:29.395+0000] {override.py:1911} INFO - Created Permission View: can edit on DAG:example_nested_branch_dag
[2025-01-29T16:41:29.414+0000] {logging_mixin.py:190} INFO - [2025-01-29T16:41:29.414+0000] {override.py:1911} INFO - Created Permission View: can delete on DAG Run:example_nested_branch_dag
[2025-01-29T16:41:29.427+0000] {logging_mixin.py:190} INFO - [2025-01-29T16:41:29.426+0000] {override.py:1911} INFO - Created Permission View: can read on DAG Run:example_nested_branch_dag
[2025-01-29T16:41:29.442+0000] {logging_mixin.py:190} INFO - [2025-01-29T16:41:29.442+0000] {override.py:1911} INFO - Created Permission View: menu access on DAG Run:example_nested_branch_dag
[2025-01-29T16:41:29.458+0000] {logging_mixin.py:190} INFO - [2025-01-29T16:41:29.457+0000] {override.py:1911} INFO - Created Permission View: can create on DAG Run:example_nested_branch_dag
[2025-01-29T16:41:29.459+0000] {logging_mixin.py:190} INFO - [2025-01-29T16:41:29.458+0000] {dag.py:3239} INFO - Sync 1 DAGs
[2025-01-29T16:41:29.478+0000] {logging_mixin.py:190} INFO - [2025-01-29T16:41:29.477+0000] {dag.py:3262} INFO - Creating ORM DAG for example_nested_branch_dag
[2025-01-29T16:41:29.496+0000] {logging_mixin.py:190} INFO - [2025-01-29T16:41:29.496+0000] {dag.py:4180} INFO - Setting next_dagrun for example_nested_branch_dag to 2025-01-28 00:00:00+00:00, run_after=2025-01-29 00:00:00+00:00
[2025-01-29T16:41:29.528+0000] {processor.py:208} INFO - Processing /home/airflow/.local/lib/python3.12/site-packages/airflow/example_dags/example_nested_branch_dag.py took 0.394 seconds
[2025-01-29T16:41:59.628+0000] {processor.py:186} INFO - Started process (PID=153) to work on /home/airflow/.local/lib/python3.12/site-packages/airflow/example_dags/example_nested_branch_dag.py
[2025-01-29T16:41:59.628+0000] {processor.py:914} INFO - Processing file /home/airflow/.local/lib/python3.12/site-packages/airflow/example_dags/example_nested_branch_dag.py for tasks to queue
[2025-01-29T16:41:59.630+0000] {logging_mixin.py:190} INFO - [2025-01-29T16:41:59.630+0000] {dagbag.py:588} INFO - Filling up the DagBag from /home/airflow/.local/lib/python3.12/site-packages/airflow/example_dags/example_nested_branch_dag.py
[2025-01-29T16:41:59.641+0000] {processor.py:925} INFO - DAG(s) 'example_nested_branch_dag' retrieved from /home/airflow/.local/lib/python3.12/site-packages/airflow/example_dags/example_nested_branch_dag.py
[2025-01-29T16:41:59.656+0000] {logging_mixin.py:190} INFO - [2025-01-29T16:41:59.656+0000] {dag.py:3239} INFO - Sync 1 DAGs
[2025-01-29T16:41:59.672+0000] {logging_mixin.py:190} INFO - [2025-01-29T16:41:59.672+0000] {dag.py:4180} INFO - Setting next_dagrun for example_nested_branch_dag to 2025-01-28 00:00:00+00:00, run_after=2025-01-29 00:00:00+00:00
[2025-01-29T16:41:59.684+0000] {processor.py:208} INFO - Processing /home/airflow/.local/lib/python3.12/site-packages/airflow/example_dags/example_nested_branch_dag.py took 0.061 seconds
[2025-01-29T16:42:30.005+0000] {processor.py:186} INFO - Started process (PID=216) to work on /home/airflow/.local/lib/python3.12/site-packages/airflow/example_dags/example_nested_branch_dag.py
[2025-01-29T16:42:30.006+0000] {processor.py:914} INFO - Processing file /home/airflow/.local/lib/python3.12/site-packages/airflow/example_dags/example_nested_branch_dag.py for tasks to queue
[2025-01-29T16:42:30.009+0000] {logging_mixin.py:190} INFO - [2025-01-29T16:42:30.008+0000] {dagbag.py:588} INFO - Filling up the DagBag from /home/airflow/.local/lib/python3.12/site-packages/airflow/example_dags/example_nested_branch_dag.py
[2025-01-29T16:42:30.020+0000] {processor.py:925} INFO - DAG(s) 'example_nested_branch_dag' retrieved from /home/airflow/.local/lib/python3.12/site-packages/airflow/example_dags/example_nested_branch_dag.py
[2025-01-29T16:42:30.039+0000] {logging_mixin.py:190} INFO - [2025-01-29T16:42:30.039+0000] {dag.py:3239} INFO - Sync 1 DAGs
[2025-01-29T16:42:30.065+0000] {logging_mixin.py:190} INFO - [2025-01-29T16:42:30.064+0000] {dag.py:4180} INFO - Setting next_dagrun for example_nested_branch_dag to 2025-01-28 00:00:00+00:00, run_after=2025-01-29 00:00:00+00:00
[2025-01-29T16:42:30.083+0000] {processor.py:208} INFO - Processing /home/airflow/.local/lib/python3.12/site-packages/airflow/example_dags/example_nested_branch_dag.py took 0.084 seconds
[2025-01-29T16:43:00.807+0000] {processor.py:186} INFO - Started process (PID=279) to work on /home/airflow/.local/lib/python3.12/site-packages/airflow/example_dags/example_nested_branch_dag.py
[2025-01-29T16:43:00.815+0000] {processor.py:914} INFO - Processing file /home/airflow/.local/lib/python3.12/site-packages/airflow/example_dags/example_nested_branch_dag.py for tasks to queue
[2025-01-29T16:43:00.818+0000] {logging_mixin.py:190} INFO - [2025-01-29T16:43:00.818+0000] {dagbag.py:588} INFO - Filling up the DagBag from /home/airflow/.local/lib/python3.12/site-packages/airflow/example_dags/example_nested_branch_dag.py
[2025-01-29T16:43:00.831+0000] {processor.py:925} INFO - DAG(s) 'example_nested_branch_dag' retrieved from /home/airflow/.local/lib/python3.12/site-packages/airflow/example_dags/example_nested_branch_dag.py
[2025-01-29T16:43:00.853+0000] {logging_mixin.py:190} INFO - [2025-01-29T16:43:00.852+0000] {dag.py:3239} INFO - Sync 1 DAGs
[2025-01-29T16:43:00.876+0000] {logging_mixin.py:190} INFO - [2025-01-29T16:43:00.876+0000] {dag.py:4180} INFO - Setting next_dagrun for example_nested_branch_dag to 2025-01-28 00:00:00+00:00, run_after=2025-01-29 00:00:00+00:00
[2025-01-29T16:43:00.915+0000] {processor.py:208} INFO - Processing /home/airflow/.local/lib/python3.12/site-packages/airflow/example_dags/example_nested_branch_dag.py took 0.114 seconds
[2025-01-29T16:43:31.024+0000] {processor.py:186} INFO - Started process (PID=342) to work on /home/airflow/.local/lib/python3.12/site-packages/airflow/example_dags/example_nested_branch_dag.py
[2025-01-29T16:43:31.025+0000] {processor.py:914} INFO - Processing file /home/airflow/.local/lib/python3.12/site-packages/airflow/example_dags/example_nested_branch_dag.py for tasks to queue
[2025-01-29T16:43:31.027+0000] {logging_mixin.py:190} INFO - [2025-01-29T16:43:31.027+0000] {dagbag.py:588} INFO - Filling up the DagBag from /home/airflow/.local/lib/python3.12/site-packages/airflow/example_dags/example_nested_branch_dag.py
[2025-01-29T16:43:31.037+0000] {processor.py:925} INFO - DAG(s) 'example_nested_branch_dag' retrieved from /home/airflow/.local/lib/python3.12/site-packages/airflow/example_dags/example_nested_branch_dag.py
[2025-01-29T16:43:31.055+0000] {logging_mixin.py:190} INFO - [2025-01-29T16:43:31.055+0000] {dag.py:3239} INFO - Sync 1 DAGs
[2025-01-29T16:43:31.074+0000] {logging_mixin.py:190} INFO - [2025-01-29T16:43:31.074+0000] {dag.py:4180} INFO - Setting next_dagrun for example_nested_branch_dag to 2025-01-28 00:00:00+00:00, run_after=2025-01-29 00:00:00+00:00
[2025-01-29T16:43:31.089+0000] {processor.py:208} INFO - Processing /home/airflow/.local/lib/python3.12/site-packages/airflow/example_dags/example_nested_branch_dag.py took 0.070 seconds
