[2025-01-29T16:41:24.646+0000] {processor.py:186} INFO - Started process (PID=80) to work on /home/airflow/.local/lib/python3.12/site-packages/airflow/example_dags/example_bash_operator.py
[2025-01-29T16:41:24.653+0000] {processor.py:914} INFO - Processing file /home/airflow/.local/lib/python3.12/site-packages/airflow/example_dags/example_bash_operator.py for tasks to queue
[2025-01-29T16:41:24.659+0000] {logging_mixin.py:190} INFO - [2025-01-29T16:41:24.658+0000] {dagbag.py:588} INFO - Filling up the DagBag from /home/airflow/.local/lib/python3.12/site-packages/airflow/example_dags/example_bash_operator.py
[2025-01-29T16:41:24.787+0000] {processor.py:925} INFO - DAG(s) 'example_bash_operator' retrieved from /home/airflow/.local/lib/python3.12/site-packages/airflow/example_dags/example_bash_operator.py
[2025-01-29T16:41:25.749+0000] {logging_mixin.py:190} INFO - [2025-01-29T16:41:25.748+0000] {override.py:1911} INFO - Created Permission View: can delete on DAG:example_bash_operator
[2025-01-29T16:41:25.778+0000] {logging_mixin.py:190} INFO - [2025-01-29T16:41:25.777+0000] {override.py:1911} INFO - Created Permission View: can read on DAG:example_bash_operator
[2025-01-29T16:41:25.794+0000] {logging_mixin.py:190} INFO - [2025-01-29T16:41:25.794+0000] {override.py:1911} INFO - Created Permission View: can edit on DAG:example_bash_operator
[2025-01-29T16:41:25.818+0000] {logging_mixin.py:190} INFO - [2025-01-29T16:41:25.817+0000] {override.py:1911} INFO - Created Permission View: can delete on DAG Run:example_bash_operator
[2025-01-29T16:41:25.835+0000] {logging_mixin.py:190} INFO - [2025-01-29T16:41:25.835+0000] {override.py:1911} INFO - Created Permission View: can read on DAG Run:example_bash_operator
[2025-01-29T16:41:25.852+0000] {logging_mixin.py:190} INFO - [2025-01-29T16:41:25.852+0000] {override.py:1911} INFO - Created Permission View: menu access on DAG Run:example_bash_operator
[2025-01-29T16:41:25.878+0000] {logging_mixin.py:190} INFO - [2025-01-29T16:41:25.877+0000] {override.py:1911} INFO - Created Permission View: can create on DAG Run:example_bash_operator
[2025-01-29T16:41:25.880+0000] {logging_mixin.py:190} INFO - [2025-01-29T16:41:25.879+0000] {dag.py:3239} INFO - Sync 1 DAGs
[2025-01-29T16:41:25.957+0000] {logging_mixin.py:190} INFO - [2025-01-29T16:41:25.956+0000] {dag.py:3262} INFO - Creating ORM DAG for example_bash_operator
[2025-01-29T16:41:26.020+0000] {logging_mixin.py:190} INFO - [2025-01-29T16:41:26.018+0000] {dag.py:4180} INFO - Setting next_dagrun for example_bash_operator to 2025-01-28 00:00:00+00:00, run_after=2025-01-29 00:00:00+00:00
[2025-01-29T16:41:26.095+0000] {processor.py:208} INFO - Processing /home/airflow/.local/lib/python3.12/site-packages/airflow/example_dags/example_bash_operator.py took 1.531 seconds
[2025-01-29T16:41:57.069+0000] {processor.py:186} INFO - Started process (PID=143) to work on /home/airflow/.local/lib/python3.12/site-packages/airflow/example_dags/example_bash_operator.py
[2025-01-29T16:41:57.073+0000] {processor.py:914} INFO - Processing file /home/airflow/.local/lib/python3.12/site-packages/airflow/example_dags/example_bash_operator.py for tasks to queue
[2025-01-29T16:41:57.075+0000] {logging_mixin.py:190} INFO - [2025-01-29T16:41:57.075+0000] {dagbag.py:588} INFO - Filling up the DagBag from /home/airflow/.local/lib/python3.12/site-packages/airflow/example_dags/example_bash_operator.py
[2025-01-29T16:41:57.089+0000] {processor.py:925} INFO - DAG(s) 'example_bash_operator' retrieved from /home/airflow/.local/lib/python3.12/site-packages/airflow/example_dags/example_bash_operator.py
[2025-01-29T16:41:57.110+0000] {logging_mixin.py:190} INFO - [2025-01-29T16:41:57.110+0000] {dag.py:3239} INFO - Sync 1 DAGs
[2025-01-29T16:41:57.130+0000] {logging_mixin.py:190} INFO - [2025-01-29T16:41:57.130+0000] {dag.py:4180} INFO - Setting next_dagrun for example_bash_operator to 2025-01-28 00:00:00+00:00, run_after=2025-01-29 00:00:00+00:00
[2025-01-29T16:41:57.145+0000] {processor.py:208} INFO - Processing /home/airflow/.local/lib/python3.12/site-packages/airflow/example_dags/example_bash_operator.py took 0.080 seconds
[2025-01-29T16:42:27.475+0000] {processor.py:186} INFO - Started process (PID=206) to work on /home/airflow/.local/lib/python3.12/site-packages/airflow/example_dags/example_bash_operator.py
[2025-01-29T16:42:27.476+0000] {processor.py:914} INFO - Processing file /home/airflow/.local/lib/python3.12/site-packages/airflow/example_dags/example_bash_operator.py for tasks to queue
[2025-01-29T16:42:27.481+0000] {logging_mixin.py:190} INFO - [2025-01-29T16:42:27.480+0000] {dagbag.py:588} INFO - Filling up the DagBag from /home/airflow/.local/lib/python3.12/site-packages/airflow/example_dags/example_bash_operator.py
[2025-01-29T16:42:27.494+0000] {processor.py:925} INFO - DAG(s) 'example_bash_operator' retrieved from /home/airflow/.local/lib/python3.12/site-packages/airflow/example_dags/example_bash_operator.py
[2025-01-29T16:42:27.520+0000] {logging_mixin.py:190} INFO - [2025-01-29T16:42:27.520+0000] {dag.py:3239} INFO - Sync 1 DAGs
[2025-01-29T16:42:27.546+0000] {logging_mixin.py:190} INFO - [2025-01-29T16:42:27.546+0000] {dag.py:4180} INFO - Setting next_dagrun for example_bash_operator to 2025-01-28 00:00:00+00:00, run_after=2025-01-29 00:00:00+00:00
[2025-01-29T16:42:27.573+0000] {processor.py:208} INFO - Processing /home/airflow/.local/lib/python3.12/site-packages/airflow/example_dags/example_bash_operator.py took 0.103 seconds
[2025-01-29T16:42:58.250+0000] {processor.py:186} INFO - Started process (PID=269) to work on /home/airflow/.local/lib/python3.12/site-packages/airflow/example_dags/example_bash_operator.py
[2025-01-29T16:42:58.251+0000] {processor.py:914} INFO - Processing file /home/airflow/.local/lib/python3.12/site-packages/airflow/example_dags/example_bash_operator.py for tasks to queue
[2025-01-29T16:42:58.253+0000] {logging_mixin.py:190} INFO - [2025-01-29T16:42:58.253+0000] {dagbag.py:588} INFO - Filling up the DagBag from /home/airflow/.local/lib/python3.12/site-packages/airflow/example_dags/example_bash_operator.py
[2025-01-29T16:42:58.276+0000] {processor.py:925} INFO - DAG(s) 'example_bash_operator' retrieved from /home/airflow/.local/lib/python3.12/site-packages/airflow/example_dags/example_bash_operator.py
[2025-01-29T16:42:58.300+0000] {logging_mixin.py:190} INFO - [2025-01-29T16:42:58.300+0000] {dag.py:3239} INFO - Sync 1 DAGs
[2025-01-29T16:42:58.321+0000] {logging_mixin.py:190} INFO - [2025-01-29T16:42:58.321+0000] {dag.py:4180} INFO - Setting next_dagrun for example_bash_operator to 2025-01-28 00:00:00+00:00, run_after=2025-01-29 00:00:00+00:00
[2025-01-29T16:42:58.336+0000] {processor.py:208} INFO - Processing /home/airflow/.local/lib/python3.12/site-packages/airflow/example_dags/example_bash_operator.py took 0.092 seconds
[2025-01-29T16:43:28.447+0000] {processor.py:186} INFO - Started process (PID=332) to work on /home/airflow/.local/lib/python3.12/site-packages/airflow/example_dags/example_bash_operator.py
[2025-01-29T16:43:28.453+0000] {processor.py:914} INFO - Processing file /home/airflow/.local/lib/python3.12/site-packages/airflow/example_dags/example_bash_operator.py for tasks to queue
[2025-01-29T16:43:28.455+0000] {logging_mixin.py:190} INFO - [2025-01-29T16:43:28.454+0000] {dagbag.py:588} INFO - Filling up the DagBag from /home/airflow/.local/lib/python3.12/site-packages/airflow/example_dags/example_bash_operator.py
[2025-01-29T16:43:28.473+0000] {processor.py:925} INFO - DAG(s) 'example_bash_operator' retrieved from /home/airflow/.local/lib/python3.12/site-packages/airflow/example_dags/example_bash_operator.py
[2025-01-29T16:43:28.509+0000] {logging_mixin.py:190} INFO - [2025-01-29T16:43:28.508+0000] {dag.py:3239} INFO - Sync 1 DAGs
[2025-01-29T16:43:28.531+0000] {logging_mixin.py:190} INFO - [2025-01-29T16:43:28.531+0000] {dag.py:4180} INFO - Setting next_dagrun for example_bash_operator to 2025-01-28 00:00:00+00:00, run_after=2025-01-29 00:00:00+00:00
[2025-01-29T16:43:28.554+0000] {processor.py:208} INFO - Processing /home/airflow/.local/lib/python3.12/site-packages/airflow/example_dags/example_bash_operator.py took 0.115 seconds
