[2025-01-29T16:41:41.255+0000] {processor.py:186} INFO - Started process (PID=126) to work on /home/airflow/.local/lib/python3.12/site-packages/airflow/example_dags/example_sensors.py
[2025-01-29T16:41:41.263+0000] {processor.py:914} INFO - Processing file /home/airflow/.local/lib/python3.12/site-packages/airflow/example_dags/example_sensors.py for tasks to queue
[2025-01-29T16:41:41.283+0000] {logging_mixin.py:190} INFO - [2025-01-29T16:41:41.282+0000] {dagbag.py:588} INFO - Filling up the DagBag from /home/airflow/.local/lib/python3.12/site-packages/airflow/example_dags/example_sensors.py
[2025-01-29T16:41:41.351+0000] {processor.py:925} INFO - DAG(s) 'example_sensors' retrieved from /home/airflow/.local/lib/python3.12/site-packages/airflow/example_dags/example_sensors.py
[2025-01-29T16:41:41.647+0000] {logging_mixin.py:190} INFO - [2025-01-29T16:41:41.645+0000] {override.py:1911} INFO - Created Permission View: can delete on DAG:example_sensors
[2025-01-29T16:41:41.678+0000] {logging_mixin.py:190} INFO - [2025-01-29T16:41:41.677+0000] {override.py:1911} INFO - Created Permission View: can read on DAG:example_sensors
[2025-01-29T16:41:41.701+0000] {logging_mixin.py:190} INFO - [2025-01-29T16:41:41.701+0000] {override.py:1911} INFO - Created Permission View: can edit on DAG:example_sensors
[2025-01-29T16:41:41.721+0000] {logging_mixin.py:190} INFO - [2025-01-29T16:41:41.720+0000] {override.py:1911} INFO - Created Permission View: can delete on DAG Run:example_sensors
[2025-01-29T16:41:41.736+0000] {logging_mixin.py:190} INFO - [2025-01-29T16:41:41.735+0000] {override.py:1911} INFO - Created Permission View: can read on DAG Run:example_sensors
[2025-01-29T16:41:41.751+0000] {logging_mixin.py:190} INFO - [2025-01-29T16:41:41.750+0000] {override.py:1911} INFO - Created Permission View: menu access on DAG Run:example_sensors
[2025-01-29T16:41:41.765+0000] {logging_mixin.py:190} INFO - [2025-01-29T16:41:41.765+0000] {override.py:1911} INFO - Created Permission View: can create on DAG Run:example_sensors
[2025-01-29T16:41:41.767+0000] {logging_mixin.py:190} INFO - [2025-01-29T16:41:41.767+0000] {dag.py:3239} INFO - Sync 1 DAGs
[2025-01-29T16:41:41.802+0000] {logging_mixin.py:190} INFO - [2025-01-29T16:41:41.801+0000] {dag.py:3262} INFO - Creating ORM DAG for example_sensors
[2025-01-29T16:41:41.804+0000] {logging_mixin.py:190} INFO - [2025-01-29T16:41:41.803+0000] {dag.py:4180} INFO - Setting next_dagrun for example_sensors to None, run_after=None
[2025-01-29T16:41:41.843+0000] {processor.py:208} INFO - Processing /home/airflow/.local/lib/python3.12/site-packages/airflow/example_dags/example_sensors.py took 0.633 seconds
[2025-01-29T16:42:11.905+0000] {processor.py:186} INFO - Started process (PID=189) to work on /home/airflow/.local/lib/python3.12/site-packages/airflow/example_dags/example_sensors.py
[2025-01-29T16:42:11.906+0000] {processor.py:914} INFO - Processing file /home/airflow/.local/lib/python3.12/site-packages/airflow/example_dags/example_sensors.py for tasks to queue
[2025-01-29T16:42:11.908+0000] {logging_mixin.py:190} INFO - [2025-01-29T16:42:11.908+0000] {dagbag.py:588} INFO - Filling up the DagBag from /home/airflow/.local/lib/python3.12/site-packages/airflow/example_dags/example_sensors.py
[2025-01-29T16:42:11.918+0000] {processor.py:925} INFO - DAG(s) 'example_sensors' retrieved from /home/airflow/.local/lib/python3.12/site-packages/airflow/example_dags/example_sensors.py
[2025-01-29T16:42:11.938+0000] {logging_mixin.py:190} INFO - [2025-01-29T16:42:11.938+0000] {dag.py:3239} INFO - Sync 1 DAGs
[2025-01-29T16:42:11.949+0000] {logging_mixin.py:190} INFO - [2025-01-29T16:42:11.949+0000] {dag.py:4180} INFO - Setting next_dagrun for example_sensors to None, run_after=None
[2025-01-29T16:42:11.967+0000] {processor.py:208} INFO - Processing /home/airflow/.local/lib/python3.12/site-packages/airflow/example_dags/example_sensors.py took 0.067 seconds
[2025-01-29T16:42:42.464+0000] {processor.py:186} INFO - Started process (PID=252) to work on /home/airflow/.local/lib/python3.12/site-packages/airflow/example_dags/example_sensors.py
[2025-01-29T16:42:42.465+0000] {processor.py:914} INFO - Processing file /home/airflow/.local/lib/python3.12/site-packages/airflow/example_dags/example_sensors.py for tasks to queue
[2025-01-29T16:42:42.467+0000] {logging_mixin.py:190} INFO - [2025-01-29T16:42:42.467+0000] {dagbag.py:588} INFO - Filling up the DagBag from /home/airflow/.local/lib/python3.12/site-packages/airflow/example_dags/example_sensors.py
[2025-01-29T16:42:42.476+0000] {processor.py:925} INFO - DAG(s) 'example_sensors' retrieved from /home/airflow/.local/lib/python3.12/site-packages/airflow/example_dags/example_sensors.py
[2025-01-29T16:42:42.498+0000] {logging_mixin.py:190} INFO - [2025-01-29T16:42:42.498+0000] {dag.py:3239} INFO - Sync 1 DAGs
[2025-01-29T16:42:42.508+0000] {logging_mixin.py:190} INFO - [2025-01-29T16:42:42.508+0000] {dag.py:4180} INFO - Setting next_dagrun for example_sensors to None, run_after=None
[2025-01-29T16:42:42.524+0000] {processor.py:208} INFO - Processing /home/airflow/.local/lib/python3.12/site-packages/airflow/example_dags/example_sensors.py took 0.065 seconds
[2025-01-29T16:43:12.725+0000] {processor.py:186} INFO - Started process (PID=314) to work on /home/airflow/.local/lib/python3.12/site-packages/airflow/example_dags/example_sensors.py
[2025-01-29T16:43:12.727+0000] {processor.py:914} INFO - Processing file /home/airflow/.local/lib/python3.12/site-packages/airflow/example_dags/example_sensors.py for tasks to queue
[2025-01-29T16:43:12.732+0000] {logging_mixin.py:190} INFO - [2025-01-29T16:43:12.731+0000] {dagbag.py:588} INFO - Filling up the DagBag from /home/airflow/.local/lib/python3.12/site-packages/airflow/example_dags/example_sensors.py
[2025-01-29T16:43:12.745+0000] {processor.py:925} INFO - DAG(s) 'example_sensors' retrieved from /home/airflow/.local/lib/python3.12/site-packages/airflow/example_dags/example_sensors.py
[2025-01-29T16:43:12.768+0000] {logging_mixin.py:190} INFO - [2025-01-29T16:43:12.768+0000] {dag.py:3239} INFO - Sync 1 DAGs
[2025-01-29T16:43:12.780+0000] {logging_mixin.py:190} INFO - [2025-01-29T16:43:12.779+0000] {dag.py:4180} INFO - Setting next_dagrun for example_sensors to None, run_after=None
[2025-01-29T16:43:12.794+0000] {processor.py:208} INFO - Processing /home/airflow/.local/lib/python3.12/site-packages/airflow/example_dags/example_sensors.py took 0.080 seconds
