[2025-01-29T16:41:39.832+0000] {processor.py:186} INFO - Started process (PID=124) to work on /home/airflow/.local/lib/python3.12/site-packages/airflow/example_dags/example_dynamic_task_mapping.py
[2025-01-29T16:41:39.854+0000] {processor.py:914} INFO - Processing file /home/airflow/.local/lib/python3.12/site-packages/airflow/example_dags/example_dynamic_task_mapping.py for tasks to queue
[2025-01-29T16:41:39.907+0000] {logging_mixin.py:190} INFO - [2025-01-29T16:41:39.904+0000] {dagbag.py:588} INFO - Filling up the DagBag from /home/airflow/.local/lib/python3.12/site-packages/airflow/example_dags/example_dynamic_task_mapping.py
[2025-01-29T16:41:40.009+0000] {processor.py:925} INFO - DAG(s) 'example_dynamic_task_mapping' retrieved from /home/airflow/.local/lib/python3.12/site-packages/airflow/example_dags/example_dynamic_task_mapping.py
[2025-01-29T16:41:40.628+0000] {logging_mixin.py:190} INFO - [2025-01-29T16:41:40.626+0000] {override.py:1911} INFO - Created Permission View: can delete on DAG:example_dynamic_task_mapping
[2025-01-29T16:41:40.663+0000] {logging_mixin.py:190} INFO - [2025-01-29T16:41:40.663+0000] {override.py:1911} INFO - Created Permission View: can read on DAG:example_dynamic_task_mapping
[2025-01-29T16:41:40.695+0000] {logging_mixin.py:190} INFO - [2025-01-29T16:41:40.694+0000] {override.py:1911} INFO - Created Permission View: can edit on DAG:example_dynamic_task_mapping
[2025-01-29T16:41:40.730+0000] {logging_mixin.py:190} INFO - [2025-01-29T16:41:40.729+0000] {override.py:1911} INFO - Created Permission View: can delete on DAG Run:example_dynamic_task_mapping
[2025-01-29T16:41:40.750+0000] {logging_mixin.py:190} INFO - [2025-01-29T16:41:40.748+0000] {override.py:1911} INFO - Created Permission View: can read on DAG Run:example_dynamic_task_mapping
[2025-01-29T16:41:40.770+0000] {logging_mixin.py:190} INFO - [2025-01-29T16:41:40.769+0000] {override.py:1911} INFO - Created Permission View: menu access on DAG Run:example_dynamic_task_mapping
[2025-01-29T16:41:40.793+0000] {logging_mixin.py:190} INFO - [2025-01-29T16:41:40.793+0000] {override.py:1911} INFO - Created Permission View: can create on DAG Run:example_dynamic_task_mapping
[2025-01-29T16:41:40.797+0000] {logging_mixin.py:190} INFO - [2025-01-29T16:41:40.796+0000] {dag.py:3239} INFO - Sync 1 DAGs
[2025-01-29T16:41:40.844+0000] {logging_mixin.py:190} INFO - [2025-01-29T16:41:40.843+0000] {dag.py:3262} INFO - Creating ORM DAG for example_dynamic_task_mapping
[2025-01-29T16:41:40.846+0000] {logging_mixin.py:190} INFO - [2025-01-29T16:41:40.846+0000] {dag.py:4180} INFO - Setting next_dagrun for example_dynamic_task_mapping to None, run_after=None
[2025-01-29T16:41:40.898+0000] {processor.py:208} INFO - Processing /home/airflow/.local/lib/python3.12/site-packages/airflow/example_dags/example_dynamic_task_mapping.py took 1.182 seconds
[2025-01-29T16:42:11.298+0000] {processor.py:186} INFO - Started process (PID=187) to work on /home/airflow/.local/lib/python3.12/site-packages/airflow/example_dags/example_dynamic_task_mapping.py
[2025-01-29T16:42:11.305+0000] {processor.py:914} INFO - Processing file /home/airflow/.local/lib/python3.12/site-packages/airflow/example_dags/example_dynamic_task_mapping.py for tasks to queue
[2025-01-29T16:42:11.308+0000] {logging_mixin.py:190} INFO - [2025-01-29T16:42:11.308+0000] {dagbag.py:588} INFO - Filling up the DagBag from /home/airflow/.local/lib/python3.12/site-packages/airflow/example_dags/example_dynamic_task_mapping.py
[2025-01-29T16:42:11.319+0000] {processor.py:925} INFO - DAG(s) 'example_dynamic_task_mapping' retrieved from /home/airflow/.local/lib/python3.12/site-packages/airflow/example_dags/example_dynamic_task_mapping.py
[2025-01-29T16:42:11.344+0000] {logging_mixin.py:190} INFO - [2025-01-29T16:42:11.344+0000] {dag.py:3239} INFO - Sync 1 DAGs
[2025-01-29T16:42:11.362+0000] {logging_mixin.py:190} INFO - [2025-01-29T16:42:11.362+0000] {dag.py:4180} INFO - Setting next_dagrun for example_dynamic_task_mapping to None, run_after=None
[2025-01-29T16:42:11.384+0000] {processor.py:208} INFO - Processing /home/airflow/.local/lib/python3.12/site-packages/airflow/example_dags/example_dynamic_task_mapping.py took 0.092 seconds
[2025-01-29T16:42:42.199+0000] {processor.py:186} INFO - Started process (PID=250) to work on /home/airflow/.local/lib/python3.12/site-packages/airflow/example_dags/example_dynamic_task_mapping.py
[2025-01-29T16:42:42.200+0000] {processor.py:914} INFO - Processing file /home/airflow/.local/lib/python3.12/site-packages/airflow/example_dags/example_dynamic_task_mapping.py for tasks to queue
[2025-01-29T16:42:42.203+0000] {logging_mixin.py:190} INFO - [2025-01-29T16:42:42.202+0000] {dagbag.py:588} INFO - Filling up the DagBag from /home/airflow/.local/lib/python3.12/site-packages/airflow/example_dags/example_dynamic_task_mapping.py
[2025-01-29T16:42:42.211+0000] {processor.py:925} INFO - DAG(s) 'example_dynamic_task_mapping' retrieved from /home/airflow/.local/lib/python3.12/site-packages/airflow/example_dags/example_dynamic_task_mapping.py
[2025-01-29T16:42:42.229+0000] {logging_mixin.py:190} INFO - [2025-01-29T16:42:42.229+0000] {dag.py:3239} INFO - Sync 1 DAGs
[2025-01-29T16:42:42.244+0000] {logging_mixin.py:190} INFO - [2025-01-29T16:42:42.244+0000] {dag.py:4180} INFO - Setting next_dagrun for example_dynamic_task_mapping to None, run_after=None
[2025-01-29T16:42:42.290+0000] {processor.py:208} INFO - Processing /home/airflow/.local/lib/python3.12/site-packages/airflow/example_dags/example_dynamic_task_mapping.py took 0.097 seconds
[2025-01-29T16:43:12.574+0000] {processor.py:186} INFO - Started process (PID=312) to work on /home/airflow/.local/lib/python3.12/site-packages/airflow/example_dags/example_dynamic_task_mapping.py
[2025-01-29T16:43:12.575+0000] {processor.py:914} INFO - Processing file /home/airflow/.local/lib/python3.12/site-packages/airflow/example_dags/example_dynamic_task_mapping.py for tasks to queue
[2025-01-29T16:43:12.578+0000] {logging_mixin.py:190} INFO - [2025-01-29T16:43:12.577+0000] {dagbag.py:588} INFO - Filling up the DagBag from /home/airflow/.local/lib/python3.12/site-packages/airflow/example_dags/example_dynamic_task_mapping.py
[2025-01-29T16:43:12.588+0000] {processor.py:925} INFO - DAG(s) 'example_dynamic_task_mapping' retrieved from /home/airflow/.local/lib/python3.12/site-packages/airflow/example_dags/example_dynamic_task_mapping.py
[2025-01-29T16:43:12.628+0000] {logging_mixin.py:190} INFO - [2025-01-29T16:43:12.627+0000] {dag.py:3239} INFO - Sync 1 DAGs
[2025-01-29T16:43:12.649+0000] {logging_mixin.py:190} INFO - [2025-01-29T16:43:12.648+0000] {dag.py:4180} INFO - Setting next_dagrun for example_dynamic_task_mapping to None, run_after=None
[2025-01-29T16:43:12.671+0000] {processor.py:208} INFO - Processing /home/airflow/.local/lib/python3.12/site-packages/airflow/example_dags/example_dynamic_task_mapping.py took 0.102 seconds
