[2025-01-29T16:41:41.920+0000] {processor.py:186} INFO - Started process (PID=128) to work on /home/airflow/.local/lib/python3.12/site-packages/airflow/example_dags/example_params_ui_tutorial.py
[2025-01-29T16:41:41.923+0000] {processor.py:914} INFO - Processing file /home/airflow/.local/lib/python3.12/site-packages/airflow/example_dags/example_params_ui_tutorial.py for tasks to queue
[2025-01-29T16:41:41.927+0000] {logging_mixin.py:190} INFO - [2025-01-29T16:41:41.927+0000] {dagbag.py:588} INFO - Filling up the DagBag from /home/airflow/.local/lib/python3.12/site-packages/airflow/example_dags/example_params_ui_tutorial.py
[2025-01-29T16:41:41.949+0000] {processor.py:925} INFO - DAG(s) 'example_params_ui_tutorial' retrieved from /home/airflow/.local/lib/python3.12/site-packages/airflow/example_dags/example_params_ui_tutorial.py
[2025-01-29T16:41:42.260+0000] {logging_mixin.py:190} INFO - [2025-01-29T16:41:42.258+0000] {override.py:1911} INFO - Created Permission View: can delete on DAG:example_params_ui_tutorial
[2025-01-29T16:41:42.280+0000] {logging_mixin.py:190} INFO - [2025-01-29T16:41:42.279+0000] {override.py:1911} INFO - Created Permission View: can read on DAG:example_params_ui_tutorial
[2025-01-29T16:41:42.297+0000] {logging_mixin.py:190} INFO - [2025-01-29T16:41:42.296+0000] {override.py:1911} INFO - Created Permission View: can edit on DAG:example_params_ui_tutorial
[2025-01-29T16:41:42.315+0000] {logging_mixin.py:190} INFO - [2025-01-29T16:41:42.314+0000] {override.py:1911} INFO - Created Permission View: can delete on DAG Run:example_params_ui_tutorial
[2025-01-29T16:41:42.330+0000] {logging_mixin.py:190} INFO - [2025-01-29T16:41:42.330+0000] {override.py:1911} INFO - Created Permission View: can read on DAG Run:example_params_ui_tutorial
[2025-01-29T16:41:42.347+0000] {logging_mixin.py:190} INFO - [2025-01-29T16:41:42.347+0000] {override.py:1911} INFO - Created Permission View: menu access on DAG Run:example_params_ui_tutorial
[2025-01-29T16:41:42.365+0000] {logging_mixin.py:190} INFO - [2025-01-29T16:41:42.364+0000] {override.py:1911} INFO - Created Permission View: can create on DAG Run:example_params_ui_tutorial
[2025-01-29T16:41:42.366+0000] {logging_mixin.py:190} INFO - [2025-01-29T16:41:42.366+0000] {dag.py:3239} INFO - Sync 1 DAGs
[2025-01-29T16:41:42.403+0000] {logging_mixin.py:190} INFO - [2025-01-29T16:41:42.403+0000] {dag.py:3262} INFO - Creating ORM DAG for example_params_ui_tutorial
[2025-01-29T16:41:42.406+0000] {logging_mixin.py:190} INFO - [2025-01-29T16:41:42.405+0000] {dag.py:4180} INFO - Setting next_dagrun for example_params_ui_tutorial to None, run_after=None
[2025-01-29T16:41:42.449+0000] {processor.py:208} INFO - Processing /home/airflow/.local/lib/python3.12/site-packages/airflow/example_dags/example_params_ui_tutorial.py took 0.541 seconds
[2025-01-29T16:42:12.937+0000] {processor.py:186} INFO - Started process (PID=191) to work on /home/airflow/.local/lib/python3.12/site-packages/airflow/example_dags/example_params_ui_tutorial.py
[2025-01-29T16:42:12.938+0000] {processor.py:914} INFO - Processing file /home/airflow/.local/lib/python3.12/site-packages/airflow/example_dags/example_params_ui_tutorial.py for tasks to queue
[2025-01-29T16:42:12.941+0000] {logging_mixin.py:190} INFO - [2025-01-29T16:42:12.940+0000] {dagbag.py:588} INFO - Filling up the DagBag from /home/airflow/.local/lib/python3.12/site-packages/airflow/example_dags/example_params_ui_tutorial.py
[2025-01-29T16:42:12.950+0000] {processor.py:925} INFO - DAG(s) 'example_params_ui_tutorial' retrieved from /home/airflow/.local/lib/python3.12/site-packages/airflow/example_dags/example_params_ui_tutorial.py
[2025-01-29T16:42:12.991+0000] {logging_mixin.py:190} INFO - [2025-01-29T16:42:12.990+0000] {dag.py:3239} INFO - Sync 1 DAGs
[2025-01-29T16:42:13.004+0000] {logging_mixin.py:190} INFO - [2025-01-29T16:42:13.003+0000] {dag.py:4180} INFO - Setting next_dagrun for example_params_ui_tutorial to None, run_after=None
[2025-01-29T16:42:13.022+0000] {processor.py:208} INFO - Processing /home/airflow/.local/lib/python3.12/site-packages/airflow/example_dags/example_params_ui_tutorial.py took 0.091 seconds
[2025-01-29T16:42:43.578+0000] {processor.py:186} INFO - Started process (PID=254) to work on /home/airflow/.local/lib/python3.12/site-packages/airflow/example_dags/example_params_ui_tutorial.py
[2025-01-29T16:42:43.581+0000] {processor.py:914} INFO - Processing file /home/airflow/.local/lib/python3.12/site-packages/airflow/example_dags/example_params_ui_tutorial.py for tasks to queue
[2025-01-29T16:42:43.585+0000] {logging_mixin.py:190} INFO - [2025-01-29T16:42:43.585+0000] {dagbag.py:588} INFO - Filling up the DagBag from /home/airflow/.local/lib/python3.12/site-packages/airflow/example_dags/example_params_ui_tutorial.py
[2025-01-29T16:42:43.593+0000] {processor.py:925} INFO - DAG(s) 'example_params_ui_tutorial' retrieved from /home/airflow/.local/lib/python3.12/site-packages/airflow/example_dags/example_params_ui_tutorial.py
[2025-01-29T16:42:43.631+0000] {logging_mixin.py:190} INFO - [2025-01-29T16:42:43.631+0000] {dag.py:3239} INFO - Sync 1 DAGs
[2025-01-29T16:42:43.643+0000] {logging_mixin.py:190} INFO - [2025-01-29T16:42:43.642+0000] {dag.py:4180} INFO - Setting next_dagrun for example_params_ui_tutorial to None, run_after=None
[2025-01-29T16:42:43.664+0000] {processor.py:208} INFO - Processing /home/airflow/.local/lib/python3.12/site-packages/airflow/example_dags/example_params_ui_tutorial.py took 0.091 seconds
[2025-01-29T16:43:13.903+0000] {processor.py:186} INFO - Started process (PID=317) to work on /home/airflow/.local/lib/python3.12/site-packages/airflow/example_dags/example_params_ui_tutorial.py
[2025-01-29T16:43:13.904+0000] {processor.py:914} INFO - Processing file /home/airflow/.local/lib/python3.12/site-packages/airflow/example_dags/example_params_ui_tutorial.py for tasks to queue
[2025-01-29T16:43:13.907+0000] {logging_mixin.py:190} INFO - [2025-01-29T16:43:13.907+0000] {dagbag.py:588} INFO - Filling up the DagBag from /home/airflow/.local/lib/python3.12/site-packages/airflow/example_dags/example_params_ui_tutorial.py
[2025-01-29T16:43:13.917+0000] {processor.py:925} INFO - DAG(s) 'example_params_ui_tutorial' retrieved from /home/airflow/.local/lib/python3.12/site-packages/airflow/example_dags/example_params_ui_tutorial.py
[2025-01-29T16:43:13.955+0000] {logging_mixin.py:190} INFO - [2025-01-29T16:43:13.955+0000] {dag.py:3239} INFO - Sync 1 DAGs
[2025-01-29T16:43:13.971+0000] {logging_mixin.py:190} INFO - [2025-01-29T16:43:13.970+0000] {dag.py:4180} INFO - Setting next_dagrun for example_params_ui_tutorial to None, run_after=None
[2025-01-29T16:43:13.990+0000] {processor.py:208} INFO - Processing /home/airflow/.local/lib/python3.12/site-packages/airflow/example_dags/example_params_ui_tutorial.py took 0.093 seconds
