[2025-01-29T16:41:34.563+0000] {processor.py:186} INFO - Started process (PID=99) to work on /home/airflow/.local/lib/python3.12/site-packages/airflow/example_dags/example_bash_decorator.py
[2025-01-29T16:41:34.569+0000] {processor.py:914} INFO - Processing file /home/airflow/.local/lib/python3.12/site-packages/airflow/example_dags/example_bash_decorator.py for tasks to queue
[2025-01-29T16:41:34.575+0000] {logging_mixin.py:190} INFO - [2025-01-29T16:41:34.574+0000] {dagbag.py:588} INFO - Filling up the DagBag from /home/airflow/.local/lib/python3.12/site-packages/airflow/example_dags/example_bash_decorator.py
[2025-01-29T16:41:34.622+0000] {processor.py:925} INFO - DAG(s) 'example_bash_decorator' retrieved from /home/airflow/.local/lib/python3.12/site-packages/airflow/example_dags/example_bash_decorator.py
[2025-01-29T16:41:34.899+0000] {logging_mixin.py:190} INFO - [2025-01-29T16:41:34.897+0000] {override.py:1911} INFO - Created Permission View: can delete on DAG:example_bash_decorator
[2025-01-29T16:41:34.935+0000] {logging_mixin.py:190} INFO - [2025-01-29T16:41:34.932+0000] {override.py:1911} INFO - Created Permission View: can read on DAG:example_bash_decorator
[2025-01-29T16:41:34.955+0000] {logging_mixin.py:190} INFO - [2025-01-29T16:41:34.955+0000] {override.py:1911} INFO - Created Permission View: can edit on DAG:example_bash_decorator
[2025-01-29T16:41:34.973+0000] {logging_mixin.py:190} INFO - [2025-01-29T16:41:34.972+0000] {override.py:1911} INFO - Created Permission View: can delete on DAG Run:example_bash_decorator
[2025-01-29T16:41:34.990+0000] {logging_mixin.py:190} INFO - [2025-01-29T16:41:34.989+0000] {override.py:1911} INFO - Created Permission View: can read on DAG Run:example_bash_decorator
[2025-01-29T16:41:35.004+0000] {logging_mixin.py:190} INFO - [2025-01-29T16:41:35.003+0000] {override.py:1911} INFO - Created Permission View: menu access on DAG Run:example_bash_decorator
[2025-01-29T16:41:35.017+0000] {logging_mixin.py:190} INFO - [2025-01-29T16:41:35.017+0000] {override.py:1911} INFO - Created Permission View: can create on DAG Run:example_bash_decorator
[2025-01-29T16:41:35.019+0000] {logging_mixin.py:190} INFO - [2025-01-29T16:41:35.018+0000] {dag.py:3239} INFO - Sync 1 DAGs
[2025-01-29T16:41:35.044+0000] {logging_mixin.py:190} INFO - [2025-01-29T16:41:35.044+0000] {dag.py:3262} INFO - Creating ORM DAG for example_bash_decorator
[2025-01-29T16:41:35.046+0000] {logging_mixin.py:190} INFO - [2025-01-29T16:41:35.045+0000] {dag.py:4180} INFO - Setting next_dagrun for example_bash_decorator to None, run_after=None
[2025-01-29T16:41:35.071+0000] {processor.py:208} INFO - Processing /home/airflow/.local/lib/python3.12/site-packages/airflow/example_dags/example_bash_decorator.py took 0.530 seconds
[2025-01-29T16:42:05.965+0000] {processor.py:186} INFO - Started process (PID=161) to work on /home/airflow/.local/lib/python3.12/site-packages/airflow/example_dags/example_bash_decorator.py
[2025-01-29T16:42:05.966+0000] {processor.py:914} INFO - Processing file /home/airflow/.local/lib/python3.12/site-packages/airflow/example_dags/example_bash_decorator.py for tasks to queue
[2025-01-29T16:42:05.968+0000] {logging_mixin.py:190} INFO - [2025-01-29T16:42:05.968+0000] {dagbag.py:588} INFO - Filling up the DagBag from /home/airflow/.local/lib/python3.12/site-packages/airflow/example_dags/example_bash_decorator.py
[2025-01-29T16:42:05.983+0000] {processor.py:925} INFO - DAG(s) 'example_bash_decorator' retrieved from /home/airflow/.local/lib/python3.12/site-packages/airflow/example_dags/example_bash_decorator.py
[2025-01-29T16:42:06.002+0000] {logging_mixin.py:190} INFO - [2025-01-29T16:42:06.002+0000] {dag.py:3239} INFO - Sync 1 DAGs
[2025-01-29T16:42:06.012+0000] {logging_mixin.py:190} INFO - [2025-01-29T16:42:06.012+0000] {dag.py:4180} INFO - Setting next_dagrun for example_bash_decorator to None, run_after=None
[2025-01-29T16:42:06.033+0000] {processor.py:208} INFO - Processing /home/airflow/.local/lib/python3.12/site-packages/airflow/example_dags/example_bash_decorator.py took 0.074 seconds
[2025-01-29T16:42:36.321+0000] {processor.py:186} INFO - Started process (PID=224) to work on /home/airflow/.local/lib/python3.12/site-packages/airflow/example_dags/example_bash_decorator.py
[2025-01-29T16:42:36.322+0000] {processor.py:914} INFO - Processing file /home/airflow/.local/lib/python3.12/site-packages/airflow/example_dags/example_bash_decorator.py for tasks to queue
[2025-01-29T16:42:36.324+0000] {logging_mixin.py:190} INFO - [2025-01-29T16:42:36.324+0000] {dagbag.py:588} INFO - Filling up the DagBag from /home/airflow/.local/lib/python3.12/site-packages/airflow/example_dags/example_bash_decorator.py
[2025-01-29T16:42:36.345+0000] {processor.py:925} INFO - DAG(s) 'example_bash_decorator' retrieved from /home/airflow/.local/lib/python3.12/site-packages/airflow/example_dags/example_bash_decorator.py
[2025-01-29T16:42:36.374+0000] {logging_mixin.py:190} INFO - [2025-01-29T16:42:36.374+0000] {dag.py:3239} INFO - Sync 1 DAGs
[2025-01-29T16:42:36.391+0000] {logging_mixin.py:190} INFO - [2025-01-29T16:42:36.391+0000] {dag.py:4180} INFO - Setting next_dagrun for example_bash_decorator to None, run_after=None
[2025-01-29T16:42:36.415+0000] {processor.py:208} INFO - Processing /home/airflow/.local/lib/python3.12/site-packages/airflow/example_dags/example_bash_decorator.py took 0.100 seconds
[2025-01-29T16:43:06.864+0000] {processor.py:186} INFO - Started process (PID=287) to work on /home/airflow/.local/lib/python3.12/site-packages/airflow/example_dags/example_bash_decorator.py
[2025-01-29T16:43:06.865+0000] {processor.py:914} INFO - Processing file /home/airflow/.local/lib/python3.12/site-packages/airflow/example_dags/example_bash_decorator.py for tasks to queue
[2025-01-29T16:43:06.869+0000] {logging_mixin.py:190} INFO - [2025-01-29T16:43:06.868+0000] {dagbag.py:588} INFO - Filling up the DagBag from /home/airflow/.local/lib/python3.12/site-packages/airflow/example_dags/example_bash_decorator.py
[2025-01-29T16:43:06.883+0000] {processor.py:925} INFO - DAG(s) 'example_bash_decorator' retrieved from /home/airflow/.local/lib/python3.12/site-packages/airflow/example_dags/example_bash_decorator.py
[2025-01-29T16:43:06.910+0000] {logging_mixin.py:190} INFO - [2025-01-29T16:43:06.909+0000] {dag.py:3239} INFO - Sync 1 DAGs
[2025-01-29T16:43:06.923+0000] {logging_mixin.py:190} INFO - [2025-01-29T16:43:06.923+0000] {dag.py:4180} INFO - Setting next_dagrun for example_bash_decorator to None, run_after=None
[2025-01-29T16:43:06.943+0000] {processor.py:208} INFO - Processing /home/airflow/.local/lib/python3.12/site-packages/airflow/example_dags/example_bash_decorator.py took 0.086 seconds
[2025-01-29T16:43:37.977+0000] {processor.py:186} INFO - Started process (PID=356) to work on /home/airflow/.local/lib/python3.12/site-packages/airflow/example_dags/example_bash_decorator.py
[2025-01-29T16:43:37.978+0000] {processor.py:914} INFO - Processing file /home/airflow/.local/lib/python3.12/site-packages/airflow/example_dags/example_bash_decorator.py for tasks to queue
[2025-01-29T16:43:37.981+0000] {logging_mixin.py:190} INFO - [2025-01-29T16:43:37.980+0000] {dagbag.py:588} INFO - Filling up the DagBag from /home/airflow/.local/lib/python3.12/site-packages/airflow/example_dags/example_bash_decorator.py
[2025-01-29T16:43:37.995+0000] {processor.py:925} INFO - DAG(s) 'example_bash_decorator' retrieved from /home/airflow/.local/lib/python3.12/site-packages/airflow/example_dags/example_bash_decorator.py
[2025-01-29T16:43:38.015+0000] {logging_mixin.py:190} INFO - [2025-01-29T16:43:38.015+0000] {dag.py:3239} INFO - Sync 1 DAGs
[2025-01-29T16:43:38.027+0000] {logging_mixin.py:190} INFO - [2025-01-29T16:43:38.026+0000] {dag.py:4180} INFO - Setting next_dagrun for example_bash_decorator to None, run_after=None
[2025-01-29T16:43:38.040+0000] {processor.py:208} INFO - Processing /home/airflow/.local/lib/python3.12/site-packages/airflow/example_dags/example_bash_decorator.py took 0.070 seconds
