[2025-01-29T16:41:41.739+0000] {processor.py:186} INFO - Started process (PID=127) to work on /home/airflow/.local/lib/python3.12/site-packages/airflow/example_dags/example_external_task_marker_dag.py
[2025-01-29T16:41:41.741+0000] {processor.py:914} INFO - Processing file /home/airflow/.local/lib/python3.12/site-packages/airflow/example_dags/example_external_task_marker_dag.py for tasks to queue
[2025-01-29T16:41:41.746+0000] {logging_mixin.py:190} INFO - [2025-01-29T16:41:41.745+0000] {dagbag.py:588} INFO - Filling up the DagBag from /home/airflow/.local/lib/python3.12/site-packages/airflow/example_dags/example_external_task_marker_dag.py
[2025-01-29T16:41:41.763+0000] {processor.py:925} INFO - DAG(s) 'example_external_task_marker_parent', 'example_external_task_marker_child' retrieved from /home/airflow/.local/lib/python3.12/site-packages/airflow/example_dags/example_external_task_marker_dag.py
[2025-01-29T16:41:41.988+0000] {logging_mixin.py:190} INFO - [2025-01-29T16:41:41.986+0000] {override.py:1911} INFO - Created Permission View: can delete on DAG:example_external_task_marker_parent
[2025-01-29T16:41:42.009+0000] {logging_mixin.py:190} INFO - [2025-01-29T16:41:42.008+0000] {override.py:1911} INFO - Created Permission View: can read on DAG:example_external_task_marker_parent
[2025-01-29T16:41:42.028+0000] {logging_mixin.py:190} INFO - [2025-01-29T16:41:42.028+0000] {override.py:1911} INFO - Created Permission View: can edit on DAG:example_external_task_marker_parent
[2025-01-29T16:41:42.045+0000] {logging_mixin.py:190} INFO - [2025-01-29T16:41:42.044+0000] {override.py:1911} INFO - Created Permission View: can delete on DAG Run:example_external_task_marker_parent
[2025-01-29T16:41:42.059+0000] {logging_mixin.py:190} INFO - [2025-01-29T16:41:42.058+0000] {override.py:1911} INFO - Created Permission View: can read on DAG Run:example_external_task_marker_parent
[2025-01-29T16:41:42.075+0000] {logging_mixin.py:190} INFO - [2025-01-29T16:41:42.075+0000] {override.py:1911} INFO - Created Permission View: menu access on DAG Run:example_external_task_marker_parent
[2025-01-29T16:41:42.092+0000] {logging_mixin.py:190} INFO - [2025-01-29T16:41:42.091+0000] {override.py:1911} INFO - Created Permission View: can create on DAG Run:example_external_task_marker_parent
[2025-01-29T16:41:42.130+0000] {logging_mixin.py:190} INFO - [2025-01-29T16:41:42.130+0000] {override.py:1911} INFO - Created Permission View: can delete on DAG:example_external_task_marker_child
[2025-01-29T16:41:42.148+0000] {logging_mixin.py:190} INFO - [2025-01-29T16:41:42.148+0000] {override.py:1911} INFO - Created Permission View: can read on DAG:example_external_task_marker_child
[2025-01-29T16:41:42.165+0000] {logging_mixin.py:190} INFO - [2025-01-29T16:41:42.164+0000] {override.py:1911} INFO - Created Permission View: can edit on DAG:example_external_task_marker_child
[2025-01-29T16:41:42.182+0000] {logging_mixin.py:190} INFO - [2025-01-29T16:41:42.182+0000] {override.py:1911} INFO - Created Permission View: can delete on DAG Run:example_external_task_marker_child
[2025-01-29T16:41:42.199+0000] {logging_mixin.py:190} INFO - [2025-01-29T16:41:42.199+0000] {override.py:1911} INFO - Created Permission View: can read on DAG Run:example_external_task_marker_child
[2025-01-29T16:41:42.223+0000] {logging_mixin.py:190} INFO - [2025-01-29T16:41:42.223+0000] {override.py:1911} INFO - Created Permission View: menu access on DAG Run:example_external_task_marker_child
[2025-01-29T16:41:42.244+0000] {logging_mixin.py:190} INFO - [2025-01-29T16:41:42.243+0000] {override.py:1911} INFO - Created Permission View: can create on DAG Run:example_external_task_marker_child
[2025-01-29T16:41:42.246+0000] {logging_mixin.py:190} INFO - [2025-01-29T16:41:42.245+0000] {dag.py:3239} INFO - Sync 2 DAGs
[2025-01-29T16:41:42.280+0000] {logging_mixin.py:190} INFO - [2025-01-29T16:41:42.280+0000] {dag.py:3262} INFO - Creating ORM DAG for example_external_task_marker_child
[2025-01-29T16:41:42.282+0000] {logging_mixin.py:190} INFO - [2025-01-29T16:41:42.282+0000] {dag.py:3262} INFO - Creating ORM DAG for example_external_task_marker_parent
[2025-01-29T16:41:42.284+0000] {logging_mixin.py:190} INFO - [2025-01-29T16:41:42.284+0000] {dag.py:4180} INFO - Setting next_dagrun for example_external_task_marker_child to None, run_after=None
[2025-01-29T16:41:42.287+0000] {logging_mixin.py:190} INFO - [2025-01-29T16:41:42.286+0000] {dag.py:4180} INFO - Setting next_dagrun for example_external_task_marker_parent to None, run_after=None
[2025-01-29T16:41:42.326+0000] {processor.py:208} INFO - Processing /home/airflow/.local/lib/python3.12/site-packages/airflow/example_dags/example_external_task_marker_dag.py took 0.599 seconds
[2025-01-29T16:42:12.937+0000] {processor.py:186} INFO - Started process (PID=190) to work on /home/airflow/.local/lib/python3.12/site-packages/airflow/example_dags/example_external_task_marker_dag.py
[2025-01-29T16:42:12.938+0000] {processor.py:914} INFO - Processing file /home/airflow/.local/lib/python3.12/site-packages/airflow/example_dags/example_external_task_marker_dag.py for tasks to queue
[2025-01-29T16:42:12.941+0000] {logging_mixin.py:190} INFO - [2025-01-29T16:42:12.940+0000] {dagbag.py:588} INFO - Filling up the DagBag from /home/airflow/.local/lib/python3.12/site-packages/airflow/example_dags/example_external_task_marker_dag.py
[2025-01-29T16:42:12.950+0000] {processor.py:925} INFO - DAG(s) 'example_external_task_marker_parent', 'example_external_task_marker_child' retrieved from /home/airflow/.local/lib/python3.12/site-packages/airflow/example_dags/example_external_task_marker_dag.py
[2025-01-29T16:42:12.973+0000] {logging_mixin.py:190} INFO - [2025-01-29T16:42:12.973+0000] {dag.py:3239} INFO - Sync 2 DAGs
[2025-01-29T16:42:12.989+0000] {logging_mixin.py:190} INFO - [2025-01-29T16:42:12.988+0000] {dag.py:4180} INFO - Setting next_dagrun for example_external_task_marker_child to None, run_after=None
[2025-01-29T16:42:12.992+0000] {logging_mixin.py:190} INFO - [2025-01-29T16:42:12.992+0000] {dag.py:4180} INFO - Setting next_dagrun for example_external_task_marker_parent to None, run_after=None
[2025-01-29T16:42:13.012+0000] {processor.py:208} INFO - Processing /home/airflow/.local/lib/python3.12/site-packages/airflow/example_dags/example_external_task_marker_dag.py took 0.080 seconds
[2025-01-29T16:42:43.578+0000] {processor.py:186} INFO - Started process (PID=253) to work on /home/airflow/.local/lib/python3.12/site-packages/airflow/example_dags/example_external_task_marker_dag.py
[2025-01-29T16:42:43.581+0000] {processor.py:914} INFO - Processing file /home/airflow/.local/lib/python3.12/site-packages/airflow/example_dags/example_external_task_marker_dag.py for tasks to queue
[2025-01-29T16:42:43.584+0000] {logging_mixin.py:190} INFO - [2025-01-29T16:42:43.584+0000] {dagbag.py:588} INFO - Filling up the DagBag from /home/airflow/.local/lib/python3.12/site-packages/airflow/example_dags/example_external_task_marker_dag.py
[2025-01-29T16:42:43.591+0000] {processor.py:925} INFO - DAG(s) 'example_external_task_marker_child', 'example_external_task_marker_parent' retrieved from /home/airflow/.local/lib/python3.12/site-packages/airflow/example_dags/example_external_task_marker_dag.py
[2025-01-29T16:42:43.611+0000] {logging_mixin.py:190} INFO - [2025-01-29T16:42:43.611+0000] {dag.py:3239} INFO - Sync 2 DAGs
[2025-01-29T16:42:43.624+0000] {logging_mixin.py:190} INFO - [2025-01-29T16:42:43.624+0000] {dag.py:4180} INFO - Setting next_dagrun for example_external_task_marker_child to None, run_after=None
[2025-01-29T16:42:43.627+0000] {logging_mixin.py:190} INFO - [2025-01-29T16:42:43.627+0000] {dag.py:4180} INFO - Setting next_dagrun for example_external_task_marker_parent to None, run_after=None
[2025-01-29T16:42:43.664+0000] {processor.py:208} INFO - Processing /home/airflow/.local/lib/python3.12/site-packages/airflow/example_dags/example_external_task_marker_dag.py took 0.091 seconds
[2025-01-29T16:43:13.776+0000] {processor.py:186} INFO - Started process (PID=316) to work on /home/airflow/.local/lib/python3.12/site-packages/airflow/example_dags/example_external_task_marker_dag.py
[2025-01-29T16:43:13.779+0000] {processor.py:914} INFO - Processing file /home/airflow/.local/lib/python3.12/site-packages/airflow/example_dags/example_external_task_marker_dag.py for tasks to queue
[2025-01-29T16:43:13.782+0000] {logging_mixin.py:190} INFO - [2025-01-29T16:43:13.782+0000] {dagbag.py:588} INFO - Filling up the DagBag from /home/airflow/.local/lib/python3.12/site-packages/airflow/example_dags/example_external_task_marker_dag.py
[2025-01-29T16:43:13.790+0000] {processor.py:925} INFO - DAG(s) 'example_external_task_marker_child', 'example_external_task_marker_parent' retrieved from /home/airflow/.local/lib/python3.12/site-packages/airflow/example_dags/example_external_task_marker_dag.py
[2025-01-29T16:43:13.827+0000] {logging_mixin.py:190} INFO - [2025-01-29T16:43:13.826+0000] {dag.py:3239} INFO - Sync 2 DAGs
[2025-01-29T16:43:13.846+0000] {logging_mixin.py:190} INFO - [2025-01-29T16:43:13.846+0000] {dag.py:4180} INFO - Setting next_dagrun for example_external_task_marker_child to None, run_after=None
[2025-01-29T16:43:13.850+0000] {logging_mixin.py:190} INFO - [2025-01-29T16:43:13.850+0000] {dag.py:4180} INFO - Setting next_dagrun for example_external_task_marker_parent to None, run_after=None
[2025-01-29T16:43:13.868+0000] {processor.py:208} INFO - Processing /home/airflow/.local/lib/python3.12/site-packages/airflow/example_dags/example_external_task_marker_dag.py took 0.098 seconds
