[2025-01-29T16:41:29.583+0000] {processor.py:186} INFO - Started process (PID=92) to work on /home/airflow/.local/lib/python3.12/site-packages/airflow/example_dags/example_dataset_alias_with_no_taskflow.py
[2025-01-29T16:41:29.584+0000] {processor.py:914} INFO - Processing file /home/airflow/.local/lib/python3.12/site-packages/airflow/example_dags/example_dataset_alias_with_no_taskflow.py for tasks to queue
[2025-01-29T16:41:29.588+0000] {logging_mixin.py:190} INFO - [2025-01-29T16:41:29.588+0000] {dagbag.py:588} INFO - Filling up the DagBag from /home/airflow/.local/lib/python3.12/site-packages/airflow/example_dags/example_dataset_alias_with_no_taskflow.py
[2025-01-29T16:41:32.667+0000] {processor.py:925} INFO - DAG(s) 'dataset_s3_bucket_producer_with_no_taskflow', 'dataset_s3_bucket_consumer_with_no_taskflow', 'dataset_alias_example_alias_producer_with_no_taskflow', 'dataset_alias_example_alias_consumer_with_no_taskflow' retrieved from /home/airflow/.local/lib/python3.12/site-packages/airflow/example_dags/example_dataset_alias_with_no_taskflow.py
[2025-01-29T16:41:32.800+0000] {logging_mixin.py:190} INFO - [2025-01-29T16:41:32.799+0000] {override.py:1911} INFO - Created Permission View: can delete on DAG:dataset_s3_bucket_producer_with_no_taskflow
[2025-01-29T16:41:32.817+0000] {logging_mixin.py:190} INFO - [2025-01-29T16:41:32.816+0000] {override.py:1911} INFO - Created Permission View: can read on DAG:dataset_s3_bucket_producer_with_no_taskflow
[2025-01-29T16:41:32.826+0000] {logging_mixin.py:190} INFO - [2025-01-29T16:41:32.826+0000] {override.py:1911} INFO - Created Permission View: can edit on DAG:dataset_s3_bucket_producer_with_no_taskflow
[2025-01-29T16:41:32.836+0000] {logging_mixin.py:190} INFO - [2025-01-29T16:41:32.836+0000] {override.py:1911} INFO - Created Permission View: can delete on DAG Run:dataset_s3_bucket_producer_with_no_taskflow
[2025-01-29T16:41:32.845+0000] {logging_mixin.py:190} INFO - [2025-01-29T16:41:32.845+0000] {override.py:1911} INFO - Created Permission View: can read on DAG Run:dataset_s3_bucket_producer_with_no_taskflow
[2025-01-29T16:41:32.854+0000] {logging_mixin.py:190} INFO - [2025-01-29T16:41:32.853+0000] {override.py:1911} INFO - Created Permission View: menu access on DAG Run:dataset_s3_bucket_producer_with_no_taskflow
[2025-01-29T16:41:32.863+0000] {logging_mixin.py:190} INFO - [2025-01-29T16:41:32.862+0000] {override.py:1911} INFO - Created Permission View: can create on DAG Run:dataset_s3_bucket_producer_with_no_taskflow
[2025-01-29T16:41:32.880+0000] {logging_mixin.py:190} INFO - [2025-01-29T16:41:32.880+0000] {override.py:1911} INFO - Created Permission View: can delete on DAG:dataset_s3_bucket_consumer_with_no_taskflow
[2025-01-29T16:41:32.888+0000] {logging_mixin.py:190} INFO - [2025-01-29T16:41:32.888+0000] {override.py:1911} INFO - Created Permission View: can read on DAG:dataset_s3_bucket_consumer_with_no_taskflow
[2025-01-29T16:41:32.897+0000] {logging_mixin.py:190} INFO - [2025-01-29T16:41:32.897+0000] {override.py:1911} INFO - Created Permission View: can edit on DAG:dataset_s3_bucket_consumer_with_no_taskflow
[2025-01-29T16:41:32.910+0000] {logging_mixin.py:190} INFO - [2025-01-29T16:41:32.909+0000] {override.py:1911} INFO - Created Permission View: can delete on DAG Run:dataset_s3_bucket_consumer_with_no_taskflow
[2025-01-29T16:41:32.918+0000] {logging_mixin.py:190} INFO - [2025-01-29T16:41:32.917+0000] {override.py:1911} INFO - Created Permission View: can read on DAG Run:dataset_s3_bucket_consumer_with_no_taskflow
[2025-01-29T16:41:32.926+0000] {logging_mixin.py:190} INFO - [2025-01-29T16:41:32.925+0000] {override.py:1911} INFO - Created Permission View: menu access on DAG Run:dataset_s3_bucket_consumer_with_no_taskflow
[2025-01-29T16:41:32.934+0000] {logging_mixin.py:190} INFO - [2025-01-29T16:41:32.933+0000] {override.py:1911} INFO - Created Permission View: can create on DAG Run:dataset_s3_bucket_consumer_with_no_taskflow
[2025-01-29T16:41:32.951+0000] {logging_mixin.py:190} INFO - [2025-01-29T16:41:32.951+0000] {override.py:1911} INFO - Created Permission View: can delete on DAG:dataset_alias_example_alias_producer_with_no_taskflow
[2025-01-29T16:41:32.961+0000] {logging_mixin.py:190} INFO - [2025-01-29T16:41:32.961+0000] {override.py:1911} INFO - Created Permission View: can read on DAG:dataset_alias_example_alias_producer_with_no_taskflow
[2025-01-29T16:41:32.971+0000] {logging_mixin.py:190} INFO - [2025-01-29T16:41:32.971+0000] {override.py:1911} INFO - Created Permission View: can edit on DAG:dataset_alias_example_alias_producer_with_no_taskflow
[2025-01-29T16:41:32.982+0000] {logging_mixin.py:190} INFO - [2025-01-29T16:41:32.982+0000] {override.py:1911} INFO - Created Permission View: can delete on DAG Run:dataset_alias_example_alias_producer_with_no_taskflow
[2025-01-29T16:41:32.991+0000] {logging_mixin.py:190} INFO - [2025-01-29T16:41:32.990+0000] {override.py:1911} INFO - Created Permission View: can read on DAG Run:dataset_alias_example_alias_producer_with_no_taskflow
[2025-01-29T16:41:33.000+0000] {logging_mixin.py:190} INFO - [2025-01-29T16:41:32.999+0000] {override.py:1911} INFO - Created Permission View: menu access on DAG Run:dataset_alias_example_alias_producer_with_no_taskflow
[2025-01-29T16:41:33.009+0000] {logging_mixin.py:190} INFO - [2025-01-29T16:41:33.008+0000] {override.py:1911} INFO - Created Permission View: can create on DAG Run:dataset_alias_example_alias_producer_with_no_taskflow
[2025-01-29T16:41:33.033+0000] {logging_mixin.py:190} INFO - [2025-01-29T16:41:33.032+0000] {override.py:1911} INFO - Created Permission View: can delete on DAG:dataset_alias_example_alias_consumer_with_no_taskflow
[2025-01-29T16:41:33.046+0000] {logging_mixin.py:190} INFO - [2025-01-29T16:41:33.045+0000] {override.py:1911} INFO - Created Permission View: can read on DAG:dataset_alias_example_alias_consumer_with_no_taskflow
[2025-01-29T16:41:33.060+0000] {logging_mixin.py:190} INFO - [2025-01-29T16:41:33.059+0000] {override.py:1911} INFO - Created Permission View: can edit on DAG:dataset_alias_example_alias_consumer_with_no_taskflow
[2025-01-29T16:41:33.075+0000] {logging_mixin.py:190} INFO - [2025-01-29T16:41:33.075+0000] {override.py:1911} INFO - Created Permission View: can delete on DAG Run:dataset_alias_example_alias_consumer_with_no_taskflow
[2025-01-29T16:41:33.088+0000] {logging_mixin.py:190} INFO - [2025-01-29T16:41:33.087+0000] {override.py:1911} INFO - Created Permission View: can read on DAG Run:dataset_alias_example_alias_consumer_with_no_taskflow
[2025-01-29T16:41:33.103+0000] {logging_mixin.py:190} INFO - [2025-01-29T16:41:33.102+0000] {override.py:1911} INFO - Created Permission View: menu access on DAG Run:dataset_alias_example_alias_consumer_with_no_taskflow
[2025-01-29T16:41:33.115+0000] {logging_mixin.py:190} INFO - [2025-01-29T16:41:33.115+0000] {override.py:1911} INFO - Created Permission View: can create on DAG Run:dataset_alias_example_alias_consumer_with_no_taskflow
[2025-01-29T16:41:33.117+0000] {logging_mixin.py:190} INFO - [2025-01-29T16:41:33.116+0000] {dag.py:3239} INFO - Sync 4 DAGs
[2025-01-29T16:41:33.156+0000] {logging_mixin.py:190} INFO - [2025-01-29T16:41:33.155+0000] {dag.py:3262} INFO - Creating ORM DAG for dataset_alias_example_alias_producer_with_no_taskflow
[2025-01-29T16:41:33.158+0000] {logging_mixin.py:190} INFO - [2025-01-29T16:41:33.157+0000] {dag.py:3262} INFO - Creating ORM DAG for dataset_s3_bucket_consumer_with_no_taskflow
[2025-01-29T16:41:33.160+0000] {logging_mixin.py:190} INFO - [2025-01-29T16:41:33.159+0000] {dag.py:3262} INFO - Creating ORM DAG for dataset_alias_example_alias_consumer_with_no_taskflow
[2025-01-29T16:41:33.161+0000] {logging_mixin.py:190} INFO - [2025-01-29T16:41:33.161+0000] {dag.py:3262} INFO - Creating ORM DAG for dataset_s3_bucket_producer_with_no_taskflow
[2025-01-29T16:41:33.181+0000] {logging_mixin.py:190} INFO - [2025-01-29T16:41:33.180+0000] {dag.py:4180} INFO - Setting next_dagrun for dataset_alias_example_alias_consumer_with_no_taskflow to None, run_after=None
[2025-01-29T16:41:33.182+0000] {logging_mixin.py:190} INFO - [2025-01-29T16:41:33.182+0000] {dag.py:4180} INFO - Setting next_dagrun for dataset_alias_example_alias_producer_with_no_taskflow to None, run_after=None
[2025-01-29T16:41:33.184+0000] {logging_mixin.py:190} INFO - [2025-01-29T16:41:33.184+0000] {dag.py:4180} INFO - Setting next_dagrun for dataset_s3_bucket_consumer_with_no_taskflow to None, run_after=None
[2025-01-29T16:41:33.186+0000] {logging_mixin.py:190} INFO - [2025-01-29T16:41:33.185+0000] {dag.py:4180} INFO - Setting next_dagrun for dataset_s3_bucket_producer_with_no_taskflow to None, run_after=None
[2025-01-29T16:41:33.235+0000] {processor.py:208} INFO - Processing /home/airflow/.local/lib/python3.12/site-packages/airflow/example_dags/example_dataset_alias_with_no_taskflow.py took 3.660 seconds
[2025-01-29T16:42:03.747+0000] {processor.py:186} INFO - Started process (PID=155) to work on /home/airflow/.local/lib/python3.12/site-packages/airflow/example_dags/example_dataset_alias_with_no_taskflow.py
[2025-01-29T16:42:03.748+0000] {processor.py:914} INFO - Processing file /home/airflow/.local/lib/python3.12/site-packages/airflow/example_dags/example_dataset_alias_with_no_taskflow.py for tasks to queue
[2025-01-29T16:42:03.751+0000] {logging_mixin.py:190} INFO - [2025-01-29T16:42:03.750+0000] {dagbag.py:588} INFO - Filling up the DagBag from /home/airflow/.local/lib/python3.12/site-packages/airflow/example_dags/example_dataset_alias_with_no_taskflow.py
[2025-01-29T16:42:04.309+0000] {processor.py:925} INFO - DAG(s) 'dataset_s3_bucket_producer_with_no_taskflow', 'dataset_s3_bucket_consumer_with_no_taskflow', 'dataset_alias_example_alias_consumer_with_no_taskflow', 'dataset_alias_example_alias_producer_with_no_taskflow' retrieved from /home/airflow/.local/lib/python3.12/site-packages/airflow/example_dags/example_dataset_alias_with_no_taskflow.py
[2025-01-29T16:42:04.348+0000] {logging_mixin.py:190} INFO - [2025-01-29T16:42:04.348+0000] {dag.py:3239} INFO - Sync 4 DAGs
[2025-01-29T16:42:04.377+0000] {logging_mixin.py:190} INFO - [2025-01-29T16:42:04.377+0000] {dag.py:4180} INFO - Setting next_dagrun for dataset_alias_example_alias_consumer_with_no_taskflow to None, run_after=None
[2025-01-29T16:42:04.382+0000] {logging_mixin.py:190} INFO - [2025-01-29T16:42:04.381+0000] {dag.py:4180} INFO - Setting next_dagrun for dataset_alias_example_alias_producer_with_no_taskflow to None, run_after=None
[2025-01-29T16:42:04.384+0000] {logging_mixin.py:190} INFO - [2025-01-29T16:42:04.384+0000] {dag.py:4180} INFO - Setting next_dagrun for dataset_s3_bucket_consumer_with_no_taskflow to None, run_after=None
[2025-01-29T16:42:04.386+0000] {logging_mixin.py:190} INFO - [2025-01-29T16:42:04.386+0000] {dag.py:4180} INFO - Setting next_dagrun for dataset_s3_bucket_producer_with_no_taskflow to None, run_after=None
[2025-01-29T16:42:04.409+0000] {processor.py:208} INFO - Processing /home/airflow/.local/lib/python3.12/site-packages/airflow/example_dags/example_dataset_alias_with_no_taskflow.py took 0.667 seconds
[2025-01-29T16:42:35.171+0000] {processor.py:186} INFO - Started process (PID=218) to work on /home/airflow/.local/lib/python3.12/site-packages/airflow/example_dags/example_dataset_alias_with_no_taskflow.py
[2025-01-29T16:42:35.173+0000] {processor.py:914} INFO - Processing file /home/airflow/.local/lib/python3.12/site-packages/airflow/example_dags/example_dataset_alias_with_no_taskflow.py for tasks to queue
[2025-01-29T16:42:35.175+0000] {logging_mixin.py:190} INFO - [2025-01-29T16:42:35.175+0000] {dagbag.py:588} INFO - Filling up the DagBag from /home/airflow/.local/lib/python3.12/site-packages/airflow/example_dags/example_dataset_alias_with_no_taskflow.py
[2025-01-29T16:42:35.777+0000] {processor.py:925} INFO - DAG(s) 'dataset_alias_example_alias_producer_with_no_taskflow', 'dataset_s3_bucket_producer_with_no_taskflow', 'dataset_s3_bucket_consumer_with_no_taskflow', 'dataset_alias_example_alias_consumer_with_no_taskflow' retrieved from /home/airflow/.local/lib/python3.12/site-packages/airflow/example_dags/example_dataset_alias_with_no_taskflow.py
[2025-01-29T16:42:35.800+0000] {logging_mixin.py:190} INFO - [2025-01-29T16:42:35.799+0000] {dag.py:3239} INFO - Sync 4 DAGs
[2025-01-29T16:42:35.821+0000] {logging_mixin.py:190} INFO - [2025-01-29T16:42:35.820+0000] {dag.py:4180} INFO - Setting next_dagrun for dataset_alias_example_alias_consumer_with_no_taskflow to None, run_after=None
[2025-01-29T16:42:35.823+0000] {logging_mixin.py:190} INFO - [2025-01-29T16:42:35.823+0000] {dag.py:4180} INFO - Setting next_dagrun for dataset_alias_example_alias_producer_with_no_taskflow to None, run_after=None
[2025-01-29T16:42:35.826+0000] {logging_mixin.py:190} INFO - [2025-01-29T16:42:35.825+0000] {dag.py:4180} INFO - Setting next_dagrun for dataset_s3_bucket_consumer_with_no_taskflow to None, run_after=None
[2025-01-29T16:42:35.830+0000] {logging_mixin.py:190} INFO - [2025-01-29T16:42:35.830+0000] {dag.py:4180} INFO - Setting next_dagrun for dataset_s3_bucket_producer_with_no_taskflow to None, run_after=None
[2025-01-29T16:42:35.862+0000] {processor.py:208} INFO - Processing /home/airflow/.local/lib/python3.12/site-packages/airflow/example_dags/example_dataset_alias_with_no_taskflow.py took 0.697 seconds
[2025-01-29T16:43:05.978+0000] {processor.py:186} INFO - Started process (PID=282) to work on /home/airflow/.local/lib/python3.12/site-packages/airflow/example_dags/example_dataset_alias_with_no_taskflow.py
[2025-01-29T16:43:05.985+0000] {processor.py:914} INFO - Processing file /home/airflow/.local/lib/python3.12/site-packages/airflow/example_dags/example_dataset_alias_with_no_taskflow.py for tasks to queue
[2025-01-29T16:43:05.989+0000] {logging_mixin.py:190} INFO - [2025-01-29T16:43:05.989+0000] {dagbag.py:588} INFO - Filling up the DagBag from /home/airflow/.local/lib/python3.12/site-packages/airflow/example_dags/example_dataset_alias_with_no_taskflow.py
[2025-01-29T16:43:06.565+0000] {processor.py:925} INFO - DAG(s) 'dataset_s3_bucket_consumer_with_no_taskflow', 'dataset_alias_example_alias_consumer_with_no_taskflow', 'dataset_s3_bucket_producer_with_no_taskflow', 'dataset_alias_example_alias_producer_with_no_taskflow' retrieved from /home/airflow/.local/lib/python3.12/site-packages/airflow/example_dags/example_dataset_alias_with_no_taskflow.py
[2025-01-29T16:43:06.585+0000] {logging_mixin.py:190} INFO - [2025-01-29T16:43:06.584+0000] {dag.py:3239} INFO - Sync 4 DAGs
[2025-01-29T16:43:06.605+0000] {logging_mixin.py:190} INFO - [2025-01-29T16:43:06.605+0000] {dag.py:4180} INFO - Setting next_dagrun for dataset_alias_example_alias_consumer_with_no_taskflow to None, run_after=None
[2025-01-29T16:43:06.608+0000] {logging_mixin.py:190} INFO - [2025-01-29T16:43:06.608+0000] {dag.py:4180} INFO - Setting next_dagrun for dataset_alias_example_alias_producer_with_no_taskflow to None, run_after=None
[2025-01-29T16:43:06.609+0000] {logging_mixin.py:190} INFO - [2025-01-29T16:43:06.609+0000] {dag.py:4180} INFO - Setting next_dagrun for dataset_s3_bucket_consumer_with_no_taskflow to None, run_after=None
[2025-01-29T16:43:06.611+0000] {logging_mixin.py:190} INFO - [2025-01-29T16:43:06.611+0000] {dag.py:4180} INFO - Setting next_dagrun for dataset_s3_bucket_producer_with_no_taskflow to None, run_after=None
[2025-01-29T16:43:06.630+0000] {processor.py:208} INFO - Processing /home/airflow/.local/lib/python3.12/site-packages/airflow/example_dags/example_dataset_alias_with_no_taskflow.py took 0.659 seconds
[2025-01-29T16:43:37.175+0000] {processor.py:186} INFO - Started process (PID=344) to work on /home/airflow/.local/lib/python3.12/site-packages/airflow/example_dags/example_dataset_alias_with_no_taskflow.py
[2025-01-29T16:43:37.180+0000] {processor.py:914} INFO - Processing file /home/airflow/.local/lib/python3.12/site-packages/airflow/example_dags/example_dataset_alias_with_no_taskflow.py for tasks to queue
[2025-01-29T16:43:37.183+0000] {logging_mixin.py:190} INFO - [2025-01-29T16:43:37.183+0000] {dagbag.py:588} INFO - Filling up the DagBag from /home/airflow/.local/lib/python3.12/site-packages/airflow/example_dags/example_dataset_alias_with_no_taskflow.py
[2025-01-29T16:43:37.648+0000] {processor.py:925} INFO - DAG(s) 'dataset_s3_bucket_producer_with_no_taskflow', 'dataset_s3_bucket_consumer_with_no_taskflow', 'dataset_alias_example_alias_producer_with_no_taskflow', 'dataset_alias_example_alias_consumer_with_no_taskflow' retrieved from /home/airflow/.local/lib/python3.12/site-packages/airflow/example_dags/example_dataset_alias_with_no_taskflow.py
[2025-01-29T16:43:37.663+0000] {logging_mixin.py:190} INFO - [2025-01-29T16:43:37.662+0000] {dag.py:3239} INFO - Sync 4 DAGs
[2025-01-29T16:43:37.683+0000] {logging_mixin.py:190} INFO - [2025-01-29T16:43:37.682+0000] {dag.py:4180} INFO - Setting next_dagrun for dataset_alias_example_alias_consumer_with_no_taskflow to None, run_after=None
[2025-01-29T16:43:37.685+0000] {logging_mixin.py:190} INFO - [2025-01-29T16:43:37.685+0000] {dag.py:4180} INFO - Setting next_dagrun for dataset_alias_example_alias_producer_with_no_taskflow to None, run_after=None
[2025-01-29T16:43:37.688+0000] {logging_mixin.py:190} INFO - [2025-01-29T16:43:37.688+0000] {dag.py:4180} INFO - Setting next_dagrun for dataset_s3_bucket_consumer_with_no_taskflow to None, run_after=None
[2025-01-29T16:43:37.691+0000] {logging_mixin.py:190} INFO - [2025-01-29T16:43:37.690+0000] {dag.py:4180} INFO - Setting next_dagrun for dataset_s3_bucket_producer_with_no_taskflow to None, run_after=None
[2025-01-29T16:43:37.708+0000] {processor.py:208} INFO - Processing /home/airflow/.local/lib/python3.12/site-packages/airflow/example_dags/example_dataset_alias_with_no_taskflow.py took 0.538 seconds
