[2025-01-29T16:41:35.124+0000] {processor.py:186} INFO - Started process (PID=100) to work on /home/airflow/.local/lib/python3.12/site-packages/airflow/example_dags/example_latest_only.py
[2025-01-29T16:41:35.127+0000] {processor.py:914} INFO - Processing file /home/airflow/.local/lib/python3.12/site-packages/airflow/example_dags/example_latest_only.py for tasks to queue
[2025-01-29T16:41:35.131+0000] {logging_mixin.py:190} INFO - [2025-01-29T16:41:35.130+0000] {dagbag.py:588} INFO - Filling up the DagBag from /home/airflow/.local/lib/python3.12/site-packages/airflow/example_dags/example_latest_only.py
[2025-01-29T16:41:35.143+0000] {processor.py:925} INFO - DAG(s) 'latest_only' retrieved from /home/airflow/.local/lib/python3.12/site-packages/airflow/example_dags/example_latest_only.py
[2025-01-29T16:41:35.354+0000] {logging_mixin.py:190} INFO - [2025-01-29T16:41:35.353+0000] {override.py:1911} INFO - Created Permission View: can delete on DAG:latest_only
[2025-01-29T16:41:35.372+0000] {logging_mixin.py:190} INFO - [2025-01-29T16:41:35.371+0000] {override.py:1911} INFO - Created Permission View: can read on DAG:latest_only
[2025-01-29T16:41:35.384+0000] {logging_mixin.py:190} INFO - [2025-01-29T16:41:35.383+0000] {override.py:1911} INFO - Created Permission View: can edit on DAG:latest_only
[2025-01-29T16:41:35.397+0000] {logging_mixin.py:190} INFO - [2025-01-29T16:41:35.397+0000] {override.py:1911} INFO - Created Permission View: can delete on DAG Run:latest_only
[2025-01-29T16:41:35.409+0000] {logging_mixin.py:190} INFO - [2025-01-29T16:41:35.408+0000] {override.py:1911} INFO - Created Permission View: can read on DAG Run:latest_only
[2025-01-29T16:41:35.418+0000] {logging_mixin.py:190} INFO - [2025-01-29T16:41:35.418+0000] {override.py:1911} INFO - Created Permission View: menu access on DAG Run:latest_only
[2025-01-29T16:41:35.429+0000] {logging_mixin.py:190} INFO - [2025-01-29T16:41:35.428+0000] {override.py:1911} INFO - Created Permission View: can create on DAG Run:latest_only
[2025-01-29T16:41:35.430+0000] {logging_mixin.py:190} INFO - [2025-01-29T16:41:35.429+0000] {dag.py:3239} INFO - Sync 1 DAGs
[2025-01-29T16:41:35.447+0000] {logging_mixin.py:190} INFO - [2025-01-29T16:41:35.447+0000] {dag.py:3262} INFO - Creating ORM DAG for latest_only
[2025-01-29T16:41:35.459+0000] {logging_mixin.py:190} INFO - [2025-01-29T16:41:35.459+0000] {dag.py:4180} INFO - Setting next_dagrun for latest_only to 2025-01-29 12:00:00+00:00, run_after=2025-01-29 16:00:00+00:00
[2025-01-29T16:41:35.482+0000] {processor.py:208} INFO - Processing /home/airflow/.local/lib/python3.12/site-packages/airflow/example_dags/example_latest_only.py took 0.367 seconds
[2025-01-29T16:42:05.966+0000] {processor.py:186} INFO - Started process (PID=162) to work on /home/airflow/.local/lib/python3.12/site-packages/airflow/example_dags/example_latest_only.py
[2025-01-29T16:42:05.967+0000] {processor.py:914} INFO - Processing file /home/airflow/.local/lib/python3.12/site-packages/airflow/example_dags/example_latest_only.py for tasks to queue
[2025-01-29T16:42:05.969+0000] {logging_mixin.py:190} INFO - [2025-01-29T16:42:05.969+0000] {dagbag.py:588} INFO - Filling up the DagBag from /home/airflow/.local/lib/python3.12/site-packages/airflow/example_dags/example_latest_only.py
[2025-01-29T16:42:05.976+0000] {processor.py:925} INFO - DAG(s) 'latest_only' retrieved from /home/airflow/.local/lib/python3.12/site-packages/airflow/example_dags/example_latest_only.py
[2025-01-29T16:42:05.994+0000] {logging_mixin.py:190} INFO - [2025-01-29T16:42:05.993+0000] {dag.py:3239} INFO - Sync 1 DAGs
[2025-01-29T16:42:06.011+0000] {logging_mixin.py:190} INFO - [2025-01-29T16:42:06.011+0000] {dag.py:4180} INFO - Setting next_dagrun for latest_only to 2025-01-29 12:00:00+00:00, run_after=2025-01-29 16:00:00+00:00
[2025-01-29T16:42:06.029+0000] {processor.py:208} INFO - Processing /home/airflow/.local/lib/python3.12/site-packages/airflow/example_dags/example_latest_only.py took 0.070 seconds
[2025-01-29T16:42:36.322+0000] {processor.py:186} INFO - Started process (PID=225) to work on /home/airflow/.local/lib/python3.12/site-packages/airflow/example_dags/example_latest_only.py
[2025-01-29T16:42:36.323+0000] {processor.py:914} INFO - Processing file /home/airflow/.local/lib/python3.12/site-packages/airflow/example_dags/example_latest_only.py for tasks to queue
[2025-01-29T16:42:36.326+0000] {logging_mixin.py:190} INFO - [2025-01-29T16:42:36.326+0000] {dagbag.py:588} INFO - Filling up the DagBag from /home/airflow/.local/lib/python3.12/site-packages/airflow/example_dags/example_latest_only.py
[2025-01-29T16:42:36.334+0000] {processor.py:925} INFO - DAG(s) 'latest_only' retrieved from /home/airflow/.local/lib/python3.12/site-packages/airflow/example_dags/example_latest_only.py
[2025-01-29T16:42:36.357+0000] {logging_mixin.py:190} INFO - [2025-01-29T16:42:36.357+0000] {dag.py:3239} INFO - Sync 1 DAGs
[2025-01-29T16:42:36.388+0000] {logging_mixin.py:190} INFO - [2025-01-29T16:42:36.388+0000] {dag.py:4180} INFO - Setting next_dagrun for latest_only to 2025-01-29 12:00:00+00:00, run_after=2025-01-29 16:00:00+00:00
[2025-01-29T16:42:36.410+0000] {processor.py:208} INFO - Processing /home/airflow/.local/lib/python3.12/site-packages/airflow/example_dags/example_latest_only.py took 0.094 seconds
[2025-01-29T16:43:06.943+0000] {processor.py:186} INFO - Started process (PID=288) to work on /home/airflow/.local/lib/python3.12/site-packages/airflow/example_dags/example_latest_only.py
[2025-01-29T16:43:06.945+0000] {processor.py:914} INFO - Processing file /home/airflow/.local/lib/python3.12/site-packages/airflow/example_dags/example_latest_only.py for tasks to queue
[2025-01-29T16:43:06.948+0000] {logging_mixin.py:190} INFO - [2025-01-29T16:43:06.947+0000] {dagbag.py:588} INFO - Filling up the DagBag from /home/airflow/.local/lib/python3.12/site-packages/airflow/example_dags/example_latest_only.py
[2025-01-29T16:43:06.955+0000] {processor.py:925} INFO - DAG(s) 'latest_only' retrieved from /home/airflow/.local/lib/python3.12/site-packages/airflow/example_dags/example_latest_only.py
[2025-01-29T16:43:06.974+0000] {logging_mixin.py:190} INFO - [2025-01-29T16:43:06.973+0000] {dag.py:3239} INFO - Sync 1 DAGs
[2025-01-29T16:43:06.993+0000] {logging_mixin.py:190} INFO - [2025-01-29T16:43:06.993+0000] {dag.py:4180} INFO - Setting next_dagrun for latest_only to 2025-01-29 12:00:00+00:00, run_after=2025-01-29 16:00:00+00:00
[2025-01-29T16:43:07.013+0000] {processor.py:208} INFO - Processing /home/airflow/.local/lib/python3.12/site-packages/airflow/example_dags/example_latest_only.py took 0.074 seconds
[2025-01-29T16:43:38.067+0000] {processor.py:186} INFO - Started process (PID=357) to work on /home/airflow/.local/lib/python3.12/site-packages/airflow/example_dags/example_latest_only.py
[2025-01-29T16:43:38.068+0000] {processor.py:914} INFO - Processing file /home/airflow/.local/lib/python3.12/site-packages/airflow/example_dags/example_latest_only.py for tasks to queue
[2025-01-29T16:43:38.070+0000] {logging_mixin.py:190} INFO - [2025-01-29T16:43:38.070+0000] {dagbag.py:588} INFO - Filling up the DagBag from /home/airflow/.local/lib/python3.12/site-packages/airflow/example_dags/example_latest_only.py
[2025-01-29T16:43:38.076+0000] {processor.py:925} INFO - DAG(s) 'latest_only' retrieved from /home/airflow/.local/lib/python3.12/site-packages/airflow/example_dags/example_latest_only.py
[2025-01-29T16:43:38.090+0000] {logging_mixin.py:190} INFO - [2025-01-29T16:43:38.090+0000] {dag.py:3239} INFO - Sync 1 DAGs
[2025-01-29T16:43:38.110+0000] {logging_mixin.py:190} INFO - [2025-01-29T16:43:38.110+0000] {dag.py:4180} INFO - Setting next_dagrun for latest_only to 2025-01-29 12:00:00+00:00, run_after=2025-01-29 16:00:00+00:00
[2025-01-29T16:43:38.145+0000] {processor.py:208} INFO - Processing /home/airflow/.local/lib/python3.12/site-packages/airflow/example_dags/example_latest_only.py took 0.082 seconds
