[2025-01-29T16:41:42.965+0000] {processor.py:186} INFO - Started process (PID=131) to work on /home/airflow/.local/lib/python3.12/site-packages/airflow/example_dags/example_branch_datetime_operator.py
[2025-01-29T16:41:42.968+0000] {processor.py:914} INFO - Processing file /home/airflow/.local/lib/python3.12/site-packages/airflow/example_dags/example_branch_datetime_operator.py for tasks to queue
[2025-01-29T16:41:42.973+0000] {logging_mixin.py:190} INFO - [2025-01-29T16:41:42.972+0000] {dagbag.py:588} INFO - Filling up the DagBag from /home/airflow/.local/lib/python3.12/site-packages/airflow/example_dags/example_branch_datetime_operator.py
[2025-01-29T16:41:43.003+0000] {processor.py:925} INFO - DAG(s) 'example_branch_datetime_operator_2', 'example_branch_datetime_operator_3', 'example_branch_datetime_operator' retrieved from /home/airflow/.local/lib/python3.12/site-packages/airflow/example_dags/example_branch_datetime_operator.py
[2025-01-29T16:41:43.376+0000] {logging_mixin.py:190} INFO - [2025-01-29T16:41:43.375+0000] {override.py:1911} INFO - Created Permission View: can delete on DAG:example_branch_datetime_operator_2
[2025-01-29T16:41:43.405+0000] {logging_mixin.py:190} INFO - [2025-01-29T16:41:43.404+0000] {override.py:1911} INFO - Created Permission View: can read on DAG:example_branch_datetime_operator_2
[2025-01-29T16:41:43.422+0000] {logging_mixin.py:190} INFO - [2025-01-29T16:41:43.421+0000] {override.py:1911} INFO - Created Permission View: can edit on DAG:example_branch_datetime_operator_2
[2025-01-29T16:41:43.438+0000] {logging_mixin.py:190} INFO - [2025-01-29T16:41:43.438+0000] {override.py:1911} INFO - Created Permission View: can delete on DAG Run:example_branch_datetime_operator_2
[2025-01-29T16:41:43.454+0000] {logging_mixin.py:190} INFO - [2025-01-29T16:41:43.453+0000] {override.py:1911} INFO - Created Permission View: can read on DAG Run:example_branch_datetime_operator_2
[2025-01-29T16:41:43.469+0000] {logging_mixin.py:190} INFO - [2025-01-29T16:41:43.468+0000] {override.py:1911} INFO - Created Permission View: menu access on DAG Run:example_branch_datetime_operator_2
[2025-01-29T16:41:43.485+0000] {logging_mixin.py:190} INFO - [2025-01-29T16:41:43.484+0000] {override.py:1911} INFO - Created Permission View: can create on DAG Run:example_branch_datetime_operator_2
[2025-01-29T16:41:43.516+0000] {logging_mixin.py:190} INFO - [2025-01-29T16:41:43.515+0000] {override.py:1911} INFO - Created Permission View: can delete on DAG:example_branch_datetime_operator_3
[2025-01-29T16:41:43.531+0000] {logging_mixin.py:190} INFO - [2025-01-29T16:41:43.530+0000] {override.py:1911} INFO - Created Permission View: can read on DAG:example_branch_datetime_operator_3
[2025-01-29T16:41:43.546+0000] {logging_mixin.py:190} INFO - [2025-01-29T16:41:43.546+0000] {override.py:1911} INFO - Created Permission View: can edit on DAG:example_branch_datetime_operator_3
[2025-01-29T16:41:43.563+0000] {logging_mixin.py:190} INFO - [2025-01-29T16:41:43.563+0000] {override.py:1911} INFO - Created Permission View: can delete on DAG Run:example_branch_datetime_operator_3
[2025-01-29T16:41:43.576+0000] {logging_mixin.py:190} INFO - [2025-01-29T16:41:43.576+0000] {override.py:1911} INFO - Created Permission View: can read on DAG Run:example_branch_datetime_operator_3
[2025-01-29T16:41:43.590+0000] {logging_mixin.py:190} INFO - [2025-01-29T16:41:43.589+0000] {override.py:1911} INFO - Created Permission View: menu access on DAG Run:example_branch_datetime_operator_3
[2025-01-29T16:41:43.603+0000] {logging_mixin.py:190} INFO - [2025-01-29T16:41:43.603+0000] {override.py:1911} INFO - Created Permission View: can create on DAG Run:example_branch_datetime_operator_3
[2025-01-29T16:41:43.628+0000] {logging_mixin.py:190} INFO - [2025-01-29T16:41:43.628+0000] {override.py:1911} INFO - Created Permission View: can delete on DAG:example_branch_datetime_operator
[2025-01-29T16:41:43.645+0000] {logging_mixin.py:190} INFO - [2025-01-29T16:41:43.644+0000] {override.py:1911} INFO - Created Permission View: can read on DAG:example_branch_datetime_operator
[2025-01-29T16:41:43.663+0000] {logging_mixin.py:190} INFO - [2025-01-29T16:41:43.662+0000] {override.py:1911} INFO - Created Permission View: can edit on DAG:example_branch_datetime_operator
[2025-01-29T16:41:43.680+0000] {logging_mixin.py:190} INFO - [2025-01-29T16:41:43.680+0000] {override.py:1911} INFO - Created Permission View: can delete on DAG Run:example_branch_datetime_operator
[2025-01-29T16:41:43.695+0000] {logging_mixin.py:190} INFO - [2025-01-29T16:41:43.694+0000] {override.py:1911} INFO - Created Permission View: can read on DAG Run:example_branch_datetime_operator
[2025-01-29T16:41:43.712+0000] {logging_mixin.py:190} INFO - [2025-01-29T16:41:43.711+0000] {override.py:1911} INFO - Created Permission View: menu access on DAG Run:example_branch_datetime_operator
[2025-01-29T16:41:43.730+0000] {logging_mixin.py:190} INFO - [2025-01-29T16:41:43.729+0000] {override.py:1911} INFO - Created Permission View: can create on DAG Run:example_branch_datetime_operator
[2025-01-29T16:41:43.731+0000] {logging_mixin.py:190} INFO - [2025-01-29T16:41:43.731+0000] {dag.py:3239} INFO - Sync 3 DAGs
[2025-01-29T16:41:43.770+0000] {logging_mixin.py:190} INFO - [2025-01-29T16:41:43.770+0000] {dag.py:3262} INFO - Creating ORM DAG for example_branch_datetime_operator_2
[2025-01-29T16:41:43.772+0000] {logging_mixin.py:190} INFO - [2025-01-29T16:41:43.772+0000] {dag.py:3262} INFO - Creating ORM DAG for example_branch_datetime_operator_3
[2025-01-29T16:41:43.774+0000] {logging_mixin.py:190} INFO - [2025-01-29T16:41:43.774+0000] {dag.py:3262} INFO - Creating ORM DAG for example_branch_datetime_operator
[2025-01-29T16:41:43.803+0000] {logging_mixin.py:190} INFO - [2025-01-29T16:41:43.802+0000] {dag.py:4180} INFO - Setting next_dagrun for example_branch_datetime_operator to 2025-01-28 00:00:00+00:00, run_after=2025-01-29 00:00:00+00:00
[2025-01-29T16:41:43.808+0000] {logging_mixin.py:190} INFO - [2025-01-29T16:41:43.807+0000] {dag.py:4180} INFO - Setting next_dagrun for example_branch_datetime_operator_2 to 2025-01-28 00:00:00+00:00, run_after=2025-01-29 00:00:00+00:00
[2025-01-29T16:41:43.824+0000] {logging_mixin.py:190} INFO - [2025-01-29T16:41:43.824+0000] {dag.py:4180} INFO - Setting next_dagrun for example_branch_datetime_operator_3 to 2025-01-28 00:00:00+00:00, run_after=2025-01-29 00:00:00+00:00
[2025-01-29T16:41:43.878+0000] {processor.py:208} INFO - Processing /home/airflow/.local/lib/python3.12/site-packages/airflow/example_dags/example_branch_datetime_operator.py took 0.928 seconds
[2025-01-29T16:42:14.089+0000] {processor.py:186} INFO - Started process (PID=193) to work on /home/airflow/.local/lib/python3.12/site-packages/airflow/example_dags/example_branch_datetime_operator.py
[2025-01-29T16:42:14.091+0000] {processor.py:914} INFO - Processing file /home/airflow/.local/lib/python3.12/site-packages/airflow/example_dags/example_branch_datetime_operator.py for tasks to queue
[2025-01-29T16:42:14.093+0000] {logging_mixin.py:190} INFO - [2025-01-29T16:42:14.093+0000] {dagbag.py:588} INFO - Filling up the DagBag from /home/airflow/.local/lib/python3.12/site-packages/airflow/example_dags/example_branch_datetime_operator.py
[2025-01-29T16:42:14.106+0000] {processor.py:925} INFO - DAG(s) 'example_branch_datetime_operator_2', 'example_branch_datetime_operator', 'example_branch_datetime_operator_3' retrieved from /home/airflow/.local/lib/python3.12/site-packages/airflow/example_dags/example_branch_datetime_operator.py
[2025-01-29T16:42:14.134+0000] {logging_mixin.py:190} INFO - [2025-01-29T16:42:14.134+0000] {dag.py:3239} INFO - Sync 3 DAGs
[2025-01-29T16:42:14.154+0000] {logging_mixin.py:190} INFO - [2025-01-29T16:42:14.153+0000] {dag.py:4180} INFO - Setting next_dagrun for example_branch_datetime_operator to 2025-01-28 00:00:00+00:00, run_after=2025-01-29 00:00:00+00:00
[2025-01-29T16:42:14.158+0000] {logging_mixin.py:190} INFO - [2025-01-29T16:42:14.158+0000] {dag.py:4180} INFO - Setting next_dagrun for example_branch_datetime_operator_2 to 2025-01-28 00:00:00+00:00, run_after=2025-01-29 00:00:00+00:00
[2025-01-29T16:42:14.160+0000] {logging_mixin.py:190} INFO - [2025-01-29T16:42:14.160+0000] {dag.py:4180} INFO - Setting next_dagrun for example_branch_datetime_operator_3 to 2025-01-28 00:00:00+00:00, run_after=2025-01-29 00:00:00+00:00
[2025-01-29T16:42:14.177+0000] {processor.py:208} INFO - Processing /home/airflow/.local/lib/python3.12/site-packages/airflow/example_dags/example_branch_datetime_operator.py took 0.095 seconds
[2025-01-29T16:42:44.739+0000] {processor.py:186} INFO - Started process (PID=256) to work on /home/airflow/.local/lib/python3.12/site-packages/airflow/example_dags/example_branch_datetime_operator.py
[2025-01-29T16:42:44.741+0000] {processor.py:914} INFO - Processing file /home/airflow/.local/lib/python3.12/site-packages/airflow/example_dags/example_branch_datetime_operator.py for tasks to queue
[2025-01-29T16:42:44.744+0000] {logging_mixin.py:190} INFO - [2025-01-29T16:42:44.744+0000] {dagbag.py:588} INFO - Filling up the DagBag from /home/airflow/.local/lib/python3.12/site-packages/airflow/example_dags/example_branch_datetime_operator.py
[2025-01-29T16:42:44.762+0000] {processor.py:925} INFO - DAG(s) 'example_branch_datetime_operator_3', 'example_branch_datetime_operator_2', 'example_branch_datetime_operator' retrieved from /home/airflow/.local/lib/python3.12/site-packages/airflow/example_dags/example_branch_datetime_operator.py
[2025-01-29T16:42:44.799+0000] {logging_mixin.py:190} INFO - [2025-01-29T16:42:44.799+0000] {dag.py:3239} INFO - Sync 3 DAGs
[2025-01-29T16:42:44.820+0000] {logging_mixin.py:190} INFO - [2025-01-29T16:42:44.820+0000] {dag.py:4180} INFO - Setting next_dagrun for example_branch_datetime_operator to 2025-01-28 00:00:00+00:00, run_after=2025-01-29 00:00:00+00:00
[2025-01-29T16:42:44.823+0000] {logging_mixin.py:190} INFO - [2025-01-29T16:42:44.823+0000] {dag.py:4180} INFO - Setting next_dagrun for example_branch_datetime_operator_2 to 2025-01-28 00:00:00+00:00, run_after=2025-01-29 00:00:00+00:00
[2025-01-29T16:42:44.825+0000] {logging_mixin.py:190} INFO - [2025-01-29T16:42:44.825+0000] {dag.py:4180} INFO - Setting next_dagrun for example_branch_datetime_operator_3 to 2025-01-28 00:00:00+00:00, run_after=2025-01-29 00:00:00+00:00
[2025-01-29T16:42:44.839+0000] {processor.py:208} INFO - Processing /home/airflow/.local/lib/python3.12/site-packages/airflow/example_dags/example_branch_datetime_operator.py took 0.109 seconds
[2025-01-29T16:43:15.144+0000] {processor.py:186} INFO - Started process (PID=319) to work on /home/airflow/.local/lib/python3.12/site-packages/airflow/example_dags/example_branch_datetime_operator.py
[2025-01-29T16:43:15.145+0000] {processor.py:914} INFO - Processing file /home/airflow/.local/lib/python3.12/site-packages/airflow/example_dags/example_branch_datetime_operator.py for tasks to queue
[2025-01-29T16:43:15.149+0000] {logging_mixin.py:190} INFO - [2025-01-29T16:43:15.149+0000] {dagbag.py:588} INFO - Filling up the DagBag from /home/airflow/.local/lib/python3.12/site-packages/airflow/example_dags/example_branch_datetime_operator.py
[2025-01-29T16:43:15.161+0000] {processor.py:925} INFO - DAG(s) 'example_branch_datetime_operator', 'example_branch_datetime_operator_3', 'example_branch_datetime_operator_2' retrieved from /home/airflow/.local/lib/python3.12/site-packages/airflow/example_dags/example_branch_datetime_operator.py
[2025-01-29T16:43:15.202+0000] {logging_mixin.py:190} INFO - [2025-01-29T16:43:15.202+0000] {dag.py:3239} INFO - Sync 3 DAGs
[2025-01-29T16:43:15.238+0000] {logging_mixin.py:190} INFO - [2025-01-29T16:43:15.238+0000] {dag.py:4180} INFO - Setting next_dagrun for example_branch_datetime_operator to 2025-01-28 00:00:00+00:00, run_after=2025-01-29 00:00:00+00:00
[2025-01-29T16:43:15.249+0000] {logging_mixin.py:190} INFO - [2025-01-29T16:43:15.249+0000] {dag.py:4180} INFO - Setting next_dagrun for example_branch_datetime_operator_2 to 2025-01-28 00:00:00+00:00, run_after=2025-01-29 00:00:00+00:00
[2025-01-29T16:43:15.253+0000] {logging_mixin.py:190} INFO - [2025-01-29T16:43:15.253+0000] {dag.py:4180} INFO - Setting next_dagrun for example_branch_datetime_operator_3 to 2025-01-28 00:00:00+00:00, run_after=2025-01-29 00:00:00+00:00
[2025-01-29T16:43:15.279+0000] {processor.py:208} INFO - Processing /home/airflow/.local/lib/python3.12/site-packages/airflow/example_dags/example_branch_datetime_operator.py took 0.142 seconds
