[2025-01-29T16:41:38.329+0000] {processor.py:186} INFO - Started process (PID=119) to work on /home/airflow/.local/lib/python3.12/site-packages/airflow/example_dags/example_time_delta_sensor_async.py
[2025-01-29T16:41:38.331+0000] {processor.py:914} INFO - Processing file /home/airflow/.local/lib/python3.12/site-packages/airflow/example_dags/example_time_delta_sensor_async.py for tasks to queue
[2025-01-29T16:41:38.335+0000] {logging_mixin.py:190} INFO - [2025-01-29T16:41:38.335+0000] {dagbag.py:588} INFO - Filling up the DagBag from /home/airflow/.local/lib/python3.12/site-packages/airflow/example_dags/example_time_delta_sensor_async.py
[2025-01-29T16:41:38.347+0000] {processor.py:925} INFO - DAG(s) 'example_time_delta_sensor_async' retrieved from /home/airflow/.local/lib/python3.12/site-packages/airflow/example_dags/example_time_delta_sensor_async.py
[2025-01-29T16:41:38.524+0000] {logging_mixin.py:190} INFO - [2025-01-29T16:41:38.523+0000] {override.py:1911} INFO - Created Permission View: can delete on DAG:example_time_delta_sensor_async
[2025-01-29T16:41:38.545+0000] {logging_mixin.py:190} INFO - [2025-01-29T16:41:38.544+0000] {override.py:1911} INFO - Created Permission View: can read on DAG:example_time_delta_sensor_async
[2025-01-29T16:41:38.557+0000] {logging_mixin.py:190} INFO - [2025-01-29T16:41:38.556+0000] {override.py:1911} INFO - Created Permission View: can edit on DAG:example_time_delta_sensor_async
[2025-01-29T16:41:38.572+0000] {logging_mixin.py:190} INFO - [2025-01-29T16:41:38.572+0000] {override.py:1911} INFO - Created Permission View: can delete on DAG Run:example_time_delta_sensor_async
[2025-01-29T16:41:38.584+0000] {logging_mixin.py:190} INFO - [2025-01-29T16:41:38.583+0000] {override.py:1911} INFO - Created Permission View: can read on DAG Run:example_time_delta_sensor_async
[2025-01-29T16:41:38.596+0000] {logging_mixin.py:190} INFO - [2025-01-29T16:41:38.596+0000] {override.py:1911} INFO - Created Permission View: menu access on DAG Run:example_time_delta_sensor_async
[2025-01-29T16:41:38.608+0000] {logging_mixin.py:190} INFO - [2025-01-29T16:41:38.607+0000] {override.py:1911} INFO - Created Permission View: can create on DAG Run:example_time_delta_sensor_async
[2025-01-29T16:41:38.609+0000] {logging_mixin.py:190} INFO - [2025-01-29T16:41:38.609+0000] {dag.py:3239} INFO - Sync 1 DAGs
[2025-01-29T16:41:38.631+0000] {logging_mixin.py:190} INFO - [2025-01-29T16:41:38.631+0000] {dag.py:3262} INFO - Creating ORM DAG for example_time_delta_sensor_async
[2025-01-29T16:41:38.633+0000] {logging_mixin.py:190} INFO - [2025-01-29T16:41:38.632+0000] {dag.py:4180} INFO - Setting next_dagrun for example_time_delta_sensor_async to None, run_after=None
[2025-01-29T16:41:38.659+0000] {processor.py:208} INFO - Processing /home/airflow/.local/lib/python3.12/site-packages/airflow/example_dags/example_time_delta_sensor_async.py took 0.338 seconds
[2025-01-29T16:42:09.090+0000] {processor.py:186} INFO - Started process (PID=182) to work on /home/airflow/.local/lib/python3.12/site-packages/airflow/example_dags/example_time_delta_sensor_async.py
[2025-01-29T16:42:09.092+0000] {processor.py:914} INFO - Processing file /home/airflow/.local/lib/python3.12/site-packages/airflow/example_dags/example_time_delta_sensor_async.py for tasks to queue
[2025-01-29T16:42:09.094+0000] {logging_mixin.py:190} INFO - [2025-01-29T16:42:09.094+0000] {dagbag.py:588} INFO - Filling up the DagBag from /home/airflow/.local/lib/python3.12/site-packages/airflow/example_dags/example_time_delta_sensor_async.py
[2025-01-29T16:42:09.100+0000] {processor.py:925} INFO - DAG(s) 'example_time_delta_sensor_async' retrieved from /home/airflow/.local/lib/python3.12/site-packages/airflow/example_dags/example_time_delta_sensor_async.py
[2025-01-29T16:42:09.115+0000] {logging_mixin.py:190} INFO - [2025-01-29T16:42:09.115+0000] {dag.py:3239} INFO - Sync 1 DAGs
[2025-01-29T16:42:09.129+0000] {logging_mixin.py:190} INFO - [2025-01-29T16:42:09.128+0000] {dag.py:4180} INFO - Setting next_dagrun for example_time_delta_sensor_async to None, run_after=None
[2025-01-29T16:42:09.145+0000] {processor.py:208} INFO - Processing /home/airflow/.local/lib/python3.12/site-packages/airflow/example_dags/example_time_delta_sensor_async.py took 0.059 seconds
[2025-01-29T16:42:39.998+0000] {processor.py:186} INFO - Started process (PID=245) to work on /home/airflow/.local/lib/python3.12/site-packages/airflow/example_dags/example_time_delta_sensor_async.py
[2025-01-29T16:42:40.002+0000] {processor.py:914} INFO - Processing file /home/airflow/.local/lib/python3.12/site-packages/airflow/example_dags/example_time_delta_sensor_async.py for tasks to queue
[2025-01-29T16:42:40.004+0000] {logging_mixin.py:190} INFO - [2025-01-29T16:42:40.004+0000] {dagbag.py:588} INFO - Filling up the DagBag from /home/airflow/.local/lib/python3.12/site-packages/airflow/example_dags/example_time_delta_sensor_async.py
[2025-01-29T16:42:40.012+0000] {processor.py:925} INFO - DAG(s) 'example_time_delta_sensor_async' retrieved from /home/airflow/.local/lib/python3.12/site-packages/airflow/example_dags/example_time_delta_sensor_async.py
[2025-01-29T16:42:40.026+0000] {logging_mixin.py:190} INFO - [2025-01-29T16:42:40.025+0000] {dag.py:3239} INFO - Sync 1 DAGs
[2025-01-29T16:42:40.037+0000] {logging_mixin.py:190} INFO - [2025-01-29T16:42:40.037+0000] {dag.py:4180} INFO - Setting next_dagrun for example_time_delta_sensor_async to None, run_after=None
[2025-01-29T16:42:40.052+0000] {processor.py:208} INFO - Processing /home/airflow/.local/lib/python3.12/site-packages/airflow/example_dags/example_time_delta_sensor_async.py took 0.060 seconds
[2025-01-29T16:43:10.294+0000] {processor.py:186} INFO - Started process (PID=308) to work on /home/airflow/.local/lib/python3.12/site-packages/airflow/example_dags/example_time_delta_sensor_async.py
[2025-01-29T16:43:10.296+0000] {processor.py:914} INFO - Processing file /home/airflow/.local/lib/python3.12/site-packages/airflow/example_dags/example_time_delta_sensor_async.py for tasks to queue
[2025-01-29T16:43:10.299+0000] {logging_mixin.py:190} INFO - [2025-01-29T16:43:10.298+0000] {dagbag.py:588} INFO - Filling up the DagBag from /home/airflow/.local/lib/python3.12/site-packages/airflow/example_dags/example_time_delta_sensor_async.py
[2025-01-29T16:43:10.306+0000] {processor.py:925} INFO - DAG(s) 'example_time_delta_sensor_async' retrieved from /home/airflow/.local/lib/python3.12/site-packages/airflow/example_dags/example_time_delta_sensor_async.py
[2025-01-29T16:43:10.326+0000] {logging_mixin.py:190} INFO - [2025-01-29T16:43:10.326+0000] {dag.py:3239} INFO - Sync 1 DAGs
[2025-01-29T16:43:10.343+0000] {logging_mixin.py:190} INFO - [2025-01-29T16:43:10.343+0000] {dag.py:4180} INFO - Setting next_dagrun for example_time_delta_sensor_async to None, run_after=None
[2025-01-29T16:43:10.369+0000] {processor.py:208} INFO - Processing /home/airflow/.local/lib/python3.12/site-packages/airflow/example_dags/example_time_delta_sensor_async.py took 0.081 seconds
[2025-01-29T16:43:41.008+0000] {processor.py:186} INFO - Started process (PID=371) to work on /home/airflow/.local/lib/python3.12/site-packages/airflow/example_dags/example_time_delta_sensor_async.py
[2025-01-29T16:43:41.009+0000] {processor.py:914} INFO - Processing file /home/airflow/.local/lib/python3.12/site-packages/airflow/example_dags/example_time_delta_sensor_async.py for tasks to queue
[2025-01-29T16:43:41.011+0000] {logging_mixin.py:190} INFO - [2025-01-29T16:43:41.011+0000] {dagbag.py:588} INFO - Filling up the DagBag from /home/airflow/.local/lib/python3.12/site-packages/airflow/example_dags/example_time_delta_sensor_async.py
[2025-01-29T16:43:41.018+0000] {processor.py:925} INFO - DAG(s) 'example_time_delta_sensor_async' retrieved from /home/airflow/.local/lib/python3.12/site-packages/airflow/example_dags/example_time_delta_sensor_async.py
[2025-01-29T16:43:41.033+0000] {logging_mixin.py:190} INFO - [2025-01-29T16:43:41.033+0000] {dag.py:3239} INFO - Sync 1 DAGs
[2025-01-29T16:43:41.046+0000] {logging_mixin.py:190} INFO - [2025-01-29T16:43:41.046+0000] {dag.py:4180} INFO - Setting next_dagrun for example_time_delta_sensor_async to None, run_after=None
[2025-01-29T16:43:41.061+0000] {processor.py:208} INFO - Processing /home/airflow/.local/lib/python3.12/site-packages/airflow/example_dags/example_time_delta_sensor_async.py took 0.059 seconds
