[2025-01-29T16:41:29.418+0000] {processor.py:186} INFO - Started process (PID=91) to work on /home/airflow/.local/lib/python3.12/site-packages/airflow/example_dags/tutorial.py
[2025-01-29T16:41:29.419+0000] {processor.py:914} INFO - Processing file /home/airflow/.local/lib/python3.12/site-packages/airflow/example_dags/tutorial.py for tasks to queue
[2025-01-29T16:41:29.424+0000] {logging_mixin.py:190} INFO - [2025-01-29T16:41:29.423+0000] {dagbag.py:588} INFO - Filling up the DagBag from /home/airflow/.local/lib/python3.12/site-packages/airflow/example_dags/tutorial.py
[2025-01-29T16:41:29.446+0000] {processor.py:925} INFO - DAG(s) 'tutorial' retrieved from /home/airflow/.local/lib/python3.12/site-packages/airflow/example_dags/tutorial.py
[2025-01-29T16:41:29.617+0000] {logging_mixin.py:190} INFO - [2025-01-29T16:41:29.616+0000] {override.py:1911} INFO - Created Permission View: can delete on DAG:tutorial
[2025-01-29T16:41:29.636+0000] {logging_mixin.py:190} INFO - [2025-01-29T16:41:29.636+0000] {override.py:1911} INFO - Created Permission View: can read on DAG:tutorial
[2025-01-29T16:41:29.649+0000] {logging_mixin.py:190} INFO - [2025-01-29T16:41:29.649+0000] {override.py:1911} INFO - Created Permission View: can edit on DAG:tutorial
[2025-01-29T16:41:29.662+0000] {logging_mixin.py:190} INFO - [2025-01-29T16:41:29.662+0000] {override.py:1911} INFO - Created Permission View: can delete on DAG Run:tutorial
[2025-01-29T16:41:29.671+0000] {logging_mixin.py:190} INFO - [2025-01-29T16:41:29.671+0000] {override.py:1911} INFO - Created Permission View: can read on DAG Run:tutorial
[2025-01-29T16:41:29.681+0000] {logging_mixin.py:190} INFO - [2025-01-29T16:41:29.681+0000] {override.py:1911} INFO - Created Permission View: menu access on DAG Run:tutorial
[2025-01-29T16:41:29.690+0000] {logging_mixin.py:190} INFO - [2025-01-29T16:41:29.689+0000] {override.py:1911} INFO - Created Permission View: can create on DAG Run:tutorial
[2025-01-29T16:41:29.691+0000] {logging_mixin.py:190} INFO - [2025-01-29T16:41:29.691+0000] {dag.py:3239} INFO - Sync 1 DAGs
[2025-01-29T16:41:29.706+0000] {logging_mixin.py:190} INFO - [2025-01-29T16:41:29.706+0000] {dag.py:3262} INFO - Creating ORM DAG for tutorial
[2025-01-29T16:41:29.721+0000] {logging_mixin.py:190} INFO - [2025-01-29T16:41:29.721+0000] {dag.py:4180} INFO - Setting next_dagrun for tutorial to 2025-01-28 00:00:00+00:00, run_after=2025-01-29 00:00:00+00:00
[2025-01-29T16:41:29.745+0000] {processor.py:208} INFO - Processing /home/airflow/.local/lib/python3.12/site-packages/airflow/example_dags/tutorial.py took 0.336 seconds
[2025-01-29T16:42:00.666+0000] {processor.py:186} INFO - Started process (PID=154) to work on /home/airflow/.local/lib/python3.12/site-packages/airflow/example_dags/tutorial.py
[2025-01-29T16:42:00.667+0000] {processor.py:914} INFO - Processing file /home/airflow/.local/lib/python3.12/site-packages/airflow/example_dags/tutorial.py for tasks to queue
[2025-01-29T16:42:00.669+0000] {logging_mixin.py:190} INFO - [2025-01-29T16:42:00.669+0000] {dagbag.py:588} INFO - Filling up the DagBag from /home/airflow/.local/lib/python3.12/site-packages/airflow/example_dags/tutorial.py
[2025-01-29T16:42:00.676+0000] {processor.py:925} INFO - DAG(s) 'tutorial' retrieved from /home/airflow/.local/lib/python3.12/site-packages/airflow/example_dags/tutorial.py
[2025-01-29T16:42:00.689+0000] {logging_mixin.py:190} INFO - [2025-01-29T16:42:00.689+0000] {dag.py:3239} INFO - Sync 1 DAGs
[2025-01-29T16:42:00.707+0000] {logging_mixin.py:190} INFO - [2025-01-29T16:42:00.707+0000] {dag.py:4180} INFO - Setting next_dagrun for tutorial to 2025-01-28 00:00:00+00:00, run_after=2025-01-29 00:00:00+00:00
[2025-01-29T16:42:00.720+0000] {processor.py:208} INFO - Processing /home/airflow/.local/lib/python3.12/site-packages/airflow/example_dags/tutorial.py took 0.058 seconds
[2025-01-29T16:42:31.117+0000] {processor.py:186} INFO - Started process (PID=217) to work on /home/airflow/.local/lib/python3.12/site-packages/airflow/example_dags/tutorial.py
[2025-01-29T16:42:31.118+0000] {processor.py:914} INFO - Processing file /home/airflow/.local/lib/python3.12/site-packages/airflow/example_dags/tutorial.py for tasks to queue
[2025-01-29T16:42:31.120+0000] {logging_mixin.py:190} INFO - [2025-01-29T16:42:31.120+0000] {dagbag.py:588} INFO - Filling up the DagBag from /home/airflow/.local/lib/python3.12/site-packages/airflow/example_dags/tutorial.py
[2025-01-29T16:42:31.127+0000] {processor.py:925} INFO - DAG(s) 'tutorial' retrieved from /home/airflow/.local/lib/python3.12/site-packages/airflow/example_dags/tutorial.py
[2025-01-29T16:42:31.143+0000] {logging_mixin.py:190} INFO - [2025-01-29T16:42:31.143+0000] {dag.py:3239} INFO - Sync 1 DAGs
[2025-01-29T16:42:31.160+0000] {logging_mixin.py:190} INFO - [2025-01-29T16:42:31.160+0000] {dag.py:4180} INFO - Setting next_dagrun for tutorial to 2025-01-28 00:00:00+00:00, run_after=2025-01-29 00:00:00+00:00
[2025-01-29T16:42:31.197+0000] {processor.py:208} INFO - Processing /home/airflow/.local/lib/python3.12/site-packages/airflow/example_dags/tutorial.py took 0.085 seconds
[2025-01-29T16:43:01.836+0000] {processor.py:186} INFO - Started process (PID=280) to work on /home/airflow/.local/lib/python3.12/site-packages/airflow/example_dags/tutorial.py
[2025-01-29T16:43:01.838+0000] {processor.py:914} INFO - Processing file /home/airflow/.local/lib/python3.12/site-packages/airflow/example_dags/tutorial.py for tasks to queue
[2025-01-29T16:43:01.840+0000] {logging_mixin.py:190} INFO - [2025-01-29T16:43:01.839+0000] {dagbag.py:588} INFO - Filling up the DagBag from /home/airflow/.local/lib/python3.12/site-packages/airflow/example_dags/tutorial.py
[2025-01-29T16:43:01.851+0000] {processor.py:925} INFO - DAG(s) 'tutorial' retrieved from /home/airflow/.local/lib/python3.12/site-packages/airflow/example_dags/tutorial.py
[2025-01-29T16:43:01.871+0000] {logging_mixin.py:190} INFO - [2025-01-29T16:43:01.871+0000] {dag.py:3239} INFO - Sync 1 DAGs
[2025-01-29T16:43:01.892+0000] {logging_mixin.py:190} INFO - [2025-01-29T16:43:01.892+0000] {dag.py:4180} INFO - Setting next_dagrun for tutorial to 2025-01-28 00:00:00+00:00, run_after=2025-01-29 00:00:00+00:00
[2025-01-29T16:43:01.904+0000] {processor.py:208} INFO - Processing /home/airflow/.local/lib/python3.12/site-packages/airflow/example_dags/tutorial.py took 0.073 seconds
[2025-01-29T16:43:32.041+0000] {processor.py:186} INFO - Started process (PID=343) to work on /home/airflow/.local/lib/python3.12/site-packages/airflow/example_dags/tutorial.py
[2025-01-29T16:43:32.042+0000] {processor.py:914} INFO - Processing file /home/airflow/.local/lib/python3.12/site-packages/airflow/example_dags/tutorial.py for tasks to queue
[2025-01-29T16:43:32.045+0000] {logging_mixin.py:190} INFO - [2025-01-29T16:43:32.045+0000] {dagbag.py:588} INFO - Filling up the DagBag from /home/airflow/.local/lib/python3.12/site-packages/airflow/example_dags/tutorial.py
[2025-01-29T16:43:32.052+0000] {processor.py:925} INFO - DAG(s) 'tutorial' retrieved from /home/airflow/.local/lib/python3.12/site-packages/airflow/example_dags/tutorial.py
[2025-01-29T16:43:32.069+0000] {logging_mixin.py:190} INFO - [2025-01-29T16:43:32.069+0000] {dag.py:3239} INFO - Sync 1 DAGs
[2025-01-29T16:43:32.088+0000] {logging_mixin.py:190} INFO - [2025-01-29T16:43:32.088+0000] {dag.py:4180} INFO - Setting next_dagrun for tutorial to 2025-01-28 00:00:00+00:00, run_after=2025-01-29 00:00:00+00:00
[2025-01-29T16:43:32.105+0000] {processor.py:208} INFO - Processing /home/airflow/.local/lib/python3.12/site-packages/airflow/example_dags/tutorial.py took 0.069 seconds
