[2025-01-29T16:41:28.631+0000] {processor.py:186} INFO - Started process (PID=88) to work on /home/airflow/.local/lib/python3.12/site-packages/airflow/example_dags/tutorial_taskflow_templates.py
[2025-01-29T16:41:28.633+0000] {processor.py:914} INFO - Processing file /home/airflow/.local/lib/python3.12/site-packages/airflow/example_dags/tutorial_taskflow_templates.py for tasks to queue
[2025-01-29T16:41:28.637+0000] {logging_mixin.py:190} INFO - [2025-01-29T16:41:28.636+0000] {dagbag.py:588} INFO - Filling up the DagBag from /home/airflow/.local/lib/python3.12/site-packages/airflow/example_dags/tutorial_taskflow_templates.py
[2025-01-29T16:41:28.660+0000] {processor.py:925} INFO - DAG(s) 'tutorial_taskflow_templates' retrieved from /home/airflow/.local/lib/python3.12/site-packages/airflow/example_dags/tutorial_taskflow_templates.py
[2025-01-29T16:41:28.894+0000] {logging_mixin.py:190} INFO - [2025-01-29T16:41:28.893+0000] {override.py:1911} INFO - Created Permission View: can delete on DAG:tutorial_taskflow_templates
[2025-01-29T16:41:28.916+0000] {logging_mixin.py:190} INFO - [2025-01-29T16:41:28.915+0000] {override.py:1911} INFO - Created Permission View: can read on DAG:tutorial_taskflow_templates
[2025-01-29T16:41:28.933+0000] {logging_mixin.py:190} INFO - [2025-01-29T16:41:28.932+0000] {override.py:1911} INFO - Created Permission View: can edit on DAG:tutorial_taskflow_templates
[2025-01-29T16:41:28.954+0000] {logging_mixin.py:190} INFO - [2025-01-29T16:41:28.953+0000] {override.py:1911} INFO - Created Permission View: can delete on DAG Run:tutorial_taskflow_templates
[2025-01-29T16:41:28.971+0000] {logging_mixin.py:190} INFO - [2025-01-29T16:41:28.970+0000] {override.py:1911} INFO - Created Permission View: can read on DAG Run:tutorial_taskflow_templates
[2025-01-29T16:41:28.986+0000] {logging_mixin.py:190} INFO - [2025-01-29T16:41:28.985+0000] {override.py:1911} INFO - Created Permission View: menu access on DAG Run:tutorial_taskflow_templates
[2025-01-29T16:41:29.002+0000] {logging_mixin.py:190} INFO - [2025-01-29T16:41:29.001+0000] {override.py:1911} INFO - Created Permission View: can create on DAG Run:tutorial_taskflow_templates
[2025-01-29T16:41:29.003+0000] {logging_mixin.py:190} INFO - [2025-01-29T16:41:29.003+0000] {dag.py:3239} INFO - Sync 1 DAGs
[2025-01-29T16:41:29.023+0000] {logging_mixin.py:190} INFO - [2025-01-29T16:41:29.023+0000] {dag.py:3262} INFO - Creating ORM DAG for tutorial_taskflow_templates
[2025-01-29T16:41:29.047+0000] {logging_mixin.py:190} INFO - [2025-01-29T16:41:29.047+0000] {dag.py:4180} INFO - Setting next_dagrun for tutorial_taskflow_templates to 2025-01-28 00:00:00+00:00, run_after=2025-01-29 00:00:00+00:00
[2025-01-29T16:41:29.081+0000] {processor.py:208} INFO - Processing /home/airflow/.local/lib/python3.12/site-packages/airflow/example_dags/tutorial_taskflow_templates.py took 0.464 seconds
[2025-01-29T16:41:59.424+0000] {processor.py:186} INFO - Started process (PID=151) to work on /home/airflow/.local/lib/python3.12/site-packages/airflow/example_dags/tutorial_taskflow_templates.py
[2025-01-29T16:41:59.425+0000] {processor.py:914} INFO - Processing file /home/airflow/.local/lib/python3.12/site-packages/airflow/example_dags/tutorial_taskflow_templates.py for tasks to queue
[2025-01-29T16:41:59.427+0000] {logging_mixin.py:190} INFO - [2025-01-29T16:41:59.427+0000] {dagbag.py:588} INFO - Filling up the DagBag from /home/airflow/.local/lib/python3.12/site-packages/airflow/example_dags/tutorial_taskflow_templates.py
[2025-01-29T16:41:59.439+0000] {processor.py:925} INFO - DAG(s) 'tutorial_taskflow_templates' retrieved from /home/airflow/.local/lib/python3.12/site-packages/airflow/example_dags/tutorial_taskflow_templates.py
[2025-01-29T16:41:59.456+0000] {logging_mixin.py:190} INFO - [2025-01-29T16:41:59.455+0000] {dag.py:3239} INFO - Sync 1 DAGs
[2025-01-29T16:41:59.473+0000] {logging_mixin.py:190} INFO - [2025-01-29T16:41:59.473+0000] {dag.py:4180} INFO - Setting next_dagrun for tutorial_taskflow_templates to 2025-01-28 00:00:00+00:00, run_after=2025-01-29 00:00:00+00:00
[2025-01-29T16:41:59.488+0000] {processor.py:208} INFO - Processing /home/airflow/.local/lib/python3.12/site-packages/airflow/example_dags/tutorial_taskflow_templates.py took 0.069 seconds
[2025-01-29T16:42:29.877+0000] {processor.py:186} INFO - Started process (PID=214) to work on /home/airflow/.local/lib/python3.12/site-packages/airflow/example_dags/tutorial_taskflow_templates.py
[2025-01-29T16:42:29.879+0000] {processor.py:914} INFO - Processing file /home/airflow/.local/lib/python3.12/site-packages/airflow/example_dags/tutorial_taskflow_templates.py for tasks to queue
[2025-01-29T16:42:29.882+0000] {logging_mixin.py:190} INFO - [2025-01-29T16:42:29.882+0000] {dagbag.py:588} INFO - Filling up the DagBag from /home/airflow/.local/lib/python3.12/site-packages/airflow/example_dags/tutorial_taskflow_templates.py
[2025-01-29T16:42:29.895+0000] {processor.py:925} INFO - DAG(s) 'tutorial_taskflow_templates' retrieved from /home/airflow/.local/lib/python3.12/site-packages/airflow/example_dags/tutorial_taskflow_templates.py
[2025-01-29T16:42:29.918+0000] {logging_mixin.py:190} INFO - [2025-01-29T16:42:29.918+0000] {dag.py:3239} INFO - Sync 1 DAGs
[2025-01-29T16:42:29.940+0000] {logging_mixin.py:190} INFO - [2025-01-29T16:42:29.939+0000] {dag.py:4180} INFO - Setting next_dagrun for tutorial_taskflow_templates to 2025-01-28 00:00:00+00:00, run_after=2025-01-29 00:00:00+00:00
[2025-01-29T16:42:29.968+0000] {processor.py:208} INFO - Processing /home/airflow/.local/lib/python3.12/site-packages/airflow/example_dags/tutorial_taskflow_templates.py took 0.095 seconds
[2025-01-29T16:43:00.538+0000] {processor.py:186} INFO - Started process (PID=277) to work on /home/airflow/.local/lib/python3.12/site-packages/airflow/example_dags/tutorial_taskflow_templates.py
[2025-01-29T16:43:00.539+0000] {processor.py:914} INFO - Processing file /home/airflow/.local/lib/python3.12/site-packages/airflow/example_dags/tutorial_taskflow_templates.py for tasks to queue
[2025-01-29T16:43:00.547+0000] {logging_mixin.py:190} INFO - [2025-01-29T16:43:00.546+0000] {dagbag.py:588} INFO - Filling up the DagBag from /home/airflow/.local/lib/python3.12/site-packages/airflow/example_dags/tutorial_taskflow_templates.py
[2025-01-29T16:43:00.566+0000] {processor.py:925} INFO - DAG(s) 'tutorial_taskflow_templates' retrieved from /home/airflow/.local/lib/python3.12/site-packages/airflow/example_dags/tutorial_taskflow_templates.py
[2025-01-29T16:43:00.584+0000] {logging_mixin.py:190} INFO - [2025-01-29T16:43:00.583+0000] {dag.py:3239} INFO - Sync 1 DAGs
[2025-01-29T16:43:00.607+0000] {logging_mixin.py:190} INFO - [2025-01-29T16:43:00.606+0000] {dag.py:4180} INFO - Setting next_dagrun for tutorial_taskflow_templates to 2025-01-28 00:00:00+00:00, run_after=2025-01-29 00:00:00+00:00
[2025-01-29T16:43:00.620+0000] {processor.py:208} INFO - Processing /home/airflow/.local/lib/python3.12/site-packages/airflow/example_dags/tutorial_taskflow_templates.py took 0.089 seconds
[2025-01-29T16:43:30.789+0000] {processor.py:186} INFO - Started process (PID=340) to work on /home/airflow/.local/lib/python3.12/site-packages/airflow/example_dags/tutorial_taskflow_templates.py
[2025-01-29T16:43:30.790+0000] {processor.py:914} INFO - Processing file /home/airflow/.local/lib/python3.12/site-packages/airflow/example_dags/tutorial_taskflow_templates.py for tasks to queue
[2025-01-29T16:43:30.793+0000] {logging_mixin.py:190} INFO - [2025-01-29T16:43:30.792+0000] {dagbag.py:588} INFO - Filling up the DagBag from /home/airflow/.local/lib/python3.12/site-packages/airflow/example_dags/tutorial_taskflow_templates.py
[2025-01-29T16:43:30.804+0000] {processor.py:925} INFO - DAG(s) 'tutorial_taskflow_templates' retrieved from /home/airflow/.local/lib/python3.12/site-packages/airflow/example_dags/tutorial_taskflow_templates.py
[2025-01-29T16:43:30.823+0000] {logging_mixin.py:190} INFO - [2025-01-29T16:43:30.823+0000] {dag.py:3239} INFO - Sync 1 DAGs
[2025-01-29T16:43:30.848+0000] {logging_mixin.py:190} INFO - [2025-01-29T16:43:30.848+0000] {dag.py:4180} INFO - Setting next_dagrun for tutorial_taskflow_templates to 2025-01-28 00:00:00+00:00, run_after=2025-01-29 00:00:00+00:00
[2025-01-29T16:43:30.868+0000] {processor.py:208} INFO - Processing /home/airflow/.local/lib/python3.12/site-packages/airflow/example_dags/tutorial_taskflow_templates.py took 0.085 seconds
