[2025-01-29T16:41:37.989+0000] {processor.py:186} INFO - Started process (PID=118) to work on /home/airflow/.local/lib/python3.12/site-packages/airflow/example_dags/tutorial_taskflow_api.py
[2025-01-29T16:41:37.991+0000] {processor.py:914} INFO - Processing file /home/airflow/.local/lib/python3.12/site-packages/airflow/example_dags/tutorial_taskflow_api.py for tasks to queue
[2025-01-29T16:41:37.995+0000] {logging_mixin.py:190} INFO - [2025-01-29T16:41:37.995+0000] {dagbag.py:588} INFO - Filling up the DagBag from /home/airflow/.local/lib/python3.12/site-packages/airflow/example_dags/tutorial_taskflow_api.py
[2025-01-29T16:41:38.023+0000] {processor.py:925} INFO - DAG(s) 'tutorial_taskflow_api' retrieved from /home/airflow/.local/lib/python3.12/site-packages/airflow/example_dags/tutorial_taskflow_api.py
[2025-01-29T16:41:38.169+0000] {logging_mixin.py:190} INFO - [2025-01-29T16:41:38.169+0000] {override.py:1911} INFO - Created Permission View: can delete on DAG:tutorial_taskflow_api
[2025-01-29T16:41:38.186+0000] {logging_mixin.py:190} INFO - [2025-01-29T16:41:38.185+0000] {override.py:1911} INFO - Created Permission View: can read on DAG:tutorial_taskflow_api
[2025-01-29T16:41:38.197+0000] {logging_mixin.py:190} INFO - [2025-01-29T16:41:38.197+0000] {override.py:1911} INFO - Created Permission View: can edit on DAG:tutorial_taskflow_api
[2025-01-29T16:41:38.211+0000] {logging_mixin.py:190} INFO - [2025-01-29T16:41:38.211+0000] {override.py:1911} INFO - Created Permission View: can delete on DAG Run:tutorial_taskflow_api
[2025-01-29T16:41:38.223+0000] {logging_mixin.py:190} INFO - [2025-01-29T16:41:38.223+0000] {override.py:1911} INFO - Created Permission View: can read on DAG Run:tutorial_taskflow_api
[2025-01-29T16:41:38.236+0000] {logging_mixin.py:190} INFO - [2025-01-29T16:41:38.236+0000] {override.py:1911} INFO - Created Permission View: menu access on DAG Run:tutorial_taskflow_api
[2025-01-29T16:41:38.251+0000] {logging_mixin.py:190} INFO - [2025-01-29T16:41:38.251+0000] {override.py:1911} INFO - Created Permission View: can create on DAG Run:tutorial_taskflow_api
[2025-01-29T16:41:38.252+0000] {logging_mixin.py:190} INFO - [2025-01-29T16:41:38.252+0000] {dag.py:3239} INFO - Sync 1 DAGs
[2025-01-29T16:41:38.274+0000] {logging_mixin.py:190} INFO - [2025-01-29T16:41:38.274+0000] {dag.py:3262} INFO - Creating ORM DAG for tutorial_taskflow_api
[2025-01-29T16:41:38.276+0000] {logging_mixin.py:190} INFO - [2025-01-29T16:41:38.276+0000] {dag.py:4180} INFO - Setting next_dagrun for tutorial_taskflow_api to None, run_after=None
[2025-01-29T16:41:38.305+0000] {processor.py:208} INFO - Processing /home/airflow/.local/lib/python3.12/site-packages/airflow/example_dags/tutorial_taskflow_api.py took 0.324 seconds
[2025-01-29T16:42:09.005+0000] {processor.py:186} INFO - Started process (PID=181) to work on /home/airflow/.local/lib/python3.12/site-packages/airflow/example_dags/tutorial_taskflow_api.py
[2025-01-29T16:42:09.006+0000] {processor.py:914} INFO - Processing file /home/airflow/.local/lib/python3.12/site-packages/airflow/example_dags/tutorial_taskflow_api.py for tasks to queue
[2025-01-29T16:42:09.008+0000] {logging_mixin.py:190} INFO - [2025-01-29T16:42:09.008+0000] {dagbag.py:588} INFO - Filling up the DagBag from /home/airflow/.local/lib/python3.12/site-packages/airflow/example_dags/tutorial_taskflow_api.py
[2025-01-29T16:42:09.016+0000] {processor.py:925} INFO - DAG(s) 'tutorial_taskflow_api' retrieved from /home/airflow/.local/lib/python3.12/site-packages/airflow/example_dags/tutorial_taskflow_api.py
[2025-01-29T16:42:09.033+0000] {logging_mixin.py:190} INFO - [2025-01-29T16:42:09.033+0000] {dag.py:3239} INFO - Sync 1 DAGs
[2025-01-29T16:42:09.045+0000] {logging_mixin.py:190} INFO - [2025-01-29T16:42:09.045+0000] {dag.py:4180} INFO - Setting next_dagrun for tutorial_taskflow_api to None, run_after=None
[2025-01-29T16:42:09.062+0000] {processor.py:208} INFO - Processing /home/airflow/.local/lib/python3.12/site-packages/airflow/example_dags/tutorial_taskflow_api.py took 0.064 seconds
[2025-01-29T16:42:39.899+0000] {processor.py:186} INFO - Started process (PID=244) to work on /home/airflow/.local/lib/python3.12/site-packages/airflow/example_dags/tutorial_taskflow_api.py
[2025-01-29T16:42:39.900+0000] {processor.py:914} INFO - Processing file /home/airflow/.local/lib/python3.12/site-packages/airflow/example_dags/tutorial_taskflow_api.py for tasks to queue
[2025-01-29T16:42:39.902+0000] {logging_mixin.py:190} INFO - [2025-01-29T16:42:39.902+0000] {dagbag.py:588} INFO - Filling up the DagBag from /home/airflow/.local/lib/python3.12/site-packages/airflow/example_dags/tutorial_taskflow_api.py
[2025-01-29T16:42:39.910+0000] {processor.py:925} INFO - DAG(s) 'tutorial_taskflow_api' retrieved from /home/airflow/.local/lib/python3.12/site-packages/airflow/example_dags/tutorial_taskflow_api.py
[2025-01-29T16:42:39.928+0000] {logging_mixin.py:190} INFO - [2025-01-29T16:42:39.928+0000] {dag.py:3239} INFO - Sync 1 DAGs
[2025-01-29T16:42:39.947+0000] {logging_mixin.py:190} INFO - [2025-01-29T16:42:39.947+0000] {dag.py:4180} INFO - Setting next_dagrun for tutorial_taskflow_api to None, run_after=None
[2025-01-29T16:42:39.969+0000] {processor.py:208} INFO - Processing /home/airflow/.local/lib/python3.12/site-packages/airflow/example_dags/tutorial_taskflow_api.py took 0.075 seconds
[2025-01-29T16:43:10.179+0000] {processor.py:186} INFO - Started process (PID=307) to work on /home/airflow/.local/lib/python3.12/site-packages/airflow/example_dags/tutorial_taskflow_api.py
[2025-01-29T16:43:10.181+0000] {processor.py:914} INFO - Processing file /home/airflow/.local/lib/python3.12/site-packages/airflow/example_dags/tutorial_taskflow_api.py for tasks to queue
[2025-01-29T16:43:10.184+0000] {logging_mixin.py:190} INFO - [2025-01-29T16:43:10.183+0000] {dagbag.py:588} INFO - Filling up the DagBag from /home/airflow/.local/lib/python3.12/site-packages/airflow/example_dags/tutorial_taskflow_api.py
[2025-01-29T16:43:10.192+0000] {processor.py:925} INFO - DAG(s) 'tutorial_taskflow_api' retrieved from /home/airflow/.local/lib/python3.12/site-packages/airflow/example_dags/tutorial_taskflow_api.py
[2025-01-29T16:43:10.216+0000] {logging_mixin.py:190} INFO - [2025-01-29T16:43:10.216+0000] {dag.py:3239} INFO - Sync 1 DAGs
[2025-01-29T16:43:10.231+0000] {logging_mixin.py:190} INFO - [2025-01-29T16:43:10.231+0000] {dag.py:4180} INFO - Setting next_dagrun for tutorial_taskflow_api to None, run_after=None
[2025-01-29T16:43:10.254+0000] {processor.py:208} INFO - Processing /home/airflow/.local/lib/python3.12/site-packages/airflow/example_dags/tutorial_taskflow_api.py took 0.081 seconds
[2025-01-29T16:43:40.910+0000] {processor.py:186} INFO - Started process (PID=370) to work on /home/airflow/.local/lib/python3.12/site-packages/airflow/example_dags/tutorial_taskflow_api.py
[2025-01-29T16:43:40.911+0000] {processor.py:914} INFO - Processing file /home/airflow/.local/lib/python3.12/site-packages/airflow/example_dags/tutorial_taskflow_api.py for tasks to queue
[2025-01-29T16:43:40.914+0000] {logging_mixin.py:190} INFO - [2025-01-29T16:43:40.913+0000] {dagbag.py:588} INFO - Filling up the DagBag from /home/airflow/.local/lib/python3.12/site-packages/airflow/example_dags/tutorial_taskflow_api.py
[2025-01-29T16:43:40.923+0000] {processor.py:925} INFO - DAG(s) 'tutorial_taskflow_api' retrieved from /home/airflow/.local/lib/python3.12/site-packages/airflow/example_dags/tutorial_taskflow_api.py
[2025-01-29T16:43:40.938+0000] {logging_mixin.py:190} INFO - [2025-01-29T16:43:40.938+0000] {dag.py:3239} INFO - Sync 1 DAGs
[2025-01-29T16:43:40.949+0000] {logging_mixin.py:190} INFO - [2025-01-29T16:43:40.948+0000] {dag.py:4180} INFO - Setting next_dagrun for tutorial_taskflow_api to None, run_after=None
[2025-01-29T16:43:40.974+0000] {processor.py:208} INFO - Processing /home/airflow/.local/lib/python3.12/site-packages/airflow/example_dags/tutorial_taskflow_api.py took 0.069 seconds
