[2025-01-30T01:01:20.843+0000] {processor.py:186} INFO - Started process (PID=21423) to work on /home/airflow/.local/lib/python3.12/site-packages/airflow/example_dags/example_dag_decorator.py
[2025-01-30T01:01:20.845+0000] {processor.py:914} INFO - Processing file /home/airflow/.local/lib/python3.12/site-packages/airflow/example_dags/example_dag_decorator.py for tasks to queue
[2025-01-30T01:01:20.849+0000] {logging_mixin.py:190} INFO - [2025-01-30T01:01:20.849+0000] {dagbag.py:588} INFO - Filling up the DagBag from /home/airflow/.local/lib/python3.12/site-packages/airflow/example_dags/example_dag_decorator.py
[2025-01-30T01:01:20.865+0000] {processor.py:925} INFO - DAG(s) 'example_dag_decorator' retrieved from /home/airflow/.local/lib/python3.12/site-packages/airflow/example_dags/example_dag_decorator.py
[2025-01-30T01:01:21.261+0000] {logging_mixin.py:190} INFO - [2025-01-30T01:01:21.261+0000] {dag.py:3239} INFO - Sync 1 DAGs
[2025-01-30T01:01:21.278+0000] {logging_mixin.py:190} INFO - [2025-01-30T01:01:21.278+0000] {dag.py:4180} INFO - Setting next_dagrun for example_dag_decorator to None, run_after=None
[2025-01-30T01:01:21.305+0000] {processor.py:208} INFO - Processing /home/airflow/.local/lib/python3.12/site-packages/airflow/example_dags/example_dag_decorator.py took 0.471 seconds
[2025-01-30T01:01:51.986+0000] {processor.py:186} INFO - Started process (PID=21486) to work on /home/airflow/.local/lib/python3.12/site-packages/airflow/example_dags/example_dag_decorator.py
[2025-01-30T01:01:51.988+0000] {processor.py:914} INFO - Processing file /home/airflow/.local/lib/python3.12/site-packages/airflow/example_dags/example_dag_decorator.py for tasks to queue
[2025-01-30T01:01:51.990+0000] {logging_mixin.py:190} INFO - [2025-01-30T01:01:51.990+0000] {dagbag.py:588} INFO - Filling up the DagBag from /home/airflow/.local/lib/python3.12/site-packages/airflow/example_dags/example_dag_decorator.py
[2025-01-30T01:01:52.007+0000] {processor.py:925} INFO - DAG(s) 'example_dag_decorator' retrieved from /home/airflow/.local/lib/python3.12/site-packages/airflow/example_dags/example_dag_decorator.py
[2025-01-30T01:01:52.353+0000] {logging_mixin.py:190} INFO - [2025-01-30T01:01:52.352+0000] {dag.py:3239} INFO - Sync 1 DAGs
[2025-01-30T01:01:52.372+0000] {logging_mixin.py:190} INFO - [2025-01-30T01:01:52.372+0000] {dag.py:4180} INFO - Setting next_dagrun for example_dag_decorator to None, run_after=None
[2025-01-30T01:01:52.405+0000] {processor.py:208} INFO - Processing /home/airflow/.local/lib/python3.12/site-packages/airflow/example_dags/example_dag_decorator.py took 0.426 seconds
[2025-01-30T01:02:22.656+0000] {processor.py:186} INFO - Started process (PID=21548) to work on /home/airflow/.local/lib/python3.12/site-packages/airflow/example_dags/example_dag_decorator.py
[2025-01-30T01:02:22.658+0000] {processor.py:914} INFO - Processing file /home/airflow/.local/lib/python3.12/site-packages/airflow/example_dags/example_dag_decorator.py for tasks to queue
[2025-01-30T01:02:22.661+0000] {logging_mixin.py:190} INFO - [2025-01-30T01:02:22.660+0000] {dagbag.py:588} INFO - Filling up the DagBag from /home/airflow/.local/lib/python3.12/site-packages/airflow/example_dags/example_dag_decorator.py
[2025-01-30T01:02:22.672+0000] {processor.py:925} INFO - DAG(s) 'example_dag_decorator' retrieved from /home/airflow/.local/lib/python3.12/site-packages/airflow/example_dags/example_dag_decorator.py
[2025-01-30T01:02:22.902+0000] {logging_mixin.py:190} INFO - [2025-01-30T01:02:22.902+0000] {dag.py:3239} INFO - Sync 1 DAGs
[2025-01-30T01:02:22.912+0000] {logging_mixin.py:190} INFO - [2025-01-30T01:02:22.912+0000] {dag.py:4180} INFO - Setting next_dagrun for example_dag_decorator to None, run_after=None
[2025-01-30T01:02:22.934+0000] {processor.py:208} INFO - Processing /home/airflow/.local/lib/python3.12/site-packages/airflow/example_dags/example_dag_decorator.py took 0.282 seconds
[2025-01-30T01:02:53.636+0000] {processor.py:186} INFO - Started process (PID=21611) to work on /home/airflow/.local/lib/python3.12/site-packages/airflow/example_dags/example_dag_decorator.py
[2025-01-30T01:02:53.638+0000] {processor.py:914} INFO - Processing file /home/airflow/.local/lib/python3.12/site-packages/airflow/example_dags/example_dag_decorator.py for tasks to queue
[2025-01-30T01:02:53.641+0000] {logging_mixin.py:190} INFO - [2025-01-30T01:02:53.640+0000] {dagbag.py:588} INFO - Filling up the DagBag from /home/airflow/.local/lib/python3.12/site-packages/airflow/example_dags/example_dag_decorator.py
[2025-01-30T01:02:53.652+0000] {processor.py:925} INFO - DAG(s) 'example_dag_decorator' retrieved from /home/airflow/.local/lib/python3.12/site-packages/airflow/example_dags/example_dag_decorator.py
[2025-01-30T01:02:53.765+0000] {logging_mixin.py:190} INFO - [2025-01-30T01:02:53.764+0000] {dag.py:3239} INFO - Sync 1 DAGs
[2025-01-30T01:02:53.777+0000] {logging_mixin.py:190} INFO - [2025-01-30T01:02:53.777+0000] {dag.py:4180} INFO - Setting next_dagrun for example_dag_decorator to None, run_after=None
[2025-01-30T01:02:53.803+0000] {processor.py:208} INFO - Processing /home/airflow/.local/lib/python3.12/site-packages/airflow/example_dags/example_dag_decorator.py took 0.171 seconds
