[2025-01-30T01:01:20.454+0000] {processor.py:186} INFO - Started process (PID=21422) to work on /home/airflow/.local/lib/python3.12/site-packages/airflow/example_dags/example_python_operator.py
[2025-01-30T01:01:20.458+0000] {processor.py:914} INFO - Processing file /home/airflow/.local/lib/python3.12/site-packages/airflow/example_dags/example_python_operator.py for tasks to queue
[2025-01-30T01:01:20.462+0000] {logging_mixin.py:190} INFO - [2025-01-30T01:01:20.462+0000] {dagbag.py:588} INFO - Filling up the DagBag from /home/airflow/.local/lib/python3.12/site-packages/airflow/example_dags/example_python_operator.py
[2025-01-30T01:01:20.482+0000] {processor.py:925} INFO - DAG(s) 'example_python_operator' retrieved from /home/airflow/.local/lib/python3.12/site-packages/airflow/example_dags/example_python_operator.py
[2025-01-30T01:01:20.515+0000] {logging_mixin.py:190} INFO - [2025-01-30T01:01:20.515+0000] {dag.py:3239} INFO - Sync 1 DAGs
[2025-01-30T01:01:20.756+0000] {logging_mixin.py:190} INFO - [2025-01-30T01:01:20.756+0000] {dag.py:4180} INFO - Setting next_dagrun for example_python_operator to None, run_after=None
[2025-01-30T01:01:20.783+0000] {processor.py:208} INFO - Processing /home/airflow/.local/lib/python3.12/site-packages/airflow/example_dags/example_python_operator.py took 0.340 seconds
[2025-01-30T01:01:50.967+0000] {processor.py:186} INFO - Started process (PID=21484) to work on /home/airflow/.local/lib/python3.12/site-packages/airflow/example_dags/example_python_operator.py
[2025-01-30T01:01:50.969+0000] {processor.py:914} INFO - Processing file /home/airflow/.local/lib/python3.12/site-packages/airflow/example_dags/example_python_operator.py for tasks to queue
[2025-01-30T01:01:50.973+0000] {logging_mixin.py:190} INFO - [2025-01-30T01:01:50.973+0000] {dagbag.py:588} INFO - Filling up the DagBag from /home/airflow/.local/lib/python3.12/site-packages/airflow/example_dags/example_python_operator.py
[2025-01-30T01:01:50.988+0000] {processor.py:925} INFO - DAG(s) 'example_python_operator' retrieved from /home/airflow/.local/lib/python3.12/site-packages/airflow/example_dags/example_python_operator.py
[2025-01-30T01:01:51.014+0000] {logging_mixin.py:190} INFO - [2025-01-30T01:01:51.014+0000] {dag.py:3239} INFO - Sync 1 DAGs
[2025-01-30T01:01:51.188+0000] {logging_mixin.py:190} INFO - [2025-01-30T01:01:51.188+0000] {dag.py:4180} INFO - Setting next_dagrun for example_python_operator to None, run_after=None
[2025-01-30T01:01:51.214+0000] {processor.py:208} INFO - Processing /home/airflow/.local/lib/python3.12/site-packages/airflow/example_dags/example_python_operator.py took 0.255 seconds
[2025-01-30T01:02:21.395+0000] {processor.py:186} INFO - Started process (PID=21547) to work on /home/airflow/.local/lib/python3.12/site-packages/airflow/example_dags/example_python_operator.py
[2025-01-30T01:02:21.397+0000] {processor.py:914} INFO - Processing file /home/airflow/.local/lib/python3.12/site-packages/airflow/example_dags/example_python_operator.py for tasks to queue
[2025-01-30T01:02:21.400+0000] {logging_mixin.py:190} INFO - [2025-01-30T01:02:21.400+0000] {dagbag.py:588} INFO - Filling up the DagBag from /home/airflow/.local/lib/python3.12/site-packages/airflow/example_dags/example_python_operator.py
[2025-01-30T01:02:21.415+0000] {processor.py:925} INFO - DAG(s) 'example_python_operator' retrieved from /home/airflow/.local/lib/python3.12/site-packages/airflow/example_dags/example_python_operator.py
[2025-01-30T01:02:21.450+0000] {logging_mixin.py:190} INFO - [2025-01-30T01:02:21.449+0000] {dag.py:3239} INFO - Sync 1 DAGs
[2025-01-30T01:02:21.475+0000] {logging_mixin.py:190} INFO - [2025-01-30T01:02:21.475+0000] {dag.py:4180} INFO - Setting next_dagrun for example_python_operator to None, run_after=None
[2025-01-30T01:02:21.681+0000] {processor.py:208} INFO - Processing /home/airflow/.local/lib/python3.12/site-packages/airflow/example_dags/example_python_operator.py took 0.293 seconds
[2025-01-30T01:02:52.569+0000] {processor.py:186} INFO - Started process (PID=21610) to work on /home/airflow/.local/lib/python3.12/site-packages/airflow/example_dags/example_python_operator.py
[2025-01-30T01:02:52.571+0000] {processor.py:914} INFO - Processing file /home/airflow/.local/lib/python3.12/site-packages/airflow/example_dags/example_python_operator.py for tasks to queue
[2025-01-30T01:02:52.573+0000] {logging_mixin.py:190} INFO - [2025-01-30T01:02:52.573+0000] {dagbag.py:588} INFO - Filling up the DagBag from /home/airflow/.local/lib/python3.12/site-packages/airflow/example_dags/example_python_operator.py
[2025-01-30T01:02:52.584+0000] {processor.py:925} INFO - DAG(s) 'example_python_operator' retrieved from /home/airflow/.local/lib/python3.12/site-packages/airflow/example_dags/example_python_operator.py
[2025-01-30T01:02:52.607+0000] {logging_mixin.py:190} INFO - [2025-01-30T01:02:52.607+0000] {dag.py:3239} INFO - Sync 1 DAGs
[2025-01-30T01:02:52.621+0000] {logging_mixin.py:190} INFO - [2025-01-30T01:02:52.620+0000] {dag.py:4180} INFO - Setting next_dagrun for example_python_operator to None, run_after=None
[2025-01-30T01:02:52.642+0000] {processor.py:208} INFO - Processing /home/airflow/.local/lib/python3.12/site-packages/airflow/example_dags/example_python_operator.py took 0.078 seconds
