[2025-01-30T01:01:11.245+0000] {processor.py:186} INFO - Started process (PID=21382) to work on /home/airflow/.local/lib/python3.12/site-packages/airflow/example_dags/example_branch_day_of_week_operator.py
[2025-01-30T01:01:11.252+0000] {processor.py:914} INFO - Processing file /home/airflow/.local/lib/python3.12/site-packages/airflow/example_dags/example_branch_day_of_week_operator.py for tasks to queue
[2025-01-30T01:01:11.260+0000] {logging_mixin.py:190} INFO - [2025-01-30T01:01:11.259+0000] {dagbag.py:588} INFO - Filling up the DagBag from /home/airflow/.local/lib/python3.12/site-packages/airflow/example_dags/example_branch_day_of_week_operator.py
[2025-01-30T01:01:11.292+0000] {processor.py:925} INFO - DAG(s) 'example_weekday_branch_operator' retrieved from /home/airflow/.local/lib/python3.12/site-packages/airflow/example_dags/example_branch_day_of_week_operator.py
[2025-01-30T01:01:11.341+0000] {logging_mixin.py:190} INFO - [2025-01-30T01:01:11.341+0000] {dag.py:3239} INFO - Sync 1 DAGs
[2025-01-30T01:01:11.403+0000] {logging_mixin.py:190} INFO - [2025-01-30T01:01:11.403+0000] {dag.py:4180} INFO - Setting next_dagrun for example_weekday_branch_operator to 2025-01-29 00:00:00+00:00, run_after=2025-01-30 00:00:00+00:00
[2025-01-30T01:01:11.477+0000] {processor.py:208} INFO - Processing /home/airflow/.local/lib/python3.12/site-packages/airflow/example_dags/example_branch_day_of_week_operator.py took 0.240 seconds
[2025-01-30T01:01:42.438+0000] {processor.py:186} INFO - Started process (PID=21445) to work on /home/airflow/.local/lib/python3.12/site-packages/airflow/example_dags/example_branch_day_of_week_operator.py
[2025-01-30T01:01:42.440+0000] {processor.py:914} INFO - Processing file /home/airflow/.local/lib/python3.12/site-packages/airflow/example_dags/example_branch_day_of_week_operator.py for tasks to queue
[2025-01-30T01:01:42.444+0000] {logging_mixin.py:190} INFO - [2025-01-30T01:01:42.444+0000] {dagbag.py:588} INFO - Filling up the DagBag from /home/airflow/.local/lib/python3.12/site-packages/airflow/example_dags/example_branch_day_of_week_operator.py
[2025-01-30T01:01:42.464+0000] {processor.py:925} INFO - DAG(s) 'example_weekday_branch_operator' retrieved from /home/airflow/.local/lib/python3.12/site-packages/airflow/example_dags/example_branch_day_of_week_operator.py
[2025-01-30T01:01:42.505+0000] {logging_mixin.py:190} INFO - [2025-01-30T01:01:42.504+0000] {dag.py:3239} INFO - Sync 1 DAGs
[2025-01-30T01:01:42.549+0000] {logging_mixin.py:190} INFO - [2025-01-30T01:01:42.549+0000] {dag.py:4180} INFO - Setting next_dagrun for example_weekday_branch_operator to 2025-01-29 00:00:00+00:00, run_after=2025-01-30 00:00:00+00:00
[2025-01-30T01:01:42.588+0000] {processor.py:208} INFO - Processing /home/airflow/.local/lib/python3.12/site-packages/airflow/example_dags/example_branch_day_of_week_operator.py took 0.160 seconds
[2025-01-30T01:02:12.805+0000] {processor.py:186} INFO - Started process (PID=21508) to work on /home/airflow/.local/lib/python3.12/site-packages/airflow/example_dags/example_branch_day_of_week_operator.py
[2025-01-30T01:02:12.807+0000] {processor.py:914} INFO - Processing file /home/airflow/.local/lib/python3.12/site-packages/airflow/example_dags/example_branch_day_of_week_operator.py for tasks to queue
[2025-01-30T01:02:12.812+0000] {logging_mixin.py:190} INFO - [2025-01-30T01:02:12.812+0000] {dagbag.py:588} INFO - Filling up the DagBag from /home/airflow/.local/lib/python3.12/site-packages/airflow/example_dags/example_branch_day_of_week_operator.py
[2025-01-30T01:02:12.826+0000] {processor.py:925} INFO - DAG(s) 'example_weekday_branch_operator' retrieved from /home/airflow/.local/lib/python3.12/site-packages/airflow/example_dags/example_branch_day_of_week_operator.py
[2025-01-30T01:02:12.853+0000] {logging_mixin.py:190} INFO - [2025-01-30T01:02:12.853+0000] {dag.py:3239} INFO - Sync 1 DAGs
[2025-01-30T01:02:12.884+0000] {logging_mixin.py:190} INFO - [2025-01-30T01:02:12.883+0000] {dag.py:4180} INFO - Setting next_dagrun for example_weekday_branch_operator to 2025-01-29 00:00:00+00:00, run_after=2025-01-30 00:00:00+00:00
[2025-01-30T01:02:12.912+0000] {processor.py:208} INFO - Processing /home/airflow/.local/lib/python3.12/site-packages/airflow/example_dags/example_branch_day_of_week_operator.py took 0.113 seconds
[2025-01-30T01:02:43.137+0000] {processor.py:186} INFO - Started process (PID=21571) to work on /home/airflow/.local/lib/python3.12/site-packages/airflow/example_dags/example_branch_day_of_week_operator.py
[2025-01-30T01:02:43.138+0000] {processor.py:914} INFO - Processing file /home/airflow/.local/lib/python3.12/site-packages/airflow/example_dags/example_branch_day_of_week_operator.py for tasks to queue
[2025-01-30T01:02:43.144+0000] {logging_mixin.py:190} INFO - [2025-01-30T01:02:43.142+0000] {dagbag.py:588} INFO - Filling up the DagBag from /home/airflow/.local/lib/python3.12/site-packages/airflow/example_dags/example_branch_day_of_week_operator.py
[2025-01-30T01:02:43.161+0000] {processor.py:925} INFO - DAG(s) 'example_weekday_branch_operator' retrieved from /home/airflow/.local/lib/python3.12/site-packages/airflow/example_dags/example_branch_day_of_week_operator.py
[2025-01-30T01:02:43.203+0000] {logging_mixin.py:190} INFO - [2025-01-30T01:02:43.203+0000] {dag.py:3239} INFO - Sync 1 DAGs
[2025-01-30T01:02:43.252+0000] {logging_mixin.py:190} INFO - [2025-01-30T01:02:43.251+0000] {dag.py:4180} INFO - Setting next_dagrun for example_weekday_branch_operator to 2025-01-29 00:00:00+00:00, run_after=2025-01-30 00:00:00+00:00
[2025-01-30T01:02:43.300+0000] {processor.py:208} INFO - Processing /home/airflow/.local/lib/python3.12/site-packages/airflow/example_dags/example_branch_day_of_week_operator.py took 0.174 seconds
