[2025-01-30T01:01:14.010+0000] {processor.py:186} INFO - Started process (PID=21398) to work on /home/airflow/.local/lib/python3.12/site-packages/airflow/example_dags/example_dataset_alias_with_no_taskflow.py
[2025-01-30T01:01:14.011+0000] {processor.py:914} INFO - Processing file /home/airflow/.local/lib/python3.12/site-packages/airflow/example_dags/example_dataset_alias_with_no_taskflow.py for tasks to queue
[2025-01-30T01:01:14.016+0000] {logging_mixin.py:190} INFO - [2025-01-30T01:01:14.015+0000] {dagbag.py:588} INFO - Filling up the DagBag from /home/airflow/.local/lib/python3.12/site-packages/airflow/example_dags/example_dataset_alias_with_no_taskflow.py
[2025-01-30T01:01:14.848+0000] {processor.py:925} INFO - DAG(s) 'dataset_alias_example_alias_consumer_with_no_taskflow', 'dataset_alias_example_alias_producer_with_no_taskflow', 'dataset_s3_bucket_producer_with_no_taskflow', 'dataset_s3_bucket_consumer_with_no_taskflow' retrieved from /home/airflow/.local/lib/python3.12/site-packages/airflow/example_dags/example_dataset_alias_with_no_taskflow.py
[2025-01-30T01:01:14.880+0000] {logging_mixin.py:190} INFO - [2025-01-30T01:01:14.879+0000] {dag.py:3239} INFO - Sync 4 DAGs
[2025-01-30T01:01:14.908+0000] {logging_mixin.py:190} INFO - [2025-01-30T01:01:14.907+0000] {dag.py:4180} INFO - Setting next_dagrun for dataset_alias_example_alias_consumer_with_no_taskflow to None, run_after=None
[2025-01-30T01:01:14.912+0000] {logging_mixin.py:190} INFO - [2025-01-30T01:01:14.911+0000] {dag.py:4180} INFO - Setting next_dagrun for dataset_alias_example_alias_producer_with_no_taskflow to None, run_after=None
[2025-01-30T01:01:14.914+0000] {logging_mixin.py:190} INFO - [2025-01-30T01:01:14.914+0000] {dag.py:4180} INFO - Setting next_dagrun for dataset_s3_bucket_consumer_with_no_taskflow to None, run_after=None
[2025-01-30T01:01:14.916+0000] {logging_mixin.py:190} INFO - [2025-01-30T01:01:14.916+0000] {dag.py:4180} INFO - Setting next_dagrun for dataset_s3_bucket_producer_with_no_taskflow to None, run_after=None
[2025-01-30T01:01:14.951+0000] {processor.py:208} INFO - Processing /home/airflow/.local/lib/python3.12/site-packages/airflow/example_dags/example_dataset_alias_with_no_taskflow.py took 0.948 seconds
[2025-01-30T01:01:45.875+0000] {processor.py:186} INFO - Started process (PID=21461) to work on /home/airflow/.local/lib/python3.12/site-packages/airflow/example_dags/example_dataset_alias_with_no_taskflow.py
[2025-01-30T01:01:45.876+0000] {processor.py:914} INFO - Processing file /home/airflow/.local/lib/python3.12/site-packages/airflow/example_dags/example_dataset_alias_with_no_taskflow.py for tasks to queue
[2025-01-30T01:01:45.881+0000] {logging_mixin.py:190} INFO - [2025-01-30T01:01:45.881+0000] {dagbag.py:588} INFO - Filling up the DagBag from /home/airflow/.local/lib/python3.12/site-packages/airflow/example_dags/example_dataset_alias_with_no_taskflow.py
[2025-01-30T01:01:46.479+0000] {processor.py:925} INFO - DAG(s) 'dataset_s3_bucket_producer_with_no_taskflow', 'dataset_s3_bucket_consumer_with_no_taskflow', 'dataset_alias_example_alias_consumer_with_no_taskflow', 'dataset_alias_example_alias_producer_with_no_taskflow' retrieved from /home/airflow/.local/lib/python3.12/site-packages/airflow/example_dags/example_dataset_alias_with_no_taskflow.py
[2025-01-30T01:01:46.510+0000] {logging_mixin.py:190} INFO - [2025-01-30T01:01:46.509+0000] {dag.py:3239} INFO - Sync 4 DAGs
[2025-01-30T01:01:46.543+0000] {logging_mixin.py:190} INFO - [2025-01-30T01:01:46.543+0000] {dag.py:4180} INFO - Setting next_dagrun for dataset_alias_example_alias_consumer_with_no_taskflow to None, run_after=None
[2025-01-30T01:01:46.546+0000] {logging_mixin.py:190} INFO - [2025-01-30T01:01:46.546+0000] {dag.py:4180} INFO - Setting next_dagrun for dataset_alias_example_alias_producer_with_no_taskflow to None, run_after=None
[2025-01-30T01:01:46.549+0000] {logging_mixin.py:190} INFO - [2025-01-30T01:01:46.549+0000] {dag.py:4180} INFO - Setting next_dagrun for dataset_s3_bucket_consumer_with_no_taskflow to None, run_after=None
[2025-01-30T01:01:46.551+0000] {logging_mixin.py:190} INFO - [2025-01-30T01:01:46.551+0000] {dag.py:4180} INFO - Setting next_dagrun for dataset_s3_bucket_producer_with_no_taskflow to None, run_after=None
[2025-01-30T01:01:46.580+0000] {processor.py:208} INFO - Processing /home/airflow/.local/lib/python3.12/site-packages/airflow/example_dags/example_dataset_alias_with_no_taskflow.py took 0.713 seconds
[2025-01-30T01:02:17.974+0000] {processor.py:186} INFO - Started process (PID=21524) to work on /home/airflow/.local/lib/python3.12/site-packages/airflow/example_dags/example_dataset_alias_with_no_taskflow.py
[2025-01-30T01:02:17.975+0000] {processor.py:914} INFO - Processing file /home/airflow/.local/lib/python3.12/site-packages/airflow/example_dags/example_dataset_alias_with_no_taskflow.py for tasks to queue
[2025-01-30T01:02:17.978+0000] {logging_mixin.py:190} INFO - [2025-01-30T01:02:17.977+0000] {dagbag.py:588} INFO - Filling up the DagBag from /home/airflow/.local/lib/python3.12/site-packages/airflow/example_dags/example_dataset_alias_with_no_taskflow.py
[2025-01-30T01:02:18.488+0000] {processor.py:925} INFO - DAG(s) 'dataset_alias_example_alias_producer_with_no_taskflow', 'dataset_s3_bucket_consumer_with_no_taskflow', 'dataset_alias_example_alias_consumer_with_no_taskflow', 'dataset_s3_bucket_producer_with_no_taskflow' retrieved from /home/airflow/.local/lib/python3.12/site-packages/airflow/example_dags/example_dataset_alias_with_no_taskflow.py
[2025-01-30T01:02:18.511+0000] {logging_mixin.py:190} INFO - [2025-01-30T01:02:18.510+0000] {dag.py:3239} INFO - Sync 4 DAGs
[2025-01-30T01:02:18.533+0000] {logging_mixin.py:190} INFO - [2025-01-30T01:02:18.533+0000] {dag.py:4180} INFO - Setting next_dagrun for dataset_alias_example_alias_consumer_with_no_taskflow to None, run_after=None
[2025-01-30T01:02:18.537+0000] {logging_mixin.py:190} INFO - [2025-01-30T01:02:18.536+0000] {dag.py:4180} INFO - Setting next_dagrun for dataset_alias_example_alias_producer_with_no_taskflow to None, run_after=None
[2025-01-30T01:02:18.539+0000] {logging_mixin.py:190} INFO - [2025-01-30T01:02:18.539+0000] {dag.py:4180} INFO - Setting next_dagrun for dataset_s3_bucket_consumer_with_no_taskflow to None, run_after=None
[2025-01-30T01:02:18.541+0000] {logging_mixin.py:190} INFO - [2025-01-30T01:02:18.541+0000] {dag.py:4180} INFO - Setting next_dagrun for dataset_s3_bucket_producer_with_no_taskflow to None, run_after=None
[2025-01-30T01:02:18.567+0000] {processor.py:208} INFO - Processing /home/airflow/.local/lib/python3.12/site-packages/airflow/example_dags/example_dataset_alias_with_no_taskflow.py took 0.600 seconds
[2025-01-30T01:02:49.440+0000] {processor.py:186} INFO - Started process (PID=21587) to work on /home/airflow/.local/lib/python3.12/site-packages/airflow/example_dags/example_dataset_alias_with_no_taskflow.py
[2025-01-30T01:02:49.441+0000] {processor.py:914} INFO - Processing file /home/airflow/.local/lib/python3.12/site-packages/airflow/example_dags/example_dataset_alias_with_no_taskflow.py for tasks to queue
[2025-01-30T01:02:49.444+0000] {logging_mixin.py:190} INFO - [2025-01-30T01:02:49.444+0000] {dagbag.py:588} INFO - Filling up the DagBag from /home/airflow/.local/lib/python3.12/site-packages/airflow/example_dags/example_dataset_alias_with_no_taskflow.py
[2025-01-30T01:02:49.843+0000] {processor.py:925} INFO - DAG(s) 'dataset_s3_bucket_producer_with_no_taskflow', 'dataset_s3_bucket_consumer_with_no_taskflow', 'dataset_alias_example_alias_consumer_with_no_taskflow', 'dataset_alias_example_alias_producer_with_no_taskflow' retrieved from /home/airflow/.local/lib/python3.12/site-packages/airflow/example_dags/example_dataset_alias_with_no_taskflow.py
[2025-01-30T01:02:49.874+0000] {logging_mixin.py:190} INFO - [2025-01-30T01:02:49.874+0000] {dag.py:3239} INFO - Sync 4 DAGs
[2025-01-30T01:02:49.903+0000] {logging_mixin.py:190} INFO - [2025-01-30T01:02:49.902+0000] {dag.py:4180} INFO - Setting next_dagrun for dataset_alias_example_alias_consumer_with_no_taskflow to None, run_after=None
[2025-01-30T01:02:49.907+0000] {logging_mixin.py:190} INFO - [2025-01-30T01:02:49.907+0000] {dag.py:4180} INFO - Setting next_dagrun for dataset_alias_example_alias_producer_with_no_taskflow to None, run_after=None
[2025-01-30T01:02:49.910+0000] {logging_mixin.py:190} INFO - [2025-01-30T01:02:49.909+0000] {dag.py:4180} INFO - Setting next_dagrun for dataset_s3_bucket_consumer_with_no_taskflow to None, run_after=None
[2025-01-30T01:02:49.912+0000] {logging_mixin.py:190} INFO - [2025-01-30T01:02:49.912+0000] {dag.py:4180} INFO - Setting next_dagrun for dataset_s3_bucket_producer_with_no_taskflow to None, run_after=None
[2025-01-30T01:02:49.943+0000] {processor.py:208} INFO - Processing /home/airflow/.local/lib/python3.12/site-packages/airflow/example_dags/example_dataset_alias_with_no_taskflow.py took 0.509 seconds
