[2025-01-30T01:01:20.410+0000] {processor.py:186} INFO - Started process (PID=21421) to work on /home/airflow/.local/lib/python3.12/site-packages/airflow/example_dags/example_dataset_alias.py
[2025-01-30T01:01:20.411+0000] {processor.py:914} INFO - Processing file /home/airflow/.local/lib/python3.12/site-packages/airflow/example_dags/example_dataset_alias.py for tasks to queue
[2025-01-30T01:01:20.415+0000] {logging_mixin.py:190} INFO - [2025-01-30T01:01:20.414+0000] {dagbag.py:588} INFO - Filling up the DagBag from /home/airflow/.local/lib/python3.12/site-packages/airflow/example_dags/example_dataset_alias.py
[2025-01-30T01:01:21.247+0000] {processor.py:925} INFO - DAG(s) 'dataset_alias_example_alias_producer', 'dataset_s3_bucket_consumer', 'dataset_s3_bucket_producer', 'dataset_alias_example_alias_consumer' retrieved from /home/airflow/.local/lib/python3.12/site-packages/airflow/example_dags/example_dataset_alias.py
[2025-01-30T01:01:21.279+0000] {logging_mixin.py:190} INFO - [2025-01-30T01:01:21.279+0000] {dag.py:3239} INFO - Sync 4 DAGs
[2025-01-30T01:01:21.313+0000] {logging_mixin.py:190} INFO - [2025-01-30T01:01:21.312+0000] {dag.py:4180} INFO - Setting next_dagrun for dataset_alias_example_alias_consumer to None, run_after=None
[2025-01-30T01:01:21.317+0000] {logging_mixin.py:190} INFO - [2025-01-30T01:01:21.317+0000] {dag.py:4180} INFO - Setting next_dagrun for dataset_alias_example_alias_producer to None, run_after=None
[2025-01-30T01:01:21.320+0000] {logging_mixin.py:190} INFO - [2025-01-30T01:01:21.320+0000] {dag.py:4180} INFO - Setting next_dagrun for dataset_s3_bucket_consumer to None, run_after=None
[2025-01-30T01:01:21.323+0000] {logging_mixin.py:190} INFO - [2025-01-30T01:01:21.323+0000] {dag.py:4180} INFO - Setting next_dagrun for dataset_s3_bucket_producer to None, run_after=None
[2025-01-30T01:01:21.356+0000] {processor.py:208} INFO - Processing /home/airflow/.local/lib/python3.12/site-packages/airflow/example_dags/example_dataset_alias.py took 0.957 seconds
[2025-01-30T01:01:51.985+0000] {processor.py:186} INFO - Started process (PID=21485) to work on /home/airflow/.local/lib/python3.12/site-packages/airflow/example_dags/example_dataset_alias.py
[2025-01-30T01:01:51.986+0000] {processor.py:914} INFO - Processing file /home/airflow/.local/lib/python3.12/site-packages/airflow/example_dags/example_dataset_alias.py for tasks to queue
[2025-01-30T01:01:51.989+0000] {logging_mixin.py:190} INFO - [2025-01-30T01:01:51.989+0000] {dagbag.py:588} INFO - Filling up the DagBag from /home/airflow/.local/lib/python3.12/site-packages/airflow/example_dags/example_dataset_alias.py
[2025-01-30T01:01:52.673+0000] {processor.py:925} INFO - DAG(s) 'dataset_s3_bucket_consumer', 'dataset_alias_example_alias_consumer', 'dataset_alias_example_alias_producer', 'dataset_s3_bucket_producer' retrieved from /home/airflow/.local/lib/python3.12/site-packages/airflow/example_dags/example_dataset_alias.py
[2025-01-30T01:01:52.707+0000] {logging_mixin.py:190} INFO - [2025-01-30T01:01:52.707+0000] {dag.py:3239} INFO - Sync 4 DAGs
[2025-01-30T01:01:52.739+0000] {logging_mixin.py:190} INFO - [2025-01-30T01:01:52.739+0000] {dag.py:4180} INFO - Setting next_dagrun for dataset_alias_example_alias_consumer to None, run_after=None
[2025-01-30T01:01:52.744+0000] {logging_mixin.py:190} INFO - [2025-01-30T01:01:52.743+0000] {dag.py:4180} INFO - Setting next_dagrun for dataset_alias_example_alias_producer to None, run_after=None
[2025-01-30T01:01:52.746+0000] {logging_mixin.py:190} INFO - [2025-01-30T01:01:52.746+0000] {dag.py:4180} INFO - Setting next_dagrun for dataset_s3_bucket_consumer to None, run_after=None
[2025-01-30T01:01:52.749+0000] {logging_mixin.py:190} INFO - [2025-01-30T01:01:52.749+0000] {dag.py:4180} INFO - Setting next_dagrun for dataset_s3_bucket_producer to None, run_after=None
[2025-01-30T01:01:52.782+0000] {processor.py:208} INFO - Processing /home/airflow/.local/lib/python3.12/site-packages/airflow/example_dags/example_dataset_alias.py took 0.804 seconds
[2025-01-30T01:02:23.023+0000] {processor.py:186} INFO - Started process (PID=21549) to work on /home/airflow/.local/lib/python3.12/site-packages/airflow/example_dags/example_dataset_alias.py
[2025-01-30T01:02:23.024+0000] {processor.py:914} INFO - Processing file /home/airflow/.local/lib/python3.12/site-packages/airflow/example_dags/example_dataset_alias.py for tasks to queue
[2025-01-30T01:02:23.027+0000] {logging_mixin.py:190} INFO - [2025-01-30T01:02:23.027+0000] {dagbag.py:588} INFO - Filling up the DagBag from /home/airflow/.local/lib/python3.12/site-packages/airflow/example_dags/example_dataset_alias.py
[2025-01-30T01:02:23.525+0000] {processor.py:925} INFO - DAG(s) 'dataset_alias_example_alias_producer', 'dataset_alias_example_alias_consumer', 'dataset_s3_bucket_producer', 'dataset_s3_bucket_consumer' retrieved from /home/airflow/.local/lib/python3.12/site-packages/airflow/example_dags/example_dataset_alias.py
[2025-01-30T01:02:23.551+0000] {logging_mixin.py:190} INFO - [2025-01-30T01:02:23.551+0000] {dag.py:3239} INFO - Sync 4 DAGs
[2025-01-30T01:02:23.573+0000] {logging_mixin.py:190} INFO - [2025-01-30T01:02:23.573+0000] {dag.py:4180} INFO - Setting next_dagrun for dataset_alias_example_alias_consumer to None, run_after=None
[2025-01-30T01:02:23.576+0000] {logging_mixin.py:190} INFO - [2025-01-30T01:02:23.576+0000] {dag.py:4180} INFO - Setting next_dagrun for dataset_alias_example_alias_producer to None, run_after=None
[2025-01-30T01:02:23.580+0000] {logging_mixin.py:190} INFO - [2025-01-30T01:02:23.580+0000] {dag.py:4180} INFO - Setting next_dagrun for dataset_s3_bucket_consumer to None, run_after=None
[2025-01-30T01:02:23.582+0000] {logging_mixin.py:190} INFO - [2025-01-30T01:02:23.582+0000] {dag.py:4180} INFO - Setting next_dagrun for dataset_s3_bucket_producer to None, run_after=None
[2025-01-30T01:02:23.607+0000] {processor.py:208} INFO - Processing /home/airflow/.local/lib/python3.12/site-packages/airflow/example_dags/example_dataset_alias.py took 0.590 seconds
[2025-01-30T01:02:53.843+0000] {processor.py:186} INFO - Started process (PID=21614) to work on /home/airflow/.local/lib/python3.12/site-packages/airflow/example_dags/example_dataset_alias.py
[2025-01-30T01:02:53.845+0000] {processor.py:914} INFO - Processing file /home/airflow/.local/lib/python3.12/site-packages/airflow/example_dags/example_dataset_alias.py for tasks to queue
[2025-01-30T01:02:53.849+0000] {logging_mixin.py:190} INFO - [2025-01-30T01:02:53.849+0000] {dagbag.py:588} INFO - Filling up the DagBag from /home/airflow/.local/lib/python3.12/site-packages/airflow/example_dags/example_dataset_alias.py
[2025-01-30T01:02:54.255+0000] {processor.py:925} INFO - DAG(s) 'dataset_s3_bucket_consumer', 'dataset_alias_example_alias_consumer', 'dataset_s3_bucket_producer', 'dataset_alias_example_alias_producer' retrieved from /home/airflow/.local/lib/python3.12/site-packages/airflow/example_dags/example_dataset_alias.py
[2025-01-30T01:02:54.279+0000] {logging_mixin.py:190} INFO - [2025-01-30T01:02:54.278+0000] {dag.py:3239} INFO - Sync 4 DAGs
[2025-01-30T01:02:54.306+0000] {logging_mixin.py:190} INFO - [2025-01-30T01:02:54.306+0000] {dag.py:4180} INFO - Setting next_dagrun for dataset_alias_example_alias_consumer to None, run_after=None
[2025-01-30T01:02:54.309+0000] {logging_mixin.py:190} INFO - [2025-01-30T01:02:54.309+0000] {dag.py:4180} INFO - Setting next_dagrun for dataset_alias_example_alias_producer to None, run_after=None
[2025-01-30T01:02:54.310+0000] {logging_mixin.py:190} INFO - [2025-01-30T01:02:54.310+0000] {dag.py:4180} INFO - Setting next_dagrun for dataset_s3_bucket_consumer to None, run_after=None
[2025-01-30T01:02:54.312+0000] {logging_mixin.py:190} INFO - [2025-01-30T01:02:54.312+0000] {dag.py:4180} INFO - Setting next_dagrun for dataset_s3_bucket_producer to None, run_after=None
[2025-01-30T01:02:54.335+0000] {processor.py:208} INFO - Processing /home/airflow/.local/lib/python3.12/site-packages/airflow/example_dags/example_dataset_alias.py took 0.498 seconds
