[2025-01-30T01:01:15.570+0000] {processor.py:186} INFO - Started process (PID=21403) to work on /home/airflow/.local/lib/python3.12/site-packages/airflow/example_dags/example_datasets.py
[2025-01-30T01:01:15.571+0000] {processor.py:914} INFO - Processing file /home/airflow/.local/lib/python3.12/site-packages/airflow/example_dags/example_datasets.py for tasks to queue
[2025-01-30T01:01:15.574+0000] {logging_mixin.py:190} INFO - [2025-01-30T01:01:15.573+0000] {dagbag.py:588} INFO - Filling up the DagBag from /home/airflow/.local/lib/python3.12/site-packages/airflow/example_dags/example_datasets.py
[2025-01-30T01:01:16.658+0000] {processor.py:925} INFO - DAG(s) 'dataset_consumes_unknown_never_scheduled', 'dataset_produces_1', 'dataset_consumes_1_and_2', 'dataset_consumes_1_never_scheduled', 'dataset_consumes_1', 'consume_1_or_both_2_and_3_with_dataset_expressions', 'consume_1_or_2_with_dataset_expressions', 'dataset_produces_2', 'conditional_dataset_and_time_based_timetable', 'consume_1_and_2_with_dataset_expressions' retrieved from /home/airflow/.local/lib/python3.12/site-packages/airflow/example_dags/example_datasets.py
[2025-01-30T01:01:16.741+0000] {logging_mixin.py:190} INFO - [2025-01-30T01:01:16.741+0000] {dag.py:3239} INFO - Sync 10 DAGs
[2025-01-30T01:01:16.797+0000] {logging_mixin.py:190} INFO - [2025-01-30T01:01:16.797+0000] {dag.py:4180} INFO - Setting next_dagrun for conditional_dataset_and_time_based_timetable to 2025-01-29 01:00:00+00:00, run_after=2025-01-29 01:00:00+00:00
[2025-01-30T01:01:16.804+0000] {logging_mixin.py:190} INFO - [2025-01-30T01:01:16.803+0000] {dag.py:4180} INFO - Setting next_dagrun for consume_1_and_2_with_dataset_expressions to None, run_after=None
[2025-01-30T01:01:16.808+0000] {logging_mixin.py:190} INFO - [2025-01-30T01:01:16.808+0000] {dag.py:4180} INFO - Setting next_dagrun for consume_1_or_2_with_dataset_expressions to None, run_after=None
[2025-01-30T01:01:16.812+0000] {logging_mixin.py:190} INFO - [2025-01-30T01:01:16.812+0000] {dag.py:4180} INFO - Setting next_dagrun for consume_1_or_both_2_and_3_with_dataset_expressions to None, run_after=None
[2025-01-30T01:01:16.816+0000] {logging_mixin.py:190} INFO - [2025-01-30T01:01:16.815+0000] {dag.py:4180} INFO - Setting next_dagrun for dataset_consumes_1 to None, run_after=None
[2025-01-30T01:01:16.819+0000] {logging_mixin.py:190} INFO - [2025-01-30T01:01:16.819+0000] {dag.py:4180} INFO - Setting next_dagrun for dataset_consumes_1_and_2 to None, run_after=None
[2025-01-30T01:01:16.823+0000] {logging_mixin.py:190} INFO - [2025-01-30T01:01:16.822+0000] {dag.py:4180} INFO - Setting next_dagrun for dataset_consumes_1_never_scheduled to None, run_after=None
[2025-01-30T01:01:16.827+0000] {logging_mixin.py:190} INFO - [2025-01-30T01:01:16.827+0000] {dag.py:4180} INFO - Setting next_dagrun for dataset_consumes_unknown_never_scheduled to None, run_after=None
[2025-01-30T01:01:16.834+0000] {logging_mixin.py:190} INFO - [2025-01-30T01:01:16.833+0000] {dag.py:4180} INFO - Setting next_dagrun for dataset_produces_1 to 2025-01-29 00:00:00+00:00, run_after=2025-01-30 00:00:00+00:00
[2025-01-30T01:01:16.837+0000] {logging_mixin.py:190} INFO - [2025-01-30T01:01:16.837+0000] {dag.py:4180} INFO - Setting next_dagrun for dataset_produces_2 to None, run_after=None
[2025-01-30T01:01:16.910+0000] {processor.py:208} INFO - Processing /home/airflow/.local/lib/python3.12/site-packages/airflow/example_dags/example_datasets.py took 1.348 seconds
[2025-01-30T01:01:47.182+0000] {processor.py:186} INFO - Started process (PID=21468) to work on /home/airflow/.local/lib/python3.12/site-packages/airflow/example_dags/example_datasets.py
[2025-01-30T01:01:47.183+0000] {processor.py:914} INFO - Processing file /home/airflow/.local/lib/python3.12/site-packages/airflow/example_dags/example_datasets.py for tasks to queue
[2025-01-30T01:01:47.186+0000] {logging_mixin.py:190} INFO - [2025-01-30T01:01:47.186+0000] {dagbag.py:588} INFO - Filling up the DagBag from /home/airflow/.local/lib/python3.12/site-packages/airflow/example_dags/example_datasets.py
[2025-01-30T01:01:47.783+0000] {processor.py:925} INFO - DAG(s) 'dataset_consumes_unknown_never_scheduled', 'consume_1_and_2_with_dataset_expressions', 'consume_1_or_both_2_and_3_with_dataset_expressions', 'dataset_produces_2', 'dataset_produces_1', 'conditional_dataset_and_time_based_timetable', 'dataset_consumes_1', 'dataset_consumes_1_never_scheduled', 'consume_1_or_2_with_dataset_expressions', 'dataset_consumes_1_and_2' retrieved from /home/airflow/.local/lib/python3.12/site-packages/airflow/example_dags/example_datasets.py
[2025-01-30T01:01:47.840+0000] {logging_mixin.py:190} INFO - [2025-01-30T01:01:47.840+0000] {dag.py:3239} INFO - Sync 10 DAGs
[2025-01-30T01:01:47.870+0000] {logging_mixin.py:190} INFO - [2025-01-30T01:01:47.869+0000] {dag.py:4180} INFO - Setting next_dagrun for conditional_dataset_and_time_based_timetable to 2025-01-29 01:00:00+00:00, run_after=2025-01-29 01:00:00+00:00
[2025-01-30T01:01:47.876+0000] {logging_mixin.py:190} INFO - [2025-01-30T01:01:47.876+0000] {dag.py:4180} INFO - Setting next_dagrun for consume_1_and_2_with_dataset_expressions to None, run_after=None
[2025-01-30T01:01:47.879+0000] {logging_mixin.py:190} INFO - [2025-01-30T01:01:47.878+0000] {dag.py:4180} INFO - Setting next_dagrun for consume_1_or_2_with_dataset_expressions to None, run_after=None
[2025-01-30T01:01:47.881+0000] {logging_mixin.py:190} INFO - [2025-01-30T01:01:47.881+0000] {dag.py:4180} INFO - Setting next_dagrun for consume_1_or_both_2_and_3_with_dataset_expressions to None, run_after=None
[2025-01-30T01:01:47.884+0000] {logging_mixin.py:190} INFO - [2025-01-30T01:01:47.883+0000] {dag.py:4180} INFO - Setting next_dagrun for dataset_consumes_1 to None, run_after=None
[2025-01-30T01:01:47.887+0000] {logging_mixin.py:190} INFO - [2025-01-30T01:01:47.887+0000] {dag.py:4180} INFO - Setting next_dagrun for dataset_consumes_1_and_2 to None, run_after=None
[2025-01-30T01:01:47.890+0000] {logging_mixin.py:190} INFO - [2025-01-30T01:01:47.890+0000] {dag.py:4180} INFO - Setting next_dagrun for dataset_consumes_1_never_scheduled to None, run_after=None
[2025-01-30T01:01:47.894+0000] {logging_mixin.py:190} INFO - [2025-01-30T01:01:47.894+0000] {dag.py:4180} INFO - Setting next_dagrun for dataset_consumes_unknown_never_scheduled to None, run_after=None
[2025-01-30T01:01:47.898+0000] {logging_mixin.py:190} INFO - [2025-01-30T01:01:47.898+0000] {dag.py:4180} INFO - Setting next_dagrun for dataset_produces_1 to 2025-01-29 00:00:00+00:00, run_after=2025-01-30 00:00:00+00:00
[2025-01-30T01:01:47.901+0000] {logging_mixin.py:190} INFO - [2025-01-30T01:01:47.900+0000] {dag.py:4180} INFO - Setting next_dagrun for dataset_produces_2 to None, run_after=None
[2025-01-30T01:01:47.961+0000] {processor.py:208} INFO - Processing /home/airflow/.local/lib/python3.12/site-packages/airflow/example_dags/example_datasets.py took 0.785 seconds
[2025-01-30T01:02:19.366+0000] {processor.py:186} INFO - Started process (PID=21533) to work on /home/airflow/.local/lib/python3.12/site-packages/airflow/example_dags/example_datasets.py
[2025-01-30T01:02:19.367+0000] {processor.py:914} INFO - Processing file /home/airflow/.local/lib/python3.12/site-packages/airflow/example_dags/example_datasets.py for tasks to queue
[2025-01-30T01:02:19.370+0000] {logging_mixin.py:190} INFO - [2025-01-30T01:02:19.370+0000] {dagbag.py:588} INFO - Filling up the DagBag from /home/airflow/.local/lib/python3.12/site-packages/airflow/example_dags/example_datasets.py
[2025-01-30T01:02:20.209+0000] {processor.py:925} INFO - DAG(s) 'consume_1_and_2_with_dataset_expressions', 'dataset_consumes_unknown_never_scheduled', 'conditional_dataset_and_time_based_timetable', 'consume_1_or_2_with_dataset_expressions', 'dataset_consumes_1', 'dataset_produces_1', 'dataset_consumes_1_never_scheduled', 'consume_1_or_both_2_and_3_with_dataset_expressions', 'dataset_produces_2', 'dataset_consumes_1_and_2' retrieved from /home/airflow/.local/lib/python3.12/site-packages/airflow/example_dags/example_datasets.py
[2025-01-30T01:02:20.274+0000] {logging_mixin.py:190} INFO - [2025-01-30T01:02:20.274+0000] {dag.py:3239} INFO - Sync 10 DAGs
[2025-01-30T01:02:20.306+0000] {logging_mixin.py:190} INFO - [2025-01-30T01:02:20.306+0000] {dag.py:4180} INFO - Setting next_dagrun for conditional_dataset_and_time_based_timetable to 2025-01-29 01:00:00+00:00, run_after=2025-01-29 01:00:00+00:00
[2025-01-30T01:02:20.311+0000] {logging_mixin.py:190} INFO - [2025-01-30T01:02:20.311+0000] {dag.py:4180} INFO - Setting next_dagrun for consume_1_and_2_with_dataset_expressions to None, run_after=None
[2025-01-30T01:02:20.315+0000] {logging_mixin.py:190} INFO - [2025-01-30T01:02:20.314+0000] {dag.py:4180} INFO - Setting next_dagrun for consume_1_or_2_with_dataset_expressions to None, run_after=None
[2025-01-30T01:02:20.318+0000] {logging_mixin.py:190} INFO - [2025-01-30T01:02:20.318+0000] {dag.py:4180} INFO - Setting next_dagrun for consume_1_or_both_2_and_3_with_dataset_expressions to None, run_after=None
[2025-01-30T01:02:20.320+0000] {logging_mixin.py:190} INFO - [2025-01-30T01:02:20.320+0000] {dag.py:4180} INFO - Setting next_dagrun for dataset_consumes_1 to None, run_after=None
[2025-01-30T01:02:20.323+0000] {logging_mixin.py:190} INFO - [2025-01-30T01:02:20.323+0000] {dag.py:4180} INFO - Setting next_dagrun for dataset_consumes_1_and_2 to None, run_after=None
[2025-01-30T01:02:20.326+0000] {logging_mixin.py:190} INFO - [2025-01-30T01:02:20.326+0000] {dag.py:4180} INFO - Setting next_dagrun for dataset_consumes_1_never_scheduled to None, run_after=None
[2025-01-30T01:02:20.328+0000] {logging_mixin.py:190} INFO - [2025-01-30T01:02:20.328+0000] {dag.py:4180} INFO - Setting next_dagrun for dataset_consumes_unknown_never_scheduled to None, run_after=None
[2025-01-30T01:02:20.331+0000] {logging_mixin.py:190} INFO - [2025-01-30T01:02:20.331+0000] {dag.py:4180} INFO - Setting next_dagrun for dataset_produces_1 to 2025-01-29 00:00:00+00:00, run_after=2025-01-30 00:00:00+00:00
[2025-01-30T01:02:20.335+0000] {logging_mixin.py:190} INFO - [2025-01-30T01:02:20.334+0000] {dag.py:4180} INFO - Setting next_dagrun for dataset_produces_2 to None, run_after=None
[2025-01-30T01:02:20.396+0000] {processor.py:208} INFO - Processing /home/airflow/.local/lib/python3.12/site-packages/airflow/example_dags/example_datasets.py took 1.037 seconds
[2025-01-30T01:02:50.506+0000] {processor.py:186} INFO - Started process (PID=21596) to work on /home/airflow/.local/lib/python3.12/site-packages/airflow/example_dags/example_datasets.py
[2025-01-30T01:02:50.507+0000] {processor.py:914} INFO - Processing file /home/airflow/.local/lib/python3.12/site-packages/airflow/example_dags/example_datasets.py for tasks to queue
[2025-01-30T01:02:50.510+0000] {logging_mixin.py:190} INFO - [2025-01-30T01:02:50.510+0000] {dagbag.py:588} INFO - Filling up the DagBag from /home/airflow/.local/lib/python3.12/site-packages/airflow/example_dags/example_datasets.py
[2025-01-30T01:02:50.882+0000] {processor.py:925} INFO - DAG(s) 'dataset_consumes_1_and_2', 'dataset_consumes_1_never_scheduled', 'consume_1_or_both_2_and_3_with_dataset_expressions', 'dataset_consumes_1', 'consume_1_and_2_with_dataset_expressions', 'conditional_dataset_and_time_based_timetable', 'dataset_consumes_unknown_never_scheduled', 'dataset_produces_1', 'dataset_produces_2', 'consume_1_or_2_with_dataset_expressions' retrieved from /home/airflow/.local/lib/python3.12/site-packages/airflow/example_dags/example_datasets.py
[2025-01-30T01:02:50.930+0000] {logging_mixin.py:190} INFO - [2025-01-30T01:02:50.930+0000] {dag.py:3239} INFO - Sync 10 DAGs
[2025-01-30T01:02:50.956+0000] {logging_mixin.py:190} INFO - [2025-01-30T01:02:50.956+0000] {dag.py:4180} INFO - Setting next_dagrun for conditional_dataset_and_time_based_timetable to 2025-01-29 01:00:00+00:00, run_after=2025-01-29 01:00:00+00:00
[2025-01-30T01:02:50.961+0000] {logging_mixin.py:190} INFO - [2025-01-30T01:02:50.960+0000] {dag.py:4180} INFO - Setting next_dagrun for consume_1_and_2_with_dataset_expressions to None, run_after=None
[2025-01-30T01:02:50.962+0000] {logging_mixin.py:190} INFO - [2025-01-30T01:02:50.962+0000] {dag.py:4180} INFO - Setting next_dagrun for consume_1_or_2_with_dataset_expressions to None, run_after=None
[2025-01-30T01:02:50.965+0000] {logging_mixin.py:190} INFO - [2025-01-30T01:02:50.965+0000] {dag.py:4180} INFO - Setting next_dagrun for consume_1_or_both_2_and_3_with_dataset_expressions to None, run_after=None
[2025-01-30T01:02:50.967+0000] {logging_mixin.py:190} INFO - [2025-01-30T01:02:50.967+0000] {dag.py:4180} INFO - Setting next_dagrun for dataset_consumes_1 to None, run_after=None
[2025-01-30T01:02:50.969+0000] {logging_mixin.py:190} INFO - [2025-01-30T01:02:50.969+0000] {dag.py:4180} INFO - Setting next_dagrun for dataset_consumes_1_and_2 to None, run_after=None
[2025-01-30T01:02:50.971+0000] {logging_mixin.py:190} INFO - [2025-01-30T01:02:50.971+0000] {dag.py:4180} INFO - Setting next_dagrun for dataset_consumes_1_never_scheduled to None, run_after=None
[2025-01-30T01:02:50.973+0000] {logging_mixin.py:190} INFO - [2025-01-30T01:02:50.973+0000] {dag.py:4180} INFO - Setting next_dagrun for dataset_consumes_unknown_never_scheduled to None, run_after=None
[2025-01-30T01:02:50.976+0000] {logging_mixin.py:190} INFO - [2025-01-30T01:02:50.976+0000] {dag.py:4180} INFO - Setting next_dagrun for dataset_produces_1 to 2025-01-29 00:00:00+00:00, run_after=2025-01-30 00:00:00+00:00
[2025-01-30T01:02:50.977+0000] {logging_mixin.py:190} INFO - [2025-01-30T01:02:50.977+0000] {dag.py:4180} INFO - Setting next_dagrun for dataset_produces_2 to None, run_after=None
[2025-01-30T01:02:51.018+0000] {processor.py:208} INFO - Processing /home/airflow/.local/lib/python3.12/site-packages/airflow/example_dags/example_datasets.py took 0.521 seconds
