[2025-01-30T01:01:15.345+0000] {processor.py:186} INFO - Started process (PID=21402) to work on /home/airflow/.local/lib/python3.12/site-packages/airflow/example_dags/example_branch_operator.py
[2025-01-30T01:01:15.347+0000] {processor.py:914} INFO - Processing file /home/airflow/.local/lib/python3.12/site-packages/airflow/example_dags/example_branch_operator.py for tasks to queue
[2025-01-30T01:01:15.350+0000] {logging_mixin.py:190} INFO - [2025-01-30T01:01:15.350+0000] {dagbag.py:588} INFO - Filling up the DagBag from /home/airflow/.local/lib/python3.12/site-packages/airflow/example_dags/example_branch_operator.py
[2025-01-30T01:01:15.368+0000] {processor.py:925} INFO - DAG(s) 'example_branch_operator' retrieved from /home/airflow/.local/lib/python3.12/site-packages/airflow/example_dags/example_branch_operator.py
[2025-01-30T01:01:15.401+0000] {logging_mixin.py:190} INFO - [2025-01-30T01:01:15.401+0000] {dag.py:3239} INFO - Sync 1 DAGs
[2025-01-30T01:01:15.578+0000] {logging_mixin.py:190} INFO - [2025-01-30T01:01:15.578+0000] {dag.py:4180} INFO - Setting next_dagrun for example_branch_operator to 2025-01-29 00:00:00+00:00, run_after=2025-01-30 00:00:00+00:00
[2025-01-30T01:01:15.598+0000] {processor.py:208} INFO - Processing /home/airflow/.local/lib/python3.12/site-packages/airflow/example_dags/example_branch_operator.py took 0.260 seconds
[2025-01-30T01:01:46.816+0000] {processor.py:186} INFO - Started process (PID=21465) to work on /home/airflow/.local/lib/python3.12/site-packages/airflow/example_dags/example_branch_operator.py
[2025-01-30T01:01:46.817+0000] {processor.py:914} INFO - Processing file /home/airflow/.local/lib/python3.12/site-packages/airflow/example_dags/example_branch_operator.py for tasks to queue
[2025-01-30T01:01:46.820+0000] {logging_mixin.py:190} INFO - [2025-01-30T01:01:46.820+0000] {dagbag.py:588} INFO - Filling up the DagBag from /home/airflow/.local/lib/python3.12/site-packages/airflow/example_dags/example_branch_operator.py
[2025-01-30T01:01:46.840+0000] {processor.py:925} INFO - DAG(s) 'example_branch_operator' retrieved from /home/airflow/.local/lib/python3.12/site-packages/airflow/example_dags/example_branch_operator.py
[2025-01-30T01:01:46.876+0000] {logging_mixin.py:190} INFO - [2025-01-30T01:01:46.875+0000] {dag.py:3239} INFO - Sync 1 DAGs
[2025-01-30T01:01:46.909+0000] {logging_mixin.py:190} INFO - [2025-01-30T01:01:46.909+0000] {dag.py:4180} INFO - Setting next_dagrun for example_branch_operator to 2025-01-29 00:00:00+00:00, run_after=2025-01-30 00:00:00+00:00
[2025-01-30T01:01:47.124+0000] {processor.py:208} INFO - Processing /home/airflow/.local/lib/python3.12/site-packages/airflow/example_dags/example_branch_operator.py took 0.315 seconds
[2025-01-30T01:02:18.748+0000] {processor.py:186} INFO - Started process (PID=21528) to work on /home/airflow/.local/lib/python3.12/site-packages/airflow/example_dags/example_branch_operator.py
[2025-01-30T01:02:18.750+0000] {processor.py:914} INFO - Processing file /home/airflow/.local/lib/python3.12/site-packages/airflow/example_dags/example_branch_operator.py for tasks to queue
[2025-01-30T01:02:18.753+0000] {logging_mixin.py:190} INFO - [2025-01-30T01:02:18.752+0000] {dagbag.py:588} INFO - Filling up the DagBag from /home/airflow/.local/lib/python3.12/site-packages/airflow/example_dags/example_branch_operator.py
[2025-01-30T01:02:18.775+0000] {processor.py:925} INFO - DAG(s) 'example_branch_operator' retrieved from /home/airflow/.local/lib/python3.12/site-packages/airflow/example_dags/example_branch_operator.py
[2025-01-30T01:02:18.807+0000] {logging_mixin.py:190} INFO - [2025-01-30T01:02:18.807+0000] {dag.py:3239} INFO - Sync 1 DAGs
[2025-01-30T01:02:18.832+0000] {logging_mixin.py:190} INFO - [2025-01-30T01:02:18.831+0000] {dag.py:4180} INFO - Setting next_dagrun for example_branch_operator to 2025-01-29 00:00:00+00:00, run_after=2025-01-30 00:00:00+00:00
[2025-01-30T01:02:18.862+0000] {processor.py:208} INFO - Processing /home/airflow/.local/lib/python3.12/site-packages/airflow/example_dags/example_branch_operator.py took 0.123 seconds
[2025-01-30T01:02:50.141+0000] {processor.py:186} INFO - Started process (PID=21591) to work on /home/airflow/.local/lib/python3.12/site-packages/airflow/example_dags/example_branch_operator.py
[2025-01-30T01:02:50.142+0000] {processor.py:914} INFO - Processing file /home/airflow/.local/lib/python3.12/site-packages/airflow/example_dags/example_branch_operator.py for tasks to queue
[2025-01-30T01:02:50.146+0000] {logging_mixin.py:190} INFO - [2025-01-30T01:02:50.145+0000] {dagbag.py:588} INFO - Filling up the DagBag from /home/airflow/.local/lib/python3.12/site-packages/airflow/example_dags/example_branch_operator.py
[2025-01-30T01:02:50.165+0000] {processor.py:925} INFO - DAG(s) 'example_branch_operator' retrieved from /home/airflow/.local/lib/python3.12/site-packages/airflow/example_dags/example_branch_operator.py
[2025-01-30T01:02:50.197+0000] {logging_mixin.py:190} INFO - [2025-01-30T01:02:50.197+0000] {dag.py:3239} INFO - Sync 1 DAGs
[2025-01-30T01:02:50.233+0000] {logging_mixin.py:190} INFO - [2025-01-30T01:02:50.232+0000] {dag.py:4180} INFO - Setting next_dagrun for example_branch_operator to 2025-01-29 00:00:00+00:00, run_after=2025-01-30 00:00:00+00:00
[2025-01-30T01:02:50.275+0000] {processor.py:208} INFO - Processing /home/airflow/.local/lib/python3.12/site-packages/airflow/example_dags/example_branch_operator.py took 0.141 seconds
