[2025-01-30T01:01:11.839+0000] {processor.py:186} INFO - Started process (PID=21384) to work on /home/airflow/.local/lib/python3.12/site-packages/airflow/example_dags/example_xcomargs.py
[2025-01-30T01:01:11.841+0000] {processor.py:914} INFO - Processing file /home/airflow/.local/lib/python3.12/site-packages/airflow/example_dags/example_xcomargs.py for tasks to queue
[2025-01-30T01:01:11.846+0000] {logging_mixin.py:190} INFO - [2025-01-30T01:01:11.845+0000] {dagbag.py:588} INFO - Filling up the DagBag from /home/airflow/.local/lib/python3.12/site-packages/airflow/example_dags/example_xcomargs.py
[2025-01-30T01:01:11.877+0000] {processor.py:925} INFO - DAG(s) 'example_xcom_args', 'example_xcom_args_with_operators' retrieved from /home/airflow/.local/lib/python3.12/site-packages/airflow/example_dags/example_xcomargs.py
[2025-01-30T01:01:11.941+0000] {logging_mixin.py:190} INFO - [2025-01-30T01:01:11.941+0000] {dag.py:3239} INFO - Sync 2 DAGs
[2025-01-30T01:01:11.991+0000] {logging_mixin.py:190} INFO - [2025-01-30T01:01:11.989+0000] {dag.py:4180} INFO - Setting next_dagrun for example_xcom_args to None, run_after=None
[2025-01-30T01:01:12.014+0000] {logging_mixin.py:190} INFO - [2025-01-30T01:01:12.014+0000] {dag.py:4180} INFO - Setting next_dagrun for example_xcom_args_with_operators to None, run_after=None
[2025-01-30T01:01:12.064+0000] {processor.py:208} INFO - Processing /home/airflow/.local/lib/python3.12/site-packages/airflow/example_dags/example_xcomargs.py took 0.240 seconds
[2025-01-30T01:01:42.647+0000] {processor.py:186} INFO - Started process (PID=21447) to work on /home/airflow/.local/lib/python3.12/site-packages/airflow/example_dags/example_xcomargs.py
[2025-01-30T01:01:42.648+0000] {processor.py:914} INFO - Processing file /home/airflow/.local/lib/python3.12/site-packages/airflow/example_dags/example_xcomargs.py for tasks to queue
[2025-01-30T01:01:42.653+0000] {logging_mixin.py:190} INFO - [2025-01-30T01:01:42.652+0000] {dagbag.py:588} INFO - Filling up the DagBag from /home/airflow/.local/lib/python3.12/site-packages/airflow/example_dags/example_xcomargs.py
[2025-01-30T01:01:42.672+0000] {processor.py:925} INFO - DAG(s) 'example_xcom_args', 'example_xcom_args_with_operators' retrieved from /home/airflow/.local/lib/python3.12/site-packages/airflow/example_dags/example_xcomargs.py
[2025-01-30T01:01:42.716+0000] {logging_mixin.py:190} INFO - [2025-01-30T01:01:42.716+0000] {dag.py:3239} INFO - Sync 2 DAGs
[2025-01-30T01:01:42.745+0000] {logging_mixin.py:190} INFO - [2025-01-30T01:01:42.745+0000] {dag.py:4180} INFO - Setting next_dagrun for example_xcom_args to None, run_after=None
[2025-01-30T01:01:42.756+0000] {logging_mixin.py:190} INFO - [2025-01-30T01:01:42.755+0000] {dag.py:4180} INFO - Setting next_dagrun for example_xcom_args_with_operators to None, run_after=None
[2025-01-30T01:01:42.797+0000] {processor.py:208} INFO - Processing /home/airflow/.local/lib/python3.12/site-packages/airflow/example_dags/example_xcomargs.py took 0.158 seconds
[2025-01-30T01:02:12.966+0000] {processor.py:186} INFO - Started process (PID=21510) to work on /home/airflow/.local/lib/python3.12/site-packages/airflow/example_dags/example_xcomargs.py
[2025-01-30T01:02:12.968+0000] {processor.py:914} INFO - Processing file /home/airflow/.local/lib/python3.12/site-packages/airflow/example_dags/example_xcomargs.py for tasks to queue
[2025-01-30T01:02:12.972+0000] {logging_mixin.py:190} INFO - [2025-01-30T01:02:12.971+0000] {dagbag.py:588} INFO - Filling up the DagBag from /home/airflow/.local/lib/python3.12/site-packages/airflow/example_dags/example_xcomargs.py
[2025-01-30T01:02:12.985+0000] {processor.py:925} INFO - DAG(s) 'example_xcom_args_with_operators', 'example_xcom_args' retrieved from /home/airflow/.local/lib/python3.12/site-packages/airflow/example_dags/example_xcomargs.py
[2025-01-30T01:02:13.020+0000] {logging_mixin.py:190} INFO - [2025-01-30T01:02:13.020+0000] {dag.py:3239} INFO - Sync 2 DAGs
[2025-01-30T01:02:13.035+0000] {logging_mixin.py:190} INFO - [2025-01-30T01:02:13.035+0000] {dag.py:4180} INFO - Setting next_dagrun for example_xcom_args to None, run_after=None
[2025-01-30T01:02:13.040+0000] {logging_mixin.py:190} INFO - [2025-01-30T01:02:13.040+0000] {dag.py:4180} INFO - Setting next_dagrun for example_xcom_args_with_operators to None, run_after=None
[2025-01-30T01:02:13.066+0000] {processor.py:208} INFO - Processing /home/airflow/.local/lib/python3.12/site-packages/airflow/example_dags/example_xcomargs.py took 0.107 seconds
[2025-01-30T01:02:43.400+0000] {processor.py:186} INFO - Started process (PID=21573) to work on /home/airflow/.local/lib/python3.12/site-packages/airflow/example_dags/example_xcomargs.py
[2025-01-30T01:02:43.402+0000] {processor.py:914} INFO - Processing file /home/airflow/.local/lib/python3.12/site-packages/airflow/example_dags/example_xcomargs.py for tasks to queue
[2025-01-30T01:02:43.409+0000] {logging_mixin.py:190} INFO - [2025-01-30T01:02:43.407+0000] {dagbag.py:588} INFO - Filling up the DagBag from /home/airflow/.local/lib/python3.12/site-packages/airflow/example_dags/example_xcomargs.py
[2025-01-30T01:02:43.426+0000] {processor.py:925} INFO - DAG(s) 'example_xcom_args', 'example_xcom_args_with_operators' retrieved from /home/airflow/.local/lib/python3.12/site-packages/airflow/example_dags/example_xcomargs.py
[2025-01-30T01:02:43.462+0000] {logging_mixin.py:190} INFO - [2025-01-30T01:02:43.462+0000] {dag.py:3239} INFO - Sync 2 DAGs
[2025-01-30T01:02:43.487+0000] {logging_mixin.py:190} INFO - [2025-01-30T01:02:43.486+0000] {dag.py:4180} INFO - Setting next_dagrun for example_xcom_args to None, run_after=None
[2025-01-30T01:02:43.492+0000] {logging_mixin.py:190} INFO - [2025-01-30T01:02:43.492+0000] {dag.py:4180} INFO - Setting next_dagrun for example_xcom_args_with_operators to None, run_after=None
[2025-01-30T01:02:43.515+0000] {processor.py:208} INFO - Processing /home/airflow/.local/lib/python3.12/site-packages/airflow/example_dags/example_xcomargs.py took 0.124 seconds
