[2025-01-30T01:01:13.315+0000] {processor.py:186} INFO - Started process (PID=21393) to work on /home/airflow/.local/lib/python3.12/site-packages/airflow/example_dags/example_xcom.py
[2025-01-30T01:01:13.317+0000] {processor.py:914} INFO - Processing file /home/airflow/.local/lib/python3.12/site-packages/airflow/example_dags/example_xcom.py for tasks to queue
[2025-01-30T01:01:13.321+0000] {logging_mixin.py:190} INFO - [2025-01-30T01:01:13.320+0000] {dagbag.py:588} INFO - Filling up the DagBag from /home/airflow/.local/lib/python3.12/site-packages/airflow/example_dags/example_xcom.py
[2025-01-30T01:01:13.337+0000] {processor.py:925} INFO - DAG(s) 'example_xcom' retrieved from /home/airflow/.local/lib/python3.12/site-packages/airflow/example_dags/example_xcom.py
[2025-01-30T01:01:13.379+0000] {logging_mixin.py:190} INFO - [2025-01-30T01:01:13.378+0000] {dag.py:3239} INFO - Sync 1 DAGs
[2025-01-30T01:01:13.424+0000] {logging_mixin.py:190} INFO - [2025-01-30T01:01:13.424+0000] {dag.py:4180} INFO - Setting next_dagrun for example_xcom to 2021-01-01 00:00:00+00:00, run_after=2021-01-01 00:00:00+00:00
[2025-01-30T01:01:13.460+0000] {processor.py:208} INFO - Processing /home/airflow/.local/lib/python3.12/site-packages/airflow/example_dags/example_xcom.py took 0.156 seconds
[2025-01-30T01:01:43.544+0000] {processor.py:186} INFO - Started process (PID=21456) to work on /home/airflow/.local/lib/python3.12/site-packages/airflow/example_dags/example_xcom.py
[2025-01-30T01:01:43.546+0000] {processor.py:914} INFO - Processing file /home/airflow/.local/lib/python3.12/site-packages/airflow/example_dags/example_xcom.py for tasks to queue
[2025-01-30T01:01:43.548+0000] {logging_mixin.py:190} INFO - [2025-01-30T01:01:43.548+0000] {dagbag.py:588} INFO - Filling up the DagBag from /home/airflow/.local/lib/python3.12/site-packages/airflow/example_dags/example_xcom.py
[2025-01-30T01:01:43.559+0000] {processor.py:925} INFO - DAG(s) 'example_xcom' retrieved from /home/airflow/.local/lib/python3.12/site-packages/airflow/example_dags/example_xcom.py
[2025-01-30T01:01:43.580+0000] {logging_mixin.py:190} INFO - [2025-01-30T01:01:43.580+0000] {dag.py:3239} INFO - Sync 1 DAGs
[2025-01-30T01:01:43.601+0000] {logging_mixin.py:190} INFO - [2025-01-30T01:01:43.600+0000] {dag.py:4180} INFO - Setting next_dagrun for example_xcom to 2021-01-01 00:00:00+00:00, run_after=2021-01-01 00:00:00+00:00
[2025-01-30T01:01:43.621+0000] {processor.py:208} INFO - Processing /home/airflow/.local/lib/python3.12/site-packages/airflow/example_dags/example_xcom.py took 0.083 seconds
[2025-01-30T01:02:13.877+0000] {processor.py:186} INFO - Started process (PID=21519) to work on /home/airflow/.local/lib/python3.12/site-packages/airflow/example_dags/example_xcom.py
[2025-01-30T01:02:13.879+0000] {processor.py:914} INFO - Processing file /home/airflow/.local/lib/python3.12/site-packages/airflow/example_dags/example_xcom.py for tasks to queue
[2025-01-30T01:02:13.881+0000] {logging_mixin.py:190} INFO - [2025-01-30T01:02:13.881+0000] {dagbag.py:588} INFO - Filling up the DagBag from /home/airflow/.local/lib/python3.12/site-packages/airflow/example_dags/example_xcom.py
[2025-01-30T01:02:13.892+0000] {processor.py:925} INFO - DAG(s) 'example_xcom' retrieved from /home/airflow/.local/lib/python3.12/site-packages/airflow/example_dags/example_xcom.py
[2025-01-30T01:02:13.918+0000] {logging_mixin.py:190} INFO - [2025-01-30T01:02:13.918+0000] {dag.py:3239} INFO - Sync 1 DAGs
[2025-01-30T01:02:13.944+0000] {logging_mixin.py:190} INFO - [2025-01-30T01:02:13.944+0000] {dag.py:4180} INFO - Setting next_dagrun for example_xcom to 2021-01-01 00:00:00+00:00, run_after=2021-01-01 00:00:00+00:00
[2025-01-30T01:02:13.975+0000] {processor.py:208} INFO - Processing /home/airflow/.local/lib/python3.12/site-packages/airflow/example_dags/example_xcom.py took 0.103 seconds
[2025-01-30T01:02:44.595+0000] {processor.py:186} INFO - Started process (PID=21582) to work on /home/airflow/.local/lib/python3.12/site-packages/airflow/example_dags/example_xcom.py
[2025-01-30T01:02:44.596+0000] {processor.py:914} INFO - Processing file /home/airflow/.local/lib/python3.12/site-packages/airflow/example_dags/example_xcom.py for tasks to queue
[2025-01-30T01:02:44.599+0000] {logging_mixin.py:190} INFO - [2025-01-30T01:02:44.598+0000] {dagbag.py:588} INFO - Filling up the DagBag from /home/airflow/.local/lib/python3.12/site-packages/airflow/example_dags/example_xcom.py
[2025-01-30T01:02:44.760+0000] {processor.py:925} INFO - DAG(s) 'example_xcom' retrieved from /home/airflow/.local/lib/python3.12/site-packages/airflow/example_dags/example_xcom.py
[2025-01-30T01:02:44.778+0000] {logging_mixin.py:190} INFO - [2025-01-30T01:02:44.778+0000] {dag.py:3239} INFO - Sync 1 DAGs
[2025-01-30T01:02:44.795+0000] {logging_mixin.py:190} INFO - [2025-01-30T01:02:44.795+0000] {dag.py:4180} INFO - Setting next_dagrun for example_xcom to 2021-01-01 00:00:00+00:00, run_after=2021-01-01 00:00:00+00:00
[2025-01-30T01:02:44.811+0000] {processor.py:208} INFO - Processing /home/airflow/.local/lib/python3.12/site-packages/airflow/example_dags/example_xcom.py took 0.222 seconds
