[2025-01-30T01:01:21.357+0000] {processor.py:186} INFO - Started process (PID=21424) to work on /home/airflow/.local/lib/python3.12/site-packages/airflow/example_dags/example_dynamic_task_mapping.py
[2025-01-30T01:01:21.359+0000] {processor.py:914} INFO - Processing file /home/airflow/.local/lib/python3.12/site-packages/airflow/example_dags/example_dynamic_task_mapping.py for tasks to queue
[2025-01-30T01:01:21.363+0000] {logging_mixin.py:190} INFO - [2025-01-30T01:01:21.362+0000] {dagbag.py:588} INFO - Filling up the DagBag from /home/airflow/.local/lib/python3.12/site-packages/airflow/example_dags/example_dynamic_task_mapping.py
[2025-01-30T01:01:21.377+0000] {processor.py:925} INFO - DAG(s) 'example_dynamic_task_mapping' retrieved from /home/airflow/.local/lib/python3.12/site-packages/airflow/example_dags/example_dynamic_task_mapping.py
[2025-01-30T01:01:21.418+0000] {logging_mixin.py:190} INFO - [2025-01-30T01:01:21.417+0000] {dag.py:3239} INFO - Sync 1 DAGs
[2025-01-30T01:01:21.642+0000] {logging_mixin.py:190} INFO - [2025-01-30T01:01:21.641+0000] {dag.py:4180} INFO - Setting next_dagrun for example_dynamic_task_mapping to None, run_after=None
[2025-01-30T01:01:21.670+0000] {processor.py:208} INFO - Processing /home/airflow/.local/lib/python3.12/site-packages/airflow/example_dags/example_dynamic_task_mapping.py took 0.321 seconds
[2025-01-30T01:01:52.457+0000] {processor.py:186} INFO - Started process (PID=21487) to work on /home/airflow/.local/lib/python3.12/site-packages/airflow/example_dags/example_dynamic_task_mapping.py
[2025-01-30T01:01:52.459+0000] {processor.py:914} INFO - Processing file /home/airflow/.local/lib/python3.12/site-packages/airflow/example_dags/example_dynamic_task_mapping.py for tasks to queue
[2025-01-30T01:01:52.462+0000] {logging_mixin.py:190} INFO - [2025-01-30T01:01:52.462+0000] {dagbag.py:588} INFO - Filling up the DagBag from /home/airflow/.local/lib/python3.12/site-packages/airflow/example_dags/example_dynamic_task_mapping.py
[2025-01-30T01:01:52.474+0000] {processor.py:925} INFO - DAG(s) 'example_dynamic_task_mapping' retrieved from /home/airflow/.local/lib/python3.12/site-packages/airflow/example_dags/example_dynamic_task_mapping.py
[2025-01-30T01:01:52.504+0000] {logging_mixin.py:190} INFO - [2025-01-30T01:01:52.504+0000] {dag.py:3239} INFO - Sync 1 DAGs
[2025-01-30T01:01:52.699+0000] {logging_mixin.py:190} INFO - [2025-01-30T01:01:52.698+0000] {dag.py:4180} INFO - Setting next_dagrun for example_dynamic_task_mapping to None, run_after=None
[2025-01-30T01:01:52.724+0000] {processor.py:208} INFO - Processing /home/airflow/.local/lib/python3.12/site-packages/airflow/example_dags/example_dynamic_task_mapping.py took 0.277 seconds
[2025-01-30T01:02:23.023+0000] {processor.py:186} INFO - Started process (PID=21550) to work on /home/airflow/.local/lib/python3.12/site-packages/airflow/example_dags/example_dynamic_task_mapping.py
[2025-01-30T01:02:23.024+0000] {processor.py:914} INFO - Processing file /home/airflow/.local/lib/python3.12/site-packages/airflow/example_dags/example_dynamic_task_mapping.py for tasks to queue
[2025-01-30T01:02:23.027+0000] {logging_mixin.py:190} INFO - [2025-01-30T01:02:23.027+0000] {dagbag.py:588} INFO - Filling up the DagBag from /home/airflow/.local/lib/python3.12/site-packages/airflow/example_dags/example_dynamic_task_mapping.py
[2025-01-30T01:02:23.035+0000] {processor.py:925} INFO - DAG(s) 'example_dynamic_task_mapping' retrieved from /home/airflow/.local/lib/python3.12/site-packages/airflow/example_dags/example_dynamic_task_mapping.py
[2025-01-30T01:02:23.058+0000] {logging_mixin.py:190} INFO - [2025-01-30T01:02:23.058+0000] {dag.py:3239} INFO - Sync 1 DAGs
[2025-01-30T01:02:23.073+0000] {logging_mixin.py:190} INFO - [2025-01-30T01:02:23.073+0000] {dag.py:4180} INFO - Setting next_dagrun for example_dynamic_task_mapping to None, run_after=None
[2025-01-30T01:02:23.251+0000] {processor.py:208} INFO - Processing /home/airflow/.local/lib/python3.12/site-packages/airflow/example_dags/example_dynamic_task_mapping.py took 0.233 seconds
[2025-01-30T01:02:53.636+0000] {processor.py:186} INFO - Started process (PID=21612) to work on /home/airflow/.local/lib/python3.12/site-packages/airflow/example_dags/example_dynamic_task_mapping.py
[2025-01-30T01:02:53.638+0000] {processor.py:914} INFO - Processing file /home/airflow/.local/lib/python3.12/site-packages/airflow/example_dags/example_dynamic_task_mapping.py for tasks to queue
[2025-01-30T01:02:53.640+0000] {logging_mixin.py:190} INFO - [2025-01-30T01:02:53.640+0000] {dagbag.py:588} INFO - Filling up the DagBag from /home/airflow/.local/lib/python3.12/site-packages/airflow/example_dags/example_dynamic_task_mapping.py
[2025-01-30T01:02:53.649+0000] {processor.py:925} INFO - DAG(s) 'example_dynamic_task_mapping' retrieved from /home/airflow/.local/lib/python3.12/site-packages/airflow/example_dags/example_dynamic_task_mapping.py
[2025-01-30T01:02:53.672+0000] {logging_mixin.py:190} INFO - [2025-01-30T01:02:53.671+0000] {dag.py:3239} INFO - Sync 1 DAGs
[2025-01-30T01:02:53.686+0000] {logging_mixin.py:190} INFO - [2025-01-30T01:02:53.686+0000] {dag.py:4180} INFO - Setting next_dagrun for example_dynamic_task_mapping to None, run_after=None
[2025-01-30T01:02:53.711+0000] {processor.py:208} INFO - Processing /home/airflow/.local/lib/python3.12/site-packages/airflow/example_dags/example_dynamic_task_mapping.py took 0.079 seconds
