[2025-01-30T01:01:21.732+0000] {processor.py:186} INFO - Started process (PID=21426) to work on /home/airflow/.local/lib/python3.12/site-packages/airflow/example_dags/example_sensors.py
[2025-01-30T01:01:21.733+0000] {processor.py:914} INFO - Processing file /home/airflow/.local/lib/python3.12/site-packages/airflow/example_dags/example_sensors.py for tasks to queue
[2025-01-30T01:01:21.738+0000] {logging_mixin.py:190} INFO - [2025-01-30T01:01:21.737+0000] {dagbag.py:588} INFO - Filling up the DagBag from /home/airflow/.local/lib/python3.12/site-packages/airflow/example_dags/example_sensors.py
[2025-01-30T01:01:21.754+0000] {processor.py:925} INFO - DAG(s) 'example_sensors' retrieved from /home/airflow/.local/lib/python3.12/site-packages/airflow/example_dags/example_sensors.py
[2025-01-30T01:01:22.023+0000] {logging_mixin.py:190} INFO - [2025-01-30T01:01:22.023+0000] {dag.py:3239} INFO - Sync 1 DAGs
[2025-01-30T01:01:22.043+0000] {logging_mixin.py:190} INFO - [2025-01-30T01:01:22.043+0000] {dag.py:4180} INFO - Setting next_dagrun for example_sensors to None, run_after=None
[2025-01-30T01:01:22.077+0000] {processor.py:208} INFO - Processing /home/airflow/.local/lib/python3.12/site-packages/airflow/example_dags/example_sensors.py took 0.353 seconds
[2025-01-30T01:01:52.855+0000] {processor.py:186} INFO - Started process (PID=21489) to work on /home/airflow/.local/lib/python3.12/site-packages/airflow/example_dags/example_sensors.py
[2025-01-30T01:01:52.856+0000] {processor.py:914} INFO - Processing file /home/airflow/.local/lib/python3.12/site-packages/airflow/example_dags/example_sensors.py for tasks to queue
[2025-01-30T01:01:52.861+0000] {logging_mixin.py:190} INFO - [2025-01-30T01:01:52.860+0000] {dagbag.py:588} INFO - Filling up the DagBag from /home/airflow/.local/lib/python3.12/site-packages/airflow/example_dags/example_sensors.py
[2025-01-30T01:01:52.879+0000] {processor.py:925} INFO - DAG(s) 'example_sensors' retrieved from /home/airflow/.local/lib/python3.12/site-packages/airflow/example_dags/example_sensors.py
[2025-01-30T01:01:52.921+0000] {logging_mixin.py:190} INFO - [2025-01-30T01:01:52.920+0000] {dag.py:3239} INFO - Sync 1 DAGs
[2025-01-30T01:01:53.141+0000] {logging_mixin.py:190} INFO - [2025-01-30T01:01:53.141+0000] {dag.py:4180} INFO - Setting next_dagrun for example_sensors to None, run_after=None
[2025-01-30T01:01:53.170+0000] {processor.py:208} INFO - Processing /home/airflow/.local/lib/python3.12/site-packages/airflow/example_dags/example_sensors.py took 0.326 seconds
[2025-01-30T01:02:23.572+0000] {processor.py:186} INFO - Started process (PID=21552) to work on /home/airflow/.local/lib/python3.12/site-packages/airflow/example_dags/example_sensors.py
[2025-01-30T01:02:23.573+0000] {processor.py:914} INFO - Processing file /home/airflow/.local/lib/python3.12/site-packages/airflow/example_dags/example_sensors.py for tasks to queue
[2025-01-30T01:02:23.576+0000] {logging_mixin.py:190} INFO - [2025-01-30T01:02:23.575+0000] {dagbag.py:588} INFO - Filling up the DagBag from /home/airflow/.local/lib/python3.12/site-packages/airflow/example_dags/example_sensors.py
[2025-01-30T01:02:23.586+0000] {processor.py:925} INFO - DAG(s) 'example_sensors' retrieved from /home/airflow/.local/lib/python3.12/site-packages/airflow/example_dags/example_sensors.py
[2025-01-30T01:02:23.616+0000] {logging_mixin.py:190} INFO - [2025-01-30T01:02:23.615+0000] {dag.py:3239} INFO - Sync 1 DAGs
[2025-01-30T01:02:23.780+0000] {logging_mixin.py:190} INFO - [2025-01-30T01:02:23.780+0000] {dag.py:4180} INFO - Setting next_dagrun for example_sensors to None, run_after=None
[2025-01-30T01:02:23.801+0000] {processor.py:208} INFO - Processing /home/airflow/.local/lib/python3.12/site-packages/airflow/example_dags/example_sensors.py took 0.234 seconds
[2025-01-30T01:02:53.880+0000] {processor.py:186} INFO - Started process (PID=21615) to work on /home/airflow/.local/lib/python3.12/site-packages/airflow/example_dags/example_sensors.py
[2025-01-30T01:02:53.882+0000] {processor.py:914} INFO - Processing file /home/airflow/.local/lib/python3.12/site-packages/airflow/example_dags/example_sensors.py for tasks to queue
[2025-01-30T01:02:53.885+0000] {logging_mixin.py:190} INFO - [2025-01-30T01:02:53.884+0000] {dagbag.py:588} INFO - Filling up the DagBag from /home/airflow/.local/lib/python3.12/site-packages/airflow/example_dags/example_sensors.py
[2025-01-30T01:02:53.894+0000] {processor.py:925} INFO - DAG(s) 'example_sensors' retrieved from /home/airflow/.local/lib/python3.12/site-packages/airflow/example_dags/example_sensors.py
[2025-01-30T01:02:53.922+0000] {logging_mixin.py:190} INFO - [2025-01-30T01:02:53.922+0000] {dag.py:3239} INFO - Sync 1 DAGs
[2025-01-30T01:02:53.936+0000] {logging_mixin.py:190} INFO - [2025-01-30T01:02:53.936+0000] {dag.py:4180} INFO - Setting next_dagrun for example_sensors to None, run_after=None
[2025-01-30T01:02:53.965+0000] {processor.py:208} INFO - Processing /home/airflow/.local/lib/python3.12/site-packages/airflow/example_dags/example_sensors.py took 0.090 seconds
