[2025-01-30T01:01:20.033+0000] {processor.py:186} INFO - Started process (PID=21419) to work on /home/airflow/.local/lib/python3.12/site-packages/airflow/example_dags/example_time_delta_sensor_async.py
[2025-01-30T01:01:20.036+0000] {processor.py:914} INFO - Processing file /home/airflow/.local/lib/python3.12/site-packages/airflow/example_dags/example_time_delta_sensor_async.py for tasks to queue
[2025-01-30T01:01:20.042+0000] {logging_mixin.py:190} INFO - [2025-01-30T01:01:20.041+0000] {dagbag.py:588} INFO - Filling up the DagBag from /home/airflow/.local/lib/python3.12/site-packages/airflow/example_dags/example_time_delta_sensor_async.py
[2025-01-30T01:01:20.055+0000] {processor.py:925} INFO - DAG(s) 'example_time_delta_sensor_async' retrieved from /home/airflow/.local/lib/python3.12/site-packages/airflow/example_dags/example_time_delta_sensor_async.py
[2025-01-30T01:01:20.086+0000] {logging_mixin.py:190} INFO - [2025-01-30T01:01:20.086+0000] {dag.py:3239} INFO - Sync 1 DAGs
[2025-01-30T01:01:20.312+0000] {logging_mixin.py:190} INFO - [2025-01-30T01:01:20.311+0000] {dag.py:4180} INFO - Setting next_dagrun for example_time_delta_sensor_async to None, run_after=None
[2025-01-30T01:01:20.343+0000] {processor.py:208} INFO - Processing /home/airflow/.local/lib/python3.12/site-packages/airflow/example_dags/example_time_delta_sensor_async.py took 0.324 seconds
[2025-01-30T01:01:50.613+0000] {processor.py:186} INFO - Started process (PID=21482) to work on /home/airflow/.local/lib/python3.12/site-packages/airflow/example_dags/example_time_delta_sensor_async.py
[2025-01-30T01:01:50.614+0000] {processor.py:914} INFO - Processing file /home/airflow/.local/lib/python3.12/site-packages/airflow/example_dags/example_time_delta_sensor_async.py for tasks to queue
[2025-01-30T01:01:50.617+0000] {logging_mixin.py:190} INFO - [2025-01-30T01:01:50.617+0000] {dagbag.py:588} INFO - Filling up the DagBag from /home/airflow/.local/lib/python3.12/site-packages/airflow/example_dags/example_time_delta_sensor_async.py
[2025-01-30T01:01:50.627+0000] {processor.py:925} INFO - DAG(s) 'example_time_delta_sensor_async' retrieved from /home/airflow/.local/lib/python3.12/site-packages/airflow/example_dags/example_time_delta_sensor_async.py
[2025-01-30T01:01:50.658+0000] {logging_mixin.py:190} INFO - [2025-01-30T01:01:50.658+0000] {dag.py:3239} INFO - Sync 1 DAGs
[2025-01-30T01:01:50.677+0000] {logging_mixin.py:190} INFO - [2025-01-30T01:01:50.676+0000] {dag.py:4180} INFO - Setting next_dagrun for example_time_delta_sensor_async to None, run_after=None
[2025-01-30T01:01:50.713+0000] {processor.py:208} INFO - Processing /home/airflow/.local/lib/python3.12/site-packages/airflow/example_dags/example_time_delta_sensor_async.py took 0.104 seconds
[2025-01-30T01:02:21.256+0000] {processor.py:186} INFO - Started process (PID=21545) to work on /home/airflow/.local/lib/python3.12/site-packages/airflow/example_dags/example_time_delta_sensor_async.py
[2025-01-30T01:02:21.258+0000] {processor.py:914} INFO - Processing file /home/airflow/.local/lib/python3.12/site-packages/airflow/example_dags/example_time_delta_sensor_async.py for tasks to queue
[2025-01-30T01:02:21.262+0000] {logging_mixin.py:190} INFO - [2025-01-30T01:02:21.261+0000] {dagbag.py:588} INFO - Filling up the DagBag from /home/airflow/.local/lib/python3.12/site-packages/airflow/example_dags/example_time_delta_sensor_async.py
[2025-01-30T01:02:21.271+0000] {processor.py:925} INFO - DAG(s) 'example_time_delta_sensor_async' retrieved from /home/airflow/.local/lib/python3.12/site-packages/airflow/example_dags/example_time_delta_sensor_async.py
[2025-01-30T01:02:21.300+0000] {logging_mixin.py:190} INFO - [2025-01-30T01:02:21.300+0000] {dag.py:3239} INFO - Sync 1 DAGs
[2025-01-30T01:02:21.318+0000] {logging_mixin.py:190} INFO - [2025-01-30T01:02:21.318+0000] {dag.py:4180} INFO - Setting next_dagrun for example_time_delta_sensor_async to None, run_after=None
[2025-01-30T01:02:21.345+0000] {processor.py:208} INFO - Processing /home/airflow/.local/lib/python3.12/site-packages/airflow/example_dags/example_time_delta_sensor_async.py took 0.099 seconds
[2025-01-30T01:02:51.489+0000] {processor.py:186} INFO - Started process (PID=21608) to work on /home/airflow/.local/lib/python3.12/site-packages/airflow/example_dags/example_time_delta_sensor_async.py
[2025-01-30T01:02:51.491+0000] {processor.py:914} INFO - Processing file /home/airflow/.local/lib/python3.12/site-packages/airflow/example_dags/example_time_delta_sensor_async.py for tasks to queue
[2025-01-30T01:02:51.494+0000] {logging_mixin.py:190} INFO - [2025-01-30T01:02:51.494+0000] {dagbag.py:588} INFO - Filling up the DagBag from /home/airflow/.local/lib/python3.12/site-packages/airflow/example_dags/example_time_delta_sensor_async.py
[2025-01-30T01:02:51.502+0000] {processor.py:925} INFO - DAG(s) 'example_time_delta_sensor_async' retrieved from /home/airflow/.local/lib/python3.12/site-packages/airflow/example_dags/example_time_delta_sensor_async.py
[2025-01-30T01:02:51.525+0000] {logging_mixin.py:190} INFO - [2025-01-30T01:02:51.525+0000] {dag.py:3239} INFO - Sync 1 DAGs
[2025-01-30T01:02:51.543+0000] {logging_mixin.py:190} INFO - [2025-01-30T01:02:51.543+0000] {dag.py:4180} INFO - Setting next_dagrun for example_time_delta_sensor_async to None, run_after=None
[2025-01-30T01:02:51.568+0000] {processor.py:208} INFO - Processing /home/airflow/.local/lib/python3.12/site-packages/airflow/example_dags/example_time_delta_sensor_async.py took 0.085 seconds
