[2025-01-30T01:01:22.392+0000] {processor.py:186} INFO - Started process (PID=21430) to work on /home/airflow/.local/lib/python3.12/site-packages/airflow/example_dags/example_inlet_event_extra.py
[2025-01-30T01:01:22.394+0000] {processor.py:914} INFO - Processing file /home/airflow/.local/lib/python3.12/site-packages/airflow/example_dags/example_inlet_event_extra.py for tasks to queue
[2025-01-30T01:01:22.399+0000] {logging_mixin.py:190} INFO - [2025-01-30T01:01:22.398+0000] {dagbag.py:588} INFO - Filling up the DagBag from /home/airflow/.local/lib/python3.12/site-packages/airflow/example_dags/example_inlet_event_extra.py
[2025-01-30T01:01:23.035+0000] {processor.py:925} INFO - DAG(s) 'read_dataset_event', 'read_dataset_event_from_classic' retrieved from /home/airflow/.local/lib/python3.12/site-packages/airflow/example_dags/example_inlet_event_extra.py
[2025-01-30T01:01:23.059+0000] {logging_mixin.py:190} INFO - [2025-01-30T01:01:23.059+0000] {dag.py:3239} INFO - Sync 2 DAGs
[2025-01-30T01:01:23.090+0000] {logging_mixin.py:190} INFO - [2025-01-30T01:01:23.090+0000] {dag.py:4180} INFO - Setting next_dagrun for read_dataset_event to 2025-01-29 00:00:00+00:00, run_after=2025-01-30 00:00:00+00:00
[2025-01-30T01:01:23.096+0000] {logging_mixin.py:190} INFO - [2025-01-30T01:01:23.096+0000] {dag.py:4180} INFO - Setting next_dagrun for read_dataset_event_from_classic to 2025-01-29 00:00:00+00:00, run_after=2025-01-30 00:00:00+00:00
[2025-01-30T01:01:23.120+0000] {processor.py:208} INFO - Processing /home/airflow/.local/lib/python3.12/site-packages/airflow/example_dags/example_inlet_event_extra.py took 0.738 seconds
[2025-01-30T01:01:53.595+0000] {processor.py:186} INFO - Started process (PID=21493) to work on /home/airflow/.local/lib/python3.12/site-packages/airflow/example_dags/example_inlet_event_extra.py
[2025-01-30T01:01:53.597+0000] {processor.py:914} INFO - Processing file /home/airflow/.local/lib/python3.12/site-packages/airflow/example_dags/example_inlet_event_extra.py for tasks to queue
[2025-01-30T01:01:53.601+0000] {logging_mixin.py:190} INFO - [2025-01-30T01:01:53.600+0000] {dagbag.py:588} INFO - Filling up the DagBag from /home/airflow/.local/lib/python3.12/site-packages/airflow/example_dags/example_inlet_event_extra.py
[2025-01-30T01:01:54.271+0000] {processor.py:925} INFO - DAG(s) 'read_dataset_event', 'read_dataset_event_from_classic' retrieved from /home/airflow/.local/lib/python3.12/site-packages/airflow/example_dags/example_inlet_event_extra.py
[2025-01-30T01:01:54.295+0000] {logging_mixin.py:190} INFO - [2025-01-30T01:01:54.295+0000] {dag.py:3239} INFO - Sync 2 DAGs
[2025-01-30T01:01:54.326+0000] {logging_mixin.py:190} INFO - [2025-01-30T01:01:54.326+0000] {dag.py:4180} INFO - Setting next_dagrun for read_dataset_event to 2025-01-29 00:00:00+00:00, run_after=2025-01-30 00:00:00+00:00
[2025-01-30T01:01:54.334+0000] {logging_mixin.py:190} INFO - [2025-01-30T01:01:54.334+0000] {dag.py:4180} INFO - Setting next_dagrun for read_dataset_event_from_classic to 2025-01-29 00:00:00+00:00, run_after=2025-01-30 00:00:00+00:00
[2025-01-30T01:01:54.362+0000] {processor.py:208} INFO - Processing /home/airflow/.local/lib/python3.12/site-packages/airflow/example_dags/example_inlet_event_extra.py took 0.775 seconds
[2025-01-30T01:02:25.151+0000] {processor.py:186} INFO - Started process (PID=21556) to work on /home/airflow/.local/lib/python3.12/site-packages/airflow/example_dags/example_inlet_event_extra.py
[2025-01-30T01:02:25.152+0000] {processor.py:914} INFO - Processing file /home/airflow/.local/lib/python3.12/site-packages/airflow/example_dags/example_inlet_event_extra.py for tasks to queue
[2025-01-30T01:02:25.155+0000] {logging_mixin.py:190} INFO - [2025-01-30T01:02:25.155+0000] {dagbag.py:588} INFO - Filling up the DagBag from /home/airflow/.local/lib/python3.12/site-packages/airflow/example_dags/example_inlet_event_extra.py
[2025-01-30T01:02:25.681+0000] {processor.py:925} INFO - DAG(s) 'read_dataset_event_from_classic', 'read_dataset_event' retrieved from /home/airflow/.local/lib/python3.12/site-packages/airflow/example_dags/example_inlet_event_extra.py
[2025-01-30T01:02:25.704+0000] {logging_mixin.py:190} INFO - [2025-01-30T01:02:25.704+0000] {dag.py:3239} INFO - Sync 2 DAGs
[2025-01-30T01:02:25.727+0000] {logging_mixin.py:190} INFO - [2025-01-30T01:02:25.727+0000] {dag.py:4180} INFO - Setting next_dagrun for read_dataset_event to 2025-01-29 00:00:00+00:00, run_after=2025-01-30 00:00:00+00:00
[2025-01-30T01:02:25.733+0000] {logging_mixin.py:190} INFO - [2025-01-30T01:02:25.732+0000] {dag.py:4180} INFO - Setting next_dagrun for read_dataset_event_from_classic to 2025-01-29 00:00:00+00:00, run_after=2025-01-30 00:00:00+00:00
[2025-01-30T01:02:25.756+0000] {processor.py:208} INFO - Processing /home/airflow/.local/lib/python3.12/site-packages/airflow/example_dags/example_inlet_event_extra.py took 0.611 seconds
[2025-01-30T01:02:56.403+0000] {processor.py:186} INFO - Started process (PID=21619) to work on /home/airflow/.local/lib/python3.12/site-packages/airflow/example_dags/example_inlet_event_extra.py
[2025-01-30T01:02:56.405+0000] {processor.py:914} INFO - Processing file /home/airflow/.local/lib/python3.12/site-packages/airflow/example_dags/example_inlet_event_extra.py for tasks to queue
[2025-01-30T01:02:56.408+0000] {logging_mixin.py:190} INFO - [2025-01-30T01:02:56.407+0000] {dagbag.py:588} INFO - Filling up the DagBag from /home/airflow/.local/lib/python3.12/site-packages/airflow/example_dags/example_inlet_event_extra.py
[2025-01-30T01:02:56.857+0000] {processor.py:925} INFO - DAG(s) 'read_dataset_event', 'read_dataset_event_from_classic' retrieved from /home/airflow/.local/lib/python3.12/site-packages/airflow/example_dags/example_inlet_event_extra.py
[2025-01-30T01:02:56.897+0000] {logging_mixin.py:190} INFO - [2025-01-30T01:02:56.897+0000] {dag.py:3239} INFO - Sync 2 DAGs
[2025-01-30T01:02:56.937+0000] {logging_mixin.py:190} INFO - [2025-01-30T01:02:56.937+0000] {dag.py:4180} INFO - Setting next_dagrun for read_dataset_event to 2025-01-29 00:00:00+00:00, run_after=2025-01-30 00:00:00+00:00
[2025-01-30T01:02:56.946+0000] {logging_mixin.py:190} INFO - [2025-01-30T01:02:56.946+0000] {dag.py:4180} INFO - Setting next_dagrun for read_dataset_event_from_classic to 2025-01-29 00:00:00+00:00, run_after=2025-01-30 00:00:00+00:00
[2025-01-30T01:02:56.972+0000] {processor.py:208} INFO - Processing /home/airflow/.local/lib/python3.12/site-packages/airflow/example_dags/example_inlet_event_extra.py took 0.576 seconds
