[2025-01-30T01:01:22.139+0000] {processor.py:186} INFO - Started process (PID=21428) to work on /home/airflow/.local/lib/python3.12/site-packages/airflow/example_dags/example_params_ui_tutorial.py
[2025-01-30T01:01:22.141+0000] {processor.py:914} INFO - Processing file /home/airflow/.local/lib/python3.12/site-packages/airflow/example_dags/example_params_ui_tutorial.py for tasks to queue
[2025-01-30T01:01:22.144+0000] {logging_mixin.py:190} INFO - [2025-01-30T01:01:22.144+0000] {dagbag.py:588} INFO - Filling up the DagBag from /home/airflow/.local/lib/python3.12/site-packages/airflow/example_dags/example_params_ui_tutorial.py
[2025-01-30T01:01:22.159+0000] {processor.py:925} INFO - DAG(s) 'example_params_ui_tutorial' retrieved from /home/airflow/.local/lib/python3.12/site-packages/airflow/example_dags/example_params_ui_tutorial.py
[2025-01-30T01:01:22.627+0000] {logging_mixin.py:190} INFO - [2025-01-30T01:01:22.627+0000] {dag.py:3239} INFO - Sync 1 DAGs
[2025-01-30T01:01:22.645+0000] {logging_mixin.py:190} INFO - [2025-01-30T01:01:22.644+0000] {dag.py:4180} INFO - Setting next_dagrun for example_params_ui_tutorial to None, run_after=None
[2025-01-30T01:01:22.683+0000] {processor.py:208} INFO - Processing /home/airflow/.local/lib/python3.12/site-packages/airflow/example_dags/example_params_ui_tutorial.py took 0.555 seconds
[2025-01-30T01:01:53.224+0000] {processor.py:186} INFO - Started process (PID=21491) to work on /home/airflow/.local/lib/python3.12/site-packages/airflow/example_dags/example_params_ui_tutorial.py
[2025-01-30T01:01:53.226+0000] {processor.py:914} INFO - Processing file /home/airflow/.local/lib/python3.12/site-packages/airflow/example_dags/example_params_ui_tutorial.py for tasks to queue
[2025-01-30T01:01:53.229+0000] {logging_mixin.py:190} INFO - [2025-01-30T01:01:53.229+0000] {dagbag.py:588} INFO - Filling up the DagBag from /home/airflow/.local/lib/python3.12/site-packages/airflow/example_dags/example_params_ui_tutorial.py
[2025-01-30T01:01:53.243+0000] {processor.py:925} INFO - DAG(s) 'example_params_ui_tutorial' retrieved from /home/airflow/.local/lib/python3.12/site-packages/airflow/example_dags/example_params_ui_tutorial.py
[2025-01-30T01:01:53.309+0000] {logging_mixin.py:190} INFO - [2025-01-30T01:01:53.308+0000] {dag.py:3239} INFO - Sync 1 DAGs
[2025-01-30T01:01:53.514+0000] {logging_mixin.py:190} INFO - [2025-01-30T01:01:53.514+0000] {dag.py:4180} INFO - Setting next_dagrun for example_params_ui_tutorial to None, run_after=None
[2025-01-30T01:01:53.540+0000] {processor.py:208} INFO - Processing /home/airflow/.local/lib/python3.12/site-packages/airflow/example_dags/example_params_ui_tutorial.py took 0.324 seconds
[2025-01-30T01:02:23.845+0000] {processor.py:186} INFO - Started process (PID=21554) to work on /home/airflow/.local/lib/python3.12/site-packages/airflow/example_dags/example_params_ui_tutorial.py
[2025-01-30T01:02:23.847+0000] {processor.py:914} INFO - Processing file /home/airflow/.local/lib/python3.12/site-packages/airflow/example_dags/example_params_ui_tutorial.py for tasks to queue
[2025-01-30T01:02:23.850+0000] {logging_mixin.py:190} INFO - [2025-01-30T01:02:23.849+0000] {dagbag.py:588} INFO - Filling up the DagBag from /home/airflow/.local/lib/python3.12/site-packages/airflow/example_dags/example_params_ui_tutorial.py
[2025-01-30T01:02:23.858+0000] {processor.py:925} INFO - DAG(s) 'example_params_ui_tutorial' retrieved from /home/airflow/.local/lib/python3.12/site-packages/airflow/example_dags/example_params_ui_tutorial.py
[2025-01-30T01:02:23.899+0000] {logging_mixin.py:190} INFO - [2025-01-30T01:02:23.898+0000] {dag.py:3239} INFO - Sync 1 DAGs
[2025-01-30T01:02:24.072+0000] {logging_mixin.py:190} INFO - [2025-01-30T01:02:24.072+0000] {dag.py:4180} INFO - Setting next_dagrun for example_params_ui_tutorial to None, run_after=None
[2025-01-30T01:02:24.096+0000] {processor.py:208} INFO - Processing /home/airflow/.local/lib/python3.12/site-packages/airflow/example_dags/example_params_ui_tutorial.py took 0.256 seconds
[2025-01-30T01:02:54.151+0000] {processor.py:186} INFO - Started process (PID=21617) to work on /home/airflow/.local/lib/python3.12/site-packages/airflow/example_dags/example_params_ui_tutorial.py
[2025-01-30T01:02:54.153+0000] {processor.py:914} INFO - Processing file /home/airflow/.local/lib/python3.12/site-packages/airflow/example_dags/example_params_ui_tutorial.py for tasks to queue
[2025-01-30T01:02:54.157+0000] {logging_mixin.py:190} INFO - [2025-01-30T01:02:54.156+0000] {dagbag.py:588} INFO - Filling up the DagBag from /home/airflow/.local/lib/python3.12/site-packages/airflow/example_dags/example_params_ui_tutorial.py
[2025-01-30T01:02:54.167+0000] {processor.py:925} INFO - DAG(s) 'example_params_ui_tutorial' retrieved from /home/airflow/.local/lib/python3.12/site-packages/airflow/example_dags/example_params_ui_tutorial.py
[2025-01-30T01:02:54.214+0000] {logging_mixin.py:190} INFO - [2025-01-30T01:02:54.214+0000] {dag.py:3239} INFO - Sync 1 DAGs
[2025-01-30T01:02:54.229+0000] {logging_mixin.py:190} INFO - [2025-01-30T01:02:54.229+0000] {dag.py:4180} INFO - Setting next_dagrun for example_params_ui_tutorial to None, run_after=None
[2025-01-30T01:02:54.250+0000] {processor.py:208} INFO - Processing /home/airflow/.local/lib/python3.12/site-packages/airflow/example_dags/example_params_ui_tutorial.py took 0.105 seconds
