[2025-01-30T01:01:13.539+0000] {processor.py:186} INFO - Started process (PID=21395) to work on /home/airflow/.local/lib/python3.12/site-packages/airflow/example_dags/example_branch_operator_decorator.py
[2025-01-30T01:01:13.543+0000] {processor.py:914} INFO - Processing file /home/airflow/.local/lib/python3.12/site-packages/airflow/example_dags/example_branch_operator_decorator.py for tasks to queue
[2025-01-30T01:01:13.551+0000] {logging_mixin.py:190} INFO - [2025-01-30T01:01:13.550+0000] {dagbag.py:588} INFO - Filling up the DagBag from /home/airflow/.local/lib/python3.12/site-packages/airflow/example_dags/example_branch_operator_decorator.py
[2025-01-30T01:01:13.592+0000] {processor.py:925} INFO - DAG(s) 'example_branch_python_operator_decorator' retrieved from /home/airflow/.local/lib/python3.12/site-packages/airflow/example_dags/example_branch_operator_decorator.py
[2025-01-30T01:01:13.643+0000] {logging_mixin.py:190} INFO - [2025-01-30T01:01:13.642+0000] {dag.py:3239} INFO - Sync 1 DAGs
[2025-01-30T01:01:13.931+0000] {logging_mixin.py:190} INFO - [2025-01-30T01:01:13.931+0000] {dag.py:4180} INFO - Setting next_dagrun for example_branch_python_operator_decorator to 2025-01-29 00:00:00+00:00, run_after=2025-01-30 00:00:00+00:00
[2025-01-30T01:01:13.957+0000] {processor.py:208} INFO - Processing /home/airflow/.local/lib/python3.12/site-packages/airflow/example_dags/example_branch_operator_decorator.py took 0.427 seconds
[2025-01-30T01:01:44.691+0000] {processor.py:186} INFO - Started process (PID=21458) to work on /home/airflow/.local/lib/python3.12/site-packages/airflow/example_dags/example_branch_operator_decorator.py
[2025-01-30T01:01:44.693+0000] {processor.py:914} INFO - Processing file /home/airflow/.local/lib/python3.12/site-packages/airflow/example_dags/example_branch_operator_decorator.py for tasks to queue
[2025-01-30T01:01:44.696+0000] {logging_mixin.py:190} INFO - [2025-01-30T01:01:44.696+0000] {dagbag.py:588} INFO - Filling up the DagBag from /home/airflow/.local/lib/python3.12/site-packages/airflow/example_dags/example_branch_operator_decorator.py
[2025-01-30T01:01:44.719+0000] {processor.py:925} INFO - DAG(s) 'example_branch_python_operator_decorator' retrieved from /home/airflow/.local/lib/python3.12/site-packages/airflow/example_dags/example_branch_operator_decorator.py
[2025-01-30T01:01:44.751+0000] {logging_mixin.py:190} INFO - [2025-01-30T01:01:44.751+0000] {dag.py:3239} INFO - Sync 1 DAGs
[2025-01-30T01:01:44.778+0000] {logging_mixin.py:190} INFO - [2025-01-30T01:01:44.778+0000] {dag.py:4180} INFO - Setting next_dagrun for example_branch_python_operator_decorator to 2025-01-29 00:00:00+00:00, run_after=2025-01-30 00:00:00+00:00
[2025-01-30T01:01:44.804+0000] {processor.py:208} INFO - Processing /home/airflow/.local/lib/python3.12/site-packages/airflow/example_dags/example_branch_operator_decorator.py took 0.119 seconds
[2025-01-30T01:02:14.905+0000] {processor.py:186} INFO - Started process (PID=21521) to work on /home/airflow/.local/lib/python3.12/site-packages/airflow/example_dags/example_branch_operator_decorator.py
[2025-01-30T01:02:14.906+0000] {processor.py:914} INFO - Processing file /home/airflow/.local/lib/python3.12/site-packages/airflow/example_dags/example_branch_operator_decorator.py for tasks to queue
[2025-01-30T01:02:14.909+0000] {logging_mixin.py:190} INFO - [2025-01-30T01:02:14.909+0000] {dagbag.py:588} INFO - Filling up the DagBag from /home/airflow/.local/lib/python3.12/site-packages/airflow/example_dags/example_branch_operator_decorator.py
[2025-01-30T01:02:14.928+0000] {processor.py:925} INFO - DAG(s) 'example_branch_python_operator_decorator' retrieved from /home/airflow/.local/lib/python3.12/site-packages/airflow/example_dags/example_branch_operator_decorator.py
[2025-01-30T01:02:14.959+0000] {logging_mixin.py:190} INFO - [2025-01-30T01:02:14.958+0000] {dag.py:3239} INFO - Sync 1 DAGs
[2025-01-30T01:02:14.983+0000] {logging_mixin.py:190} INFO - [2025-01-30T01:02:14.983+0000] {dag.py:4180} INFO - Setting next_dagrun for example_branch_python_operator_decorator to 2025-01-29 00:00:00+00:00, run_after=2025-01-30 00:00:00+00:00
[2025-01-30T01:02:15.008+0000] {processor.py:208} INFO - Processing /home/airflow/.local/lib/python3.12/site-packages/airflow/example_dags/example_branch_operator_decorator.py took 0.109 seconds
[2025-01-30T01:02:45.252+0000] {processor.py:186} INFO - Started process (PID=21584) to work on /home/airflow/.local/lib/python3.12/site-packages/airflow/example_dags/example_branch_operator_decorator.py
[2025-01-30T01:02:45.254+0000] {processor.py:914} INFO - Processing file /home/airflow/.local/lib/python3.12/site-packages/airflow/example_dags/example_branch_operator_decorator.py for tasks to queue
[2025-01-30T01:02:45.256+0000] {logging_mixin.py:190} INFO - [2025-01-30T01:02:45.256+0000] {dagbag.py:588} INFO - Filling up the DagBag from /home/airflow/.local/lib/python3.12/site-packages/airflow/example_dags/example_branch_operator_decorator.py
[2025-01-30T01:02:45.278+0000] {processor.py:925} INFO - DAG(s) 'example_branch_python_operator_decorator' retrieved from /home/airflow/.local/lib/python3.12/site-packages/airflow/example_dags/example_branch_operator_decorator.py
[2025-01-30T01:02:45.312+0000] {logging_mixin.py:190} INFO - [2025-01-30T01:02:45.311+0000] {dag.py:3239} INFO - Sync 1 DAGs
[2025-01-30T01:02:45.336+0000] {logging_mixin.py:190} INFO - [2025-01-30T01:02:45.335+0000] {dag.py:4180} INFO - Setting next_dagrun for example_branch_python_operator_decorator to 2025-01-29 00:00:00+00:00, run_after=2025-01-30 00:00:00+00:00
[2025-01-30T01:02:45.361+0000] {processor.py:208} INFO - Processing /home/airflow/.local/lib/python3.12/site-packages/airflow/example_dags/example_branch_operator_decorator.py took 0.115 seconds
