[2025-01-30T01:01:22.908+0000] {processor.py:186} INFO - Started process (PID=21432) to work on /home/airflow/.local/lib/python3.12/site-packages/airflow/example_dags/example_kubernetes_executor.py
[2025-01-30T01:01:22.909+0000] {processor.py:914} INFO - Processing file /home/airflow/.local/lib/python3.12/site-packages/airflow/example_dags/example_kubernetes_executor.py for tasks to queue
[2025-01-30T01:01:22.912+0000] {logging_mixin.py:190} INFO - [2025-01-30T01:01:22.912+0000] {dagbag.py:588} INFO - Filling up the DagBag from /home/airflow/.local/lib/python3.12/site-packages/airflow/example_dags/example_kubernetes_executor.py
[2025-01-30T01:01:22.927+0000] {processor.py:925} INFO - DAG(s) 'example_kubernetes_executor' retrieved from /home/airflow/.local/lib/python3.12/site-packages/airflow/example_dags/example_kubernetes_executor.py
[2025-01-30T01:01:22.953+0000] {logging_mixin.py:190} INFO - [2025-01-30T01:01:22.953+0000] {dag.py:3239} INFO - Sync 1 DAGs
[2025-01-30T01:01:22.967+0000] {logging_mixin.py:190} INFO - [2025-01-30T01:01:22.967+0000] {dag.py:4180} INFO - Setting next_dagrun for example_kubernetes_executor to None, run_after=None
[2025-01-30T01:01:22.992+0000] {processor.py:208} INFO - Processing /home/airflow/.local/lib/python3.12/site-packages/airflow/example_dags/example_kubernetes_executor.py took 0.092 seconds
[2025-01-30T01:01:54.245+0000] {processor.py:186} INFO - Started process (PID=21495) to work on /home/airflow/.local/lib/python3.12/site-packages/airflow/example_dags/example_kubernetes_executor.py
[2025-01-30T01:01:54.246+0000] {processor.py:914} INFO - Processing file /home/airflow/.local/lib/python3.12/site-packages/airflow/example_dags/example_kubernetes_executor.py for tasks to queue
[2025-01-30T01:01:54.250+0000] {logging_mixin.py:190} INFO - [2025-01-30T01:01:54.250+0000] {dagbag.py:588} INFO - Filling up the DagBag from /home/airflow/.local/lib/python3.12/site-packages/airflow/example_dags/example_kubernetes_executor.py
[2025-01-30T01:01:54.271+0000] {processor.py:925} INFO - DAG(s) 'example_kubernetes_executor' retrieved from /home/airflow/.local/lib/python3.12/site-packages/airflow/example_dags/example_kubernetes_executor.py
[2025-01-30T01:01:54.460+0000] {logging_mixin.py:190} INFO - [2025-01-30T01:01:54.460+0000] {dag.py:3239} INFO - Sync 1 DAGs
[2025-01-30T01:01:54.477+0000] {logging_mixin.py:190} INFO - [2025-01-30T01:01:54.477+0000] {dag.py:4180} INFO - Setting next_dagrun for example_kubernetes_executor to None, run_after=None
[2025-01-30T01:01:54.502+0000] {processor.py:208} INFO - Processing /home/airflow/.local/lib/python3.12/site-packages/airflow/example_dags/example_kubernetes_executor.py took 0.268 seconds
[2025-01-30T01:02:25.492+0000] {processor.py:186} INFO - Started process (PID=21558) to work on /home/airflow/.local/lib/python3.12/site-packages/airflow/example_dags/example_kubernetes_executor.py
[2025-01-30T01:02:25.494+0000] {processor.py:914} INFO - Processing file /home/airflow/.local/lib/python3.12/site-packages/airflow/example_dags/example_kubernetes_executor.py for tasks to queue
[2025-01-30T01:02:25.497+0000] {logging_mixin.py:190} INFO - [2025-01-30T01:02:25.497+0000] {dagbag.py:588} INFO - Filling up the DagBag from /home/airflow/.local/lib/python3.12/site-packages/airflow/example_dags/example_kubernetes_executor.py
[2025-01-30T01:02:25.515+0000] {processor.py:925} INFO - DAG(s) 'example_kubernetes_executor' retrieved from /home/airflow/.local/lib/python3.12/site-packages/airflow/example_dags/example_kubernetes_executor.py
[2025-01-30T01:02:25.546+0000] {logging_mixin.py:190} INFO - [2025-01-30T01:02:25.546+0000] {dag.py:3239} INFO - Sync 1 DAGs
[2025-01-30T01:02:25.700+0000] {logging_mixin.py:190} INFO - [2025-01-30T01:02:25.700+0000] {dag.py:4180} INFO - Setting next_dagrun for example_kubernetes_executor to None, run_after=None
[2025-01-30T01:02:25.720+0000] {processor.py:208} INFO - Processing /home/airflow/.local/lib/python3.12/site-packages/airflow/example_dags/example_kubernetes_executor.py took 0.235 seconds
[2025-01-30T01:02:56.554+0000] {processor.py:186} INFO - Started process (PID=21621) to work on /home/airflow/.local/lib/python3.12/site-packages/airflow/example_dags/example_kubernetes_executor.py
[2025-01-30T01:02:56.556+0000] {processor.py:914} INFO - Processing file /home/airflow/.local/lib/python3.12/site-packages/airflow/example_dags/example_kubernetes_executor.py for tasks to queue
[2025-01-30T01:02:56.559+0000] {logging_mixin.py:190} INFO - [2025-01-30T01:02:56.559+0000] {dagbag.py:588} INFO - Filling up the DagBag from /home/airflow/.local/lib/python3.12/site-packages/airflow/example_dags/example_kubernetes_executor.py
[2025-01-30T01:02:56.578+0000] {processor.py:925} INFO - DAG(s) 'example_kubernetes_executor' retrieved from /home/airflow/.local/lib/python3.12/site-packages/airflow/example_dags/example_kubernetes_executor.py
[2025-01-30T01:02:56.611+0000] {logging_mixin.py:190} INFO - [2025-01-30T01:02:56.611+0000] {dag.py:3239} INFO - Sync 1 DAGs
[2025-01-30T01:02:56.630+0000] {logging_mixin.py:190} INFO - [2025-01-30T01:02:56.629+0000] {dag.py:4180} INFO - Setting next_dagrun for example_kubernetes_executor to None, run_after=None
[2025-01-30T01:02:56.661+0000] {processor.py:208} INFO - Processing /home/airflow/.local/lib/python3.12/site-packages/airflow/example_dags/example_kubernetes_executor.py took 0.114 seconds
