[2025-01-30T01:01:17.651+0000] {processor.py:186} INFO - Started process (PID=21411) to work on /home/airflow/.local/lib/python3.12/site-packages/airflow/example_dags/example_workday_timetable.py
[2025-01-30T01:01:17.652+0000] {processor.py:914} INFO - Processing file /home/airflow/.local/lib/python3.12/site-packages/airflow/example_dags/example_workday_timetable.py for tasks to queue
[2025-01-30T01:01:17.656+0000] {logging_mixin.py:190} INFO - [2025-01-30T01:01:17.656+0000] {dagbag.py:588} INFO - Filling up the DagBag from /home/airflow/.local/lib/python3.12/site-packages/airflow/example_dags/example_workday_timetable.py
[2025-01-30T01:01:17.665+0000] {processor.py:925} INFO - DAG(s) 'example_workday_timetable' retrieved from /home/airflow/.local/lib/python3.12/site-packages/airflow/example_dags/example_workday_timetable.py
[2025-01-30T01:01:17.688+0000] {logging_mixin.py:190} INFO - [2025-01-30T01:01:17.688+0000] {dag.py:3239} INFO - Sync 1 DAGs
[2025-01-30T01:01:17.935+0000] {logging_mixin.py:190} INFO - [2025-01-30T01:01:17.935+0000] {dag.py:4180} INFO - Setting next_dagrun for example_workday_timetable to 2021-01-04 00:00:00+00:00, run_after=2021-01-05 00:00:00+00:00
[2025-01-30T01:01:17.962+0000] {processor.py:208} INFO - Processing /home/airflow/.local/lib/python3.12/site-packages/airflow/example_dags/example_workday_timetable.py took 0.318 seconds
[2025-01-30T01:01:48.329+0000] {processor.py:186} INFO - Started process (PID=21474) to work on /home/airflow/.local/lib/python3.12/site-packages/airflow/example_dags/example_workday_timetable.py
[2025-01-30T01:01:48.330+0000] {processor.py:914} INFO - Processing file /home/airflow/.local/lib/python3.12/site-packages/airflow/example_dags/example_workday_timetable.py for tasks to queue
[2025-01-30T01:01:48.333+0000] {logging_mixin.py:190} INFO - [2025-01-30T01:01:48.332+0000] {dagbag.py:588} INFO - Filling up the DagBag from /home/airflow/.local/lib/python3.12/site-packages/airflow/example_dags/example_workday_timetable.py
[2025-01-30T01:01:48.340+0000] {processor.py:925} INFO - DAG(s) 'example_workday_timetable' retrieved from /home/airflow/.local/lib/python3.12/site-packages/airflow/example_dags/example_workday_timetable.py
[2025-01-30T01:01:48.362+0000] {logging_mixin.py:190} INFO - [2025-01-30T01:01:48.362+0000] {dag.py:3239} INFO - Sync 1 DAGs
[2025-01-30T01:01:48.576+0000] {logging_mixin.py:190} INFO - [2025-01-30T01:01:48.576+0000] {dag.py:4180} INFO - Setting next_dagrun for example_workday_timetable to 2021-01-04 00:00:00+00:00, run_after=2021-01-05 00:00:00+00:00
[2025-01-30T01:01:48.604+0000] {processor.py:208} INFO - Processing /home/airflow/.local/lib/python3.12/site-packages/airflow/example_dags/example_workday_timetable.py took 0.280 seconds
[2025-01-30T01:02:20.069+0000] {processor.py:186} INFO - Started process (PID=21537) to work on /home/airflow/.local/lib/python3.12/site-packages/airflow/example_dags/example_workday_timetable.py
[2025-01-30T01:02:20.071+0000] {processor.py:914} INFO - Processing file /home/airflow/.local/lib/python3.12/site-packages/airflow/example_dags/example_workday_timetable.py for tasks to queue
[2025-01-30T01:02:20.075+0000] {logging_mixin.py:190} INFO - [2025-01-30T01:02:20.074+0000] {dagbag.py:588} INFO - Filling up the DagBag from /home/airflow/.local/lib/python3.12/site-packages/airflow/example_dags/example_workday_timetable.py
[2025-01-30T01:02:20.086+0000] {processor.py:925} INFO - DAG(s) 'example_workday_timetable' retrieved from /home/airflow/.local/lib/python3.12/site-packages/airflow/example_dags/example_workday_timetable.py
[2025-01-30T01:02:20.117+0000] {logging_mixin.py:190} INFO - [2025-01-30T01:02:20.117+0000] {dag.py:3239} INFO - Sync 1 DAGs
[2025-01-30T01:02:20.207+0000] {logging_mixin.py:190} INFO - [2025-01-30T01:02:20.207+0000] {dag.py:4180} INFO - Setting next_dagrun for example_workday_timetable to 2021-01-04 00:00:00+00:00, run_after=2021-01-05 00:00:00+00:00
[2025-01-30T01:02:20.412+0000] {processor.py:208} INFO - Processing /home/airflow/.local/lib/python3.12/site-packages/airflow/example_dags/example_workday_timetable.py took 0.353 seconds
[2025-01-30T01:02:50.957+0000] {processor.py:186} INFO - Started process (PID=21600) to work on /home/airflow/.local/lib/python3.12/site-packages/airflow/example_dags/example_workday_timetable.py
[2025-01-30T01:02:50.958+0000] {processor.py:914} INFO - Processing file /home/airflow/.local/lib/python3.12/site-packages/airflow/example_dags/example_workday_timetable.py for tasks to queue
[2025-01-30T01:02:50.961+0000] {logging_mixin.py:190} INFO - [2025-01-30T01:02:50.960+0000] {dagbag.py:588} INFO - Filling up the DagBag from /home/airflow/.local/lib/python3.12/site-packages/airflow/example_dags/example_workday_timetable.py
[2025-01-30T01:02:50.967+0000] {processor.py:925} INFO - DAG(s) 'example_workday_timetable' retrieved from /home/airflow/.local/lib/python3.12/site-packages/airflow/example_dags/example_workday_timetable.py
[2025-01-30T01:02:50.986+0000] {logging_mixin.py:190} INFO - [2025-01-30T01:02:50.985+0000] {dag.py:3239} INFO - Sync 1 DAGs
[2025-01-30T01:02:51.042+0000] {logging_mixin.py:190} INFO - [2025-01-30T01:02:51.042+0000] {dag.py:4180} INFO - Setting next_dagrun for example_workday_timetable to 2021-01-04 00:00:00+00:00, run_after=2021-01-05 00:00:00+00:00
[2025-01-30T01:02:51.064+0000] {processor.py:208} INFO - Processing /home/airflow/.local/lib/python3.12/site-packages/airflow/example_dags/example_workday_timetable.py took 0.113 seconds
