[2025-01-30T01:01:15.280+0000] {processor.py:186} INFO - Started process (PID=21401) to work on /home/airflow/.local/lib/python3.12/site-packages/airflow/example_dags/example_trigger_controller_dag.py
[2025-01-30T01:01:15.282+0000] {processor.py:914} INFO - Processing file /home/airflow/.local/lib/python3.12/site-packages/airflow/example_dags/example_trigger_controller_dag.py for tasks to queue
[2025-01-30T01:01:15.284+0000] {logging_mixin.py:190} INFO - [2025-01-30T01:01:15.284+0000] {dagbag.py:588} INFO - Filling up the DagBag from /home/airflow/.local/lib/python3.12/site-packages/airflow/example_dags/example_trigger_controller_dag.py
[2025-01-30T01:01:15.292+0000] {processor.py:925} INFO - DAG(s) 'example_trigger_controller_dag' retrieved from /home/airflow/.local/lib/python3.12/site-packages/airflow/example_dags/example_trigger_controller_dag.py
[2025-01-30T01:01:15.319+0000] {logging_mixin.py:190} INFO - [2025-01-30T01:01:15.319+0000] {dag.py:3239} INFO - Sync 1 DAGs
[2025-01-30T01:01:15.347+0000] {logging_mixin.py:190} INFO - [2025-01-30T01:01:15.346+0000] {dag.py:4180} INFO - Setting next_dagrun for example_trigger_controller_dag to 2021-01-01 00:00:00+00:00, run_after=2021-01-01 00:00:00+00:00
[2025-01-30T01:01:15.525+0000] {processor.py:208} INFO - Processing /home/airflow/.local/lib/python3.12/site-packages/airflow/example_dags/example_trigger_controller_dag.py took 0.251 seconds
[2025-01-30T01:01:46.813+0000] {processor.py:186} INFO - Started process (PID=21464) to work on /home/airflow/.local/lib/python3.12/site-packages/airflow/example_dags/example_trigger_controller_dag.py
[2025-01-30T01:01:46.814+0000] {processor.py:914} INFO - Processing file /home/airflow/.local/lib/python3.12/site-packages/airflow/example_dags/example_trigger_controller_dag.py for tasks to queue
[2025-01-30T01:01:46.817+0000] {logging_mixin.py:190} INFO - [2025-01-30T01:01:46.817+0000] {dagbag.py:588} INFO - Filling up the DagBag from /home/airflow/.local/lib/python3.12/site-packages/airflow/example_dags/example_trigger_controller_dag.py
[2025-01-30T01:01:46.825+0000] {processor.py:925} INFO - DAG(s) 'example_trigger_controller_dag' retrieved from /home/airflow/.local/lib/python3.12/site-packages/airflow/example_dags/example_trigger_controller_dag.py
[2025-01-30T01:01:46.848+0000] {logging_mixin.py:190} INFO - [2025-01-30T01:01:46.848+0000] {dag.py:3239} INFO - Sync 1 DAGs
[2025-01-30T01:01:46.878+0000] {logging_mixin.py:190} INFO - [2025-01-30T01:01:46.878+0000] {dag.py:4180} INFO - Setting next_dagrun for example_trigger_controller_dag to 2021-01-01 00:00:00+00:00, run_after=2021-01-01 00:00:00+00:00
[2025-01-30T01:01:46.908+0000] {processor.py:208} INFO - Processing /home/airflow/.local/lib/python3.12/site-packages/airflow/example_dags/example_trigger_controller_dag.py took 0.102 seconds
[2025-01-30T01:02:18.745+0000] {processor.py:186} INFO - Started process (PID=21527) to work on /home/airflow/.local/lib/python3.12/site-packages/airflow/example_dags/example_trigger_controller_dag.py
[2025-01-30T01:02:18.747+0000] {processor.py:914} INFO - Processing file /home/airflow/.local/lib/python3.12/site-packages/airflow/example_dags/example_trigger_controller_dag.py for tasks to queue
[2025-01-30T01:02:18.751+0000] {logging_mixin.py:190} INFO - [2025-01-30T01:02:18.750+0000] {dagbag.py:588} INFO - Filling up the DagBag from /home/airflow/.local/lib/python3.12/site-packages/airflow/example_dags/example_trigger_controller_dag.py
[2025-01-30T01:02:18.760+0000] {processor.py:925} INFO - DAG(s) 'example_trigger_controller_dag' retrieved from /home/airflow/.local/lib/python3.12/site-packages/airflow/example_dags/example_trigger_controller_dag.py
[2025-01-30T01:02:18.786+0000] {logging_mixin.py:190} INFO - [2025-01-30T01:02:18.786+0000] {dag.py:3239} INFO - Sync 1 DAGs
[2025-01-30T01:02:18.810+0000] {logging_mixin.py:190} INFO - [2025-01-30T01:02:18.810+0000] {dag.py:4180} INFO - Setting next_dagrun for example_trigger_controller_dag to 2021-01-01 00:00:00+00:00, run_after=2021-01-01 00:00:00+00:00
[2025-01-30T01:02:18.837+0000] {processor.py:208} INFO - Processing /home/airflow/.local/lib/python3.12/site-packages/airflow/example_dags/example_trigger_controller_dag.py took 0.099 seconds
[2025-01-30T01:02:49.992+0000] {processor.py:186} INFO - Started process (PID=21590) to work on /home/airflow/.local/lib/python3.12/site-packages/airflow/example_dags/example_trigger_controller_dag.py
[2025-01-30T01:02:49.994+0000] {processor.py:914} INFO - Processing file /home/airflow/.local/lib/python3.12/site-packages/airflow/example_dags/example_trigger_controller_dag.py for tasks to queue
[2025-01-30T01:02:49.999+0000] {logging_mixin.py:190} INFO - [2025-01-30T01:02:49.998+0000] {dagbag.py:588} INFO - Filling up the DagBag from /home/airflow/.local/lib/python3.12/site-packages/airflow/example_dags/example_trigger_controller_dag.py
[2025-01-30T01:02:50.011+0000] {processor.py:925} INFO - DAG(s) 'example_trigger_controller_dag' retrieved from /home/airflow/.local/lib/python3.12/site-packages/airflow/example_dags/example_trigger_controller_dag.py
[2025-01-30T01:02:50.042+0000] {logging_mixin.py:190} INFO - [2025-01-30T01:02:50.042+0000] {dag.py:3239} INFO - Sync 1 DAGs
[2025-01-30T01:02:50.066+0000] {logging_mixin.py:190} INFO - [2025-01-30T01:02:50.066+0000] {dag.py:4180} INFO - Setting next_dagrun for example_trigger_controller_dag to 2021-01-01 00:00:00+00:00, run_after=2021-01-01 00:00:00+00:00
[2025-01-30T01:02:50.092+0000] {processor.py:208} INFO - Processing /home/airflow/.local/lib/python3.12/site-packages/airflow/example_dags/example_trigger_controller_dag.py took 0.106 seconds
