[2025-01-30T01:01:11.847+0000] {processor.py:186} INFO - Started process (PID=21385) to work on /home/airflow/.local/lib/python3.12/site-packages/airflow/example_dags/example_sla_dag.py
[2025-01-30T01:01:11.849+0000] {processor.py:914} INFO - Processing file /home/airflow/.local/lib/python3.12/site-packages/airflow/example_dags/example_sla_dag.py for tasks to queue
[2025-01-30T01:01:11.855+0000] {logging_mixin.py:190} INFO - [2025-01-30T01:01:11.854+0000] {dagbag.py:588} INFO - Filling up the DagBag from /home/airflow/.local/lib/python3.12/site-packages/airflow/example_dags/example_sla_dag.py
[2025-01-30T01:01:11.887+0000] {processor.py:925} INFO - DAG(s) 'example_sla_dag' retrieved from /home/airflow/.local/lib/python3.12/site-packages/airflow/example_dags/example_sla_dag.py
[2025-01-30T01:01:11.945+0000] {logging_mixin.py:190} INFO - [2025-01-30T01:01:11.945+0000] {dag.py:3239} INFO - Sync 1 DAGs
[2025-01-30T01:01:12.021+0000] {logging_mixin.py:190} INFO - [2025-01-30T01:01:12.020+0000] {dag.py:4180} INFO - Setting next_dagrun for example_sla_dag to 2025-01-30 00:58:00+00:00, run_after=2025-01-30 01:00:00+00:00
[2025-01-30T01:01:12.072+0000] {processor.py:208} INFO - Processing /home/airflow/.local/lib/python3.12/site-packages/airflow/example_dags/example_sla_dag.py took 0.243 seconds
[2025-01-30T01:01:42.817+0000] {processor.py:186} INFO - Started process (PID=21448) to work on /home/airflow/.local/lib/python3.12/site-packages/airflow/example_dags/example_sla_dag.py
[2025-01-30T01:01:42.819+0000] {processor.py:914} INFO - Processing file /home/airflow/.local/lib/python3.12/site-packages/airflow/example_dags/example_sla_dag.py for tasks to queue
[2025-01-30T01:01:42.826+0000] {logging_mixin.py:190} INFO - [2025-01-30T01:01:42.825+0000] {dagbag.py:588} INFO - Filling up the DagBag from /home/airflow/.local/lib/python3.12/site-packages/airflow/example_dags/example_sla_dag.py
[2025-01-30T01:01:42.843+0000] {processor.py:925} INFO - DAG(s) 'example_sla_dag' retrieved from /home/airflow/.local/lib/python3.12/site-packages/airflow/example_dags/example_sla_dag.py
[2025-01-30T01:01:42.881+0000] {logging_mixin.py:190} INFO - [2025-01-30T01:01:42.881+0000] {dag.py:3239} INFO - Sync 1 DAGs
[2025-01-30T01:01:42.929+0000] {logging_mixin.py:190} INFO - [2025-01-30T01:01:42.929+0000] {dag.py:4180} INFO - Setting next_dagrun for example_sla_dag to 2025-01-30 00:58:00+00:00, run_after=2025-01-30 01:00:00+00:00
[2025-01-30T01:01:42.967+0000] {processor.py:208} INFO - Processing /home/airflow/.local/lib/python3.12/site-packages/airflow/example_dags/example_sla_dag.py took 0.159 seconds
[2025-01-30T01:02:13.099+0000] {processor.py:186} INFO - Started process (PID=21511) to work on /home/airflow/.local/lib/python3.12/site-packages/airflow/example_dags/example_sla_dag.py
[2025-01-30T01:02:13.100+0000] {processor.py:914} INFO - Processing file /home/airflow/.local/lib/python3.12/site-packages/airflow/example_dags/example_sla_dag.py for tasks to queue
[2025-01-30T01:02:13.104+0000] {logging_mixin.py:190} INFO - [2025-01-30T01:02:13.103+0000] {dagbag.py:588} INFO - Filling up the DagBag from /home/airflow/.local/lib/python3.12/site-packages/airflow/example_dags/example_sla_dag.py
[2025-01-30T01:02:13.116+0000] {processor.py:925} INFO - DAG(s) 'example_sla_dag' retrieved from /home/airflow/.local/lib/python3.12/site-packages/airflow/example_dags/example_sla_dag.py
[2025-01-30T01:02:13.139+0000] {logging_mixin.py:190} INFO - [2025-01-30T01:02:13.139+0000] {dag.py:3239} INFO - Sync 1 DAGs
[2025-01-30T01:02:13.165+0000] {logging_mixin.py:190} INFO - [2025-01-30T01:02:13.165+0000] {dag.py:4180} INFO - Setting next_dagrun for example_sla_dag to 2025-01-30 01:00:00+00:00, run_after=2025-01-30 01:02:00+00:00
[2025-01-30T01:02:13.184+0000] {processor.py:208} INFO - Processing /home/airflow/.local/lib/python3.12/site-packages/airflow/example_dags/example_sla_dag.py took 0.092 seconds
[2025-01-30T01:02:43.536+0000] {processor.py:186} INFO - Started process (PID=21574) to work on /home/airflow/.local/lib/python3.12/site-packages/airflow/example_dags/example_sla_dag.py
[2025-01-30T01:02:43.538+0000] {processor.py:914} INFO - Processing file /home/airflow/.local/lib/python3.12/site-packages/airflow/example_dags/example_sla_dag.py for tasks to queue
[2025-01-30T01:02:43.541+0000] {logging_mixin.py:190} INFO - [2025-01-30T01:02:43.540+0000] {dagbag.py:588} INFO - Filling up the DagBag from /home/airflow/.local/lib/python3.12/site-packages/airflow/example_dags/example_sla_dag.py
[2025-01-30T01:02:43.552+0000] {processor.py:925} INFO - DAG(s) 'example_sla_dag' retrieved from /home/airflow/.local/lib/python3.12/site-packages/airflow/example_dags/example_sla_dag.py
[2025-01-30T01:02:43.575+0000] {logging_mixin.py:190} INFO - [2025-01-30T01:02:43.575+0000] {dag.py:3239} INFO - Sync 1 DAGs
[2025-01-30T01:02:43.601+0000] {logging_mixin.py:190} INFO - [2025-01-30T01:02:43.601+0000] {dag.py:4180} INFO - Setting next_dagrun for example_sla_dag to 2025-01-30 01:00:00+00:00, run_after=2025-01-30 01:02:00+00:00
[2025-01-30T01:02:43.623+0000] {processor.py:208} INFO - Processing /home/airflow/.local/lib/python3.12/site-packages/airflow/example_dags/example_sla_dag.py took 0.094 seconds
