[2025-01-30T01:01:17.006+0000] {processor.py:186} INFO - Started process (PID=21408) to work on /home/airflow/.local/lib/python3.12/site-packages/airflow/example_dags/example_complex.py
[2025-01-30T01:01:17.007+0000] {processor.py:914} INFO - Processing file /home/airflow/.local/lib/python3.12/site-packages/airflow/example_dags/example_complex.py for tasks to queue
[2025-01-30T01:01:17.012+0000] {logging_mixin.py:190} INFO - [2025-01-30T01:01:17.011+0000] {dagbag.py:588} INFO - Filling up the DagBag from /home/airflow/.local/lib/python3.12/site-packages/airflow/example_dags/example_complex.py
[2025-01-30T01:01:17.029+0000] {processor.py:925} INFO - DAG(s) 'example_complex' retrieved from /home/airflow/.local/lib/python3.12/site-packages/airflow/example_dags/example_complex.py
[2025-01-30T01:01:17.070+0000] {logging_mixin.py:190} INFO - [2025-01-30T01:01:17.069+0000] {dag.py:3239} INFO - Sync 1 DAGs
[2025-01-30T01:01:17.278+0000] {logging_mixin.py:190} INFO - [2025-01-30T01:01:17.278+0000] {dag.py:4180} INFO - Setting next_dagrun for example_complex to None, run_after=None
[2025-01-30T01:01:17.305+0000] {processor.py:208} INFO - Processing /home/airflow/.local/lib/python3.12/site-packages/airflow/example_dags/example_complex.py took 0.307 seconds
[2025-01-30T01:01:47.724+0000] {processor.py:186} INFO - Started process (PID=21471) to work on /home/airflow/.local/lib/python3.12/site-packages/airflow/example_dags/example_complex.py
[2025-01-30T01:01:47.726+0000] {processor.py:914} INFO - Processing file /home/airflow/.local/lib/python3.12/site-packages/airflow/example_dags/example_complex.py for tasks to queue
[2025-01-30T01:01:47.728+0000] {logging_mixin.py:190} INFO - [2025-01-30T01:01:47.728+0000] {dagbag.py:588} INFO - Filling up the DagBag from /home/airflow/.local/lib/python3.12/site-packages/airflow/example_dags/example_complex.py
[2025-01-30T01:01:47.741+0000] {processor.py:925} INFO - DAG(s) 'example_complex' retrieved from /home/airflow/.local/lib/python3.12/site-packages/airflow/example_dags/example_complex.py
[2025-01-30T01:01:47.774+0000] {logging_mixin.py:190} INFO - [2025-01-30T01:01:47.774+0000] {dag.py:3239} INFO - Sync 1 DAGs
[2025-01-30T01:01:47.789+0000] {logging_mixin.py:190} INFO - [2025-01-30T01:01:47.789+0000] {dag.py:4180} INFO - Setting next_dagrun for example_complex to None, run_after=None
[2025-01-30T01:01:47.984+0000] {processor.py:208} INFO - Processing /home/airflow/.local/lib/python3.12/site-packages/airflow/example_dags/example_complex.py took 0.267 seconds
[2025-01-30T01:02:19.368+0000] {processor.py:186} INFO - Started process (PID=21534) to work on /home/airflow/.local/lib/python3.12/site-packages/airflow/example_dags/example_complex.py
[2025-01-30T01:02:19.369+0000] {processor.py:914} INFO - Processing file /home/airflow/.local/lib/python3.12/site-packages/airflow/example_dags/example_complex.py for tasks to queue
[2025-01-30T01:02:19.372+0000] {logging_mixin.py:190} INFO - [2025-01-30T01:02:19.372+0000] {dagbag.py:588} INFO - Filling up the DagBag from /home/airflow/.local/lib/python3.12/site-packages/airflow/example_dags/example_complex.py
[2025-01-30T01:02:19.385+0000] {processor.py:925} INFO - DAG(s) 'example_complex' retrieved from /home/airflow/.local/lib/python3.12/site-packages/airflow/example_dags/example_complex.py
[2025-01-30T01:02:19.424+0000] {logging_mixin.py:190} INFO - [2025-01-30T01:02:19.424+0000] {dag.py:3239} INFO - Sync 1 DAGs
[2025-01-30T01:02:19.442+0000] {logging_mixin.py:190} INFO - [2025-01-30T01:02:19.442+0000] {dag.py:4180} INFO - Setting next_dagrun for example_complex to None, run_after=None
[2025-01-30T01:02:19.471+0000] {processor.py:208} INFO - Processing /home/airflow/.local/lib/python3.12/site-packages/airflow/example_dags/example_complex.py took 0.110 seconds
[2025-01-30T01:02:50.589+0000] {processor.py:186} INFO - Started process (PID=21597) to work on /home/airflow/.local/lib/python3.12/site-packages/airflow/example_dags/example_complex.py
[2025-01-30T01:02:50.590+0000] {processor.py:914} INFO - Processing file /home/airflow/.local/lib/python3.12/site-packages/airflow/example_dags/example_complex.py for tasks to queue
[2025-01-30T01:02:50.593+0000] {logging_mixin.py:190} INFO - [2025-01-30T01:02:50.592+0000] {dagbag.py:588} INFO - Filling up the DagBag from /home/airflow/.local/lib/python3.12/site-packages/airflow/example_dags/example_complex.py
[2025-01-30T01:02:50.604+0000] {processor.py:925} INFO - DAG(s) 'example_complex' retrieved from /home/airflow/.local/lib/python3.12/site-packages/airflow/example_dags/example_complex.py
[2025-01-30T01:02:50.637+0000] {logging_mixin.py:190} INFO - [2025-01-30T01:02:50.637+0000] {dag.py:3239} INFO - Sync 1 DAGs
[2025-01-30T01:02:50.652+0000] {logging_mixin.py:190} INFO - [2025-01-30T01:02:50.651+0000] {dag.py:4180} INFO - Setting next_dagrun for example_complex to None, run_after=None
[2025-01-30T01:02:50.673+0000] {processor.py:208} INFO - Processing /home/airflow/.local/lib/python3.12/site-packages/airflow/example_dags/example_complex.py took 0.089 seconds
