[2025-01-30T01:01:17.319+0000] {processor.py:186} INFO - Started process (PID=21409) to work on /home/airflow/.local/lib/python3.12/site-packages/airflow/example_dags/example_setup_teardown_taskflow.py
[2025-01-30T01:01:17.321+0000] {processor.py:914} INFO - Processing file /home/airflow/.local/lib/python3.12/site-packages/airflow/example_dags/example_setup_teardown_taskflow.py for tasks to queue
[2025-01-30T01:01:17.324+0000] {logging_mixin.py:190} INFO - [2025-01-30T01:01:17.324+0000] {dagbag.py:588} INFO - Filling up the DagBag from /home/airflow/.local/lib/python3.12/site-packages/airflow/example_dags/example_setup_teardown_taskflow.py
[2025-01-30T01:01:17.340+0000] {processor.py:925} INFO - DAG(s) 'example_setup_teardown_taskflow' retrieved from /home/airflow/.local/lib/python3.12/site-packages/airflow/example_dags/example_setup_teardown_taskflow.py
[2025-01-30T01:01:17.368+0000] {logging_mixin.py:190} INFO - [2025-01-30T01:01:17.368+0000] {dag.py:3239} INFO - Sync 1 DAGs
[2025-01-30T01:01:17.569+0000] {logging_mixin.py:190} INFO - [2025-01-30T01:01:17.569+0000] {dag.py:4180} INFO - Setting next_dagrun for example_setup_teardown_taskflow to None, run_after=None
[2025-01-30T01:01:17.596+0000] {processor.py:208} INFO - Processing /home/airflow/.local/lib/python3.12/site-packages/airflow/example_dags/example_setup_teardown_taskflow.py took 0.285 seconds
[2025-01-30T01:01:48.029+0000] {processor.py:186} INFO - Started process (PID=21472) to work on /home/airflow/.local/lib/python3.12/site-packages/airflow/example_dags/example_setup_teardown_taskflow.py
[2025-01-30T01:01:48.031+0000] {processor.py:914} INFO - Processing file /home/airflow/.local/lib/python3.12/site-packages/airflow/example_dags/example_setup_teardown_taskflow.py for tasks to queue
[2025-01-30T01:01:48.034+0000] {logging_mixin.py:190} INFO - [2025-01-30T01:01:48.034+0000] {dagbag.py:588} INFO - Filling up the DagBag from /home/airflow/.local/lib/python3.12/site-packages/airflow/example_dags/example_setup_teardown_taskflow.py
[2025-01-30T01:01:48.048+0000] {processor.py:925} INFO - DAG(s) 'example_setup_teardown_taskflow' retrieved from /home/airflow/.local/lib/python3.12/site-packages/airflow/example_dags/example_setup_teardown_taskflow.py
[2025-01-30T01:01:48.076+0000] {logging_mixin.py:190} INFO - [2025-01-30T01:01:48.076+0000] {dag.py:3239} INFO - Sync 1 DAGs
[2025-01-30T01:01:48.092+0000] {logging_mixin.py:190} INFO - [2025-01-30T01:01:48.092+0000] {dag.py:4180} INFO - Setting next_dagrun for example_setup_teardown_taskflow to None, run_after=None
[2025-01-30T01:01:48.278+0000] {processor.py:208} INFO - Processing /home/airflow/.local/lib/python3.12/site-packages/airflow/example_dags/example_setup_teardown_taskflow.py took 0.254 seconds
[2025-01-30T01:02:19.517+0000] {processor.py:186} INFO - Started process (PID=21535) to work on /home/airflow/.local/lib/python3.12/site-packages/airflow/example_dags/example_setup_teardown_taskflow.py
[2025-01-30T01:02:19.519+0000] {processor.py:914} INFO - Processing file /home/airflow/.local/lib/python3.12/site-packages/airflow/example_dags/example_setup_teardown_taskflow.py for tasks to queue
[2025-01-30T01:02:19.522+0000] {logging_mixin.py:190} INFO - [2025-01-30T01:02:19.521+0000] {dagbag.py:588} INFO - Filling up the DagBag from /home/airflow/.local/lib/python3.12/site-packages/airflow/example_dags/example_setup_teardown_taskflow.py
[2025-01-30T01:02:19.534+0000] {processor.py:925} INFO - DAG(s) 'example_setup_teardown_taskflow' retrieved from /home/airflow/.local/lib/python3.12/site-packages/airflow/example_dags/example_setup_teardown_taskflow.py
[2025-01-30T01:02:19.562+0000] {logging_mixin.py:190} INFO - [2025-01-30T01:02:19.562+0000] {dag.py:3239} INFO - Sync 1 DAGs
[2025-01-30T01:02:19.580+0000] {logging_mixin.py:190} INFO - [2025-01-30T01:02:19.579+0000] {dag.py:4180} INFO - Setting next_dagrun for example_setup_teardown_taskflow to None, run_after=None
[2025-01-30T01:02:19.615+0000] {processor.py:208} INFO - Processing /home/airflow/.local/lib/python3.12/site-packages/airflow/example_dags/example_setup_teardown_taskflow.py took 0.105 seconds
[2025-01-30T01:02:50.713+0000] {processor.py:186} INFO - Started process (PID=21598) to work on /home/airflow/.local/lib/python3.12/site-packages/airflow/example_dags/example_setup_teardown_taskflow.py
[2025-01-30T01:02:50.714+0000] {processor.py:914} INFO - Processing file /home/airflow/.local/lib/python3.12/site-packages/airflow/example_dags/example_setup_teardown_taskflow.py for tasks to queue
[2025-01-30T01:02:50.718+0000] {logging_mixin.py:190} INFO - [2025-01-30T01:02:50.717+0000] {dagbag.py:588} INFO - Filling up the DagBag from /home/airflow/.local/lib/python3.12/site-packages/airflow/example_dags/example_setup_teardown_taskflow.py
[2025-01-30T01:02:50.729+0000] {processor.py:925} INFO - DAG(s) 'example_setup_teardown_taskflow' retrieved from /home/airflow/.local/lib/python3.12/site-packages/airflow/example_dags/example_setup_teardown_taskflow.py
[2025-01-30T01:02:50.754+0000] {logging_mixin.py:190} INFO - [2025-01-30T01:02:50.753+0000] {dag.py:3239} INFO - Sync 1 DAGs
[2025-01-30T01:02:50.771+0000] {logging_mixin.py:190} INFO - [2025-01-30T01:02:50.770+0000] {dag.py:4180} INFO - Setting next_dagrun for example_setup_teardown_taskflow to None, run_after=None
[2025-01-30T01:02:50.795+0000] {processor.py:208} INFO - Processing /home/airflow/.local/lib/python3.12/site-packages/airflow/example_dags/example_setup_teardown_taskflow.py took 0.088 seconds
