[2025-01-30T01:01:14.455+0000] {processor.py:186} INFO - Started process (PID=21399) to work on /home/airflow/.local/lib/python3.12/site-packages/airflow/example_dags/example_outlet_event_extra.py
[2025-01-30T01:01:14.458+0000] {processor.py:914} INFO - Processing file /home/airflow/.local/lib/python3.12/site-packages/airflow/example_dags/example_outlet_event_extra.py for tasks to queue
[2025-01-30T01:01:14.461+0000] {logging_mixin.py:190} INFO - [2025-01-30T01:01:14.461+0000] {dagbag.py:588} INFO - Filling up the DagBag from /home/airflow/.local/lib/python3.12/site-packages/airflow/example_dags/example_outlet_event_extra.py
[2025-01-30T01:01:15.132+0000] {processor.py:925} INFO - DAG(s) 'dataset_with_extra_from_classic_operator', 'dataset_with_extra_by_context', 'dataset_with_extra_by_yield' retrieved from /home/airflow/.local/lib/python3.12/site-packages/airflow/example_dags/example_outlet_event_extra.py
[2025-01-30T01:01:15.167+0000] {logging_mixin.py:190} INFO - [2025-01-30T01:01:15.166+0000] {dag.py:3239} INFO - Sync 3 DAGs
[2025-01-30T01:01:15.194+0000] {logging_mixin.py:190} INFO - [2025-01-30T01:01:15.194+0000] {dag.py:4180} INFO - Setting next_dagrun for dataset_with_extra_by_context to 2025-01-29 00:00:00+00:00, run_after=2025-01-30 00:00:00+00:00
[2025-01-30T01:01:15.201+0000] {logging_mixin.py:190} INFO - [2025-01-30T01:01:15.201+0000] {dag.py:4180} INFO - Setting next_dagrun for dataset_with_extra_by_yield to 2025-01-29 00:00:00+00:00, run_after=2025-01-30 00:00:00+00:00
[2025-01-30T01:01:15.204+0000] {logging_mixin.py:190} INFO - [2025-01-30T01:01:15.204+0000] {dag.py:4180} INFO - Setting next_dagrun for dataset_with_extra_from_classic_operator to 2025-01-29 00:00:00+00:00, run_after=2025-01-30 00:00:00+00:00
[2025-01-30T01:01:15.229+0000] {processor.py:208} INFO - Processing /home/airflow/.local/lib/python3.12/site-packages/airflow/example_dags/example_outlet_event_extra.py took 0.780 seconds
[2025-01-30T01:01:45.875+0000] {processor.py:186} INFO - Started process (PID=21462) to work on /home/airflow/.local/lib/python3.12/site-packages/airflow/example_dags/example_outlet_event_extra.py
[2025-01-30T01:01:45.876+0000] {processor.py:914} INFO - Processing file /home/airflow/.local/lib/python3.12/site-packages/airflow/example_dags/example_outlet_event_extra.py for tasks to queue
[2025-01-30T01:01:45.880+0000] {logging_mixin.py:190} INFO - [2025-01-30T01:01:45.879+0000] {dagbag.py:588} INFO - Filling up the DagBag from /home/airflow/.local/lib/python3.12/site-packages/airflow/example_dags/example_outlet_event_extra.py
[2025-01-30T01:01:46.464+0000] {processor.py:925} INFO - DAG(s) 'dataset_with_extra_by_yield', 'dataset_with_extra_from_classic_operator', 'dataset_with_extra_by_context' retrieved from /home/airflow/.local/lib/python3.12/site-packages/airflow/example_dags/example_outlet_event_extra.py
[2025-01-30T01:01:46.498+0000] {logging_mixin.py:190} INFO - [2025-01-30T01:01:46.498+0000] {dag.py:3239} INFO - Sync 3 DAGs
[2025-01-30T01:01:46.535+0000] {logging_mixin.py:190} INFO - [2025-01-30T01:01:46.534+0000] {dag.py:4180} INFO - Setting next_dagrun for dataset_with_extra_by_context to 2025-01-29 00:00:00+00:00, run_after=2025-01-30 00:00:00+00:00
[2025-01-30T01:01:46.543+0000] {logging_mixin.py:190} INFO - [2025-01-30T01:01:46.543+0000] {dag.py:4180} INFO - Setting next_dagrun for dataset_with_extra_by_yield to 2025-01-29 00:00:00+00:00, run_after=2025-01-30 00:00:00+00:00
[2025-01-30T01:01:46.546+0000] {logging_mixin.py:190} INFO - [2025-01-30T01:01:46.546+0000] {dag.py:4180} INFO - Setting next_dagrun for dataset_with_extra_from_classic_operator to 2025-01-29 00:00:00+00:00, run_after=2025-01-30 00:00:00+00:00
[2025-01-30T01:01:46.574+0000] {processor.py:208} INFO - Processing /home/airflow/.local/lib/python3.12/site-packages/airflow/example_dags/example_outlet_event_extra.py took 0.707 seconds
[2025-01-30T01:02:17.974+0000] {processor.py:186} INFO - Started process (PID=21525) to work on /home/airflow/.local/lib/python3.12/site-packages/airflow/example_dags/example_outlet_event_extra.py
[2025-01-30T01:02:17.975+0000] {processor.py:914} INFO - Processing file /home/airflow/.local/lib/python3.12/site-packages/airflow/example_dags/example_outlet_event_extra.py for tasks to queue
[2025-01-30T01:02:17.978+0000] {logging_mixin.py:190} INFO - [2025-01-30T01:02:17.978+0000] {dagbag.py:588} INFO - Filling up the DagBag from /home/airflow/.local/lib/python3.12/site-packages/airflow/example_dags/example_outlet_event_extra.py
[2025-01-30T01:02:18.473+0000] {processor.py:925} INFO - DAG(s) 'dataset_with_extra_by_yield', 'dataset_with_extra_from_classic_operator', 'dataset_with_extra_by_context' retrieved from /home/airflow/.local/lib/python3.12/site-packages/airflow/example_dags/example_outlet_event_extra.py
[2025-01-30T01:02:18.500+0000] {logging_mixin.py:190} INFO - [2025-01-30T01:02:18.499+0000] {dag.py:3239} INFO - Sync 3 DAGs
[2025-01-30T01:02:18.523+0000] {logging_mixin.py:190} INFO - [2025-01-30T01:02:18.523+0000] {dag.py:4180} INFO - Setting next_dagrun for dataset_with_extra_by_context to 2025-01-29 00:00:00+00:00, run_after=2025-01-30 00:00:00+00:00
[2025-01-30T01:02:18.530+0000] {logging_mixin.py:190} INFO - [2025-01-30T01:02:18.530+0000] {dag.py:4180} INFO - Setting next_dagrun for dataset_with_extra_by_yield to 2025-01-29 00:00:00+00:00, run_after=2025-01-30 00:00:00+00:00
[2025-01-30T01:02:18.534+0000] {logging_mixin.py:190} INFO - [2025-01-30T01:02:18.533+0000] {dag.py:4180} INFO - Setting next_dagrun for dataset_with_extra_from_classic_operator to 2025-01-29 00:00:00+00:00, run_after=2025-01-30 00:00:00+00:00
[2025-01-30T01:02:18.559+0000] {processor.py:208} INFO - Processing /home/airflow/.local/lib/python3.12/site-packages/airflow/example_dags/example_outlet_event_extra.py took 0.591 seconds
[2025-01-30T01:02:49.442+0000] {processor.py:186} INFO - Started process (PID=21588) to work on /home/airflow/.local/lib/python3.12/site-packages/airflow/example_dags/example_outlet_event_extra.py
[2025-01-30T01:02:49.444+0000] {processor.py:914} INFO - Processing file /home/airflow/.local/lib/python3.12/site-packages/airflow/example_dags/example_outlet_event_extra.py for tasks to queue
[2025-01-30T01:02:49.446+0000] {logging_mixin.py:190} INFO - [2025-01-30T01:02:49.446+0000] {dagbag.py:588} INFO - Filling up the DagBag from /home/airflow/.local/lib/python3.12/site-packages/airflow/example_dags/example_outlet_event_extra.py
[2025-01-30T01:02:49.823+0000] {processor.py:925} INFO - DAG(s) 'dataset_with_extra_by_context', 'dataset_with_extra_from_classic_operator', 'dataset_with_extra_by_yield' retrieved from /home/airflow/.local/lib/python3.12/site-packages/airflow/example_dags/example_outlet_event_extra.py
[2025-01-30T01:02:49.857+0000] {logging_mixin.py:190} INFO - [2025-01-30T01:02:49.857+0000] {dag.py:3239} INFO - Sync 3 DAGs
[2025-01-30T01:02:49.887+0000] {logging_mixin.py:190} INFO - [2025-01-30T01:02:49.887+0000] {dag.py:4180} INFO - Setting next_dagrun for dataset_with_extra_by_context to 2025-01-29 00:00:00+00:00, run_after=2025-01-30 00:00:00+00:00
[2025-01-30T01:02:49.893+0000] {logging_mixin.py:190} INFO - [2025-01-30T01:02:49.893+0000] {dag.py:4180} INFO - Setting next_dagrun for dataset_with_extra_by_yield to 2025-01-29 00:00:00+00:00, run_after=2025-01-30 00:00:00+00:00
[2025-01-30T01:02:49.897+0000] {logging_mixin.py:190} INFO - [2025-01-30T01:02:49.896+0000] {dag.py:4180} INFO - Setting next_dagrun for dataset_with_extra_from_classic_operator to 2025-01-29 00:00:00+00:00, run_after=2025-01-30 00:00:00+00:00
[2025-01-30T01:02:49.927+0000] {processor.py:208} INFO - Processing /home/airflow/.local/lib/python3.12/site-packages/airflow/example_dags/example_outlet_event_extra.py took 0.490 seconds
