[2025-01-30T01:01:21.428+0000] {processor.py:186} INFO - Started process (PID=21425) to work on /home/airflow/.local/lib/python3.12/site-packages/airflow/example_dags/example_branch_labels.py
[2025-01-30T01:01:21.430+0000] {processor.py:914} INFO - Processing file /home/airflow/.local/lib/python3.12/site-packages/airflow/example_dags/example_branch_labels.py for tasks to queue
[2025-01-30T01:01:21.434+0000] {logging_mixin.py:190} INFO - [2025-01-30T01:01:21.433+0000] {dagbag.py:588} INFO - Filling up the DagBag from /home/airflow/.local/lib/python3.12/site-packages/airflow/example_dags/example_branch_labels.py
[2025-01-30T01:01:21.454+0000] {processor.py:925} INFO - DAG(s) 'example_branch_labels' retrieved from /home/airflow/.local/lib/python3.12/site-packages/airflow/example_dags/example_branch_labels.py
[2025-01-30T01:01:21.490+0000] {logging_mixin.py:190} INFO - [2025-01-30T01:01:21.489+0000] {dag.py:3239} INFO - Sync 1 DAGs
[2025-01-30T01:01:21.717+0000] {logging_mixin.py:190} INFO - [2025-01-30T01:01:21.717+0000] {dag.py:4180} INFO - Setting next_dagrun for example_branch_labels to 2025-01-29 00:00:00+00:00, run_after=2025-01-30 00:00:00+00:00
[2025-01-30T01:01:21.745+0000] {processor.py:208} INFO - Processing /home/airflow/.local/lib/python3.12/site-packages/airflow/example_dags/example_branch_labels.py took 0.328 seconds
[2025-01-30T01:01:52.773+0000] {processor.py:186} INFO - Started process (PID=21488) to work on /home/airflow/.local/lib/python3.12/site-packages/airflow/example_dags/example_branch_labels.py
[2025-01-30T01:01:52.774+0000] {processor.py:914} INFO - Processing file /home/airflow/.local/lib/python3.12/site-packages/airflow/example_dags/example_branch_labels.py for tasks to queue
[2025-01-30T01:01:52.778+0000] {logging_mixin.py:190} INFO - [2025-01-30T01:01:52.777+0000] {dagbag.py:588} INFO - Filling up the DagBag from /home/airflow/.local/lib/python3.12/site-packages/airflow/example_dags/example_branch_labels.py
[2025-01-30T01:01:52.790+0000] {processor.py:925} INFO - DAG(s) 'example_branch_labels' retrieved from /home/airflow/.local/lib/python3.12/site-packages/airflow/example_dags/example_branch_labels.py
[2025-01-30T01:01:52.835+0000] {logging_mixin.py:190} INFO - [2025-01-30T01:01:52.834+0000] {dag.py:3239} INFO - Sync 1 DAGs
[2025-01-30T01:01:53.091+0000] {logging_mixin.py:190} INFO - [2025-01-30T01:01:53.091+0000] {dag.py:4180} INFO - Setting next_dagrun for example_branch_labels to 2025-01-29 00:00:00+00:00, run_after=2025-01-30 00:00:00+00:00
[2025-01-30T01:01:53.121+0000] {processor.py:208} INFO - Processing /home/airflow/.local/lib/python3.12/site-packages/airflow/example_dags/example_branch_labels.py took 0.355 seconds
[2025-01-30T01:02:23.297+0000] {processor.py:186} INFO - Started process (PID=21551) to work on /home/airflow/.local/lib/python3.12/site-packages/airflow/example_dags/example_branch_labels.py
[2025-01-30T01:02:23.298+0000] {processor.py:914} INFO - Processing file /home/airflow/.local/lib/python3.12/site-packages/airflow/example_dags/example_branch_labels.py for tasks to queue
[2025-01-30T01:02:23.302+0000] {logging_mixin.py:190} INFO - [2025-01-30T01:02:23.301+0000] {dagbag.py:588} INFO - Filling up the DagBag from /home/airflow/.local/lib/python3.12/site-packages/airflow/example_dags/example_branch_labels.py
[2025-01-30T01:02:23.311+0000] {processor.py:925} INFO - DAG(s) 'example_branch_labels' retrieved from /home/airflow/.local/lib/python3.12/site-packages/airflow/example_dags/example_branch_labels.py
[2025-01-30T01:02:23.336+0000] {logging_mixin.py:190} INFO - [2025-01-30T01:02:23.336+0000] {dag.py:3239} INFO - Sync 1 DAGs
[2025-01-30T01:02:23.363+0000] {logging_mixin.py:190} INFO - [2025-01-30T01:02:23.363+0000] {dag.py:4180} INFO - Setting next_dagrun for example_branch_labels to 2025-01-29 00:00:00+00:00, run_after=2025-01-30 00:00:00+00:00
[2025-01-30T01:02:23.528+0000] {processor.py:208} INFO - Processing /home/airflow/.local/lib/python3.12/site-packages/airflow/example_dags/example_branch_labels.py took 0.236 seconds
[2025-01-30T01:02:53.749+0000] {processor.py:186} INFO - Started process (PID=21613) to work on /home/airflow/.local/lib/python3.12/site-packages/airflow/example_dags/example_branch_labels.py
[2025-01-30T01:02:53.751+0000] {processor.py:914} INFO - Processing file /home/airflow/.local/lib/python3.12/site-packages/airflow/example_dags/example_branch_labels.py for tasks to queue
[2025-01-30T01:02:53.755+0000] {logging_mixin.py:190} INFO - [2025-01-30T01:02:53.755+0000] {dagbag.py:588} INFO - Filling up the DagBag from /home/airflow/.local/lib/python3.12/site-packages/airflow/example_dags/example_branch_labels.py
[2025-01-30T01:02:53.765+0000] {processor.py:925} INFO - DAG(s) 'example_branch_labels' retrieved from /home/airflow/.local/lib/python3.12/site-packages/airflow/example_dags/example_branch_labels.py
[2025-01-30T01:02:53.791+0000] {logging_mixin.py:190} INFO - [2025-01-30T01:02:53.791+0000] {dag.py:3239} INFO - Sync 1 DAGs
[2025-01-30T01:02:53.815+0000] {logging_mixin.py:190} INFO - [2025-01-30T01:02:53.815+0000] {dag.py:4180} INFO - Setting next_dagrun for example_branch_labels to 2025-01-29 00:00:00+00:00, run_after=2025-01-30 00:00:00+00:00
[2025-01-30T01:02:53.837+0000] {processor.py:208} INFO - Processing /home/airflow/.local/lib/python3.12/site-packages/airflow/example_dags/example_branch_labels.py took 0.092 seconds
