[2025-01-30T01:01:19.644+0000] {processor.py:186} INFO - Started process (PID=21417) to work on /home/airflow/.local/lib/python3.12/site-packages/airflow/example_dags/example_branch_python_dop_operator_3.py
[2025-01-30T01:01:19.646+0000] {processor.py:914} INFO - Processing file /home/airflow/.local/lib/python3.12/site-packages/airflow/example_dags/example_branch_python_dop_operator_3.py for tasks to queue
[2025-01-30T01:01:19.651+0000] {logging_mixin.py:190} INFO - [2025-01-30T01:01:19.650+0000] {dagbag.py:588} INFO - Filling up the DagBag from /home/airflow/.local/lib/python3.12/site-packages/airflow/example_dags/example_branch_python_dop_operator_3.py
[2025-01-30T01:01:19.684+0000] {processor.py:925} INFO - DAG(s) 'example_branch_dop_operator_v3' retrieved from /home/airflow/.local/lib/python3.12/site-packages/airflow/example_dags/example_branch_python_dop_operator_3.py
[2025-01-30T01:01:19.718+0000] {logging_mixin.py:190} INFO - [2025-01-30T01:01:19.718+0000] {dag.py:3239} INFO - Sync 1 DAGs
[2025-01-30T01:01:19.961+0000] {logging_mixin.py:190} INFO - [2025-01-30T01:01:19.961+0000] {dag.py:4180} INFO - Setting next_dagrun for example_branch_dop_operator_v3 to 2025-01-30 01:00:00+00:00, run_after=2025-01-30 01:01:00+00:00
[2025-01-30T01:01:19.993+0000] {processor.py:208} INFO - Processing /home/airflow/.local/lib/python3.12/site-packages/airflow/example_dags/example_branch_python_dop_operator_3.py took 0.363 seconds
[2025-01-30T01:01:50.318+0000] {processor.py:186} INFO - Started process (PID=21480) to work on /home/airflow/.local/lib/python3.12/site-packages/airflow/example_dags/example_branch_python_dop_operator_3.py
[2025-01-30T01:01:50.320+0000] {processor.py:914} INFO - Processing file /home/airflow/.local/lib/python3.12/site-packages/airflow/example_dags/example_branch_python_dop_operator_3.py for tasks to queue
[2025-01-30T01:01:50.323+0000] {logging_mixin.py:190} INFO - [2025-01-30T01:01:50.322+0000] {dagbag.py:588} INFO - Filling up the DagBag from /home/airflow/.local/lib/python3.12/site-packages/airflow/example_dags/example_branch_python_dop_operator_3.py
[2025-01-30T01:01:50.335+0000] {processor.py:925} INFO - DAG(s) 'example_branch_dop_operator_v3' retrieved from /home/airflow/.local/lib/python3.12/site-packages/airflow/example_dags/example_branch_python_dop_operator_3.py
[2025-01-30T01:01:50.361+0000] {logging_mixin.py:190} INFO - [2025-01-30T01:01:50.360+0000] {dag.py:3239} INFO - Sync 1 DAGs
[2025-01-30T01:01:50.395+0000] {logging_mixin.py:190} INFO - [2025-01-30T01:01:50.395+0000] {dag.py:4180} INFO - Setting next_dagrun for example_branch_dop_operator_v3 to 2025-01-30 01:00:00+00:00, run_after=2025-01-30 01:01:00+00:00
[2025-01-30T01:01:50.572+0000] {processor.py:208} INFO - Processing /home/airflow/.local/lib/python3.12/site-packages/airflow/example_dags/example_branch_python_dop_operator_3.py took 0.260 seconds
[2025-01-30T01:02:20.947+0000] {processor.py:186} INFO - Started process (PID=21543) to work on /home/airflow/.local/lib/python3.12/site-packages/airflow/example_dags/example_branch_python_dop_operator_3.py
[2025-01-30T01:02:20.949+0000] {processor.py:914} INFO - Processing file /home/airflow/.local/lib/python3.12/site-packages/airflow/example_dags/example_branch_python_dop_operator_3.py for tasks to queue
[2025-01-30T01:02:20.952+0000] {logging_mixin.py:190} INFO - [2025-01-30T01:02:20.952+0000] {dagbag.py:588} INFO - Filling up the DagBag from /home/airflow/.local/lib/python3.12/site-packages/airflow/example_dags/example_branch_python_dop_operator_3.py
[2025-01-30T01:02:20.965+0000] {processor.py:925} INFO - DAG(s) 'example_branch_dop_operator_v3' retrieved from /home/airflow/.local/lib/python3.12/site-packages/airflow/example_dags/example_branch_python_dop_operator_3.py
[2025-01-30T01:02:21.002+0000] {logging_mixin.py:190} INFO - [2025-01-30T01:02:21.001+0000] {dag.py:3239} INFO - Sync 1 DAGs
[2025-01-30T01:02:21.051+0000] {logging_mixin.py:190} INFO - [2025-01-30T01:02:21.050+0000] {dag.py:4180} INFO - Setting next_dagrun for example_branch_dop_operator_v3 to 2025-01-30 01:01:00+00:00, run_after=2025-01-30 01:02:00+00:00
[2025-01-30T01:02:21.259+0000] {processor.py:208} INFO - Processing /home/airflow/.local/lib/python3.12/site-packages/airflow/example_dags/example_branch_python_dop_operator_3.py took 0.319 seconds
[2025-01-30T01:02:51.354+0000] {processor.py:186} INFO - Started process (PID=21606) to work on /home/airflow/.local/lib/python3.12/site-packages/airflow/example_dags/example_branch_python_dop_operator_3.py
[2025-01-30T01:02:51.355+0000] {processor.py:914} INFO - Processing file /home/airflow/.local/lib/python3.12/site-packages/airflow/example_dags/example_branch_python_dop_operator_3.py for tasks to queue
[2025-01-30T01:02:51.358+0000] {logging_mixin.py:190} INFO - [2025-01-30T01:02:51.358+0000] {dagbag.py:588} INFO - Filling up the DagBag from /home/airflow/.local/lib/python3.12/site-packages/airflow/example_dags/example_branch_python_dop_operator_3.py
[2025-01-30T01:02:51.368+0000] {processor.py:925} INFO - DAG(s) 'example_branch_dop_operator_v3' retrieved from /home/airflow/.local/lib/python3.12/site-packages/airflow/example_dags/example_branch_python_dop_operator_3.py
[2025-01-30T01:02:51.391+0000] {logging_mixin.py:190} INFO - [2025-01-30T01:02:51.391+0000] {dag.py:3239} INFO - Sync 1 DAGs
[2025-01-30T01:02:51.419+0000] {logging_mixin.py:190} INFO - [2025-01-30T01:02:51.418+0000] {dag.py:4180} INFO - Setting next_dagrun for example_branch_dop_operator_v3 to 2025-01-30 01:01:00+00:00, run_after=2025-01-30 01:02:00+00:00
[2025-01-30T01:02:51.443+0000] {processor.py:208} INFO - Processing /home/airflow/.local/lib/python3.12/site-packages/airflow/example_dags/example_branch_python_dop_operator_3.py took 0.097 seconds
