[2025-01-30T01:01:14.999+0000] {processor.py:186} INFO - Started process (PID=21400) to work on /home/airflow/.local/lib/python3.12/site-packages/airflow/example_dags/example_subdag_operator.py
[2025-01-30T01:01:15.001+0000] {processor.py:914} INFO - Processing file /home/airflow/.local/lib/python3.12/site-packages/airflow/example_dags/example_subdag_operator.py for tasks to queue
[2025-01-30T01:01:15.004+0000] {logging_mixin.py:190} INFO - [2025-01-30T01:01:15.004+0000] {dagbag.py:588} INFO - Filling up the DagBag from /home/airflow/.local/lib/python3.12/site-packages/airflow/example_dags/example_subdag_operator.py
[2025-01-30T01:01:15.045+0000] {processor.py:925} INFO - DAG(s) 'example_subdag_operator.section-1', 'example_subdag_operator.section-2', 'example_subdag_operator' retrieved from /home/airflow/.local/lib/python3.12/site-packages/airflow/example_dags/example_subdag_operator.py
[2025-01-30T01:01:15.072+0000] {logging_mixin.py:190} INFO - [2025-01-30T01:01:15.072+0000] {dag.py:3239} INFO - Sync 3 DAGs
[2025-01-30T01:01:15.098+0000] {logging_mixin.py:190} INFO - [2025-01-30T01:01:15.098+0000] {dag.py:4180} INFO - Setting next_dagrun for example_subdag_operator to 2022-01-01 00:00:00+00:00, run_after=2022-01-01 00:00:00+00:00
[2025-01-30T01:01:15.103+0000] {logging_mixin.py:190} INFO - [2025-01-30T01:01:15.103+0000] {dag.py:4180} INFO - Setting next_dagrun for example_subdag_operator.section-1 to None, run_after=None
[2025-01-30T01:01:15.259+0000] {logging_mixin.py:190} INFO - [2025-01-30T01:01:15.258+0000] {dag.py:4180} INFO - Setting next_dagrun for example_subdag_operator.section-2 to None, run_after=None
[2025-01-30T01:01:15.268+0000] {logging_mixin.py:190} INFO - [2025-01-30T01:01:15.268+0000] {dag.py:3239} INFO - Sync 2 DAGs
[2025-01-30T01:01:15.276+0000] {logging_mixin.py:190} INFO - [2025-01-30T01:01:15.275+0000] {dag.py:4180} INFO - Setting next_dagrun for example_subdag_operator.section-1 to None, run_after=None
[2025-01-30T01:01:15.277+0000] {logging_mixin.py:190} INFO - [2025-01-30T01:01:15.276+0000] {dag.py:4180} INFO - Setting next_dagrun for example_subdag_operator.section-2 to None, run_after=None
[2025-01-30T01:01:15.292+0000] {processor.py:208} INFO - Processing /home/airflow/.local/lib/python3.12/site-packages/airflow/example_dags/example_subdag_operator.py took 0.299 seconds
[2025-01-30T01:01:46.642+0000] {processor.py:186} INFO - Started process (PID=21463) to work on /home/airflow/.local/lib/python3.12/site-packages/airflow/example_dags/example_subdag_operator.py
[2025-01-30T01:01:46.643+0000] {processor.py:914} INFO - Processing file /home/airflow/.local/lib/python3.12/site-packages/airflow/example_dags/example_subdag_operator.py for tasks to queue
[2025-01-30T01:01:46.646+0000] {logging_mixin.py:190} INFO - [2025-01-30T01:01:46.646+0000] {dagbag.py:588} INFO - Filling up the DagBag from /home/airflow/.local/lib/python3.12/site-packages/airflow/example_dags/example_subdag_operator.py
[2025-01-30T01:01:46.677+0000] {processor.py:925} INFO - DAG(s) 'example_subdag_operator.section-1', 'example_subdag_operator.section-2', 'example_subdag_operator' retrieved from /home/airflow/.local/lib/python3.12/site-packages/airflow/example_dags/example_subdag_operator.py
[2025-01-30T01:01:46.693+0000] {logging_mixin.py:190} INFO - [2025-01-30T01:01:46.693+0000] {dag.py:3239} INFO - Sync 3 DAGs
[2025-01-30T01:01:46.717+0000] {logging_mixin.py:190} INFO - [2025-01-30T01:01:46.717+0000] {dag.py:4180} INFO - Setting next_dagrun for example_subdag_operator to 2022-01-01 00:00:00+00:00, run_after=2022-01-01 00:00:00+00:00
[2025-01-30T01:01:46.723+0000] {logging_mixin.py:190} INFO - [2025-01-30T01:01:46.723+0000] {dag.py:4180} INFO - Setting next_dagrun for example_subdag_operator.section-1 to None, run_after=None
[2025-01-30T01:01:46.725+0000] {logging_mixin.py:190} INFO - [2025-01-30T01:01:46.725+0000] {dag.py:4180} INFO - Setting next_dagrun for example_subdag_operator.section-2 to None, run_after=None
[2025-01-30T01:01:46.733+0000] {logging_mixin.py:190} INFO - [2025-01-30T01:01:46.732+0000] {dag.py:3239} INFO - Sync 2 DAGs
[2025-01-30T01:01:46.743+0000] {logging_mixin.py:190} INFO - [2025-01-30T01:01:46.743+0000] {dag.py:4180} INFO - Setting next_dagrun for example_subdag_operator.section-1 to None, run_after=None
[2025-01-30T01:01:46.744+0000] {logging_mixin.py:190} INFO - [2025-01-30T01:01:46.744+0000] {dag.py:4180} INFO - Setting next_dagrun for example_subdag_operator.section-2 to None, run_after=None
[2025-01-30T01:01:46.762+0000] {processor.py:208} INFO - Processing /home/airflow/.local/lib/python3.12/site-packages/airflow/example_dags/example_subdag_operator.py took 0.129 seconds
[2025-01-30T01:02:18.602+0000] {processor.py:186} INFO - Started process (PID=21526) to work on /home/airflow/.local/lib/python3.12/site-packages/airflow/example_dags/example_subdag_operator.py
[2025-01-30T01:02:18.603+0000] {processor.py:914} INFO - Processing file /home/airflow/.local/lib/python3.12/site-packages/airflow/example_dags/example_subdag_operator.py for tasks to queue
[2025-01-30T01:02:18.606+0000] {logging_mixin.py:190} INFO - [2025-01-30T01:02:18.606+0000] {dagbag.py:588} INFO - Filling up the DagBag from /home/airflow/.local/lib/python3.12/site-packages/airflow/example_dags/example_subdag_operator.py
[2025-01-30T01:02:18.629+0000] {processor.py:925} INFO - DAG(s) 'example_subdag_operator.section-1', 'example_subdag_operator.section-2', 'example_subdag_operator' retrieved from /home/airflow/.local/lib/python3.12/site-packages/airflow/example_dags/example_subdag_operator.py
[2025-01-30T01:02:18.642+0000] {logging_mixin.py:190} INFO - [2025-01-30T01:02:18.642+0000] {dag.py:3239} INFO - Sync 3 DAGs
[2025-01-30T01:02:18.662+0000] {logging_mixin.py:190} INFO - [2025-01-30T01:02:18.662+0000] {dag.py:4180} INFO - Setting next_dagrun for example_subdag_operator to 2022-01-01 00:00:00+00:00, run_after=2022-01-01 00:00:00+00:00
[2025-01-30T01:02:18.667+0000] {logging_mixin.py:190} INFO - [2025-01-30T01:02:18.667+0000] {dag.py:4180} INFO - Setting next_dagrun for example_subdag_operator.section-1 to None, run_after=None
[2025-01-30T01:02:18.669+0000] {logging_mixin.py:190} INFO - [2025-01-30T01:02:18.669+0000] {dag.py:4180} INFO - Setting next_dagrun for example_subdag_operator.section-2 to None, run_after=None
[2025-01-30T01:02:18.675+0000] {logging_mixin.py:190} INFO - [2025-01-30T01:02:18.675+0000] {dag.py:3239} INFO - Sync 2 DAGs
[2025-01-30T01:02:18.680+0000] {logging_mixin.py:190} INFO - [2025-01-30T01:02:18.680+0000] {dag.py:4180} INFO - Setting next_dagrun for example_subdag_operator.section-1 to None, run_after=None
[2025-01-30T01:02:18.681+0000] {logging_mixin.py:190} INFO - [2025-01-30T01:02:18.681+0000] {dag.py:4180} INFO - Setting next_dagrun for example_subdag_operator.section-2 to None, run_after=None
[2025-01-30T01:02:18.692+0000] {processor.py:208} INFO - Processing /home/airflow/.local/lib/python3.12/site-packages/airflow/example_dags/example_subdag_operator.py took 0.096 seconds
[2025-01-30T01:02:49.984+0000] {processor.py:186} INFO - Started process (PID=21589) to work on /home/airflow/.local/lib/python3.12/site-packages/airflow/example_dags/example_subdag_operator.py
[2025-01-30T01:02:49.985+0000] {processor.py:914} INFO - Processing file /home/airflow/.local/lib/python3.12/site-packages/airflow/example_dags/example_subdag_operator.py for tasks to queue
[2025-01-30T01:02:49.988+0000] {logging_mixin.py:190} INFO - [2025-01-30T01:02:49.988+0000] {dagbag.py:588} INFO - Filling up the DagBag from /home/airflow/.local/lib/python3.12/site-packages/airflow/example_dags/example_subdag_operator.py
[2025-01-30T01:02:50.030+0000] {processor.py:925} INFO - DAG(s) 'example_subdag_operator.section-1', 'example_subdag_operator.section-2', 'example_subdag_operator' retrieved from /home/airflow/.local/lib/python3.12/site-packages/airflow/example_dags/example_subdag_operator.py
[2025-01-30T01:02:50.049+0000] {logging_mixin.py:190} INFO - [2025-01-30T01:02:50.049+0000] {dag.py:3239} INFO - Sync 3 DAGs
[2025-01-30T01:02:50.075+0000] {logging_mixin.py:190} INFO - [2025-01-30T01:02:50.074+0000] {dag.py:4180} INFO - Setting next_dagrun for example_subdag_operator to 2022-01-01 00:00:00+00:00, run_after=2022-01-01 00:00:00+00:00
[2025-01-30T01:02:50.078+0000] {logging_mixin.py:190} INFO - [2025-01-30T01:02:50.078+0000] {dag.py:4180} INFO - Setting next_dagrun for example_subdag_operator.section-1 to None, run_after=None
[2025-01-30T01:02:50.080+0000] {logging_mixin.py:190} INFO - [2025-01-30T01:02:50.080+0000] {dag.py:4180} INFO - Setting next_dagrun for example_subdag_operator.section-2 to None, run_after=None
[2025-01-30T01:02:50.090+0000] {logging_mixin.py:190} INFO - [2025-01-30T01:02:50.090+0000] {dag.py:3239} INFO - Sync 2 DAGs
[2025-01-30T01:02:50.096+0000] {logging_mixin.py:190} INFO - [2025-01-30T01:02:50.096+0000] {dag.py:4180} INFO - Setting next_dagrun for example_subdag_operator.section-1 to None, run_after=None
[2025-01-30T01:02:50.098+0000] {logging_mixin.py:190} INFO - [2025-01-30T01:02:50.097+0000] {dag.py:4180} INFO - Setting next_dagrun for example_subdag_operator.section-2 to None, run_after=None
[2025-01-30T01:02:50.116+0000] {processor.py:208} INFO - Processing /home/airflow/.local/lib/python3.12/site-packages/airflow/example_dags/example_subdag_operator.py took 0.138 seconds
