[2025-01-30T01:01:12.865+0000] {processor.py:186} INFO - Started process (PID=21389) to work on /home/airflow/.local/lib/python3.12/site-packages/airflow/example_dags/example_short_circuit_operator.py
[2025-01-30T01:01:12.869+0000] {processor.py:914} INFO - Processing file /home/airflow/.local/lib/python3.12/site-packages/airflow/example_dags/example_short_circuit_operator.py for tasks to queue
[2025-01-30T01:01:12.875+0000] {logging_mixin.py:190} INFO - [2025-01-30T01:01:12.874+0000] {dagbag.py:588} INFO - Filling up the DagBag from /home/airflow/.local/lib/python3.12/site-packages/airflow/example_dags/example_short_circuit_operator.py
[2025-01-30T01:01:12.899+0000] {processor.py:925} INFO - DAG(s) 'example_short_circuit_operator' retrieved from /home/airflow/.local/lib/python3.12/site-packages/airflow/example_dags/example_short_circuit_operator.py
[2025-01-30T01:01:12.946+0000] {logging_mixin.py:190} INFO - [2025-01-30T01:01:12.945+0000] {dag.py:3239} INFO - Sync 1 DAGs
[2025-01-30T01:01:12.979+0000] {logging_mixin.py:190} INFO - [2025-01-30T01:01:12.978+0000] {dag.py:4180} INFO - Setting next_dagrun for example_short_circuit_operator to None, run_after=None
[2025-01-30T01:01:13.021+0000] {processor.py:208} INFO - Processing /home/airflow/.local/lib/python3.12/site-packages/airflow/example_dags/example_short_circuit_operator.py took 0.170 seconds
[2025-01-30T01:01:43.222+0000] {processor.py:186} INFO - Started process (PID=21452) to work on /home/airflow/.local/lib/python3.12/site-packages/airflow/example_dags/example_short_circuit_operator.py
[2025-01-30T01:01:43.223+0000] {processor.py:914} INFO - Processing file /home/airflow/.local/lib/python3.12/site-packages/airflow/example_dags/example_short_circuit_operator.py for tasks to queue
[2025-01-30T01:01:43.227+0000] {logging_mixin.py:190} INFO - [2025-01-30T01:01:43.226+0000] {dagbag.py:588} INFO - Filling up the DagBag from /home/airflow/.local/lib/python3.12/site-packages/airflow/example_dags/example_short_circuit_operator.py
[2025-01-30T01:01:43.240+0000] {processor.py:925} INFO - DAG(s) 'example_short_circuit_operator' retrieved from /home/airflow/.local/lib/python3.12/site-packages/airflow/example_dags/example_short_circuit_operator.py
[2025-01-30T01:01:43.278+0000] {logging_mixin.py:190} INFO - [2025-01-30T01:01:43.278+0000] {dag.py:3239} INFO - Sync 1 DAGs
[2025-01-30T01:01:43.297+0000] {logging_mixin.py:190} INFO - [2025-01-30T01:01:43.296+0000] {dag.py:4180} INFO - Setting next_dagrun for example_short_circuit_operator to None, run_after=None
[2025-01-30T01:01:43.326+0000] {processor.py:208} INFO - Processing /home/airflow/.local/lib/python3.12/site-packages/airflow/example_dags/example_short_circuit_operator.py took 0.115 seconds
[2025-01-30T01:02:13.519+0000] {processor.py:186} INFO - Started process (PID=21515) to work on /home/airflow/.local/lib/python3.12/site-packages/airflow/example_dags/example_short_circuit_operator.py
[2025-01-30T01:02:13.520+0000] {processor.py:914} INFO - Processing file /home/airflow/.local/lib/python3.12/site-packages/airflow/example_dags/example_short_circuit_operator.py for tasks to queue
[2025-01-30T01:02:13.523+0000] {logging_mixin.py:190} INFO - [2025-01-30T01:02:13.523+0000] {dagbag.py:588} INFO - Filling up the DagBag from /home/airflow/.local/lib/python3.12/site-packages/airflow/example_dags/example_short_circuit_operator.py
[2025-01-30T01:02:13.532+0000] {processor.py:925} INFO - DAG(s) 'example_short_circuit_operator' retrieved from /home/airflow/.local/lib/python3.12/site-packages/airflow/example_dags/example_short_circuit_operator.py
[2025-01-30T01:02:13.558+0000] {logging_mixin.py:190} INFO - [2025-01-30T01:02:13.557+0000] {dag.py:3239} INFO - Sync 1 DAGs
[2025-01-30T01:02:13.571+0000] {logging_mixin.py:190} INFO - [2025-01-30T01:02:13.571+0000] {dag.py:4180} INFO - Setting next_dagrun for example_short_circuit_operator to None, run_after=None
[2025-01-30T01:02:13.592+0000] {processor.py:208} INFO - Processing /home/airflow/.local/lib/python3.12/site-packages/airflow/example_dags/example_short_circuit_operator.py took 0.079 seconds
[2025-01-30T01:02:43.946+0000] {processor.py:186} INFO - Started process (PID=21578) to work on /home/airflow/.local/lib/python3.12/site-packages/airflow/example_dags/example_short_circuit_operator.py
[2025-01-30T01:02:43.947+0000] {processor.py:914} INFO - Processing file /home/airflow/.local/lib/python3.12/site-packages/airflow/example_dags/example_short_circuit_operator.py for tasks to queue
[2025-01-30T01:02:43.951+0000] {logging_mixin.py:190} INFO - [2025-01-30T01:02:43.950+0000] {dagbag.py:588} INFO - Filling up the DagBag from /home/airflow/.local/lib/python3.12/site-packages/airflow/example_dags/example_short_circuit_operator.py
[2025-01-30T01:02:44.139+0000] {processor.py:925} INFO - DAG(s) 'example_short_circuit_operator' retrieved from /home/airflow/.local/lib/python3.12/site-packages/airflow/example_dags/example_short_circuit_operator.py
[2025-01-30T01:02:44.161+0000] {logging_mixin.py:190} INFO - [2025-01-30T01:02:44.160+0000] {dag.py:3239} INFO - Sync 1 DAGs
[2025-01-30T01:02:44.173+0000] {logging_mixin.py:190} INFO - [2025-01-30T01:02:44.173+0000] {dag.py:4180} INFO - Setting next_dagrun for example_short_circuit_operator to None, run_after=None
[2025-01-30T01:02:44.194+0000] {processor.py:208} INFO - Processing /home/airflow/.local/lib/python3.12/site-packages/airflow/example_dags/example_short_circuit_operator.py took 0.254 seconds
