[2025-01-30T01:01:12.204+0000] {processor.py:186} INFO - Started process (PID=21386) to work on /home/airflow/.local/lib/python3.12/site-packages/airflow/example_dags/example_bash_operator.py
[2025-01-30T01:01:12.206+0000] {processor.py:914} INFO - Processing file /home/airflow/.local/lib/python3.12/site-packages/airflow/example_dags/example_bash_operator.py for tasks to queue
[2025-01-30T01:01:12.212+0000] {logging_mixin.py:190} INFO - [2025-01-30T01:01:12.211+0000] {dagbag.py:588} INFO - Filling up the DagBag from /home/airflow/.local/lib/python3.12/site-packages/airflow/example_dags/example_bash_operator.py
[2025-01-30T01:01:12.247+0000] {processor.py:925} INFO - DAG(s) 'example_bash_operator' retrieved from /home/airflow/.local/lib/python3.12/site-packages/airflow/example_dags/example_bash_operator.py
[2025-01-30T01:01:12.299+0000] {logging_mixin.py:190} INFO - [2025-01-30T01:01:12.299+0000] {dag.py:3239} INFO - Sync 1 DAGs
[2025-01-30T01:01:12.378+0000] {logging_mixin.py:190} INFO - [2025-01-30T01:01:12.377+0000] {dag.py:4180} INFO - Setting next_dagrun for example_bash_operator to 2025-01-29 00:00:00+00:00, run_after=2025-01-30 00:00:00+00:00
[2025-01-30T01:01:12.429+0000] {processor.py:208} INFO - Processing /home/airflow/.local/lib/python3.12/site-packages/airflow/example_dags/example_bash_operator.py took 0.238 seconds
[2025-01-30T01:01:42.865+0000] {processor.py:186} INFO - Started process (PID=21449) to work on /home/airflow/.local/lib/python3.12/site-packages/airflow/example_dags/example_bash_operator.py
[2025-01-30T01:01:42.866+0000] {processor.py:914} INFO - Processing file /home/airflow/.local/lib/python3.12/site-packages/airflow/example_dags/example_bash_operator.py for tasks to queue
[2025-01-30T01:01:42.876+0000] {logging_mixin.py:190} INFO - [2025-01-30T01:01:42.874+0000] {dagbag.py:588} INFO - Filling up the DagBag from /home/airflow/.local/lib/python3.12/site-packages/airflow/example_dags/example_bash_operator.py
[2025-01-30T01:01:42.896+0000] {processor.py:925} INFO - DAG(s) 'example_bash_operator' retrieved from /home/airflow/.local/lib/python3.12/site-packages/airflow/example_dags/example_bash_operator.py
[2025-01-30T01:01:42.939+0000] {logging_mixin.py:190} INFO - [2025-01-30T01:01:42.939+0000] {dag.py:3239} INFO - Sync 1 DAGs
[2025-01-30T01:01:42.994+0000] {logging_mixin.py:190} INFO - [2025-01-30T01:01:42.994+0000] {dag.py:4180} INFO - Setting next_dagrun for example_bash_operator to 2025-01-29 00:00:00+00:00, run_after=2025-01-30 00:00:00+00:00
[2025-01-30T01:01:43.027+0000] {processor.py:208} INFO - Processing /home/airflow/.local/lib/python3.12/site-packages/airflow/example_dags/example_bash_operator.py took 0.169 seconds
[2025-01-30T01:02:13.234+0000] {processor.py:186} INFO - Started process (PID=21512) to work on /home/airflow/.local/lib/python3.12/site-packages/airflow/example_dags/example_bash_operator.py
[2025-01-30T01:02:13.236+0000] {processor.py:914} INFO - Processing file /home/airflow/.local/lib/python3.12/site-packages/airflow/example_dags/example_bash_operator.py for tasks to queue
[2025-01-30T01:02:13.242+0000] {logging_mixin.py:190} INFO - [2025-01-30T01:02:13.242+0000] {dagbag.py:588} INFO - Filling up the DagBag from /home/airflow/.local/lib/python3.12/site-packages/airflow/example_dags/example_bash_operator.py
[2025-01-30T01:02:13.261+0000] {processor.py:925} INFO - DAG(s) 'example_bash_operator' retrieved from /home/airflow/.local/lib/python3.12/site-packages/airflow/example_dags/example_bash_operator.py
[2025-01-30T01:02:13.292+0000] {logging_mixin.py:190} INFO - [2025-01-30T01:02:13.291+0000] {dag.py:3239} INFO - Sync 1 DAGs
[2025-01-30T01:02:13.313+0000] {logging_mixin.py:190} INFO - [2025-01-30T01:02:13.312+0000] {dag.py:4180} INFO - Setting next_dagrun for example_bash_operator to 2025-01-29 00:00:00+00:00, run_after=2025-01-30 00:00:00+00:00
[2025-01-30T01:02:13.331+0000] {processor.py:208} INFO - Processing /home/airflow/.local/lib/python3.12/site-packages/airflow/example_dags/example_bash_operator.py took 0.105 seconds
[2025-01-30T01:02:43.560+0000] {processor.py:186} INFO - Started process (PID=21575) to work on /home/airflow/.local/lib/python3.12/site-packages/airflow/example_dags/example_bash_operator.py
[2025-01-30T01:02:43.562+0000] {processor.py:914} INFO - Processing file /home/airflow/.local/lib/python3.12/site-packages/airflow/example_dags/example_bash_operator.py for tasks to queue
[2025-01-30T01:02:43.565+0000] {logging_mixin.py:190} INFO - [2025-01-30T01:02:43.565+0000] {dagbag.py:588} INFO - Filling up the DagBag from /home/airflow/.local/lib/python3.12/site-packages/airflow/example_dags/example_bash_operator.py
[2025-01-30T01:02:43.579+0000] {processor.py:925} INFO - DAG(s) 'example_bash_operator' retrieved from /home/airflow/.local/lib/python3.12/site-packages/airflow/example_dags/example_bash_operator.py
[2025-01-30T01:02:43.607+0000] {logging_mixin.py:190} INFO - [2025-01-30T01:02:43.607+0000] {dag.py:3239} INFO - Sync 1 DAGs
[2025-01-30T01:02:43.633+0000] {logging_mixin.py:190} INFO - [2025-01-30T01:02:43.633+0000] {dag.py:4180} INFO - Setting next_dagrun for example_bash_operator to 2025-01-29 00:00:00+00:00, run_after=2025-01-30 00:00:00+00:00
[2025-01-30T01:02:43.658+0000] {processor.py:208} INFO - Processing /home/airflow/.local/lib/python3.12/site-packages/airflow/example_dags/example_bash_operator.py took 0.104 seconds
