[2025-01-30T01:01:19.219+0000] {processor.py:186} INFO - Started process (PID=21416) to work on /home/airflow/.local/lib/python3.12/site-packages/airflow/example_dags/example_setup_teardown.py
[2025-01-30T01:01:19.222+0000] {processor.py:914} INFO - Processing file /home/airflow/.local/lib/python3.12/site-packages/airflow/example_dags/example_setup_teardown.py for tasks to queue
[2025-01-30T01:01:19.228+0000] {logging_mixin.py:190} INFO - [2025-01-30T01:01:19.227+0000] {dagbag.py:588} INFO - Filling up the DagBag from /home/airflow/.local/lib/python3.12/site-packages/airflow/example_dags/example_setup_teardown.py
[2025-01-30T01:01:19.250+0000] {processor.py:925} INFO - DAG(s) 'example_setup_teardown' retrieved from /home/airflow/.local/lib/python3.12/site-packages/airflow/example_dags/example_setup_teardown.py
[2025-01-30T01:01:19.288+0000] {logging_mixin.py:190} INFO - [2025-01-30T01:01:19.287+0000] {dag.py:3239} INFO - Sync 1 DAGs
[2025-01-30T01:01:19.523+0000] {logging_mixin.py:190} INFO - [2025-01-30T01:01:19.523+0000] {dag.py:4180} INFO - Setting next_dagrun for example_setup_teardown to None, run_after=None
[2025-01-30T01:01:19.554+0000] {processor.py:208} INFO - Processing /home/airflow/.local/lib/python3.12/site-packages/airflow/example_dags/example_setup_teardown.py took 0.345 seconds
[2025-01-30T01:01:50.014+0000] {processor.py:186} INFO - Started process (PID=21479) to work on /home/airflow/.local/lib/python3.12/site-packages/airflow/example_dags/example_setup_teardown.py
[2025-01-30T01:01:50.015+0000] {processor.py:914} INFO - Processing file /home/airflow/.local/lib/python3.12/site-packages/airflow/example_dags/example_setup_teardown.py for tasks to queue
[2025-01-30T01:01:50.018+0000] {logging_mixin.py:190} INFO - [2025-01-30T01:01:50.017+0000] {dagbag.py:588} INFO - Filling up the DagBag from /home/airflow/.local/lib/python3.12/site-packages/airflow/example_dags/example_setup_teardown.py
[2025-01-30T01:01:50.027+0000] {processor.py:925} INFO - DAG(s) 'example_setup_teardown' retrieved from /home/airflow/.local/lib/python3.12/site-packages/airflow/example_dags/example_setup_teardown.py
[2025-01-30T01:01:50.051+0000] {logging_mixin.py:190} INFO - [2025-01-30T01:01:50.051+0000] {dag.py:3239} INFO - Sync 1 DAGs
[2025-01-30T01:01:50.067+0000] {logging_mixin.py:190} INFO - [2025-01-30T01:01:50.067+0000] {dag.py:4180} INFO - Setting next_dagrun for example_setup_teardown to None, run_after=None
[2025-01-30T01:01:50.260+0000] {processor.py:208} INFO - Processing /home/airflow/.local/lib/python3.12/site-packages/airflow/example_dags/example_setup_teardown.py took 0.252 seconds
[2025-01-30T01:02:20.943+0000] {processor.py:186} INFO - Started process (PID=21542) to work on /home/airflow/.local/lib/python3.12/site-packages/airflow/example_dags/example_setup_teardown.py
[2025-01-30T01:02:20.944+0000] {processor.py:914} INFO - Processing file /home/airflow/.local/lib/python3.12/site-packages/airflow/example_dags/example_setup_teardown.py for tasks to queue
[2025-01-30T01:02:20.947+0000] {logging_mixin.py:190} INFO - [2025-01-30T01:02:20.947+0000] {dagbag.py:588} INFO - Filling up the DagBag from /home/airflow/.local/lib/python3.12/site-packages/airflow/example_dags/example_setup_teardown.py
[2025-01-30T01:02:20.958+0000] {processor.py:925} INFO - DAG(s) 'example_setup_teardown' retrieved from /home/airflow/.local/lib/python3.12/site-packages/airflow/example_dags/example_setup_teardown.py
[2025-01-30T01:02:20.995+0000] {logging_mixin.py:190} INFO - [2025-01-30T01:02:20.994+0000] {dag.py:3239} INFO - Sync 1 DAGs
[2025-01-30T01:02:21.021+0000] {logging_mixin.py:190} INFO - [2025-01-30T01:02:21.021+0000] {dag.py:4180} INFO - Setting next_dagrun for example_setup_teardown to None, run_after=None
[2025-01-30T01:02:21.059+0000] {processor.py:208} INFO - Processing /home/airflow/.local/lib/python3.12/site-packages/airflow/example_dags/example_setup_teardown.py took 0.123 seconds
[2025-01-30T01:02:51.322+0000] {processor.py:186} INFO - Started process (PID=21605) to work on /home/airflow/.local/lib/python3.12/site-packages/airflow/example_dags/example_setup_teardown.py
[2025-01-30T01:02:51.324+0000] {processor.py:914} INFO - Processing file /home/airflow/.local/lib/python3.12/site-packages/airflow/example_dags/example_setup_teardown.py for tasks to queue
[2025-01-30T01:02:51.327+0000] {logging_mixin.py:190} INFO - [2025-01-30T01:02:51.326+0000] {dagbag.py:588} INFO - Filling up the DagBag from /home/airflow/.local/lib/python3.12/site-packages/airflow/example_dags/example_setup_teardown.py
[2025-01-30T01:02:51.335+0000] {processor.py:925} INFO - DAG(s) 'example_setup_teardown' retrieved from /home/airflow/.local/lib/python3.12/site-packages/airflow/example_dags/example_setup_teardown.py
[2025-01-30T01:02:51.358+0000] {logging_mixin.py:190} INFO - [2025-01-30T01:02:51.358+0000] {dag.py:3239} INFO - Sync 1 DAGs
[2025-01-30T01:02:51.372+0000] {logging_mixin.py:190} INFO - [2025-01-30T01:02:51.372+0000] {dag.py:4180} INFO - Setting next_dagrun for example_setup_teardown to None, run_after=None
[2025-01-30T01:02:51.394+0000] {processor.py:208} INFO - Processing /home/airflow/.local/lib/python3.12/site-packages/airflow/example_dags/example_setup_teardown.py took 0.077 seconds
