[2025-01-30T01:01:15.654+0000] {processor.py:186} INFO - Started process (PID=21404) to work on /home/airflow/.local/lib/python3.12/site-packages/airflow/example_dags/example_params_trigger_ui.py
[2025-01-30T01:01:15.656+0000] {processor.py:914} INFO - Processing file /home/airflow/.local/lib/python3.12/site-packages/airflow/example_dags/example_params_trigger_ui.py for tasks to queue
[2025-01-30T01:01:15.659+0000] {logging_mixin.py:190} INFO - [2025-01-30T01:01:15.659+0000] {dagbag.py:588} INFO - Filling up the DagBag from /home/airflow/.local/lib/python3.12/site-packages/airflow/example_dags/example_params_trigger_ui.py
[2025-01-30T01:01:15.682+0000] {processor.py:925} INFO - DAG(s) 'example_params_trigger_ui' retrieved from /home/airflow/.local/lib/python3.12/site-packages/airflow/example_dags/example_params_trigger_ui.py
[2025-01-30T01:01:15.747+0000] {logging_mixin.py:190} INFO - [2025-01-30T01:01:15.746+0000] {dag.py:3239} INFO - Sync 1 DAGs
[2025-01-30T01:01:15.944+0000] {logging_mixin.py:190} INFO - [2025-01-30T01:01:15.943+0000] {dag.py:4180} INFO - Setting next_dagrun for example_params_trigger_ui to None, run_after=None
[2025-01-30T01:01:15.970+0000] {processor.py:208} INFO - Processing /home/airflow/.local/lib/python3.12/site-packages/airflow/example_dags/example_params_trigger_ui.py took 0.324 seconds
[2025-01-30T01:01:46.965+0000] {processor.py:186} INFO - Started process (PID=21466) to work on /home/airflow/.local/lib/python3.12/site-packages/airflow/example_dags/example_params_trigger_ui.py
[2025-01-30T01:01:46.967+0000] {processor.py:914} INFO - Processing file /home/airflow/.local/lib/python3.12/site-packages/airflow/example_dags/example_params_trigger_ui.py for tasks to queue
[2025-01-30T01:01:46.972+0000] {logging_mixin.py:190} INFO - [2025-01-30T01:01:46.972+0000] {dagbag.py:588} INFO - Filling up the DagBag from /home/airflow/.local/lib/python3.12/site-packages/airflow/example_dags/example_params_trigger_ui.py
[2025-01-30T01:01:46.987+0000] {processor.py:925} INFO - DAG(s) 'example_params_trigger_ui' retrieved from /home/airflow/.local/lib/python3.12/site-packages/airflow/example_dags/example_params_trigger_ui.py
[2025-01-30T01:01:47.039+0000] {logging_mixin.py:190} INFO - [2025-01-30T01:01:47.039+0000] {dag.py:3239} INFO - Sync 1 DAGs
[2025-01-30T01:01:47.061+0000] {logging_mixin.py:190} INFO - [2025-01-30T01:01:47.061+0000] {dag.py:4180} INFO - Setting next_dagrun for example_params_trigger_ui to None, run_after=None
[2025-01-30T01:01:47.097+0000] {processor.py:208} INFO - Processing /home/airflow/.local/lib/python3.12/site-packages/airflow/example_dags/example_params_trigger_ui.py took 0.140 seconds
[2025-01-30T01:02:18.891+0000] {processor.py:186} INFO - Started process (PID=21529) to work on /home/airflow/.local/lib/python3.12/site-packages/airflow/example_dags/example_params_trigger_ui.py
[2025-01-30T01:02:18.893+0000] {processor.py:914} INFO - Processing file /home/airflow/.local/lib/python3.12/site-packages/airflow/example_dags/example_params_trigger_ui.py for tasks to queue
[2025-01-30T01:02:18.897+0000] {logging_mixin.py:190} INFO - [2025-01-30T01:02:18.897+0000] {dagbag.py:588} INFO - Filling up the DagBag from /home/airflow/.local/lib/python3.12/site-packages/airflow/example_dags/example_params_trigger_ui.py
[2025-01-30T01:02:18.913+0000] {processor.py:925} INFO - DAG(s) 'example_params_trigger_ui' retrieved from /home/airflow/.local/lib/python3.12/site-packages/airflow/example_dags/example_params_trigger_ui.py
[2025-01-30T01:02:18.973+0000] {logging_mixin.py:190} INFO - [2025-01-30T01:02:18.973+0000] {dag.py:3239} INFO - Sync 1 DAGs
[2025-01-30T01:02:18.995+0000] {logging_mixin.py:190} INFO - [2025-01-30T01:02:18.995+0000] {dag.py:4180} INFO - Setting next_dagrun for example_params_trigger_ui to None, run_after=None
[2025-01-30T01:02:19.025+0000] {processor.py:208} INFO - Processing /home/airflow/.local/lib/python3.12/site-packages/airflow/example_dags/example_params_trigger_ui.py took 0.140 seconds
[2025-01-30T01:02:50.169+0000] {processor.py:186} INFO - Started process (PID=21592) to work on /home/airflow/.local/lib/python3.12/site-packages/airflow/example_dags/example_params_trigger_ui.py
[2025-01-30T01:02:50.171+0000] {processor.py:914} INFO - Processing file /home/airflow/.local/lib/python3.12/site-packages/airflow/example_dags/example_params_trigger_ui.py for tasks to queue
[2025-01-30T01:02:50.175+0000] {logging_mixin.py:190} INFO - [2025-01-30T01:02:50.174+0000] {dagbag.py:588} INFO - Filling up the DagBag from /home/airflow/.local/lib/python3.12/site-packages/airflow/example_dags/example_params_trigger_ui.py
[2025-01-30T01:02:50.190+0000] {processor.py:925} INFO - DAG(s) 'example_params_trigger_ui' retrieved from /home/airflow/.local/lib/python3.12/site-packages/airflow/example_dags/example_params_trigger_ui.py
[2025-01-30T01:02:50.265+0000] {logging_mixin.py:190} INFO - [2025-01-30T01:02:50.265+0000] {dag.py:3239} INFO - Sync 1 DAGs
[2025-01-30T01:02:50.292+0000] {logging_mixin.py:190} INFO - [2025-01-30T01:02:50.292+0000] {dag.py:4180} INFO - Setting next_dagrun for example_params_trigger_ui to None, run_after=None
[2025-01-30T01:02:50.322+0000] {processor.py:208} INFO - Processing /home/airflow/.local/lib/python3.12/site-packages/airflow/example_dags/example_params_trigger_ui.py took 0.160 seconds
