[2025-01-30T01:01:11.244+0000] {processor.py:186} INFO - Started process (PID=21381) to work on /home/airflow/.local/lib/python3.12/site-packages/airflow/example_dags/example_task_group.py
[2025-01-30T01:01:11.252+0000] {processor.py:914} INFO - Processing file /home/airflow/.local/lib/python3.12/site-packages/airflow/example_dags/example_task_group.py for tasks to queue
[2025-01-30T01:01:11.260+0000] {logging_mixin.py:190} INFO - [2025-01-30T01:01:11.259+0000] {dagbag.py:588} INFO - Filling up the DagBag from /home/airflow/.local/lib/python3.12/site-packages/airflow/example_dags/example_task_group.py
[2025-01-30T01:01:11.286+0000] {processor.py:925} INFO - DAG(s) 'example_task_group' retrieved from /home/airflow/.local/lib/python3.12/site-packages/airflow/example_dags/example_task_group.py
[2025-01-30T01:01:11.337+0000] {logging_mixin.py:190} INFO - [2025-01-30T01:01:11.336+0000] {dag.py:3239} INFO - Sync 1 DAGs
[2025-01-30T01:01:11.381+0000] {logging_mixin.py:190} INFO - [2025-01-30T01:01:11.381+0000] {dag.py:4180} INFO - Setting next_dagrun for example_task_group to None, run_after=None
[2025-01-30T01:01:11.445+0000] {processor.py:208} INFO - Processing /home/airflow/.local/lib/python3.12/site-packages/airflow/example_dags/example_task_group.py took 0.213 seconds
[2025-01-30T01:01:42.431+0000] {processor.py:186} INFO - Started process (PID=21444) to work on /home/airflow/.local/lib/python3.12/site-packages/airflow/example_dags/example_task_group.py
[2025-01-30T01:01:42.433+0000] {processor.py:914} INFO - Processing file /home/airflow/.local/lib/python3.12/site-packages/airflow/example_dags/example_task_group.py for tasks to queue
[2025-01-30T01:01:42.440+0000] {logging_mixin.py:190} INFO - [2025-01-30T01:01:42.439+0000] {dagbag.py:588} INFO - Filling up the DagBag from /home/airflow/.local/lib/python3.12/site-packages/airflow/example_dags/example_task_group.py
[2025-01-30T01:01:42.457+0000] {processor.py:925} INFO - DAG(s) 'example_task_group' retrieved from /home/airflow/.local/lib/python3.12/site-packages/airflow/example_dags/example_task_group.py
[2025-01-30T01:01:42.494+0000] {logging_mixin.py:190} INFO - [2025-01-30T01:01:42.494+0000] {dag.py:3239} INFO - Sync 1 DAGs
[2025-01-30T01:01:42.526+0000] {logging_mixin.py:190} INFO - [2025-01-30T01:01:42.524+0000] {dag.py:4180} INFO - Setting next_dagrun for example_task_group to None, run_after=None
[2025-01-30T01:01:42.559+0000] {processor.py:208} INFO - Processing /home/airflow/.local/lib/python3.12/site-packages/airflow/example_dags/example_task_group.py took 0.139 seconds
[2025-01-30T01:02:12.805+0000] {processor.py:186} INFO - Started process (PID=21507) to work on /home/airflow/.local/lib/python3.12/site-packages/airflow/example_dags/example_task_group.py
[2025-01-30T01:02:12.807+0000] {processor.py:914} INFO - Processing file /home/airflow/.local/lib/python3.12/site-packages/airflow/example_dags/example_task_group.py for tasks to queue
[2025-01-30T01:02:12.813+0000] {logging_mixin.py:190} INFO - [2025-01-30T01:02:12.812+0000] {dagbag.py:588} INFO - Filling up the DagBag from /home/airflow/.local/lib/python3.12/site-packages/airflow/example_dags/example_task_group.py
[2025-01-30T01:02:12.824+0000] {processor.py:925} INFO - DAG(s) 'example_task_group' retrieved from /home/airflow/.local/lib/python3.12/site-packages/airflow/example_dags/example_task_group.py
[2025-01-30T01:02:12.853+0000] {logging_mixin.py:190} INFO - [2025-01-30T01:02:12.853+0000] {dag.py:3239} INFO - Sync 1 DAGs
[2025-01-30T01:02:12.871+0000] {logging_mixin.py:190} INFO - [2025-01-30T01:02:12.871+0000] {dag.py:4180} INFO - Setting next_dagrun for example_task_group to None, run_after=None
[2025-01-30T01:02:12.899+0000] {processor.py:208} INFO - Processing /home/airflow/.local/lib/python3.12/site-packages/airflow/example_dags/example_task_group.py took 0.100 seconds
[2025-01-30T01:02:43.131+0000] {processor.py:186} INFO - Started process (PID=21570) to work on /home/airflow/.local/lib/python3.12/site-packages/airflow/example_dags/example_task_group.py
[2025-01-30T01:02:43.134+0000] {processor.py:914} INFO - Processing file /home/airflow/.local/lib/python3.12/site-packages/airflow/example_dags/example_task_group.py for tasks to queue
[2025-01-30T01:02:43.139+0000] {logging_mixin.py:190} INFO - [2025-01-30T01:02:43.138+0000] {dagbag.py:588} INFO - Filling up the DagBag from /home/airflow/.local/lib/python3.12/site-packages/airflow/example_dags/example_task_group.py
[2025-01-30T01:02:43.157+0000] {processor.py:925} INFO - DAG(s) 'example_task_group' retrieved from /home/airflow/.local/lib/python3.12/site-packages/airflow/example_dags/example_task_group.py
[2025-01-30T01:02:43.201+0000] {logging_mixin.py:190} INFO - [2025-01-30T01:02:43.201+0000] {dag.py:3239} INFO - Sync 1 DAGs
[2025-01-30T01:02:43.232+0000] {logging_mixin.py:190} INFO - [2025-01-30T01:02:43.231+0000] {dag.py:4180} INFO - Setting next_dagrun for example_task_group to None, run_after=None
[2025-01-30T01:02:43.270+0000] {processor.py:208} INFO - Processing /home/airflow/.local/lib/python3.12/site-packages/airflow/example_dags/example_task_group.py took 0.148 seconds
