[2025-01-30T01:01:17.684+0000] {processor.py:186} INFO - Started process (PID=21412) to work on /home/airflow/.local/lib/python3.12/site-packages/airflow/example_dags/example_task_group_decorator.py
[2025-01-30T01:01:17.686+0000] {processor.py:914} INFO - Processing file /home/airflow/.local/lib/python3.12/site-packages/airflow/example_dags/example_task_group_decorator.py for tasks to queue
[2025-01-30T01:01:17.689+0000] {logging_mixin.py:190} INFO - [2025-01-30T01:01:17.689+0000] {dagbag.py:588} INFO - Filling up the DagBag from /home/airflow/.local/lib/python3.12/site-packages/airflow/example_dags/example_task_group_decorator.py
[2025-01-30T01:01:17.715+0000] {processor.py:925} INFO - DAG(s) 'example_task_group_decorator' retrieved from /home/airflow/.local/lib/python3.12/site-packages/airflow/example_dags/example_task_group_decorator.py
[2025-01-30T01:01:17.755+0000] {logging_mixin.py:190} INFO - [2025-01-30T01:01:17.754+0000] {dag.py:3239} INFO - Sync 1 DAGs
[2025-01-30T01:01:17.950+0000] {logging_mixin.py:190} INFO - [2025-01-30T01:01:17.950+0000] {dag.py:4180} INFO - Setting next_dagrun for example_task_group_decorator to None, run_after=None
[2025-01-30T01:01:17.976+0000] {processor.py:208} INFO - Processing /home/airflow/.local/lib/python3.12/site-packages/airflow/example_dags/example_task_group_decorator.py took 0.298 seconds
[2025-01-30T01:01:48.665+0000] {processor.py:186} INFO - Started process (PID=21475) to work on /home/airflow/.local/lib/python3.12/site-packages/airflow/example_dags/example_task_group_decorator.py
[2025-01-30T01:01:48.667+0000] {processor.py:914} INFO - Processing file /home/airflow/.local/lib/python3.12/site-packages/airflow/example_dags/example_task_group_decorator.py for tasks to queue
[2025-01-30T01:01:48.671+0000] {logging_mixin.py:190} INFO - [2025-01-30T01:01:48.671+0000] {dagbag.py:588} INFO - Filling up the DagBag from /home/airflow/.local/lib/python3.12/site-packages/airflow/example_dags/example_task_group_decorator.py
[2025-01-30T01:01:48.689+0000] {processor.py:925} INFO - DAG(s) 'example_task_group_decorator' retrieved from /home/airflow/.local/lib/python3.12/site-packages/airflow/example_dags/example_task_group_decorator.py
[2025-01-30T01:01:48.719+0000] {logging_mixin.py:190} INFO - [2025-01-30T01:01:48.719+0000] {dag.py:3239} INFO - Sync 1 DAGs
[2025-01-30T01:01:48.737+0000] {logging_mixin.py:190} INFO - [2025-01-30T01:01:48.737+0000] {dag.py:4180} INFO - Setting next_dagrun for example_task_group_decorator to None, run_after=None
[2025-01-30T01:01:48.938+0000] {processor.py:208} INFO - Processing /home/airflow/.local/lib/python3.12/site-packages/airflow/example_dags/example_task_group_decorator.py took 0.278 seconds
[2025-01-30T01:02:20.464+0000] {processor.py:186} INFO - Started process (PID=21538) to work on /home/airflow/.local/lib/python3.12/site-packages/airflow/example_dags/example_task_group_decorator.py
[2025-01-30T01:02:20.466+0000] {processor.py:914} INFO - Processing file /home/airflow/.local/lib/python3.12/site-packages/airflow/example_dags/example_task_group_decorator.py for tasks to queue
[2025-01-30T01:02:20.471+0000] {logging_mixin.py:190} INFO - [2025-01-30T01:02:20.470+0000] {dagbag.py:588} INFO - Filling up the DagBag from /home/airflow/.local/lib/python3.12/site-packages/airflow/example_dags/example_task_group_decorator.py
[2025-01-30T01:02:20.493+0000] {processor.py:925} INFO - DAG(s) 'example_task_group_decorator' retrieved from /home/airflow/.local/lib/python3.12/site-packages/airflow/example_dags/example_task_group_decorator.py
[2025-01-30T01:02:20.533+0000] {logging_mixin.py:190} INFO - [2025-01-30T01:02:20.532+0000] {dag.py:3239} INFO - Sync 1 DAGs
[2025-01-30T01:02:20.558+0000] {logging_mixin.py:190} INFO - [2025-01-30T01:02:20.558+0000] {dag.py:4180} INFO - Setting next_dagrun for example_task_group_decorator to None, run_after=None
[2025-01-30T01:02:20.590+0000] {processor.py:208} INFO - Processing /home/airflow/.local/lib/python3.12/site-packages/airflow/example_dags/example_task_group_decorator.py took 0.135 seconds
[2025-01-30T01:02:51.065+0000] {processor.py:186} INFO - Started process (PID=21601) to work on /home/airflow/.local/lib/python3.12/site-packages/airflow/example_dags/example_task_group_decorator.py
[2025-01-30T01:02:51.067+0000] {processor.py:914} INFO - Processing file /home/airflow/.local/lib/python3.12/site-packages/airflow/example_dags/example_task_group_decorator.py for tasks to queue
[2025-01-30T01:02:51.070+0000] {logging_mixin.py:190} INFO - [2025-01-30T01:02:51.070+0000] {dagbag.py:588} INFO - Filling up the DagBag from /home/airflow/.local/lib/python3.12/site-packages/airflow/example_dags/example_task_group_decorator.py
[2025-01-30T01:02:51.085+0000] {processor.py:925} INFO - DAG(s) 'example_task_group_decorator' retrieved from /home/airflow/.local/lib/python3.12/site-packages/airflow/example_dags/example_task_group_decorator.py
[2025-01-30T01:02:51.111+0000] {logging_mixin.py:190} INFO - [2025-01-30T01:02:51.111+0000] {dag.py:3239} INFO - Sync 1 DAGs
[2025-01-30T01:02:51.127+0000] {logging_mixin.py:190} INFO - [2025-01-30T01:02:51.126+0000] {dag.py:4180} INFO - Setting next_dagrun for example_task_group_decorator to None, run_after=None
[2025-01-30T01:02:51.150+0000] {processor.py:208} INFO - Processing /home/airflow/.local/lib/python3.12/site-packages/airflow/example_dags/example_task_group_decorator.py took 0.092 seconds
