[2025-01-30T01:01:11.577+0000] {processor.py:186} INFO - Started process (PID=21383) to work on /home/airflow/.local/lib/python3.12/site-packages/airflow/example_dags/example_latest_only_with_trigger.py
[2025-01-30T01:01:11.579+0000] {processor.py:914} INFO - Processing file /home/airflow/.local/lib/python3.12/site-packages/airflow/example_dags/example_latest_only_with_trigger.py for tasks to queue
[2025-01-30T01:01:11.584+0000] {logging_mixin.py:190} INFO - [2025-01-30T01:01:11.583+0000] {dagbag.py:588} INFO - Filling up the DagBag from /home/airflow/.local/lib/python3.12/site-packages/airflow/example_dags/example_latest_only_with_trigger.py
[2025-01-30T01:01:11.607+0000] {processor.py:925} INFO - DAG(s) 'latest_only_with_trigger' retrieved from /home/airflow/.local/lib/python3.12/site-packages/airflow/example_dags/example_latest_only_with_trigger.py
[2025-01-30T01:01:11.652+0000] {logging_mixin.py:190} INFO - [2025-01-30T01:01:11.652+0000] {dag.py:3239} INFO - Sync 1 DAGs
[2025-01-30T01:01:11.700+0000] {logging_mixin.py:190} INFO - [2025-01-30T01:01:11.699+0000] {dag.py:4180} INFO - Setting next_dagrun for latest_only_with_trigger to 2025-01-29 20:00:00+00:00, run_after=2025-01-30 00:00:00+00:00
[2025-01-30T01:01:11.749+0000] {processor.py:208} INFO - Processing /home/airflow/.local/lib/python3.12/site-packages/airflow/example_dags/example_latest_only_with_trigger.py took 0.184 seconds
[2025-01-30T01:01:42.610+0000] {processor.py:186} INFO - Started process (PID=21446) to work on /home/airflow/.local/lib/python3.12/site-packages/airflow/example_dags/example_latest_only_with_trigger.py
[2025-01-30T01:01:42.611+0000] {processor.py:914} INFO - Processing file /home/airflow/.local/lib/python3.12/site-packages/airflow/example_dags/example_latest_only_with_trigger.py for tasks to queue
[2025-01-30T01:01:42.616+0000] {logging_mixin.py:190} INFO - [2025-01-30T01:01:42.616+0000] {dagbag.py:588} INFO - Filling up the DagBag from /home/airflow/.local/lib/python3.12/site-packages/airflow/example_dags/example_latest_only_with_trigger.py
[2025-01-30T01:01:42.630+0000] {processor.py:925} INFO - DAG(s) 'latest_only_with_trigger' retrieved from /home/airflow/.local/lib/python3.12/site-packages/airflow/example_dags/example_latest_only_with_trigger.py
[2025-01-30T01:01:42.666+0000] {logging_mixin.py:190} INFO - [2025-01-30T01:01:42.666+0000] {dag.py:3239} INFO - Sync 1 DAGs
[2025-01-30T01:01:42.711+0000] {logging_mixin.py:190} INFO - [2025-01-30T01:01:42.711+0000] {dag.py:4180} INFO - Setting next_dagrun for latest_only_with_trigger to 2025-01-29 20:00:00+00:00, run_after=2025-01-30 00:00:00+00:00
[2025-01-30T01:01:42.748+0000] {processor.py:208} INFO - Processing /home/airflow/.local/lib/python3.12/site-packages/airflow/example_dags/example_latest_only_with_trigger.py took 0.149 seconds
[2025-01-30T01:02:12.953+0000] {processor.py:186} INFO - Started process (PID=21509) to work on /home/airflow/.local/lib/python3.12/site-packages/airflow/example_dags/example_latest_only_with_trigger.py
[2025-01-30T01:02:12.954+0000] {processor.py:914} INFO - Processing file /home/airflow/.local/lib/python3.12/site-packages/airflow/example_dags/example_latest_only_with_trigger.py for tasks to queue
[2025-01-30T01:02:12.958+0000] {logging_mixin.py:190} INFO - [2025-01-30T01:02:12.958+0000] {dagbag.py:588} INFO - Filling up the DagBag from /home/airflow/.local/lib/python3.12/site-packages/airflow/example_dags/example_latest_only_with_trigger.py
[2025-01-30T01:02:12.969+0000] {processor.py:925} INFO - DAG(s) 'latest_only_with_trigger' retrieved from /home/airflow/.local/lib/python3.12/site-packages/airflow/example_dags/example_latest_only_with_trigger.py
[2025-01-30T01:02:12.997+0000] {logging_mixin.py:190} INFO - [2025-01-30T01:02:12.996+0000] {dag.py:3239} INFO - Sync 1 DAGs
[2025-01-30T01:02:13.025+0000] {logging_mixin.py:190} INFO - [2025-01-30T01:02:13.025+0000] {dag.py:4180} INFO - Setting next_dagrun for latest_only_with_trigger to 2025-01-29 20:00:00+00:00, run_after=2025-01-30 00:00:00+00:00
[2025-01-30T01:02:13.048+0000] {processor.py:208} INFO - Processing /home/airflow/.local/lib/python3.12/site-packages/airflow/example_dags/example_latest_only_with_trigger.py took 0.102 seconds
[2025-01-30T01:02:43.368+0000] {processor.py:186} INFO - Started process (PID=21572) to work on /home/airflow/.local/lib/python3.12/site-packages/airflow/example_dags/example_latest_only_with_trigger.py
[2025-01-30T01:02:43.371+0000] {processor.py:914} INFO - Processing file /home/airflow/.local/lib/python3.12/site-packages/airflow/example_dags/example_latest_only_with_trigger.py for tasks to queue
[2025-01-30T01:02:43.378+0000] {logging_mixin.py:190} INFO - [2025-01-30T01:02:43.376+0000] {dagbag.py:588} INFO - Filling up the DagBag from /home/airflow/.local/lib/python3.12/site-packages/airflow/example_dags/example_latest_only_with_trigger.py
[2025-01-30T01:02:43.392+0000] {processor.py:925} INFO - DAG(s) 'latest_only_with_trigger' retrieved from /home/airflow/.local/lib/python3.12/site-packages/airflow/example_dags/example_latest_only_with_trigger.py
[2025-01-30T01:02:43.429+0000] {logging_mixin.py:190} INFO - [2025-01-30T01:02:43.428+0000] {dag.py:3239} INFO - Sync 1 DAGs
[2025-01-30T01:02:43.462+0000] {logging_mixin.py:190} INFO - [2025-01-30T01:02:43.462+0000] {dag.py:4180} INFO - Setting next_dagrun for latest_only_with_trigger to 2025-01-29 20:00:00+00:00, run_after=2025-01-30 00:00:00+00:00
[2025-01-30T01:02:43.494+0000] {processor.py:208} INFO - Processing /home/airflow/.local/lib/python3.12/site-packages/airflow/example_dags/example_latest_only_with_trigger.py took 0.138 seconds
