[2025-01-30T01:01:13.576+0000] {processor.py:186} INFO - Started process (PID=21396) to work on /home/airflow/.local/lib/python3.12/site-packages/airflow/example_dags/example_nested_branch_dag.py
[2025-01-30T01:01:13.578+0000] {processor.py:914} INFO - Processing file /home/airflow/.local/lib/python3.12/site-packages/airflow/example_dags/example_nested_branch_dag.py for tasks to queue
[2025-01-30T01:01:13.581+0000] {logging_mixin.py:190} INFO - [2025-01-30T01:01:13.581+0000] {dagbag.py:588} INFO - Filling up the DagBag from /home/airflow/.local/lib/python3.12/site-packages/airflow/example_dags/example_nested_branch_dag.py
[2025-01-30T01:01:13.600+0000] {processor.py:925} INFO - DAG(s) 'example_nested_branch_dag' retrieved from /home/airflow/.local/lib/python3.12/site-packages/airflow/example_dags/example_nested_branch_dag.py
[2025-01-30T01:01:13.637+0000] {logging_mixin.py:190} INFO - [2025-01-30T01:01:13.636+0000] {dag.py:3239} INFO - Sync 1 DAGs
[2025-01-30T01:01:13.680+0000] {logging_mixin.py:190} INFO - [2025-01-30T01:01:13.679+0000] {dag.py:4180} INFO - Setting next_dagrun for example_nested_branch_dag to 2025-01-29 00:00:00+00:00, run_after=2025-01-30 00:00:00+00:00
[2025-01-30T01:01:13.938+0000] {processor.py:208} INFO - Processing /home/airflow/.local/lib/python3.12/site-packages/airflow/example_dags/example_nested_branch_dag.py took 0.369 seconds
[2025-01-30T01:01:44.691+0000] {processor.py:186} INFO - Started process (PID=21459) to work on /home/airflow/.local/lib/python3.12/site-packages/airflow/example_dags/example_nested_branch_dag.py
[2025-01-30T01:01:44.693+0000] {processor.py:914} INFO - Processing file /home/airflow/.local/lib/python3.12/site-packages/airflow/example_dags/example_nested_branch_dag.py for tasks to queue
[2025-01-30T01:01:44.696+0000] {logging_mixin.py:190} INFO - [2025-01-30T01:01:44.696+0000] {dagbag.py:588} INFO - Filling up the DagBag from /home/airflow/.local/lib/python3.12/site-packages/airflow/example_dags/example_nested_branch_dag.py
[2025-01-30T01:01:44.709+0000] {processor.py:925} INFO - DAG(s) 'example_nested_branch_dag' retrieved from /home/airflow/.local/lib/python3.12/site-packages/airflow/example_dags/example_nested_branch_dag.py
[2025-01-30T01:01:44.737+0000] {logging_mixin.py:190} INFO - [2025-01-30T01:01:44.736+0000] {dag.py:3239} INFO - Sync 1 DAGs
[2025-01-30T01:01:44.764+0000] {logging_mixin.py:190} INFO - [2025-01-30T01:01:44.763+0000] {dag.py:4180} INFO - Setting next_dagrun for example_nested_branch_dag to 2025-01-29 00:00:00+00:00, run_after=2025-01-30 00:00:00+00:00
[2025-01-30T01:01:44.791+0000] {processor.py:208} INFO - Processing /home/airflow/.local/lib/python3.12/site-packages/airflow/example_dags/example_nested_branch_dag.py took 0.107 seconds
[2025-01-30T01:02:14.905+0000] {processor.py:186} INFO - Started process (PID=21522) to work on /home/airflow/.local/lib/python3.12/site-packages/airflow/example_dags/example_nested_branch_dag.py
[2025-01-30T01:02:14.906+0000] {processor.py:914} INFO - Processing file /home/airflow/.local/lib/python3.12/site-packages/airflow/example_dags/example_nested_branch_dag.py for tasks to queue
[2025-01-30T01:02:14.909+0000] {logging_mixin.py:190} INFO - [2025-01-30T01:02:14.909+0000] {dagbag.py:588} INFO - Filling up the DagBag from /home/airflow/.local/lib/python3.12/site-packages/airflow/example_dags/example_nested_branch_dag.py
[2025-01-30T01:02:14.921+0000] {processor.py:925} INFO - DAG(s) 'example_nested_branch_dag' retrieved from /home/airflow/.local/lib/python3.12/site-packages/airflow/example_dags/example_nested_branch_dag.py
[2025-01-30T01:02:14.946+0000] {logging_mixin.py:190} INFO - [2025-01-30T01:02:14.946+0000] {dag.py:3239} INFO - Sync 1 DAGs
[2025-01-30T01:02:14.971+0000] {logging_mixin.py:190} INFO - [2025-01-30T01:02:14.971+0000] {dag.py:4180} INFO - Setting next_dagrun for example_nested_branch_dag to 2025-01-29 00:00:00+00:00, run_after=2025-01-30 00:00:00+00:00
[2025-01-30T01:02:14.994+0000] {processor.py:208} INFO - Processing /home/airflow/.local/lib/python3.12/site-packages/airflow/example_dags/example_nested_branch_dag.py took 0.094 seconds
[2025-01-30T01:02:45.253+0000] {processor.py:186} INFO - Started process (PID=21585) to work on /home/airflow/.local/lib/python3.12/site-packages/airflow/example_dags/example_nested_branch_dag.py
[2025-01-30T01:02:45.254+0000] {processor.py:914} INFO - Processing file /home/airflow/.local/lib/python3.12/site-packages/airflow/example_dags/example_nested_branch_dag.py for tasks to queue
[2025-01-30T01:02:45.256+0000] {logging_mixin.py:190} INFO - [2025-01-30T01:02:45.256+0000] {dagbag.py:588} INFO - Filling up the DagBag from /home/airflow/.local/lib/python3.12/site-packages/airflow/example_dags/example_nested_branch_dag.py
[2025-01-30T01:02:45.269+0000] {processor.py:925} INFO - DAG(s) 'example_nested_branch_dag' retrieved from /home/airflow/.local/lib/python3.12/site-packages/airflow/example_dags/example_nested_branch_dag.py
[2025-01-30T01:02:45.293+0000] {logging_mixin.py:190} INFO - [2025-01-30T01:02:45.293+0000] {dag.py:3239} INFO - Sync 1 DAGs
[2025-01-30T01:02:45.320+0000] {logging_mixin.py:190} INFO - [2025-01-30T01:02:45.320+0000] {dag.py:4180} INFO - Setting next_dagrun for example_nested_branch_dag to 2025-01-29 00:00:00+00:00, run_after=2025-01-30 00:00:00+00:00
[2025-01-30T01:02:45.344+0000] {processor.py:208} INFO - Processing /home/airflow/.local/lib/python3.12/site-packages/airflow/example_dags/example_nested_branch_dag.py took 0.097 seconds
