[2025-01-30T01:01:12.587+0000] {processor.py:186} INFO - Started process (PID=21387) to work on /home/airflow/.local/lib/python3.12/site-packages/airflow/example_dags/example_python_decorator.py
[2025-01-30T01:01:12.590+0000] {processor.py:914} INFO - Processing file /home/airflow/.local/lib/python3.12/site-packages/airflow/example_dags/example_python_decorator.py for tasks to queue
[2025-01-30T01:01:12.598+0000] {logging_mixin.py:190} INFO - [2025-01-30T01:01:12.597+0000] {dagbag.py:588} INFO - Filling up the DagBag from /home/airflow/.local/lib/python3.12/site-packages/airflow/example_dags/example_python_decorator.py
[2025-01-30T01:01:12.641+0000] {processor.py:925} INFO - DAG(s) 'example_python_decorator' retrieved from /home/airflow/.local/lib/python3.12/site-packages/airflow/example_dags/example_python_decorator.py
[2025-01-30T01:01:12.694+0000] {logging_mixin.py:190} INFO - [2025-01-30T01:01:12.693+0000] {dag.py:3239} INFO - Sync 1 DAGs
[2025-01-30T01:01:12.724+0000] {logging_mixin.py:190} INFO - [2025-01-30T01:01:12.723+0000] {dag.py:4180} INFO - Setting next_dagrun for example_python_decorator to None, run_after=None
[2025-01-30T01:01:12.776+0000] {processor.py:208} INFO - Processing /home/airflow/.local/lib/python3.12/site-packages/airflow/example_dags/example_python_decorator.py took 0.200 seconds
[2025-01-30T01:01:43.032+0000] {processor.py:186} INFO - Started process (PID=21450) to work on /home/airflow/.local/lib/python3.12/site-packages/airflow/example_dags/example_python_decorator.py
[2025-01-30T01:01:43.033+0000] {processor.py:914} INFO - Processing file /home/airflow/.local/lib/python3.12/site-packages/airflow/example_dags/example_python_decorator.py for tasks to queue
[2025-01-30T01:01:43.039+0000] {logging_mixin.py:190} INFO - [2025-01-30T01:01:43.039+0000] {dagbag.py:588} INFO - Filling up the DagBag from /home/airflow/.local/lib/python3.12/site-packages/airflow/example_dags/example_python_decorator.py
[2025-01-30T01:01:43.062+0000] {processor.py:925} INFO - DAG(s) 'example_python_decorator' retrieved from /home/airflow/.local/lib/python3.12/site-packages/airflow/example_dags/example_python_decorator.py
[2025-01-30T01:01:43.098+0000] {logging_mixin.py:190} INFO - [2025-01-30T01:01:43.098+0000] {dag.py:3239} INFO - Sync 1 DAGs
[2025-01-30T01:01:43.124+0000] {logging_mixin.py:190} INFO - [2025-01-30T01:01:43.124+0000] {dag.py:4180} INFO - Setting next_dagrun for example_python_decorator to None, run_after=None
[2025-01-30T01:01:43.160+0000] {processor.py:208} INFO - Processing /home/airflow/.local/lib/python3.12/site-packages/airflow/example_dags/example_python_decorator.py took 0.138 seconds
[2025-01-30T01:02:13.375+0000] {processor.py:186} INFO - Started process (PID=21513) to work on /home/airflow/.local/lib/python3.12/site-packages/airflow/example_dags/example_python_decorator.py
[2025-01-30T01:02:13.376+0000] {processor.py:914} INFO - Processing file /home/airflow/.local/lib/python3.12/site-packages/airflow/example_dags/example_python_decorator.py for tasks to queue
[2025-01-30T01:02:13.378+0000] {logging_mixin.py:190} INFO - [2025-01-30T01:02:13.378+0000] {dagbag.py:588} INFO - Filling up the DagBag from /home/airflow/.local/lib/python3.12/site-packages/airflow/example_dags/example_python_decorator.py
[2025-01-30T01:02:13.393+0000] {processor.py:925} INFO - DAG(s) 'example_python_decorator' retrieved from /home/airflow/.local/lib/python3.12/site-packages/airflow/example_dags/example_python_decorator.py
[2025-01-30T01:02:13.421+0000] {logging_mixin.py:190} INFO - [2025-01-30T01:02:13.420+0000] {dag.py:3239} INFO - Sync 1 DAGs
[2025-01-30T01:02:13.440+0000] {logging_mixin.py:190} INFO - [2025-01-30T01:02:13.440+0000] {dag.py:4180} INFO - Setting next_dagrun for example_python_decorator to None, run_after=None
[2025-01-30T01:02:13.467+0000] {processor.py:208} INFO - Processing /home/airflow/.local/lib/python3.12/site-packages/airflow/example_dags/example_python_decorator.py took 0.099 seconds
[2025-01-30T01:02:43.669+0000] {processor.py:186} INFO - Started process (PID=21576) to work on /home/airflow/.local/lib/python3.12/site-packages/airflow/example_dags/example_python_decorator.py
[2025-01-30T01:02:43.671+0000] {processor.py:914} INFO - Processing file /home/airflow/.local/lib/python3.12/site-packages/airflow/example_dags/example_python_decorator.py for tasks to queue
[2025-01-30T01:02:43.675+0000] {logging_mixin.py:190} INFO - [2025-01-30T01:02:43.674+0000] {dagbag.py:588} INFO - Filling up the DagBag from /home/airflow/.local/lib/python3.12/site-packages/airflow/example_dags/example_python_decorator.py
[2025-01-30T01:02:43.846+0000] {processor.py:925} INFO - DAG(s) 'example_python_decorator' retrieved from /home/airflow/.local/lib/python3.12/site-packages/airflow/example_dags/example_python_decorator.py
[2025-01-30T01:02:43.865+0000] {logging_mixin.py:190} INFO - [2025-01-30T01:02:43.865+0000] {dag.py:3239} INFO - Sync 1 DAGs
[2025-01-30T01:02:43.880+0000] {logging_mixin.py:190} INFO - [2025-01-30T01:02:43.879+0000] {dag.py:4180} INFO - Setting next_dagrun for example_python_decorator to None, run_after=None
[2025-01-30T01:02:43.902+0000] {processor.py:208} INFO - Processing /home/airflow/.local/lib/python3.12/site-packages/airflow/example_dags/example_python_decorator.py took 0.240 seconds
