[2025-01-30T01:01:22.215+0000] {processor.py:186} INFO - Started process (PID=21429) to work on /home/airflow/.local/lib/python3.12/site-packages/airflow/example_dags/tutorial_dag.py
[2025-01-30T01:01:22.217+0000] {processor.py:914} INFO - Processing file /home/airflow/.local/lib/python3.12/site-packages/airflow/example_dags/tutorial_dag.py for tasks to queue
[2025-01-30T01:01:22.222+0000] {logging_mixin.py:190} INFO - [2025-01-30T01:01:22.221+0000] {dagbag.py:588} INFO - Filling up the DagBag from /home/airflow/.local/lib/python3.12/site-packages/airflow/example_dags/tutorial_dag.py
[2025-01-30T01:01:22.243+0000] {processor.py:925} INFO - DAG(s) 'tutorial_dag' retrieved from /home/airflow/.local/lib/python3.12/site-packages/airflow/example_dags/tutorial_dag.py
[2025-01-30T01:01:22.280+0000] {logging_mixin.py:190} INFO - [2025-01-30T01:01:22.280+0000] {dag.py:3239} INFO - Sync 1 DAGs
[2025-01-30T01:01:22.299+0000] {logging_mixin.py:190} INFO - [2025-01-30T01:01:22.299+0000] {dag.py:4180} INFO - Setting next_dagrun for tutorial_dag to None, run_after=None
[2025-01-30T01:01:22.332+0000] {processor.py:208} INFO - Processing /home/airflow/.local/lib/python3.12/site-packages/airflow/example_dags/tutorial_dag.py took 0.126 seconds
[2025-01-30T01:01:53.527+0000] {processor.py:186} INFO - Started process (PID=21492) to work on /home/airflow/.local/lib/python3.12/site-packages/airflow/example_dags/tutorial_dag.py
[2025-01-30T01:01:53.528+0000] {processor.py:914} INFO - Processing file /home/airflow/.local/lib/python3.12/site-packages/airflow/example_dags/tutorial_dag.py for tasks to queue
[2025-01-30T01:01:53.532+0000] {logging_mixin.py:190} INFO - [2025-01-30T01:01:53.532+0000] {dagbag.py:588} INFO - Filling up the DagBag from /home/airflow/.local/lib/python3.12/site-packages/airflow/example_dags/tutorial_dag.py
[2025-01-30T01:01:53.544+0000] {processor.py:925} INFO - DAG(s) 'tutorial_dag' retrieved from /home/airflow/.local/lib/python3.12/site-packages/airflow/example_dags/tutorial_dag.py
[2025-01-30T01:01:53.575+0000] {logging_mixin.py:190} INFO - [2025-01-30T01:01:53.575+0000] {dag.py:3239} INFO - Sync 1 DAGs
[2025-01-30T01:01:53.787+0000] {logging_mixin.py:190} INFO - [2025-01-30T01:01:53.787+0000] {dag.py:4180} INFO - Setting next_dagrun for tutorial_dag to None, run_after=None
[2025-01-30T01:01:53.819+0000] {processor.py:208} INFO - Processing /home/airflow/.local/lib/python3.12/site-packages/airflow/example_dags/tutorial_dag.py took 0.301 seconds
[2025-01-30T01:02:23.919+0000] {processor.py:186} INFO - Started process (PID=21555) to work on /home/airflow/.local/lib/python3.12/site-packages/airflow/example_dags/tutorial_dag.py
[2025-01-30T01:02:23.921+0000] {processor.py:914} INFO - Processing file /home/airflow/.local/lib/python3.12/site-packages/airflow/example_dags/tutorial_dag.py for tasks to queue
[2025-01-30T01:02:23.925+0000] {logging_mixin.py:190} INFO - [2025-01-30T01:02:23.924+0000] {dagbag.py:588} INFO - Filling up the DagBag from /home/airflow/.local/lib/python3.12/site-packages/airflow/example_dags/tutorial_dag.py
[2025-01-30T01:02:23.933+0000] {processor.py:925} INFO - DAG(s) 'tutorial_dag' retrieved from /home/airflow/.local/lib/python3.12/site-packages/airflow/example_dags/tutorial_dag.py
[2025-01-30T01:02:23.959+0000] {logging_mixin.py:190} INFO - [2025-01-30T01:02:23.959+0000] {dag.py:3239} INFO - Sync 1 DAGs
[2025-01-30T01:02:24.120+0000] {logging_mixin.py:190} INFO - [2025-01-30T01:02:24.120+0000] {dag.py:4180} INFO - Setting next_dagrun for tutorial_dag to None, run_after=None
[2025-01-30T01:02:24.137+0000] {processor.py:208} INFO - Processing /home/airflow/.local/lib/python3.12/site-packages/airflow/example_dags/tutorial_dag.py took 0.224 seconds
[2025-01-30T01:02:54.290+0000] {processor.py:186} INFO - Started process (PID=21618) to work on /home/airflow/.local/lib/python3.12/site-packages/airflow/example_dags/tutorial_dag.py
[2025-01-30T01:02:54.291+0000] {processor.py:914} INFO - Processing file /home/airflow/.local/lib/python3.12/site-packages/airflow/example_dags/tutorial_dag.py for tasks to queue
[2025-01-30T01:02:54.294+0000] {logging_mixin.py:190} INFO - [2025-01-30T01:02:54.294+0000] {dagbag.py:588} INFO - Filling up the DagBag from /home/airflow/.local/lib/python3.12/site-packages/airflow/example_dags/tutorial_dag.py
[2025-01-30T01:02:54.303+0000] {processor.py:925} INFO - DAG(s) 'tutorial_dag' retrieved from /home/airflow/.local/lib/python3.12/site-packages/airflow/example_dags/tutorial_dag.py
[2025-01-30T01:02:54.322+0000] {logging_mixin.py:190} INFO - [2025-01-30T01:02:54.322+0000] {dag.py:3239} INFO - Sync 1 DAGs
[2025-01-30T01:02:54.336+0000] {logging_mixin.py:190} INFO - [2025-01-30T01:02:54.336+0000] {dag.py:4180} INFO - Setting next_dagrun for tutorial_dag to None, run_after=None
[2025-01-30T01:02:54.356+0000] {processor.py:208} INFO - Processing /home/airflow/.local/lib/python3.12/site-packages/airflow/example_dags/tutorial_dag.py took 0.073 seconds
