[2025-01-30T01:01:14.003+0000] {processor.py:186} INFO - Started process (PID=21397) to work on /home/airflow/.local/lib/python3.12/site-packages/airflow/example_dags/tutorial.py
[2025-01-30T01:01:14.004+0000] {processor.py:914} INFO - Processing file /home/airflow/.local/lib/python3.12/site-packages/airflow/example_dags/tutorial.py for tasks to queue
[2025-01-30T01:01:14.008+0000] {logging_mixin.py:190} INFO - [2025-01-30T01:01:14.007+0000] {dagbag.py:588} INFO - Filling up the DagBag from /home/airflow/.local/lib/python3.12/site-packages/airflow/example_dags/tutorial.py
[2025-01-30T01:01:14.020+0000] {processor.py:925} INFO - DAG(s) 'tutorial' retrieved from /home/airflow/.local/lib/python3.12/site-packages/airflow/example_dags/tutorial.py
[2025-01-30T01:01:14.059+0000] {logging_mixin.py:190} INFO - [2025-01-30T01:01:14.058+0000] {dag.py:3239} INFO - Sync 1 DAGs
[2025-01-30T01:01:14.112+0000] {logging_mixin.py:190} INFO - [2025-01-30T01:01:14.112+0000] {dag.py:4180} INFO - Setting next_dagrun for tutorial to 2025-01-29 00:00:00+00:00, run_after=2025-01-30 00:00:00+00:00
[2025-01-30T01:01:14.403+0000] {processor.py:208} INFO - Processing /home/airflow/.local/lib/python3.12/site-packages/airflow/example_dags/tutorial.py took 0.407 seconds
[2025-01-30T01:01:44.854+0000] {processor.py:186} INFO - Started process (PID=21460) to work on /home/airflow/.local/lib/python3.12/site-packages/airflow/example_dags/tutorial.py
[2025-01-30T01:01:44.855+0000] {processor.py:914} INFO - Processing file /home/airflow/.local/lib/python3.12/site-packages/airflow/example_dags/tutorial.py for tasks to queue
[2025-01-30T01:01:44.858+0000] {logging_mixin.py:190} INFO - [2025-01-30T01:01:44.858+0000] {dagbag.py:588} INFO - Filling up the DagBag from /home/airflow/.local/lib/python3.12/site-packages/airflow/example_dags/tutorial.py
[2025-01-30T01:01:44.867+0000] {processor.py:925} INFO - DAG(s) 'tutorial' retrieved from /home/airflow/.local/lib/python3.12/site-packages/airflow/example_dags/tutorial.py
[2025-01-30T01:01:44.892+0000] {logging_mixin.py:190} INFO - [2025-01-30T01:01:44.891+0000] {dag.py:3239} INFO - Sync 1 DAGs
[2025-01-30T01:01:44.915+0000] {logging_mixin.py:190} INFO - [2025-01-30T01:01:44.915+0000] {dag.py:4180} INFO - Setting next_dagrun for tutorial to 2025-01-29 00:00:00+00:00, run_after=2025-01-30 00:00:00+00:00
[2025-01-30T01:01:44.941+0000] {processor.py:208} INFO - Processing /home/airflow/.local/lib/python3.12/site-packages/airflow/example_dags/tutorial.py took 0.093 seconds
[2025-01-30T01:02:15.053+0000] {processor.py:186} INFO - Started process (PID=21523) to work on /home/airflow/.local/lib/python3.12/site-packages/airflow/example_dags/tutorial.py
[2025-01-30T01:02:15.055+0000] {processor.py:914} INFO - Processing file /home/airflow/.local/lib/python3.12/site-packages/airflow/example_dags/tutorial.py for tasks to queue
[2025-01-30T01:02:15.057+0000] {logging_mixin.py:190} INFO - [2025-01-30T01:02:15.057+0000] {dagbag.py:588} INFO - Filling up the DagBag from /home/airflow/.local/lib/python3.12/site-packages/airflow/example_dags/tutorial.py
[2025-01-30T01:02:15.066+0000] {processor.py:925} INFO - DAG(s) 'tutorial' retrieved from /home/airflow/.local/lib/python3.12/site-packages/airflow/example_dags/tutorial.py
[2025-01-30T01:02:15.091+0000] {logging_mixin.py:190} INFO - [2025-01-30T01:02:15.090+0000] {dag.py:3239} INFO - Sync 1 DAGs
[2025-01-30T01:02:15.112+0000] {logging_mixin.py:190} INFO - [2025-01-30T01:02:15.112+0000] {dag.py:4180} INFO - Setting next_dagrun for tutorial to 2025-01-29 00:00:00+00:00, run_after=2025-01-30 00:00:00+00:00
[2025-01-30T01:02:15.136+0000] {processor.py:208} INFO - Processing /home/airflow/.local/lib/python3.12/site-packages/airflow/example_dags/tutorial.py took 0.089 seconds
[2025-01-30T01:02:45.400+0000] {processor.py:186} INFO - Started process (PID=21586) to work on /home/airflow/.local/lib/python3.12/site-packages/airflow/example_dags/tutorial.py
[2025-01-30T01:02:45.402+0000] {processor.py:914} INFO - Processing file /home/airflow/.local/lib/python3.12/site-packages/airflow/example_dags/tutorial.py for tasks to queue
[2025-01-30T01:02:45.405+0000] {logging_mixin.py:190} INFO - [2025-01-30T01:02:45.405+0000] {dagbag.py:588} INFO - Filling up the DagBag from /home/airflow/.local/lib/python3.12/site-packages/airflow/example_dags/tutorial.py
[2025-01-30T01:02:45.413+0000] {processor.py:925} INFO - DAG(s) 'tutorial' retrieved from /home/airflow/.local/lib/python3.12/site-packages/airflow/example_dags/tutorial.py
[2025-01-30T01:02:45.435+0000] {logging_mixin.py:190} INFO - [2025-01-30T01:02:45.435+0000] {dag.py:3239} INFO - Sync 1 DAGs
[2025-01-30T01:02:45.459+0000] {logging_mixin.py:190} INFO - [2025-01-30T01:02:45.459+0000] {dag.py:4180} INFO - Setting next_dagrun for tutorial to 2025-01-29 00:00:00+00:00, run_after=2025-01-30 00:00:00+00:00
[2025-01-30T01:02:45.481+0000] {processor.py:208} INFO - Processing /home/airflow/.local/lib/python3.12/site-packages/airflow/example_dags/tutorial.py took 0.087 seconds
