[2025-01-30T01:01:13.145+0000] {processor.py:186} INFO - Started process (PID=21392) to work on /home/airflow/.local/lib/python3.12/site-packages/airflow/example_dags/tutorial_objectstorage.py
[2025-01-30T01:01:13.147+0000] {processor.py:914} INFO - Processing file /home/airflow/.local/lib/python3.12/site-packages/airflow/example_dags/tutorial_objectstorage.py for tasks to queue
[2025-01-30T01:01:13.152+0000] {logging_mixin.py:190} INFO - [2025-01-30T01:01:13.152+0000] {dagbag.py:588} INFO - Filling up the DagBag from /home/airflow/.local/lib/python3.12/site-packages/airflow/example_dags/tutorial_objectstorage.py
[2025-01-30T01:01:13.171+0000] {processor.py:925} INFO - DAG(s) 'tutorial_objectstorage' retrieved from /home/airflow/.local/lib/python3.12/site-packages/airflow/example_dags/tutorial_objectstorage.py
[2025-01-30T01:01:13.207+0000] {logging_mixin.py:190} INFO - [2025-01-30T01:01:13.207+0000] {dag.py:3239} INFO - Sync 1 DAGs
[2025-01-30T01:01:13.231+0000] {logging_mixin.py:190} INFO - [2025-01-30T01:01:13.230+0000] {dag.py:4180} INFO - Setting next_dagrun for tutorial_objectstorage to None, run_after=None
[2025-01-30T01:01:13.265+0000] {processor.py:208} INFO - Processing /home/airflow/.local/lib/python3.12/site-packages/airflow/example_dags/tutorial_objectstorage.py took 0.130 seconds
[2025-01-30T01:01:43.411+0000] {processor.py:186} INFO - Started process (PID=21455) to work on /home/airflow/.local/lib/python3.12/site-packages/airflow/example_dags/tutorial_objectstorage.py
[2025-01-30T01:01:43.413+0000] {processor.py:914} INFO - Processing file /home/airflow/.local/lib/python3.12/site-packages/airflow/example_dags/tutorial_objectstorage.py for tasks to queue
[2025-01-30T01:01:43.416+0000] {logging_mixin.py:190} INFO - [2025-01-30T01:01:43.415+0000] {dagbag.py:588} INFO - Filling up the DagBag from /home/airflow/.local/lib/python3.12/site-packages/airflow/example_dags/tutorial_objectstorage.py
[2025-01-30T01:01:43.429+0000] {processor.py:925} INFO - DAG(s) 'tutorial_objectstorage' retrieved from /home/airflow/.local/lib/python3.12/site-packages/airflow/example_dags/tutorial_objectstorage.py
[2025-01-30T01:01:43.452+0000] {logging_mixin.py:190} INFO - [2025-01-30T01:01:43.452+0000] {dag.py:3239} INFO - Sync 1 DAGs
[2025-01-30T01:01:43.472+0000] {logging_mixin.py:190} INFO - [2025-01-30T01:01:43.471+0000] {dag.py:4180} INFO - Setting next_dagrun for tutorial_objectstorage to None, run_after=None
[2025-01-30T01:01:43.496+0000] {processor.py:208} INFO - Processing /home/airflow/.local/lib/python3.12/site-packages/airflow/example_dags/tutorial_objectstorage.py took 0.092 seconds
[2025-01-30T01:02:13.770+0000] {processor.py:186} INFO - Started process (PID=21518) to work on /home/airflow/.local/lib/python3.12/site-packages/airflow/example_dags/tutorial_objectstorage.py
[2025-01-30T01:02:13.771+0000] {processor.py:914} INFO - Processing file /home/airflow/.local/lib/python3.12/site-packages/airflow/example_dags/tutorial_objectstorage.py for tasks to queue
[2025-01-30T01:02:13.773+0000] {logging_mixin.py:190} INFO - [2025-01-30T01:02:13.773+0000] {dagbag.py:588} INFO - Filling up the DagBag from /home/airflow/.local/lib/python3.12/site-packages/airflow/example_dags/tutorial_objectstorage.py
[2025-01-30T01:02:13.782+0000] {processor.py:925} INFO - DAG(s) 'tutorial_objectstorage' retrieved from /home/airflow/.local/lib/python3.12/site-packages/airflow/example_dags/tutorial_objectstorage.py
[2025-01-30T01:02:13.798+0000] {logging_mixin.py:190} INFO - [2025-01-30T01:02:13.798+0000] {dag.py:3239} INFO - Sync 1 DAGs
[2025-01-30T01:02:13.811+0000] {logging_mixin.py:190} INFO - [2025-01-30T01:02:13.811+0000] {dag.py:4180} INFO - Setting next_dagrun for tutorial_objectstorage to None, run_after=None
[2025-01-30T01:02:13.830+0000] {processor.py:208} INFO - Processing /home/airflow/.local/lib/python3.12/site-packages/airflow/example_dags/tutorial_objectstorage.py took 0.066 seconds
[2025-01-30T01:02:44.276+0000] {processor.py:186} INFO - Started process (PID=21581) to work on /home/airflow/.local/lib/python3.12/site-packages/airflow/example_dags/tutorial_objectstorage.py
[2025-01-30T01:02:44.278+0000] {processor.py:914} INFO - Processing file /home/airflow/.local/lib/python3.12/site-packages/airflow/example_dags/tutorial_objectstorage.py for tasks to queue
[2025-01-30T01:02:44.281+0000] {logging_mixin.py:190} INFO - [2025-01-30T01:02:44.281+0000] {dagbag.py:588} INFO - Filling up the DagBag from /home/airflow/.local/lib/python3.12/site-packages/airflow/example_dags/tutorial_objectstorage.py
[2025-01-30T01:02:44.485+0000] {processor.py:925} INFO - DAG(s) 'tutorial_objectstorage' retrieved from /home/airflow/.local/lib/python3.12/site-packages/airflow/example_dags/tutorial_objectstorage.py
[2025-01-30T01:02:44.507+0000] {logging_mixin.py:190} INFO - [2025-01-30T01:02:44.507+0000] {dag.py:3239} INFO - Sync 1 DAGs
[2025-01-30T01:02:44.523+0000] {logging_mixin.py:190} INFO - [2025-01-30T01:02:44.522+0000] {dag.py:4180} INFO - Setting next_dagrun for tutorial_objectstorage to None, run_after=None
[2025-01-30T01:02:44.545+0000] {processor.py:208} INFO - Processing /home/airflow/.local/lib/python3.12/site-packages/airflow/example_dags/tutorial_objectstorage.py took 0.276 seconds
