[2025-01-30T01:01:17.355+0000] {processor.py:186} INFO - Started process (PID=21410) to work on /home/airflow/.local/lib/python3.12/site-packages/airflow/example_dags/tutorial_taskflow_api_virtualenv.py
[2025-01-30T01:01:17.356+0000] {processor.py:914} INFO - Processing file /home/airflow/.local/lib/python3.12/site-packages/airflow/example_dags/tutorial_taskflow_api_virtualenv.py for tasks to queue
[2025-01-30T01:01:17.360+0000] {logging_mixin.py:190} INFO - [2025-01-30T01:01:17.360+0000] {dagbag.py:588} INFO - Filling up the DagBag from /home/airflow/.local/lib/python3.12/site-packages/airflow/example_dags/tutorial_taskflow_api_virtualenv.py
[2025-01-30T01:01:17.377+0000] {processor.py:925} INFO - DAG(s) 'tutorial_taskflow_api_virtualenv' retrieved from /home/airflow/.local/lib/python3.12/site-packages/airflow/example_dags/tutorial_taskflow_api_virtualenv.py
[2025-01-30T01:01:17.405+0000] {logging_mixin.py:190} INFO - [2025-01-30T01:01:17.404+0000] {dag.py:3239} INFO - Sync 1 DAGs
[2025-01-30T01:01:17.597+0000] {logging_mixin.py:190} INFO - [2025-01-30T01:01:17.597+0000] {dag.py:4180} INFO - Setting next_dagrun for tutorial_taskflow_api_virtualenv to None, run_after=None
[2025-01-30T01:01:17.626+0000] {processor.py:208} INFO - Processing /home/airflow/.local/lib/python3.12/site-packages/airflow/example_dags/tutorial_taskflow_api_virtualenv.py took 0.279 seconds
[2025-01-30T01:01:48.038+0000] {processor.py:186} INFO - Started process (PID=21473) to work on /home/airflow/.local/lib/python3.12/site-packages/airflow/example_dags/tutorial_taskflow_api_virtualenv.py
[2025-01-30T01:01:48.040+0000] {processor.py:914} INFO - Processing file /home/airflow/.local/lib/python3.12/site-packages/airflow/example_dags/tutorial_taskflow_api_virtualenv.py for tasks to queue
[2025-01-30T01:01:48.043+0000] {logging_mixin.py:190} INFO - [2025-01-30T01:01:48.042+0000] {dagbag.py:588} INFO - Filling up the DagBag from /home/airflow/.local/lib/python3.12/site-packages/airflow/example_dags/tutorial_taskflow_api_virtualenv.py
[2025-01-30T01:01:48.060+0000] {processor.py:925} INFO - DAG(s) 'tutorial_taskflow_api_virtualenv' retrieved from /home/airflow/.local/lib/python3.12/site-packages/airflow/example_dags/tutorial_taskflow_api_virtualenv.py
[2025-01-30T01:01:48.084+0000] {logging_mixin.py:190} INFO - [2025-01-30T01:01:48.084+0000] {dag.py:3239} INFO - Sync 1 DAGs
[2025-01-30T01:01:48.103+0000] {logging_mixin.py:190} INFO - [2025-01-30T01:01:48.103+0000] {dag.py:4180} INFO - Setting next_dagrun for tutorial_taskflow_api_virtualenv to None, run_after=None
[2025-01-30T01:01:48.287+0000] {processor.py:208} INFO - Processing /home/airflow/.local/lib/python3.12/site-packages/airflow/example_dags/tutorial_taskflow_api_virtualenv.py took 0.257 seconds
[2025-01-30T01:02:19.913+0000] {processor.py:186} INFO - Started process (PID=21536) to work on /home/airflow/.local/lib/python3.12/site-packages/airflow/example_dags/tutorial_taskflow_api_virtualenv.py
[2025-01-30T01:02:19.915+0000] {processor.py:914} INFO - Processing file /home/airflow/.local/lib/python3.12/site-packages/airflow/example_dags/tutorial_taskflow_api_virtualenv.py for tasks to queue
[2025-01-30T01:02:19.920+0000] {logging_mixin.py:190} INFO - [2025-01-30T01:02:19.919+0000] {dagbag.py:588} INFO - Filling up the DagBag from /home/airflow/.local/lib/python3.12/site-packages/airflow/example_dags/tutorial_taskflow_api_virtualenv.py
[2025-01-30T01:02:19.934+0000] {processor.py:925} INFO - DAG(s) 'tutorial_taskflow_api_virtualenv' retrieved from /home/airflow/.local/lib/python3.12/site-packages/airflow/example_dags/tutorial_taskflow_api_virtualenv.py
[2025-01-30T01:02:19.962+0000] {logging_mixin.py:190} INFO - [2025-01-30T01:02:19.962+0000] {dag.py:3239} INFO - Sync 1 DAGs
[2025-01-30T01:02:19.986+0000] {logging_mixin.py:190} INFO - [2025-01-30T01:02:19.985+0000] {dag.py:4180} INFO - Setting next_dagrun for tutorial_taskflow_api_virtualenv to None, run_after=None
[2025-01-30T01:02:20.014+0000] {processor.py:208} INFO - Processing /home/airflow/.local/lib/python3.12/site-packages/airflow/example_dags/tutorial_taskflow_api_virtualenv.py took 0.108 seconds
[2025-01-30T01:02:50.840+0000] {processor.py:186} INFO - Started process (PID=21599) to work on /home/airflow/.local/lib/python3.12/site-packages/airflow/example_dags/tutorial_taskflow_api_virtualenv.py
[2025-01-30T01:02:50.841+0000] {processor.py:914} INFO - Processing file /home/airflow/.local/lib/python3.12/site-packages/airflow/example_dags/tutorial_taskflow_api_virtualenv.py for tasks to queue
[2025-01-30T01:02:50.844+0000] {logging_mixin.py:190} INFO - [2025-01-30T01:02:50.844+0000] {dagbag.py:588} INFO - Filling up the DagBag from /home/airflow/.local/lib/python3.12/site-packages/airflow/example_dags/tutorial_taskflow_api_virtualenv.py
[2025-01-30T01:02:50.856+0000] {processor.py:925} INFO - DAG(s) 'tutorial_taskflow_api_virtualenv' retrieved from /home/airflow/.local/lib/python3.12/site-packages/airflow/example_dags/tutorial_taskflow_api_virtualenv.py
[2025-01-30T01:02:50.880+0000] {logging_mixin.py:190} INFO - [2025-01-30T01:02:50.880+0000] {dag.py:3239} INFO - Sync 1 DAGs
[2025-01-30T01:02:50.893+0000] {logging_mixin.py:190} INFO - [2025-01-30T01:02:50.892+0000] {dag.py:4180} INFO - Setting next_dagrun for tutorial_taskflow_api_virtualenv to None, run_after=None
[2025-01-30T01:02:50.915+0000] {processor.py:208} INFO - Processing /home/airflow/.local/lib/python3.12/site-packages/airflow/example_dags/tutorial_taskflow_api_virtualenv.py took 0.080 seconds
